#
# There is insufficient memory for the Java Runtime Environment to continue.
# Native memory allocation (malloc) failed to allocate 810096 bytes for Chunk::new
# Possible reasons:
#   The system is out of physical RAM or swap space
#   The process is running with CompressedOops enabled, and the Java Heap may be blocking the growth of the native heap
# Possible solutions:
#   Reduce memory load on the system
#   Increase physical memory or swap space
#   Check if swap backing store is full
#   Decrease Java heap size (-Xmx/-Xms)
#   Decrease number of Java threads
#   Decrease Java thread stack sizes (-Xss)
#   Set larger code cache with -XX:ReservedCodeCacheSize=
#   JVM is running with Unscaled Compressed Oops mode in which the Java heap is
#     placed in the first 4GB address space. The Java Heap base address is the
#     maximum limit for the native heap growth. Please use -XX:HeapBaseMinAddress
#     to set the Java Heap base and to place the Java Heap above 4GB virtual address.
# This output file may be truncated or incomplete.
#
#  Out of Memory Error (./open/src/hotspot/share/memory/arena.cpp:197), pid=1332, tid=2636
#
# JRE version: Java(TM) SE Runtime Environment 18.9 (11.0.20+9) (build 11.0.20+9-LTS-256)
# Java VM: Java HotSpot(TM) 64-Bit Server VM 18.9 (11.0.20+9-LTS-256, mixed mode, tiered, compressed oops, g1 gc, windows-amd64)
# No core dump will be written. Minidumps are not enabled by default on client versions of Windows
#

---------------  S U M M A R Y ------------

Command Line: -XX:MaxMetaspaceSize=512m --add-opens=java.base/java.util=ALL-UNNAMED --add-opens=java.base/java.lang=ALL-UNNAMED --add-opens=java.base/java.lang.invoke=ALL-UNNAMED --add-opens=java.prefs/java.util.prefs=ALL-UNNAMED --add-opens=java.base/java.nio.charset=ALL-UNNAMED --add-opens=java.base/java.net=ALL-UNNAMED --add-opens=java.base/java.util.concurrent.atomic=ALL-UNNAMED -Xmx2048m -Dfile.encoding=windows-1252 -Duser.country=US -Duser.language=en -Duser.variant org.gradle.launcher.daemon.bootstrap.GradleDaemon 8.0.1

Host: Intel(R) Core(TM) i7-10750H CPU @ 2.60GHz, 12 cores, 7G,  Windows 11 , 64 bit Build 22621 (10.0.22621.2506)
Time: Mon Dec  4 11:43:48 2023 SE Asia Standard Time elapsed time: 137.757603 seconds (0d 0h 2m 17s)

---------------  T H R E A D  ---------------

Current thread (0x000001fbe4d0b800):  JavaThread "C2 CompilerThread0" daemon [_thread_in_native, id=2636, stack(0x0000001f0cb00000,0x0000001f0cc00000)]


Current CompileTask:
C2: 137757 14282       4       org.gradle.internal.service.DefaultServiceRegistry$OwnServices::getService (309 bytes)

Stack: [0x0000001f0cb00000,0x0000001f0cc00000]
Native frames: (J=compiled Java code, j=interpreted, Vv=VM code, C=native code)
V  [jvm.dll+0x6602ba]
V  [jvm.dll+0x7a32af]
V  [jvm.dll+0x7a4979]
V  [jvm.dll+0x7a5013]
V  [jvm.dll+0x258ef5]
V  [jvm.dll+0xb2a0c]
V  [jvm.dll+0xb2fcc]
V  [jvm.dll+0x367691]
V  [jvm.dll+0x330365]
V  [jvm.dll+0x32f74a]
V  [jvm.dll+0x211bfd]
V  [jvm.dll+0x210bc8]
V  [jvm.dll+0x18cdb1]
V  [jvm.dll+0x220e59]
V  [jvm.dll+0x21f17c]
V  [jvm.dll+0x767061]
V  [jvm.dll+0x75f8e4]
V  [jvm.dll+0x65f165]
C  [ucrtbase.dll+0x29363]
C  [KERNEL32.DLL+0x1257d]
C  [ntdll.dll+0x5aa58]


---------------  P R O C E S S  ---------------

Threads class SMR info:
_java_thread_list=0x000001fbec5dde20, length=43, elements={
0x000001fbc6861800, 0x000001fbe4cea000, 0x000001fbe4cf4800, 0x000001fbe4d04800,
0x000001fbe4d05800, 0x000001fbe4d08800, 0x000001fbe4d0b800, 0x000001fbe4d16000,
0x000001fbe4d1c800, 0x000001fbe57cc800, 0x000001fbe65ad800, 0x000001fbe75f7800,
0x000001fbe59fa800, 0x000001fbe71e2000, 0x000001fbe86ff800, 0x000001fbe86fe000,
0x000001fbe86ff000, 0x000001fbe86fa800, 0x000001fbe86fa000, 0x000001fbe86fb800,
0x000001fbe8c50000, 0x000001fbe8c53800, 0x000001fbe8c4e800, 0x000001fbe8c4f000,
0x000001fbe8c56800, 0x000001fbe8c51800, 0x000001fbe8c57800, 0x000001fbe8c54000,
0x000001fbe8c55000, 0x000001fbe5f63000, 0x000001fbe5f66000, 0x000001fbe5f60800,
0x000001fbe5f67000, 0x000001fbe5f61000, 0x000001fbe5f68800, 0x000001fbe5f63800,
0x000001fbe5f5f800, 0x000001fbe5f65000, 0x000001fbe5f64800, 0x000001fbe5f62000,
0x000001fbe5f6a000, 0x000001fbe5f6b000, 0x000001fbe5f6c800
}

Java Threads: ( => current thread )
  0x000001fbc6861800 JavaThread "main" [_thread_blocked, id=17604, stack(0x0000001f0bf00000,0x0000001f0c000000)]
  0x000001fbe4cea000 JavaThread "Reference Handler" daemon [_thread_blocked, id=14564, stack(0x0000001f0c600000,0x0000001f0c700000)]
  0x000001fbe4cf4800 JavaThread "Finalizer" daemon [_thread_blocked, id=16400, stack(0x0000001f0c700000,0x0000001f0c800000)]
  0x000001fbe4d04800 JavaThread "Signal Dispatcher" daemon [_thread_blocked, id=16908, stack(0x0000001f0c800000,0x0000001f0c900000)]
  0x000001fbe4d05800 JavaThread "Attach Listener" daemon [_thread_blocked, id=936, stack(0x0000001f0c900000,0x0000001f0ca00000)]
  0x000001fbe4d08800 JavaThread "Service Thread" daemon [_thread_blocked, id=18520, stack(0x0000001f0ca00000,0x0000001f0cb00000)]
=>0x000001fbe4d0b800 JavaThread "C2 CompilerThread0" daemon [_thread_in_native, id=2636, stack(0x0000001f0cb00000,0x0000001f0cc00000)]
  0x000001fbe4d16000 JavaThread "C1 CompilerThread0" daemon [_thread_blocked, id=10668, stack(0x0000001f0cc00000,0x0000001f0cd00000)]
  0x000001fbe4d1c800 JavaThread "Sweeper thread" daemon [_thread_blocked, id=13276, stack(0x0000001f0cd00000,0x0000001f0ce00000)]
  0x000001fbe57cc800 JavaThread "Common-Cleaner" daemon [_thread_blocked, id=15660, stack(0x0000001f0ce00000,0x0000001f0cf00000)]
  0x000001fbe65ad800 JavaThread "Daemon health stats" [_thread_blocked, id=16824, stack(0x0000001f0d300000,0x0000001f0d400000)]
  0x000001fbe75f7800 JavaThread "Incoming local TCP Connector on port 53779" [_thread_in_native, id=7200, stack(0x0000001f0d000000,0x0000001f0d100000)]
  0x000001fbe59fa800 JavaThread "Daemon periodic checks" [_thread_blocked, id=18652, stack(0x0000001f0d400000,0x0000001f0d500000)]
  0x000001fbe71e2000 JavaThread "Daemon" [_thread_blocked, id=19108, stack(0x0000001f0d500000,0x0000001f0d600000)]
  0x000001fbe86ff800 JavaThread "Cache worker for journal cache (C:\Users\ntdie\.gradle\caches\journal-1)" [_thread_blocked, id=15148, stack(0x0000001f0e300000,0x0000001f0e400000)]
  0x000001fbe86fe000 JavaThread "File lock request listener" [_thread_in_native, id=13644, stack(0x0000001f0e400000,0x0000001f0e500000)]
  0x000001fbe86ff000 JavaThread "Cache worker for file hash cache (C:\Users\ntdie\.gradle\caches\8.0.1\fileHashes)" [_thread_blocked, id=17544, stack(0x0000001f0e700000,0x0000001f0e800000)]
  0x000001fbe86fa800 JavaThread "File watcher server" daemon [_thread_in_native, id=8228, stack(0x0000001f0e900000,0x0000001f0ea00000)]
  0x000001fbe86fa000 JavaThread "File watcher consumer" daemon [_thread_blocked, id=9952, stack(0x0000001f0ea00000,0x0000001f0eb00000)]
  0x000001fbe86fb800 JavaThread "Cache worker for file content cache (C:\Users\ntdie\.gradle\caches\8.0.1\fileContent)" [_thread_blocked, id=12248, stack(0x0000001f0ed00000,0x0000001f0ee00000)]
  0x000001fbe8c50000 JavaThread "Cache worker for execution history cache (C:\Users\ntdie\.gradle\caches\8.0.1\executionHistory)" [_thread_blocked, id=12236, stack(0x0000001f0f000000,0x0000001f0f100000)]
  0x000001fbe8c53800 JavaThread "jar transforms" [_thread_blocked, id=17860, stack(0x0000001f0f100000,0x0000001f0f200000)]
  0x000001fbe8c4e800 JavaThread "jar transforms Thread 2" [_thread_blocked, id=13736, stack(0x0000001f0f200000,0x0000001f0f300000)]
  0x000001fbe8c4f000 JavaThread "jar transforms Thread 3" [_thread_blocked, id=5508, stack(0x0000001f0f300000,0x0000001f0f400000)]
  0x000001fbe8c56800 JavaThread "jar transforms Thread 4" [_thread_blocked, id=17148, stack(0x0000001f0f400000,0x0000001f0f500000)]
  0x000001fbe8c51800 JavaThread "Cache worker for kotlin-dsl (C:\Users\ntdie\.gradle\caches\8.0.1\kotlin-dsl)" [_thread_blocked, id=1828, stack(0x0000001f0f600000,0x0000001f0f700000)]
  0x000001fbe8c57800 JavaThread "jar transforms Thread 5" [_thread_blocked, id=13024, stack(0x0000001f0f500000,0x0000001f0f600000)]
  0x000001fbe8c54000 JavaThread "jar transforms Thread 6" [_thread_blocked, id=17172, stack(0x0000001f0fd00000,0x0000001f0fe00000)]
  0x000001fbe8c55000 JavaThread "jar transforms Thread 7" [_thread_blocked, id=11256, stack(0x0000001f10000000,0x0000001f10100000)]
  0x000001fbe5f63000 JavaThread "jar transforms Thread 8" [_thread_blocked, id=4976, stack(0x0000001f11b00000,0x0000001f11c00000)]
  0x000001fbe5f66000 JavaThread "jar transforms Thread 9" [_thread_blocked, id=11300, stack(0x0000001f11c00000,0x0000001f11d00000)]
  0x000001fbe5f60800 JavaThread "jar transforms Thread 10" [_thread_blocked, id=19188, stack(0x0000001f11d00000,0x0000001f11e00000)]
  0x000001fbe5f67000 JavaThread "jar transforms Thread 11" [_thread_blocked, id=12960, stack(0x0000001f11e00000,0x0000001f11f00000)]
  0x000001fbe5f61000 JavaThread "jar transforms Thread 12" [_thread_blocked, id=4668, stack(0x0000001f11f00000,0x0000001f12000000)]
  0x000001fbe5f68800 JavaThread "Memory manager" [_thread_blocked, id=5480, stack(0x0000001f12000000,0x0000001f12100000)]
  0x000001fbe5f63800 JavaThread "Handler for socket connection from /127.0.0.1:53779 to /127.0.0.1:53883" [_thread_in_native, id=7140, stack(0x0000001f0bc00000,0x0000001f0bd00000)]
  0x000001fbe5f5f800 JavaThread "Cancel handler" [_thread_blocked, id=18240, stack(0x0000001f0bd00000,0x0000001f0be00000)]
  0x000001fbe5f65000 JavaThread "Daemon worker Thread 2" [_thread_in_Java, id=9192, stack(0x0000001f0be00000,0x0000001f0bf00000)]
  0x000001fbe5f64800 JavaThread "Asynchronous log dispatcher for DefaultDaemonConnection: socket connection from /127.0.0.1:53779 to /127.0.0.1:53883" [_thread_blocked, id=16980, stack(0x0000001f0d600000,0x0000001f0d700000)]
  0x000001fbe5f62000 JavaThread "Stdin handler" [_thread_blocked, id=4220, stack(0x0000001f0d700000,0x0000001f0d800000)]
  0x000001fbe5f6a000 JavaThread "Daemon client event forwarder" [_thread_blocked, id=8460, stack(0x0000001f0d800000,0x0000001f0d900000)]
  0x000001fbe5f6b000 JavaThread "Cache worker for checksums cache (C:\Users\ntdie\Desktop\Test2\AppStream\android\.gradle\8.0.1\checksums)" [_thread_blocked, id=11032, stack(0x0000001f0d900000,0x0000001f0da00000)]
  0x000001fbe5f6c800 JavaThread "Cache worker for file hash cache (C:\Users\ntdie\Desktop\Test2\AppStream\android\.gradle\8.0.1\fileHashes)" [_thread_blocked, id=11768, stack(0x0000001f0db00000,0x0000001f0dc00000)]

Other Threads:
  0x000001fbe4ce8000 VMThread "VM Thread" [stack: 0x0000001f0c500000,0x0000001f0c600000] [id=6708]
  0x000001fbe5802000 WatcherThread [stack: 0x0000001f0cf00000,0x0000001f0d000000] [id=11668]
  0x000001fbc6878800 GCTaskThread "GC Thread#0" [stack: 0x0000001f0c000000,0x0000001f0c100000] [id=18480]
  0x000001fbe5ff1800 GCTaskThread "GC Thread#1" [stack: 0x0000001f0d100000,0x0000001f0d200000] [id=15788]
  0x000001fbe5ff2000 GCTaskThread "GC Thread#2" [stack: 0x0000001f0d200000,0x0000001f0d300000] [id=4548]
  0x000001fbe6511000 GCTaskThread "GC Thread#3" [stack: 0x0000001f0dc00000,0x0000001f0dd00000] [id=7704]
  0x000001fbe7858000 GCTaskThread "GC Thread#4" [stack: 0x0000001f0dd00000,0x0000001f0de00000] [id=18852]
  0x000001fbe828e000 GCTaskThread "GC Thread#5" [stack: 0x0000001f0de00000,0x0000001f0df00000] [id=4408]
  0x000001fbe7766000 GCTaskThread "GC Thread#6" [stack: 0x0000001f0df00000,0x0000001f0e000000] [id=18580]
  0x000001fbe823f800 GCTaskThread "GC Thread#7" [stack: 0x0000001f0e000000,0x0000001f0e100000] [id=16084]
  0x000001fbe81db800 GCTaskThread "GC Thread#8" [stack: 0x0000001f0e100000,0x0000001f0e200000] [id=5232]
  0x000001fbe78c7000 GCTaskThread "GC Thread#9" [stack: 0x0000001f0e200000,0x0000001f0e300000] [id=15656]
  0x000001fbc68a9800 ConcurrentGCThread "G1 Main Marker" [stack: 0x0000001f0c100000,0x0000001f0c200000] [id=6928]
  0x000001fbc68aa800 ConcurrentGCThread "G1 Conc#0" [stack: 0x0000001f0c200000,0x0000001f0c300000] [id=12480]
  0x000001fbe6d15000 ConcurrentGCThread "G1 Conc#1" [stack: 0x0000001f0e500000,0x0000001f0e600000] [id=536]
  0x000001fbe79fe800 ConcurrentGCThread "G1 Conc#2" [stack: 0x0000001f0e600000,0x0000001f0e700000] [id=12020]
  0x000001fbc692e800 ConcurrentGCThread "G1 Refine#0" [stack: 0x0000001f0c300000,0x0000001f0c400000] [id=19140]
  0x000001fbe925c800 ConcurrentGCThread "G1 Refine#1" [stack: 0x0000001f0f700000,0x0000001f0f800000] [id=9296]
  0x000001fbe925d800 ConcurrentGCThread "G1 Refine#2" [stack: 0x0000001f0f800000,0x0000001f0f900000] [id=6468]
  0x000001fbe925e000 ConcurrentGCThread "G1 Refine#3" [stack: 0x0000001f0f900000,0x0000001f0fa00000] [id=3252]
  0x000001fbe925f000 ConcurrentGCThread "G1 Refine#4" [stack: 0x0000001f0fa00000,0x0000001f0fb00000] [id=14436]
  0x000001fbe9258800 ConcurrentGCThread "G1 Refine#5" [stack: 0x0000001f0fb00000,0x0000001f0fc00000] [id=10380]
  0x000001fbe4b5d800 ConcurrentGCThread "G1 Young RemSet Sampling" [stack: 0x0000001f0c400000,0x0000001f0c500000] [id=15088]

Threads with active compile tasks:
C2 CompilerThread0   137786 14282       4       org.gradle.internal.service.DefaultServiceRegistry$OwnServices::getService (309 bytes)

VM state:not at safepoint (normal execution)

VM Mutex/Monitor currently owned by a thread: None

Heap address: 0x0000000080000000, size: 2048 MB, Compressed Oops mode: 32-bit
Narrow klass base: 0x0000000000000000, Narrow klass shift: 3
Compressed class space size: 528482304 Address: 0x0000000100000000

Heap:
 garbage-first heap   total 270336K, used 182232K [0x0000000080000000, 0x0000000100000000)
  region size 1024K, 73 young (74752K), 6 survivors (6144K)
 Metaspace       used 131157K, capacity 133967K, committed 134020K, reserved 634880K
  class space    used 16495K, capacity 17635K, committed 17664K, reserved 516096K
Heap Regions: E=young(eden), S=young(survivor), O=old, HS=humongous(starts), HC=humongous(continues), CS=collection set, F=free, A=archive, TAMS=top-at-mark-start (previous, next)
|   0|0x0000000080000000, 0x0000000080100000, 0x0000000080100000|100%|HS|  |TAMS 0x0000000080100000, 0x0000000080000000| Complete 
|   1|0x0000000080100000, 0x0000000080200000, 0x0000000080200000|100%|HC|  |TAMS 0x0000000080200000, 0x0000000080100000| Complete 
|   2|0x0000000080200000, 0x0000000080300000, 0x0000000080300000|100%|HC|  |TAMS 0x0000000080300000, 0x0000000080200000| Complete 
|   3|0x0000000080300000, 0x0000000080400000, 0x0000000080400000|100%|HC|  |TAMS 0x0000000080400000, 0x0000000080300000| Complete 
|   4|0x0000000080400000, 0x0000000080500000, 0x0000000080500000|100%| O|  |TAMS 0x0000000080500000, 0x0000000080400000| Untracked 
|   5|0x0000000080500000, 0x0000000080600000, 0x0000000080600000|100%| O|  |TAMS 0x0000000080600000, 0x0000000080500000| Untracked 
|   6|0x0000000080600000, 0x0000000080700000, 0x0000000080700000|100%| O|  |TAMS 0x0000000080700000, 0x0000000080600000| Untracked 
|   7|0x0000000080700000, 0x0000000080800000, 0x0000000080800000|100%| O|  |TAMS 0x0000000080800000, 0x0000000080700000| Untracked 
|   8|0x0000000080800000, 0x0000000080900000, 0x0000000080900000|100%| O|  |TAMS 0x0000000080900000, 0x0000000080800000| Untracked 
|   9|0x0000000080900000, 0x0000000080a00000, 0x0000000080a00000|100%| O|  |TAMS 0x0000000080a00000, 0x0000000080900000| Untracked 
|  10|0x0000000080a00000, 0x0000000080b00000, 0x0000000080b00000|100%| O|  |TAMS 0x0000000080b00000, 0x0000000080a00000| Untracked 
|  11|0x0000000080b00000, 0x0000000080c00000, 0x0000000080c00000|100%| O|  |TAMS 0x0000000080c00000, 0x0000000080b00000| Untracked 
|  12|0x0000000080c00000, 0x0000000080d00000, 0x0000000080d00000|100%| O|  |TAMS 0x0000000080d00000, 0x0000000080c00000| Untracked 
|  13|0x0000000080d00000, 0x0000000080e00000, 0x0000000080e00000|100%| O|  |TAMS 0x0000000080e00000, 0x0000000080d00000| Untracked 
|  14|0x0000000080e00000, 0x0000000080f00000, 0x0000000080f00000|100%| O|  |TAMS 0x0000000080f00000, 0x0000000080e00000| Untracked 
|  15|0x0000000080f00000, 0x0000000081000000, 0x0000000081000000|100%| O|  |TAMS 0x0000000081000000, 0x0000000080f00000| Untracked 
|  16|0x0000000081000000, 0x0000000081100000, 0x0000000081100000|100%| O|  |TAMS 0x0000000081100000, 0x0000000081000000| Untracked 
|  17|0x0000000081100000, 0x0000000081200000, 0x0000000081200000|100%| O|  |TAMS 0x0000000081200000, 0x0000000081100000| Untracked 
|  18|0x0000000081200000, 0x0000000081300000, 0x0000000081300000|100%| O|  |TAMS 0x0000000081300000, 0x0000000081200000| Untracked 
|  19|0x0000000081300000, 0x0000000081400000, 0x0000000081400000|100%| O|  |TAMS 0x0000000081400000, 0x0000000081300000| Untracked 
|  20|0x0000000081400000, 0x0000000081500000, 0x0000000081500000|100%| O|  |TAMS 0x0000000081500000, 0x0000000081400000| Untracked 
|  21|0x0000000081500000, 0x0000000081600000, 0x0000000081600000|100%| O|  |TAMS 0x0000000081600000, 0x0000000081500000| Untracked 
|  22|0x0000000081600000, 0x0000000081700000, 0x0000000081700000|100%| O|  |TAMS 0x0000000081700000, 0x0000000081600000| Untracked 
|  23|0x0000000081700000, 0x0000000081800000, 0x0000000081800000|100%| O|  |TAMS 0x0000000081800000, 0x0000000081700000| Untracked 
|  24|0x0000000081800000, 0x0000000081900000, 0x0000000081900000|100%| O|  |TAMS 0x0000000081900000, 0x0000000081800000| Untracked 
|  25|0x0000000081900000, 0x0000000081a00000, 0x0000000081a00000|100%| O|  |TAMS 0x0000000081a00000, 0x0000000081900000| Untracked 
|  26|0x0000000081a00000, 0x0000000081b00000, 0x0000000081b00000|100%| O|  |TAMS 0x0000000081b00000, 0x0000000081a00000| Untracked 
|  27|0x0000000081b00000, 0x0000000081c00000, 0x0000000081c00000|100%| O|  |TAMS 0x0000000081c00000, 0x0000000081b00000| Untracked 
|  28|0x0000000081c00000, 0x0000000081d00000, 0x0000000081d00000|100%| O|  |TAMS 0x0000000081d00000, 0x0000000081c00000| Untracked 
|  29|0x0000000081d00000, 0x0000000081e00000, 0x0000000081e00000|100%|HS|  |TAMS 0x0000000081e00000, 0x0000000081d00000| Complete 
|  30|0x0000000081e00000, 0x0000000081f00000, 0x0000000081f00000|100%|HC|  |TAMS 0x0000000081f00000, 0x0000000081e00000| Complete 
|  31|0x0000000081f00000, 0x0000000082000000, 0x0000000082000000|100%|HC|  |TAMS 0x0000000082000000, 0x0000000081f00000| Complete 
|  32|0x0000000082000000, 0x0000000082100000, 0x0000000082100000|100%|HC|  |TAMS 0x0000000082100000, 0x0000000082000000| Complete 
|  33|0x0000000082100000, 0x0000000082200000, 0x0000000082200000|100%| O|  |TAMS 0x0000000082200000, 0x0000000082100000| Untracked 
|  34|0x0000000082200000, 0x0000000082300000, 0x0000000082300000|100%| O|  |TAMS 0x0000000082300000, 0x0000000082200000| Untracked 
|  35|0x0000000082300000, 0x0000000082400000, 0x0000000082400000|100%| O|  |TAMS 0x0000000082400000, 0x0000000082300000| Untracked 
|  36|0x0000000082400000, 0x0000000082500000, 0x0000000082500000|100%| O|  |TAMS 0x0000000082500000, 0x0000000082400000| Untracked 
|  37|0x0000000082500000, 0x0000000082600000, 0x0000000082600000|100%| O|  |TAMS 0x0000000082600000, 0x0000000082500000| Untracked 
|  38|0x0000000082600000, 0x0000000082700000, 0x0000000082700000|100%| O|  |TAMS 0x0000000082700000, 0x0000000082600000| Untracked 
|  39|0x0000000082700000, 0x0000000082800000, 0x0000000082800000|100%| O|  |TAMS 0x0000000082800000, 0x0000000082700000| Untracked 
|  40|0x0000000082800000, 0x0000000082900000, 0x0000000082900000|100%| O|  |TAMS 0x0000000082900000, 0x0000000082800000| Untracked 
|  41|0x0000000082900000, 0x0000000082a00000, 0x0000000082a00000|100%| O|  |TAMS 0x0000000082a00000, 0x0000000082900000| Untracked 
|  42|0x0000000082a00000, 0x0000000082b00000, 0x0000000082b00000|100%| O|  |TAMS 0x0000000082b00000, 0x0000000082a00000| Untracked 
|  43|0x0000000082b00000, 0x0000000082c00000, 0x0000000082c00000|100%| O|  |TAMS 0x0000000082c00000, 0x0000000082b00000| Untracked 
|  44|0x0000000082c00000, 0x0000000082d00000, 0x0000000082d00000|100%| O|  |TAMS 0x0000000082d00000, 0x0000000082c00000| Untracked 
|  45|0x0000000082d00000, 0x0000000082e00000, 0x0000000082e00000|100%| O|  |TAMS 0x0000000082e00000, 0x0000000082d00000| Untracked 
|  46|0x0000000082e00000, 0x0000000082f00000, 0x0000000082f00000|100%| O|  |TAMS 0x0000000082f00000, 0x0000000082e00000| Untracked 
|  47|0x0000000082f00000, 0x0000000083000000, 0x0000000083000000|100%| O|  |TAMS 0x0000000083000000, 0x0000000082f00000| Untracked 
|  48|0x0000000083000000, 0x0000000083100000, 0x0000000083100000|100%| O|  |TAMS 0x0000000083100000, 0x0000000083000000| Untracked 
|  49|0x0000000083100000, 0x0000000083200000, 0x0000000083200000|100%| O|  |TAMS 0x0000000083100000, 0x0000000083100000| Untracked 
|  50|0x0000000083200000, 0x0000000083300000, 0x0000000083300000|100%| O|  |TAMS 0x0000000083200000, 0x0000000083200000| Untracked 
|  51|0x0000000083300000, 0x0000000083400000, 0x0000000083400000|100%| O|  |TAMS 0x0000000083300000, 0x0000000083300000| Untracked 
|  52|0x0000000083400000, 0x0000000083500000, 0x0000000083500000|100%| O|  |TAMS 0x0000000083400000, 0x0000000083400000| Untracked 
|  53|0x0000000083500000, 0x00000000835a9000, 0x0000000083600000| 66%| O|  |TAMS 0x0000000083500000, 0x0000000083500000| Untracked 
|  54|0x0000000083600000, 0x0000000083600000, 0x0000000083700000|  0%| F|  |TAMS 0x0000000083600000, 0x0000000083600000| Untracked 
|  55|0x0000000083700000, 0x0000000083800000, 0x0000000083800000|100%| O|  |TAMS 0x0000000083800000, 0x0000000083700000| Untracked 
|  56|0x0000000083800000, 0x0000000083900000, 0x0000000083900000|100%| O|  |TAMS 0x0000000083900000, 0x0000000083800000| Untracked 
|  57|0x0000000083900000, 0x0000000083a00000, 0x0000000083a00000|100%| O|  |TAMS 0x0000000083a00000, 0x0000000083900000| Untracked 
|  58|0x0000000083a00000, 0x0000000083b00000, 0x0000000083b00000|100%| O|  |TAMS 0x0000000083b00000, 0x0000000083a00000| Untracked 
|  59|0x0000000083b00000, 0x0000000083c00000, 0x0000000083c00000|100%| O|  |TAMS 0x0000000083c00000, 0x0000000083b00000| Untracked 
|  60|0x0000000083c00000, 0x0000000083d00000, 0x0000000083d00000|100%| O|  |TAMS 0x0000000083d00000, 0x0000000083c00000| Untracked 
|  61|0x0000000083d00000, 0x0000000083e00000, 0x0000000083e00000|100%| O|  |TAMS 0x0000000083e00000, 0x0000000083d00000| Untracked 
|  62|0x0000000083e00000, 0x0000000083f00000, 0x0000000083f00000|100%| O|  |TAMS 0x0000000083f00000, 0x0000000083e00000| Untracked 
|  63|0x0000000083f00000, 0x0000000084000000, 0x0000000084000000|100%| O|  |TAMS 0x0000000084000000, 0x0000000083f00000| Untracked 
|  64|0x0000000084000000, 0x0000000084100000, 0x0000000084100000|100%| O|  |TAMS 0x0000000084100000, 0x0000000084000000| Untracked 
|  65|0x0000000084100000, 0x0000000084200000, 0x0000000084200000|100%| O|  |TAMS 0x0000000084200000, 0x0000000084100000| Untracked 
|  66|0x0000000084200000, 0x0000000084300000, 0x0000000084300000|100%|HS|  |TAMS 0x0000000084300000, 0x0000000084200000| Complete 
|  67|0x0000000084300000, 0x0000000084400000, 0x0000000084400000|100%|HC|  |TAMS 0x0000000084400000, 0x0000000084300000| Complete 
|  68|0x0000000084400000, 0x0000000084500000, 0x0000000084500000|100%| O|  |TAMS 0x0000000084500000, 0x0000000084400000| Untracked 
|  69|0x0000000084500000, 0x0000000084600000, 0x0000000084600000|100%| O|  |TAMS 0x0000000084600000, 0x0000000084500000| Untracked 
|  70|0x0000000084600000, 0x0000000084700000, 0x0000000084700000|100%| O|  |TAMS 0x0000000084700000, 0x0000000084600000| Untracked 
|  71|0x0000000084700000, 0x0000000084800000, 0x0000000084800000|100%| O|  |TAMS 0x0000000084800000, 0x0000000084700000| Untracked 
|  72|0x0000000084800000, 0x0000000084900000, 0x0000000084900000|100%| O|  |TAMS 0x0000000084900000, 0x0000000084800000| Untracked 
|  73|0x0000000084900000, 0x0000000084a00000, 0x0000000084a00000|100%| O|  |TAMS 0x0000000084a00000, 0x0000000084900000| Untracked 
|  74|0x0000000084a00000, 0x0000000084b00000, 0x0000000084b00000|100%| O|  |TAMS 0x0000000084b00000, 0x0000000084a00000| Untracked 
|  75|0x0000000084b00000, 0x0000000084c00000, 0x0000000084c00000|100%| O|  |TAMS 0x0000000084c00000, 0x0000000084b00000| Untracked 
|  76|0x0000000084c00000, 0x0000000084d00000, 0x0000000084d00000|100%| O|  |TAMS 0x0000000084d00000, 0x0000000084c00000| Untracked 
|  77|0x0000000084d00000, 0x0000000084e00000, 0x0000000084e00000|100%| O|  |TAMS 0x0000000084e00000, 0x0000000084d00000| Untracked 
|  78|0x0000000084e00000, 0x0000000084f00000, 0x0000000084f00000|100%| O|  |TAMS 0x0000000084f00000, 0x0000000084e00000| Untracked 
|  79|0x0000000084f00000, 0x0000000085000000, 0x0000000085000000|100%| O|  |TAMS 0x0000000085000000, 0x0000000084f00000| Untracked 
|  80|0x0000000085000000, 0x0000000085100000, 0x0000000085100000|100%| O|  |TAMS 0x0000000085100000, 0x0000000085000000| Untracked 
|  81|0x0000000085100000, 0x0000000085200000, 0x0000000085200000|100%| O|  |TAMS 0x0000000085200000, 0x0000000085100000| Untracked 
|  82|0x0000000085200000, 0x0000000085300000, 0x0000000085300000|100%| O|  |TAMS 0x0000000085300000, 0x0000000085200000| Untracked 
|  83|0x0000000085300000, 0x0000000085400000, 0x0000000085400000|100%| O|  |TAMS 0x0000000085400000, 0x0000000085300000| Untracked 
|  84|0x0000000085400000, 0x0000000085500000, 0x0000000085500000|100%| O|  |TAMS 0x0000000085500000, 0x0000000085400000| Untracked 
|  85|0x0000000085500000, 0x0000000085600000, 0x0000000085600000|100%| O|  |TAMS 0x0000000085600000, 0x0000000085500000| Untracked 
|  86|0x0000000085600000, 0x0000000085700000, 0x0000000085700000|100%|HS|  |TAMS 0x0000000085700000, 0x0000000085600000| Complete 
|  87|0x0000000085700000, 0x0000000085800000, 0x0000000085800000|100%|HC|  |TAMS 0x0000000085800000, 0x0000000085700000| Complete 
|  88|0x0000000085800000, 0x0000000085900000, 0x0000000085900000|100%|HC|  |TAMS 0x0000000085900000, 0x0000000085800000| Complete 
|  89|0x0000000085900000, 0x0000000085a00000, 0x0000000085a00000|100%|HC|  |TAMS 0x0000000085a00000, 0x0000000085900000| Complete 
|  90|0x0000000085a00000, 0x0000000085b00000, 0x0000000085b00000|100%| O|  |TAMS 0x0000000085b00000, 0x0000000085a00000| Untracked 
|  91|0x0000000085b00000, 0x0000000085c00000, 0x0000000085c00000|100%| O|  |TAMS 0x0000000085c00000, 0x0000000085b00000| Untracked 
|  92|0x0000000085c00000, 0x0000000085d00000, 0x0000000085d00000|100%| O|  |TAMS 0x0000000085d00000, 0x0000000085c00000| Untracked 
|  93|0x0000000085d00000, 0x0000000085e00000, 0x0000000085e00000|100%| O|  |TAMS 0x0000000085e00000, 0x0000000085d00000| Untracked 
|  94|0x0000000085e00000, 0x0000000085f00000, 0x0000000085f00000|100%| O|  |TAMS 0x0000000085f00000, 0x0000000085e00000| Untracked 
|  95|0x0000000085f00000, 0x0000000086000000, 0x0000000086000000|100%| O|  |TAMS 0x0000000086000000, 0x0000000085f00000| Untracked 
|  96|0x0000000086000000, 0x0000000086100000, 0x0000000086100000|100%| O|  |TAMS 0x0000000086100000, 0x0000000086000000| Untracked 
|  97|0x0000000086100000, 0x0000000086200000, 0x0000000086200000|100%| O|  |TAMS 0x0000000086200000, 0x0000000086100000| Untracked 
|  98|0x0000000086200000, 0x0000000086300000, 0x0000000086300000|100%| O|  |TAMS 0x0000000086300000, 0x0000000086200000| Untracked 
|  99|0x0000000086300000, 0x0000000086400000, 0x0000000086400000|100%| O|  |TAMS 0x0000000086400000, 0x0000000086300000| Untracked 
| 100|0x0000000086400000, 0x0000000086500000, 0x0000000086500000|100%| O|  |TAMS 0x0000000086500000, 0x0000000086400000| Untracked 
| 101|0x0000000086500000, 0x0000000086600000, 0x0000000086600000|100%| O|  |TAMS 0x0000000086600000, 0x0000000086500000| Untracked 
| 102|0x0000000086600000, 0x0000000086700000, 0x0000000086700000|100%| O|  |TAMS 0x0000000086700000, 0x0000000086600000| Untracked 
| 103|0x0000000086700000, 0x0000000086800000, 0x0000000086800000|100%| O|  |TAMS 0x0000000086800000, 0x0000000086700000| Untracked 
| 104|0x0000000086800000, 0x0000000086900000, 0x0000000086900000|100%| O|  |TAMS 0x0000000086900000, 0x0000000086800000| Untracked 
| 105|0x0000000086900000, 0x0000000086a00000, 0x0000000086a00000|100%| O|  |TAMS 0x0000000086a00000, 0x0000000086900000| Untracked 
| 106|0x0000000086a00000, 0x0000000086b00000, 0x0000000086b00000|100%| O|  |TAMS 0x0000000086b00000, 0x0000000086a00000| Untracked 
| 107|0x0000000086b00000, 0x0000000086c00000, 0x0000000086c00000|100%| O|  |TAMS 0x0000000086c00000, 0x0000000086b00000| Untracked 
| 108|0x0000000086c00000, 0x0000000086d00000, 0x0000000086d00000|100%| O|  |TAMS 0x0000000086c94000, 0x0000000086c00000| Untracked 
| 109|0x0000000086d00000, 0x0000000086d00000, 0x0000000086e00000|  0%| F|  |TAMS 0x0000000086d00000, 0x0000000086d00000| Untracked 
| 110|0x0000000086e00000, 0x0000000086e00000, 0x0000000086f00000|  0%| F|  |TAMS 0x0000000086e00000, 0x0000000086e00000| Untracked 
| 111|0x0000000086f00000, 0x0000000086f00000, 0x0000000087000000|  0%| F|  |TAMS 0x0000000086f00000, 0x0000000086f00000| Untracked 
| 112|0x0000000087000000, 0x0000000087000000, 0x0000000087100000|  0%| F|  |TAMS 0x0000000087000000, 0x0000000087000000| Untracked 
| 113|0x0000000087100000, 0x0000000087100000, 0x0000000087200000|  0%| F|  |TAMS 0x0000000087100000, 0x0000000087100000| Untracked 
| 114|0x0000000087200000, 0x0000000087200000, 0x0000000087300000|  0%| F|  |TAMS 0x0000000087200000, 0x0000000087200000| Untracked 
| 115|0x0000000087300000, 0x0000000087300000, 0x0000000087400000|  0%| F|  |TAMS 0x0000000087300000, 0x0000000087300000| Untracked 
| 116|0x0000000087400000, 0x0000000087400000, 0x0000000087500000|  0%| F|  |TAMS 0x0000000087400000, 0x0000000087400000| Untracked 
| 117|0x0000000087500000, 0x0000000087500000, 0x0000000087600000|  0%| F|  |TAMS 0x0000000087500000, 0x0000000087500000| Untracked 
| 118|0x0000000087600000, 0x0000000087600000, 0x0000000087700000|  0%| F|  |TAMS 0x0000000087600000, 0x0000000087600000| Untracked 
| 119|0x0000000087700000, 0x0000000087700000, 0x0000000087800000|  0%| F|  |TAMS 0x0000000087700000, 0x0000000087700000| Untracked 
| 120|0x0000000087800000, 0x0000000087800000, 0x0000000087900000|  0%| F|  |TAMS 0x0000000087800000, 0x0000000087800000| Untracked 
| 121|0x0000000087900000, 0x0000000087900000, 0x0000000087a00000|  0%| F|  |TAMS 0x0000000087900000, 0x0000000087900000| Untracked 
| 122|0x0000000087a00000, 0x0000000087a00000, 0x0000000087b00000|  0%| F|  |TAMS 0x0000000087a00000, 0x0000000087a00000| Untracked 
| 123|0x0000000087b00000, 0x0000000087b00000, 0x0000000087c00000|  0%| F|  |TAMS 0x0000000087b00000, 0x0000000087b00000| Untracked 
| 124|0x0000000087c00000, 0x0000000087c00000, 0x0000000087d00000|  0%| F|  |TAMS 0x0000000087c00000, 0x0000000087c00000| Untracked 
| 125|0x0000000087d00000, 0x0000000087d00000, 0x0000000087e00000|  0%| F|  |TAMS 0x0000000087d00000, 0x0000000087d00000| Untracked 
| 126|0x0000000087e00000, 0x0000000087e00000, 0x0000000087f00000|  0%| F|  |TAMS 0x0000000087e00000, 0x0000000087e00000| Untracked 
| 127|0x0000000087f00000, 0x0000000087f00000, 0x0000000088000000|  0%| F|  |TAMS 0x0000000087f00000, 0x0000000087f00000| Untracked 
| 128|0x0000000088000000, 0x0000000088000000, 0x0000000088100000|  0%| F|  |TAMS 0x0000000088000000, 0x0000000088000000| Untracked 
| 129|0x0000000088100000, 0x0000000088100000, 0x0000000088200000|  0%| F|  |TAMS 0x0000000088100000, 0x0000000088100000| Untracked 
| 130|0x0000000088200000, 0x0000000088200000, 0x0000000088300000|  0%| F|  |TAMS 0x0000000088200000, 0x0000000088200000| Untracked 
| 131|0x0000000088300000, 0x0000000088300000, 0x0000000088400000|  0%| F|  |TAMS 0x0000000088300000, 0x0000000088300000| Untracked 
| 132|0x0000000088400000, 0x0000000088400000, 0x0000000088500000|  0%| F|  |TAMS 0x0000000088400000, 0x0000000088400000| Untracked 
| 133|0x0000000088500000, 0x0000000088500000, 0x0000000088600000|  0%| F|  |TAMS 0x0000000088500000, 0x0000000088500000| Untracked 
| 134|0x0000000088600000, 0x0000000088600000, 0x0000000088700000|  0%| F|  |TAMS 0x0000000088600000, 0x0000000088600000| Untracked 
| 135|0x0000000088700000, 0x0000000088700000, 0x0000000088800000|  0%| F|  |TAMS 0x0000000088700000, 0x0000000088700000| Untracked 
| 136|0x0000000088800000, 0x0000000088800000, 0x0000000088900000|  0%| F|  |TAMS 0x0000000088800000, 0x0000000088800000| Untracked 
| 137|0x0000000088900000, 0x0000000088900000, 0x0000000088a00000|  0%| F|  |TAMS 0x0000000088900000, 0x0000000088900000| Untracked 
| 138|0x0000000088a00000, 0x0000000088a00000, 0x0000000088b00000|  0%| F|  |TAMS 0x0000000088a00000, 0x0000000088a00000| Untracked 
| 139|0x0000000088b00000, 0x0000000088b00000, 0x0000000088c00000|  0%| F|  |TAMS 0x0000000088b00000, 0x0000000088b00000| Untracked 
| 140|0x0000000088c00000, 0x0000000088c00000, 0x0000000088d00000|  0%| F|  |TAMS 0x0000000088c00000, 0x0000000088c00000| Untracked 
| 141|0x0000000088d00000, 0x0000000088d00000, 0x0000000088e00000|  0%| F|  |TAMS 0x0000000088d00000, 0x0000000088d00000| Untracked 
| 142|0x0000000088e00000, 0x0000000088e00000, 0x0000000088f00000|  0%| F|  |TAMS 0x0000000088e00000, 0x0000000088e00000| Untracked 
| 143|0x0000000088f00000, 0x0000000088f00000, 0x0000000089000000|  0%| F|  |TAMS 0x0000000088f00000, 0x0000000088f00000| Untracked 
| 144|0x0000000089000000, 0x0000000089000000, 0x0000000089100000|  0%| F|  |TAMS 0x0000000089000000, 0x0000000089000000| Untracked 
| 145|0x0000000089100000, 0x000000008914d1f0, 0x0000000089200000| 30%| S|CS|TAMS 0x0000000089100000, 0x0000000089100000| Complete 
| 146|0x0000000089200000, 0x0000000089300000, 0x0000000089300000|100%| S|CS|TAMS 0x0000000089200000, 0x0000000089200000| Complete 
| 147|0x0000000089300000, 0x0000000089400000, 0x0000000089400000|100%| S|CS|TAMS 0x0000000089300000, 0x0000000089300000| Complete 
| 148|0x0000000089400000, 0x0000000089500000, 0x0000000089500000|100%| S|CS|TAMS 0x0000000089400000, 0x0000000089400000| Complete 
| 149|0x0000000089500000, 0x0000000089600000, 0x0000000089600000|100%| S|CS|TAMS 0x0000000089500000, 0x0000000089500000| Complete 
| 150|0x0000000089600000, 0x0000000089700000, 0x0000000089700000|100%| S|CS|TAMS 0x0000000089600000, 0x0000000089600000| Complete 
| 151|0x0000000089700000, 0x0000000089700000, 0x0000000089800000|  0%| F|  |TAMS 0x0000000089700000, 0x0000000089700000| Untracked 
| 152|0x0000000089800000, 0x0000000089800000, 0x0000000089900000|  0%| F|  |TAMS 0x0000000089800000, 0x0000000089800000| Untracked 
| 153|0x0000000089900000, 0x0000000089900000, 0x0000000089a00000|  0%| F|  |TAMS 0x0000000089900000, 0x0000000089900000| Untracked 
| 154|0x0000000089a00000, 0x0000000089a00000, 0x0000000089b00000|  0%| F|  |TAMS 0x0000000089a00000, 0x0000000089a00000| Untracked 
| 155|0x0000000089b00000, 0x0000000089b00000, 0x0000000089c00000|  0%| F|  |TAMS 0x0000000089b00000, 0x0000000089b00000| Untracked 
| 156|0x0000000089c00000, 0x0000000089c00000, 0x0000000089d00000|  0%| F|  |TAMS 0x0000000089c00000, 0x0000000089c00000| Untracked 
| 157|0x0000000089d00000, 0x0000000089d00000, 0x0000000089e00000|  0%| F|  |TAMS 0x0000000089d00000, 0x0000000089d00000| Untracked 
| 158|0x0000000089e00000, 0x0000000089e00000, 0x0000000089f00000|  0%| F|  |TAMS 0x0000000089e00000, 0x0000000089e00000| Untracked 
| 159|0x0000000089f00000, 0x0000000089f00000, 0x000000008a000000|  0%| F|  |TAMS 0x0000000089f00000, 0x0000000089f00000| Untracked 
| 160|0x000000008a000000, 0x000000008a000000, 0x000000008a100000|  0%| F|  |TAMS 0x000000008a000000, 0x000000008a000000| Untracked 
| 161|0x000000008a100000, 0x000000008a100000, 0x000000008a200000|  0%| F|  |TAMS 0x000000008a100000, 0x000000008a100000| Untracked 
| 162|0x000000008a200000, 0x000000008a200000, 0x000000008a300000|  0%| F|  |TAMS 0x000000008a200000, 0x000000008a200000| Untracked 
| 163|0x000000008a300000, 0x000000008a300000, 0x000000008a400000|  0%| F|  |TAMS 0x000000008a300000, 0x000000008a300000| Untracked 
| 164|0x000000008a400000, 0x000000008a400000, 0x000000008a500000|  0%| F|  |TAMS 0x000000008a400000, 0x000000008a400000| Untracked 
| 165|0x000000008a500000, 0x000000008a500000, 0x000000008a600000|  0%| F|  |TAMS 0x000000008a500000, 0x000000008a500000| Untracked 
| 166|0x000000008a600000, 0x000000008a600000, 0x000000008a700000|  0%| F|  |TAMS 0x000000008a600000, 0x000000008a600000| Untracked 
| 167|0x000000008a700000, 0x000000008a700000, 0x000000008a800000|  0%| F|  |TAMS 0x000000008a700000, 0x000000008a700000| Untracked 
| 168|0x000000008a800000, 0x000000008a800000, 0x000000008a900000|  0%| F|  |TAMS 0x000000008a800000, 0x000000008a800000| Untracked 
| 169|0x000000008a900000, 0x000000008a900000, 0x000000008aa00000|  0%| F|  |TAMS 0x000000008a900000, 0x000000008a900000| Untracked 
| 170|0x000000008aa00000, 0x000000008aa00000, 0x000000008ab00000|  0%| F|  |TAMS 0x000000008aa00000, 0x000000008aa00000| Untracked 
| 171|0x000000008ab00000, 0x000000008ab00000, 0x000000008ac00000|  0%| F|  |TAMS 0x000000008ab00000, 0x000000008ab00000| Untracked 
| 172|0x000000008ac00000, 0x000000008ac00000, 0x000000008ad00000|  0%| F|  |TAMS 0x000000008ac00000, 0x000000008ac00000| Untracked 
| 173|0x000000008ad00000, 0x000000008ad00000, 0x000000008ae00000|  0%| F|  |TAMS 0x000000008ad00000, 0x000000008ad00000| Untracked 
| 174|0x000000008ae00000, 0x000000008ae00000, 0x000000008af00000|  0%| F|  |TAMS 0x000000008ae00000, 0x000000008ae00000| Untracked 
| 175|0x000000008af00000, 0x000000008af00000, 0x000000008b000000|  0%| F|  |TAMS 0x000000008af00000, 0x000000008af00000| Untracked 
| 176|0x000000008b000000, 0x000000008b000000, 0x000000008b100000|  0%| F|  |TAMS 0x000000008b000000, 0x000000008b000000| Untracked 
| 177|0x000000008b100000, 0x000000008b100000, 0x000000008b200000|  0%| F|  |TAMS 0x000000008b100000, 0x000000008b100000| Untracked 
| 178|0x000000008b200000, 0x000000008b200000, 0x000000008b300000|  0%| F|  |TAMS 0x000000008b200000, 0x000000008b200000| Untracked 
| 179|0x000000008b300000, 0x000000008b300000, 0x000000008b400000|  0%| F|  |TAMS 0x000000008b300000, 0x000000008b300000| Untracked 
| 180|0x000000008b400000, 0x000000008b400000, 0x000000008b500000|  0%| F|  |TAMS 0x000000008b400000, 0x000000008b400000| Untracked 
| 181|0x000000008b500000, 0x000000008b500000, 0x000000008b600000|  0%| F|  |TAMS 0x000000008b500000, 0x000000008b500000| Untracked 
| 182|0x000000008b600000, 0x000000008b600000, 0x000000008b700000|  0%| F|  |TAMS 0x000000008b600000, 0x000000008b600000| Untracked 
| 183|0x000000008b700000, 0x000000008b700000, 0x000000008b800000|  0%| F|  |TAMS 0x000000008b700000, 0x000000008b700000| Untracked 
| 184|0x000000008b800000, 0x000000008b800000, 0x000000008b900000|  0%| F|  |TAMS 0x000000008b800000, 0x000000008b800000| Untracked 
| 185|0x000000008b900000, 0x000000008b900000, 0x000000008ba00000|  0%| F|  |TAMS 0x000000008b900000, 0x000000008b900000| Untracked 
| 186|0x000000008ba00000, 0x000000008ba00000, 0x000000008bb00000|  0%| F|  |TAMS 0x000000008ba00000, 0x000000008ba00000| Untracked 
| 187|0x000000008bb00000, 0x000000008bb00000, 0x000000008bc00000|  0%| F|  |TAMS 0x000000008bb00000, 0x000000008bb00000| Untracked 
| 188|0x000000008bc00000, 0x000000008bc00000, 0x000000008bd00000|  0%| F|  |TAMS 0x000000008bc00000, 0x000000008bc00000| Untracked 
| 189|0x000000008bd00000, 0x000000008bd00000, 0x000000008be00000|  0%| F|  |TAMS 0x000000008bd00000, 0x000000008bd00000| Untracked 
| 190|0x000000008be00000, 0x000000008be00000, 0x000000008bf00000|  0%| F|  |TAMS 0x000000008be00000, 0x000000008be00000| Untracked 
| 191|0x000000008bf00000, 0x000000008bf00000, 0x000000008c000000|  0%| F|  |TAMS 0x000000008bf00000, 0x000000008bf00000| Untracked 
| 192|0x000000008c000000, 0x000000008c000000, 0x000000008c100000|  0%| F|  |TAMS 0x000000008c000000, 0x000000008c000000| Untracked 
| 193|0x000000008c100000, 0x000000008c100000, 0x000000008c200000|  0%| F|  |TAMS 0x000000008c100000, 0x000000008c100000| Untracked 
| 194|0x000000008c200000, 0x000000008c200000, 0x000000008c300000|  0%| F|  |TAMS 0x000000008c200000, 0x000000008c200000| Untracked 
| 195|0x000000008c300000, 0x000000008c300000, 0x000000008c400000|  0%| F|  |TAMS 0x000000008c300000, 0x000000008c300000| Untracked 
| 196|0x000000008c400000, 0x000000008c400000, 0x000000008c500000|  0%| F|  |TAMS 0x000000008c400000, 0x000000008c400000| Untracked 
| 197|0x000000008c500000, 0x000000008c5b7260, 0x000000008c600000| 71%| E|  |TAMS 0x000000008c500000, 0x000000008c500000| Complete 
| 198|0x000000008c600000, 0x000000008c700000, 0x000000008c700000|100%| E|CS|TAMS 0x000000008c600000, 0x000000008c600000| Complete 
| 199|0x000000008c700000, 0x000000008c800000, 0x000000008c800000|100%| E|CS|TAMS 0x000000008c700000, 0x000000008c700000| Complete 
| 200|0x000000008c800000, 0x000000008c900000, 0x000000008c900000|100%| E|CS|TAMS 0x000000008c800000, 0x000000008c800000| Complete 
| 201|0x000000008c900000, 0x000000008ca00000, 0x000000008ca00000|100%| E|CS|TAMS 0x000000008c900000, 0x000000008c900000| Complete 
| 202|0x000000008ca00000, 0x000000008cb00000, 0x000000008cb00000|100%| E|CS|TAMS 0x000000008ca00000, 0x000000008ca00000| Complete 
| 203|0x000000008cb00000, 0x000000008cc00000, 0x000000008cc00000|100%| E|CS|TAMS 0x000000008cb00000, 0x000000008cb00000| Complete 
| 204|0x000000008cc00000, 0x000000008cd00000, 0x000000008cd00000|100%| E|CS|TAMS 0x000000008cc00000, 0x000000008cc00000| Complete 
| 205|0x000000008cd00000, 0x000000008ce00000, 0x000000008ce00000|100%| E|CS|TAMS 0x000000008cd00000, 0x000000008cd00000| Complete 
| 206|0x000000008ce00000, 0x000000008cf00000, 0x000000008cf00000|100%| E|CS|TAMS 0x000000008ce00000, 0x000000008ce00000| Complete 
| 207|0x000000008cf00000, 0x000000008d000000, 0x000000008d000000|100%| E|CS|TAMS 0x000000008cf00000, 0x000000008cf00000| Complete 
| 208|0x000000008d000000, 0x000000008d100000, 0x000000008d100000|100%| E|CS|TAMS 0x000000008d000000, 0x000000008d000000| Complete 
| 209|0x000000008d100000, 0x000000008d200000, 0x000000008d200000|100%| E|CS|TAMS 0x000000008d100000, 0x000000008d100000| Complete 
| 210|0x000000008d200000, 0x000000008d300000, 0x000000008d300000|100%| E|CS|TAMS 0x000000008d200000, 0x000000008d200000| Complete 
| 211|0x000000008d300000, 0x000000008d400000, 0x000000008d400000|100%| E|CS|TAMS 0x000000008d300000, 0x000000008d300000| Complete 
| 212|0x000000008d400000, 0x000000008d500000, 0x000000008d500000|100%| E|CS|TAMS 0x000000008d400000, 0x000000008d400000| Complete 
| 213|0x000000008d500000, 0x000000008d600000, 0x000000008d600000|100%| E|CS|TAMS 0x000000008d500000, 0x000000008d500000| Complete 
| 214|0x000000008d600000, 0x000000008d700000, 0x000000008d700000|100%| E|CS|TAMS 0x000000008d600000, 0x000000008d600000| Complete 
| 215|0x000000008d700000, 0x000000008d800000, 0x000000008d800000|100%| E|CS|TAMS 0x000000008d700000, 0x000000008d700000| Complete 
| 216|0x000000008d800000, 0x000000008d900000, 0x000000008d900000|100%| E|CS|TAMS 0x000000008d800000, 0x000000008d800000| Complete 
| 217|0x000000008d900000, 0x000000008da00000, 0x000000008da00000|100%| E|CS|TAMS 0x000000008d900000, 0x000000008d900000| Complete 
| 218|0x000000008da00000, 0x000000008db00000, 0x000000008db00000|100%| E|CS|TAMS 0x000000008da00000, 0x000000008da00000| Complete 
| 219|0x000000008db00000, 0x000000008dc00000, 0x000000008dc00000|100%| E|CS|TAMS 0x000000008db00000, 0x000000008db00000| Complete 
| 220|0x000000008dc00000, 0x000000008dd00000, 0x000000008dd00000|100%| E|CS|TAMS 0x000000008dc00000, 0x000000008dc00000| Complete 
| 221|0x000000008dd00000, 0x000000008de00000, 0x000000008de00000|100%| E|CS|TAMS 0x000000008dd00000, 0x000000008dd00000| Complete 
| 222|0x000000008de00000, 0x000000008df00000, 0x000000008df00000|100%| E|CS|TAMS 0x000000008de00000, 0x000000008de00000| Complete 
| 223|0x000000008df00000, 0x000000008e000000, 0x000000008e000000|100%| E|CS|TAMS 0x000000008df00000, 0x000000008df00000| Complete 
| 224|0x000000008e000000, 0x000000008e100000, 0x000000008e100000|100%| E|CS|TAMS 0x000000008e000000, 0x000000008e000000| Complete 
| 225|0x000000008e100000, 0x000000008e200000, 0x000000008e200000|100%| E|CS|TAMS 0x000000008e100000, 0x000000008e100000| Complete 
| 226|0x000000008e200000, 0x000000008e300000, 0x000000008e300000|100%| E|CS|TAMS 0x000000008e200000, 0x000000008e200000| Complete 
| 227|0x000000008e300000, 0x000000008e400000, 0x000000008e400000|100%| E|CS|TAMS 0x000000008e300000, 0x000000008e300000| Complete 
| 228|0x000000008e400000, 0x000000008e500000, 0x000000008e500000|100%| E|CS|TAMS 0x000000008e400000, 0x000000008e400000| Complete 
| 229|0x000000008e500000, 0x000000008e600000, 0x000000008e600000|100%| E|CS|TAMS 0x000000008e500000, 0x000000008e500000| Complete 
| 230|0x000000008e600000, 0x000000008e700000, 0x000000008e700000|100%| E|CS|TAMS 0x000000008e600000, 0x000000008e600000| Complete 
| 231|0x000000008e700000, 0x000000008e800000, 0x000000008e800000|100%| E|CS|TAMS 0x000000008e700000, 0x000000008e700000| Complete 
| 232|0x000000008e800000, 0x000000008e900000, 0x000000008e900000|100%| E|CS|TAMS 0x000000008e800000, 0x000000008e800000| Complete 
| 233|0x000000008e900000, 0x000000008ea00000, 0x000000008ea00000|100%| E|CS|TAMS 0x000000008e900000, 0x000000008e900000| Complete 
| 234|0x000000008ea00000, 0x000000008eb00000, 0x000000008eb00000|100%| E|CS|TAMS 0x000000008ea00000, 0x000000008ea00000| Complete 
| 235|0x000000008eb00000, 0x000000008ec00000, 0x000000008ec00000|100%| E|CS|TAMS 0x000000008eb00000, 0x000000008eb00000| Complete 
| 236|0x000000008ec00000, 0x000000008ed00000, 0x000000008ed00000|100%| E|CS|TAMS 0x000000008ec00000, 0x000000008ec00000| Complete 
| 237|0x000000008ed00000, 0x000000008ee00000, 0x000000008ee00000|100%| E|CS|TAMS 0x000000008ed00000, 0x000000008ed00000| Complete 
| 238|0x000000008ee00000, 0x000000008ef00000, 0x000000008ef00000|100%| E|CS|TAMS 0x000000008ee00000, 0x000000008ee00000| Complete 
| 239|0x000000008ef00000, 0x000000008f000000, 0x000000008f000000|100%| E|CS|TAMS 0x000000008ef00000, 0x000000008ef00000| Complete 
| 240|0x000000008f000000, 0x000000008f100000, 0x000000008f100000|100%| E|CS|TAMS 0x000000008f000000, 0x000000008f000000| Complete 
| 241|0x000000008f100000, 0x000000008f200000, 0x000000008f200000|100%| E|CS|TAMS 0x000000008f100000, 0x000000008f100000| Complete 
| 242|0x000000008f200000, 0x000000008f300000, 0x000000008f300000|100%| E|CS|TAMS 0x000000008f200000, 0x000000008f200000| Complete 
| 243|0x000000008f300000, 0x000000008f400000, 0x000000008f400000|100%| E|CS|TAMS 0x000000008f300000, 0x000000008f300000| Complete 
| 244|0x000000008f400000, 0x000000008f500000, 0x000000008f500000|100%| E|CS|TAMS 0x000000008f400000, 0x000000008f400000| Complete 
| 245|0x000000008f500000, 0x000000008f600000, 0x000000008f600000|100%| E|CS|TAMS 0x000000008f500000, 0x000000008f500000| Complete 
| 246|0x000000008f600000, 0x000000008f700000, 0x000000008f700000|100%| E|CS|TAMS 0x000000008f600000, 0x000000008f600000| Complete 
| 247|0x000000008f700000, 0x000000008f800000, 0x000000008f800000|100%| E|CS|TAMS 0x000000008f700000, 0x000000008f700000| Complete 
| 248|0x000000008f800000, 0x000000008f900000, 0x000000008f900000|100%| E|CS|TAMS 0x000000008f800000, 0x000000008f800000| Complete 
| 249|0x000000008f900000, 0x000000008fa00000, 0x000000008fa00000|100%| E|CS|TAMS 0x000000008f900000, 0x000000008f900000| Complete 
| 250|0x000000008fa00000, 0x000000008fb00000, 0x000000008fb00000|100%| E|CS|TAMS 0x000000008fa00000, 0x000000008fa00000| Complete 
| 251|0x000000008fb00000, 0x000000008fc00000, 0x000000008fc00000|100%| E|CS|TAMS 0x000000008fb00000, 0x000000008fb00000| Complete 
| 252|0x000000008fc00000, 0x000000008fd00000, 0x000000008fd00000|100%| E|CS|TAMS 0x000000008fc00000, 0x000000008fc00000| Complete 
| 253|0x000000008fd00000, 0x000000008fe00000, 0x000000008fe00000|100%| E|CS|TAMS 0x000000008fd00000, 0x000000008fd00000| Complete 
| 254|0x000000008fe00000, 0x000000008ff00000, 0x000000008ff00000|100%| E|CS|TAMS 0x000000008fe00000, 0x000000008fe00000| Complete 
| 255|0x000000008ff00000, 0x0000000090000000, 0x0000000090000000|100%| E|CS|TAMS 0x000000008ff00000, 0x000000008ff00000| Complete 
| 256|0x0000000090000000, 0x0000000090100000, 0x0000000090100000|100%| E|CS|TAMS 0x0000000090000000, 0x0000000090000000| Complete 
| 257|0x0000000090100000, 0x0000000090200000, 0x0000000090200000|100%| E|CS|TAMS 0x0000000090100000, 0x0000000090100000| Complete 
| 258|0x0000000090200000, 0x0000000090300000, 0x0000000090300000|100%| E|  |TAMS 0x0000000090200000, 0x0000000090200000| Complete 
| 259|0x0000000090300000, 0x0000000090400000, 0x0000000090400000|100%| E|CS|TAMS 0x0000000090300000, 0x0000000090300000| Complete 
| 260|0x0000000090400000, 0x0000000090500000, 0x0000000090500000|100%| E|CS|TAMS 0x0000000090400000, 0x0000000090400000| Complete 
| 261|0x0000000090500000, 0x0000000090600000, 0x0000000090600000|100%| E|CS|TAMS 0x0000000090500000, 0x0000000090500000| Complete 
| 262|0x0000000090600000, 0x0000000090700000, 0x0000000090700000|100%| E|CS|TAMS 0x0000000090600000, 0x0000000090600000| Complete 
| 263|0x0000000090700000, 0x0000000090800000, 0x0000000090800000|100%| E|CS|TAMS 0x0000000090700000, 0x0000000090700000| Complete 

Card table byte_map: [0x000001fbdd890000,0x000001fbddc90000] _byte_map_base: 0x000001fbdd490000

Marking Bits (Prev, Next): (CMBitMap*) 0x000001fbc68a0740, (CMBitMap*) 0x000001fbc68a0708
 Prev Bits: [0x000001fbe0090000, 0x000001fbe2090000)
 Next Bits: [0x000001fbde090000, 0x000001fbe0090000)

Polling page: 0x000001fbc4810000

Metaspace:

Usage:
  Non-class:    113.62 MB capacity,   111.98 MB ( 99%) used,     1.30 MB (  1%) free+waste,   336.19 KB ( <1%) overhead. 
      Class:     17.22 MB capacity,    16.11 MB ( 94%) used,   980.99 KB (  6%) free+waste,   159.81 KB ( <1%) overhead. 
       Both:    130.84 MB capacity,   128.09 MB ( 98%) used,     2.26 MB (  2%) free+waste,   496.00 KB ( <1%) overhead. 

Virtual space:
  Non-class space:      116.00 MB reserved,     113.63 MB ( 98%) committed 
      Class space:      504.00 MB reserved,      17.25 MB (  3%) committed 
             Both:      620.00 MB reserved,     130.88 MB ( 21%) committed 

Chunk freelists:
   Non-Class:  1.75 KB
       Class:  0 bytes
        Both:  1.75 KB

CodeHeap 'non-profiled nmethods': size=120000Kb used=8783Kb max_used=8783Kb free=111216Kb
 bounds [0x000001fbd5a10000, 0x000001fbd62b0000, 0x000001fbdcf40000]
CodeHeap 'profiled nmethods': size=120000Kb used=33738Kb max_used=33738Kb free=86261Kb
 bounds [0x000001fbce4e0000, 0x000001fbd05e0000, 0x000001fbd5a10000]
CodeHeap 'non-nmethods': size=5760Kb used=2419Kb max_used=2502Kb free=3340Kb
 bounds [0x000001fbcdf40000, 0x000001fbce1c0000, 0x000001fbce4e0000]
 total_blobs=15320 nmethods=14251 adapters=978
 compilation: enabled
              stopped_count=0, restarted_count=0
 full_count=0

Compilation events (10 events):
Event: 137.746 Thread 0x000001fbe4d16000 nmethod 14295 0x000001fbd05bce10 code [0x000001fbd05bd000, 0x000001fbd05bd3a8]
Event: 137.748 Thread 0x000001fbe4d16000 14296   !   3       org.codehaus.groovy.reflection.CachedMethod::invoke (84 bytes)
Event: 137.751 Thread 0x000001fbe4d16000 nmethod 14296 0x000001fbd05bd590 code [0x000001fbd05bd8c0, 0x000001fbd05bed28]
Event: 137.751 Thread 0x000001fbe4d16000 14297       3       org.apache.commons.io.FilenameUtils::doNormalize (541 bytes)
Event: 137.753 Thread 0x000001fbe4d16000 nmethod 14297 0x000001fbd05bf510 code [0x000001fbd05bf8a0, 0x000001fbd05c14f8]
Event: 137.753 Thread 0x000001fbe4d16000 14298       3       org.gradle.internal.service.DefaultServiceRegistry$SingletonService::<init> (26 bytes)
Event: 137.754 Thread 0x000001fbe4d16000 nmethod 14298 0x000001fbd05c1e10 code [0x000001fbd05c2020, 0x000001fbd05c2808]
Event: 137.754 Thread 0x000001fbe4d16000 14299       3       org.gradle.internal.service.DefaultServiceRegistry$ManagedObjectServiceProvider::<init> (21 bytes)
Event: 137.754 Thread 0x000001fbe4d16000 nmethod 14299 0x000001fbd05c2a90 code [0x000001fbd05c2c80, 0x000001fbd05c3258]
Event: 137.754 Thread 0x000001fbe4d16000 14301       3       java.lang.StringCoding::encodeUTF8_UTF16 (373 bytes)

GC Heap History (10 events):
Event: 18.146 GC heap before
{Heap before GC invocations=43 (full 0):
 garbage-first heap   total 187392K, used 140355K [0x0000000080000000, 0x0000000100000000)
  region size 1024K, 53 young (54272K), 1 survivors (1024K)
 Metaspace       used 116728K, capacity 118939K, committed 119172K, reserved 620544K
  class space    used 14813K, capacity 15766K, committed 15872K, reserved 516096K
}
Event: 18.154 GC heap after
{Heap after GC invocations=44 (full 0):
 garbage-first heap   total 225280K, used 95314K [0x0000000080000000, 0x0000000100000000)
  region size 1024K, 7 young (7168K), 7 survivors (7168K)
 Metaspace       used 116728K, capacity 118939K, committed 119172K, reserved 620544K
  class space    used 14813K, capacity 15766K, committed 15872K, reserved 516096K
}
Event: 18.392 GC heap before
{Heap before GC invocations=45 (full 0):
 garbage-first heap   total 225280K, used 161874K [0x0000000080000000, 0x0000000100000000)
  region size 1024K, 71 young (72704K), 7 survivors (7168K)
 Metaspace       used 116865K, capacity 119067K, committed 119428K, reserved 620544K
  class space    used 14813K, capacity 15766K, committed 15872K, reserved 516096K
}
Event: 18.401 GC heap after
{Heap after GC invocations=46 (full 0):
 garbage-first heap   total 225280K, used 104066K [0x0000000080000000, 0x0000000100000000)
  region size 1024K, 9 young (9216K), 9 survivors (9216K)
 Metaspace       used 116865K, capacity 119067K, committed 119428K, reserved 620544K
  class space    used 14813K, capacity 15766K, committed 15872K, reserved 516096K
}
Event: 18.942 GC heap before
{Heap before GC invocations=46 (full 0):
 garbage-first heap   total 225280K, used 167554K [0x0000000080000000, 0x0000000100000000)
  region size 1024K, 71 young (72704K), 9 survivors (9216K)
 Metaspace       used 118237K, capacity 120425K, committed 120580K, reserved 622592K
  class space    used 14913K, capacity 15873K, committed 16000K, reserved 516096K
}
Event: 18.954 GC heap after
{Heap after GC invocations=47 (full 0):
 garbage-first heap   total 225280K, used 111267K [0x0000000080000000, 0x0000000100000000)
  region size 1024K, 8 young (8192K), 8 survivors (8192K)
 Metaspace       used 118237K, capacity 120425K, committed 120580K, reserved 622592K
  class space    used 14913K, capacity 15873K, committed 16000K, reserved 516096K
}
Event: 19.752 GC heap before
{Heap before GC invocations=47 (full 0):
 garbage-first heap   total 225280K, used 172707K [0x0000000080000000, 0x0000000100000000)
  region size 1024K, 68 young (69632K), 8 survivors (8192K)
 Metaspace       used 122577K, capacity 124822K, committed 124932K, reserved 626688K
  class space    used 15297K, capacity 16246K, committed 16256K, reserved 516096K
}
Event: 19.759 GC heap after
{Heap after GC invocations=48 (full 0):
 garbage-first heap   total 225280K, used 110571K [0x0000000080000000, 0x0000000100000000)
  region size 1024K, 6 young (6144K), 6 survivors (6144K)
 Metaspace       used 122577K, capacity 124822K, committed 124932K, reserved 626688K
  class space    used 15297K, capacity 16246K, committed 16256K, reserved 516096K
}
Event: 20.544 GC heap before
{Heap before GC invocations=49 (full 0):
 garbage-first heap   total 225280K, used 175083K [0x0000000080000000, 0x0000000100000000)
  region size 1024K, 69 young (70656K), 6 survivors (6144K)
 Metaspace       used 126081K, capacity 128737K, committed 129028K, reserved 630784K
  class space    used 15825K, capacity 16918K, committed 17024K, reserved 516096K
}
Event: 20.552 GC heap after
{Heap after GC invocations=50 (full 0):
 garbage-first heap   total 270336K, used 115672K [0x0000000080000000, 0x0000000100000000)
  region size 1024K, 6 young (6144K), 6 survivors (6144K)
 Metaspace       used 126081K, capacity 128737K, committed 129028K, reserved 630784K
  class space    used 15825K, capacity 16918K, committed 17024K, reserved 516096K
}

Deoptimization events (10 events):
Event: 21.517 Thread 0x000001fbe8290000 Uncommon trap: reason=class_check action=maybe_recompile pc=0x000001fbd5fe1648 method=java.lang.String.equals(Ljava/lang/Object;)Z @ 8 c2
Event: 21.517 Thread 0x000001fbe8290000 Uncommon trap: reason=class_check action=maybe_recompile pc=0x000001fbd5fe1648 method=java.lang.String.equals(Ljava/lang/Object;)Z @ 8 c2
Event: 21.517 Thread 0x000001fbe8290000 Uncommon trap: reason=class_check action=maybe_recompile pc=0x000001fbd5fe1648 method=java.lang.String.equals(Ljava/lang/Object;)Z @ 8 c2
Event: 137.616 Thread 0x000001fbe5f63800 Uncommon trap: reason=unstable_if action=reinterpret pc=0x000001fbd619865c method=com.esotericsoftware.kryo.io.Input.readUtf8(I)V @ 48 c2
Event: 137.643 Thread 0x000001fbe5f65000 Uncommon trap: reason=class_check action=maybe_recompile pc=0x000001fbd5cf9548 method=java.util.Collections$UnmodifiableList.get(I)Ljava/lang/Object; @ 5 c2
Event: 137.655 Thread 0x000001fbe5f65000 Uncommon trap: reason=class_check action=maybe_recompile pc=0x000001fbd5cf9548 method=java.util.Collections$UnmodifiableList.get(I)Ljava/lang/Object; @ 5 c2
Event: 137.655 Thread 0x000001fbe5f65000 Uncommon trap: reason=class_check action=maybe_recompile pc=0x000001fbd5cf9548 method=java.util.Collections$UnmodifiableList.get(I)Ljava/lang/Object; @ 5 c2
Event: 137.704 Thread 0x000001fbe5f65000 Uncommon trap: reason=bimorphic_or_optimized_type_check action=maybe_recompile pc=0x000001fbd5e85a7c method=java.util.stream.MatchOps$MatchOp.evaluateSequential(Ljava/util/stream/PipelineHelper;Ljava/util/Spliterator;)Ljava/lang/Boolean; @ 14 c2
Event: 137.705 Thread 0x000001fbe5f65000 Uncommon trap: reason=class_check action=maybe_recompile pc=0x000001fbd5cdfaac method=java.util.stream.StreamSpliterators$WrappingSpliterator.tryAdvance(Ljava/util/function/Consumer;)Z @ 29 c2
Event: 137.747 Thread 0x000001fbe5f65000 Uncommon trap: reason=unstable_if action=reinterpret pc=0x000001fbd623921c method=org.apache.commons.io.FilenameUtils.doNormalize(Ljava/lang/String;CZ)Ljava/lang/String; @ 226 c2

Classes redefined (0 events):
No events

Internal exceptions (10 events):
Event: 21.067 Thread 0x000001fbe5f6c800 Exception <a 'java/lang/NoSuchMethodError'{0x000000008de38fc8}: static Lorg/jetbrains/kotlin/incremental/ClasspathChanges;.<clinit>()V> (0x000000008de38fc8) thrown at [./open/src/hotspot/share/prims/jni.cpp, line 1366]
Event: 21.067 Thread 0x000001fbe5f6c800 Exception <a 'java/lang/NoSuchMethodError'{0x000000008de3a880}: static Lorg/jetbrains/kotlin/incremental/ClasspathChanges;.<clinit>()V> (0x000000008de3a880) thrown at [./open/src/hotspot/share/prims/jni.cpp, line 1366]
Event: 21.375 Thread 0x000001fbeb5b9800 Implicit null exception at 0x000001fbd5cb120b to 0x000001fbd5cb1448
Event: 21.428 Thread 0x000001fbe5f6c800 Exception <a 'java/lang/NoSuchMethodError'{0x000000008d72cf78}: java.lang.invoke.DirectMethodHandle$Holder.newInvokeSpecial(Ljava/lang/Object;Ljava/lang/Object;Ljava/lang/Object;Ljava/lang/Object;)Ljava/lang/Object;> (0x000000008d72cf78) thrown at [./open
Event: 21.579 Thread 0x000001fbe71e2000 Exception <a 'java/lang/NoSuchMethodError'{0x000000008cc2c380}: static Lorg/gradle/tooling/internal/provider/serialization/ClassLoaderDetails;.<clinit>()V> (0x000000008cc2c380) thrown at [./open/src/hotspot/share/prims/jni.cpp, line 1366]
Event: 21.579 Thread 0x000001fbe71e2000 Exception <a 'java/lang/NoSuchMethodError'{0x000000008cc3ec40}: static Lorg/gradle/tooling/internal/provider/serialization/WellKnownClassLoaderRegistry$KnownClassLoaderSpec;.<clinit>()V> (0x000000008cc3ec40) thrown at [./open/src/hotspot/share/prims/jni.c
Event: 21.580 Thread 0x000001fbe71e2000 Exception <a 'java/lang/NoSuchMethodError'{0x000000008cc40368}: static Lorg/gradle/internal/classloader/ClassLoaderSpec;.<clinit>()V> (0x000000008cc40368) thrown at [./open/src/hotspot/share/prims/jni.cpp, line 1366]
Event: 21.580 Thread 0x000001fbe71e2000 Exception <a 'java/lang/NoSuchMethodError'{0x000000008cc52a90}: static Lorg/gradle/internal/classloader/ClassLoaderSpec;.<clinit>()V> (0x000000008cc52a90) thrown at [./open/src/hotspot/share/prims/jni.cpp, line 1366]
Event: 21.581 Thread 0x000001fbe71e2000 Exception <a 'java/lang/NoSuchMethodError'{0x000000008cc5eda0}: static Lorg/gradle/internal/classloader/VisitableURLClassLoader$Spec;.<clinit>()V> (0x000000008cc5eda0) thrown at [./open/src/hotspot/share/prims/jni.cpp, line 1366]
Event: 21.587 Thread 0x000001fbe71e2000 Exception <a 'java/lang/NoSuchMethodError'{0x000000008cc7c318}: static [Ljava/net/URL;.<clinit>()V> (0x000000008cc7c318) thrown at [./open/src/hotspot/share/prims/jni.cpp, line 1366]

Events (10 events):
Event: 137.728 Thread 0x000001fbe5f6c000 Thread added: 0x000001fbe5f6c000
Event: 137.731 Thread 0x000001fbe5f6c800 Thread added: 0x000001fbe5f6c800
Event: 137.733 Thread 0x000001fbe5f6d800 Thread added: 0x000001fbe5f6d800
Event: 137.740 Executing VM operation: RevokeBias
Event: 137.740 Executing VM operation: RevokeBias done
Event: 137.740 Executing VM operation: RevokeBias
Event: 137.740 Executing VM operation: RevokeBias done
Event: 137.747 Thread 0x000001fbe5f65000 Uncommon trap: trap_request=0xffffff4d fr.pc=0x000001fbd623921c relative=0x000000000000067c
Event: 137.747 Thread 0x000001fbe5f65000 DEOPT PACKING pc=0x000001fbd623921c sp=0x0000001f0befa220
Event: 137.747 Thread 0x000001fbe5f65000 DEOPT UNPACKING pc=0x000001fbcdf665af sp=0x0000001f0befa1b8 mode 2


Dynamic libraries:
0x00007ff602750000 - 0x00007ff602760000 	C:\Program Files\Java\jdk-11\bin\java.exe
0x00007ffa84070000 - 0x00007ffa84287000 	C:\WINDOWS\SYSTEM32\ntdll.dll
0x00007ffa81dc0000 - 0x00007ffa81e84000 	C:\WINDOWS\System32\KERNEL32.DLL
0x00007ffa81570000 - 0x00007ffa81915000 	C:\WINDOWS\System32\KERNELBASE.dll
0x00007ffa81c20000 - 0x00007ffa81d31000 	C:\WINDOWS\System32\ucrtbase.dll
0x00007ffa7e500000 - 0x00007ffa7e51b000 	C:\Program Files\Java\jdk-11\bin\VCRUNTIME140.dll
0x00007ffa52ab0000 - 0x00007ffa52ac9000 	C:\Program Files\Java\jdk-11\bin\jli.dll
0x00007ffa83bf0000 - 0x00007ffa83ca1000 	C:\WINDOWS\System32\ADVAPI32.dll
0x00007ffa83e50000 - 0x00007ffa83ef7000 	C:\WINDOWS\System32\msvcrt.dll
0x00007ffa82340000 - 0x00007ffa823e6000 	C:\WINDOWS\System32\sechost.dll
0x00007ffa82c30000 - 0x00007ffa82d47000 	C:\WINDOWS\System32\RPCRT4.dll
0x00007ffa82040000 - 0x00007ffa821ee000 	C:\WINDOWS\System32\USER32.dll
0x00007ffa6a460000 - 0x00007ffa6a6f3000 	C:\WINDOWS\WinSxS\amd64_microsoft.windows.common-controls_6595b64144ccf1df_6.0.22621.2506_none_270c5ae97388e100\COMCTL32.dll
0x00007ffa813e0000 - 0x00007ffa81406000 	C:\WINDOWS\System32\win32u.dll
0x00007ffa82310000 - 0x00007ffa82339000 	C:\WINDOWS\System32\GDI32.dll
0x00007ffa81920000 - 0x00007ffa81a39000 	C:\WINDOWS\System32\gdi32full.dll
0x00007ffa814d0000 - 0x00007ffa8156a000 	C:\WINDOWS\System32\msvcp_win.dll
0x00007ffa7a3e0000 - 0x00007ffa7a3ea000 	C:\WINDOWS\SYSTEM32\VERSION.dll
0x00007ffa83f10000 - 0x00007ffa83f41000 	C:\WINDOWS\System32\IMM32.DLL
0x00007ffa7e570000 - 0x00007ffa7e57c000 	C:\Program Files\Java\jdk-11\bin\vcruntime140_1.dll
0x00007ffa23530000 - 0x00007ffa235be000 	C:\Program Files\Java\jdk-11\bin\msvcp140.dll
0x00007ff9fcc50000 - 0x00007ff9fd7bd000 	C:\Program Files\Java\jdk-11\bin\server\jvm.dll
0x00007ffa83f00000 - 0x00007ffa83f08000 	C:\WINDOWS\System32\PSAPI.DLL
0x00007ffa7e580000 - 0x00007ffa7e589000 	C:\WINDOWS\SYSTEM32\WSOCK32.dll
0x00007ffa839b0000 - 0x00007ffa83a21000 	C:\WINDOWS\System32\WS2_32.dll
0x00007ffa6ce70000 - 0x00007ffa6cea4000 	C:\WINDOWS\SYSTEM32\WINMM.dll
0x00007ffa80430000 - 0x00007ffa80448000 	C:\WINDOWS\SYSTEM32\kernel.appcore.dll
0x00007ffa7e560000 - 0x00007ffa7e570000 	C:\Program Files\Java\jdk-11\bin\verify.dll
0x00007ffa77bc0000 - 0x00007ffa77df3000 	C:\WINDOWS\SYSTEM32\DBGHELP.DLL
0x00007ffa82870000 - 0x00007ffa82bf9000 	C:\WINDOWS\System32\combase.dll
0x00007ffa83f50000 - 0x00007ffa84027000 	C:\WINDOWS\System32\OLEAUT32.dll
0x00007ffa69580000 - 0x00007ffa695b2000 	C:\WINDOWS\SYSTEM32\dbgcore.DLL
0x00007ffa81d40000 - 0x00007ffa81dba000 	C:\WINDOWS\System32\bcryptPrimitives.dll
0x00007ffa52b40000 - 0x00007ffa52b68000 	C:\Program Files\Java\jdk-11\bin\java.dll
0x00007ffa67fc0000 - 0x00007ffa67fca000 	C:\Program Files\Java\jdk-11\bin\jimage.dll
0x00007ffa52ae0000 - 0x00007ffa52af7000 	C:\Program Files\Java\jdk-11\bin\zip.dll
0x00007ffa83100000 - 0x00007ffa83959000 	C:\WINDOWS\System32\SHELL32.dll
0x00007ffa7f2c0000 - 0x00007ffa7fbb4000 	C:\WINDOWS\SYSTEM32\windows.storage.dll
0x00007ffa7f180000 - 0x00007ffa7f2be000 	C:\WINDOWS\SYSTEM32\wintypes.dll
0x00007ffa82e00000 - 0x00007ffa82ef3000 	C:\WINDOWS\System32\SHCORE.dll
0x00007ffa81e90000 - 0x00007ffa81eee000 	C:\WINDOWS\System32\shlwapi.dll
0x00007ffa81310000 - 0x00007ffa81336000 	C:\WINDOWS\SYSTEM32\profapi.dll
0x00007ffa4fcc0000 - 0x00007ffa4fcd9000 	C:\Program Files\Java\jdk-11\bin\net.dll
0x00007ffa7abd0000 - 0x00007ffa7ad07000 	C:\WINDOWS\SYSTEM32\WINHTTP.dll
0x00007ffa80910000 - 0x00007ffa80979000 	C:\WINDOWS\system32\mswsock.dll
0x00007ffa4fca0000 - 0x00007ffa4fcb2000 	C:\Program Files\Java\jdk-11\bin\nio.dll
0x00007ffa52b00000 - 0x00007ffa52b27000 	C:\Users\ntdie\.gradle\native\68d5fa5c4cc2d200863cafc0d521ce42e7d3e7ee720ec0a83991735586a16f82\windows-amd64\native-platform.dll
0x00007ffa4d290000 - 0x00007ffa4d3d4000 	C:\Users\ntdie\.gradle\native\e376f236ea51e6404a007f0833ffe2c6e607c4080706a723a18a27aeea778392\windows-amd64\native-platform-file-events.dll
0x00007ffa54550000 - 0x00007ffa54559000 	C:\Program Files\Java\jdk-11\bin\management.dll
0x00007ffa544d0000 - 0x00007ffa544db000 	C:\Program Files\Java\jdk-11\bin\management_ext.dll
0x00007ffa80b30000 - 0x00007ffa80b4b000 	C:\WINDOWS\SYSTEM32\CRYPTSP.dll
0x00007ffa803f0000 - 0x00007ffa80425000 	C:\WINDOWS\system32\rsaenh.dll
0x00007ffa809d0000 - 0x00007ffa809fc000 	C:\WINDOWS\SYSTEM32\USERENV.dll
0x00007ffa80d70000 - 0x00007ffa80d98000 	C:\WINDOWS\SYSTEM32\bcrypt.dll
0x00007ffa80b50000 - 0x00007ffa80b5c000 	C:\WINDOWS\SYSTEM32\CRYPTBASE.dll
0x00007ffa7fe90000 - 0x00007ffa7febd000 	C:\WINDOWS\SYSTEM32\IPHLPAPI.DLL
0x00007ffa82c00000 - 0x00007ffa82c09000 	C:\WINDOWS\System32\NSI.dll
0x00007ffa7aec0000 - 0x00007ffa7aed9000 	C:\WINDOWS\SYSTEM32\dhcpcsvc6.DLL
0x00007ffa7ab80000 - 0x00007ffa7ab9f000 	C:\WINDOWS\SYSTEM32\dhcpcsvc.DLL
0x00007ffa7ff00000 - 0x00007ffa7fff9000 	C:\WINDOWS\SYSTEM32\DNSAPI.dll
0x00007ffa6b9f0000 - 0x00007ffa6ba0e000 	C:\Users\ntdie\AppData\Local\Temp\native-platform1029515762864068843dir\native-platform.dll

dbghelp: loaded successfully - version: 4.0.5 - missing functions: none
symbol engine: initialized successfully - sym options: 0x614 - pdb path: .;C:\Program Files\Java\jdk-11\bin;C:\WINDOWS\SYSTEM32;C:\WINDOWS\WinSxS\amd64_microsoft.windows.common-controls_6595b64144ccf1df_6.0.22621.2506_none_270c5ae97388e100;C:\Program Files\Java\jdk-11\bin\server;C:\Users\ntdie\.gradle\native\68d5fa5c4cc2d200863cafc0d521ce42e7d3e7ee720ec0a83991735586a16f82\windows-amd64;C:\Users\ntdie\.gradle\native\e376f236ea51e6404a007f0833ffe2c6e607c4080706a723a18a27aeea778392\windows-amd64;C:\Users\ntdie\AppData\Local\Temp\native-platform1029515762864068843dir

VM Arguments:
jvm_args: -XX:MaxMetaspaceSize=512m --add-opens=java.base/java.util=ALL-UNNAMED --add-opens=java.base/java.lang=ALL-UNNAMED --add-opens=java.base/java.lang.invoke=ALL-UNNAMED --add-opens=java.prefs/java.util.prefs=ALL-UNNAMED --add-opens=java.base/java.nio.charset=ALL-UNNAMED --add-opens=java.base/java.net=ALL-UNNAMED --add-opens=java.base/java.util.concurrent.atomic=ALL-UNNAMED -Xmx2048m -Dfile.encoding=windows-1252 -Duser.country=US -Duser.language=en -Duser.variant 
java_command: org.gradle.launcher.daemon.bootstrap.GradleDaemon 8.0.1
java_class_path (initial): C:\Users\ntdie\.gradle\wrapper\dists\gradle-8.0.1-all\aro4hu1c3oeioove7l0i4i14o\gradle-8.0.1\lib\gradle-launcher-8.0.1.jar
Launcher Type: SUN_STANDARD

[Global flags]
     intx CICompilerCount                          = 4                                         {product} {ergonomic}
   size_t CompressedClassSpaceSize                 = 528482304                                 {product} {ergonomic}
     uint ConcGCThreads                            = 3                                         {product} {ergonomic}
     uint G1ConcRefinementThreads                  = 10                                        {product} {ergonomic}
   size_t G1HeapRegionSize                         = 1048576                                   {product} {ergonomic}
    uintx GCDrainStackTargetSize                   = 64                                        {product} {ergonomic}
   size_t InitialHeapSize                          = 132120576                                 {product} {ergonomic}
   size_t MarkStackSize                            = 4194304                                   {product} {ergonomic}
   size_t MaxHeapSize                              = 2147483648                                {product} {command line}
   size_t MaxMetaspaceSize                         = 536870912                                 {product} {command line}
   size_t MaxNewSize                               = 1287651328                                {product} {ergonomic}
   size_t MinHeapDeltaBytes                        = 1048576                                   {product} {ergonomic}
    uintx NonNMethodCodeHeapSize                   = 5836300                                {pd product} {ergonomic}
    uintx NonProfiledCodeHeapSize                  = 122910970                              {pd product} {ergonomic}
    uintx ProfiledCodeHeapSize                     = 122910970                              {pd product} {ergonomic}
    uintx ReservedCodeCacheSize                    = 251658240                              {pd product} {ergonomic}
     bool SegmentedCodeCache                       = true                                      {product} {ergonomic}
     bool UseCompressedClassPointers               = true                                 {lp64_product} {ergonomic}
     bool UseCompressedOops                        = true                                 {lp64_product} {ergonomic}
     bool UseG1GC                                  = true                                      {product} {ergonomic}
     bool UseLargePagesIndividualAllocation        = false                                  {pd product} {ergonomic}

Logging:
Log output configuration:
 #0: stdout all=warning uptime,level,tags
 #1: stderr all=off uptime,level,tags

Environment Variables:
JAVA_HOME=C:\Program Files\Java\jdk-11
CLASSPATH=C:\Users\ntdie\Desktop\Test2\AppStream\android\\gradle\wrapper\gradle-wrapper.jar
PATH=C:\Users\ntdie\Desktop\Test2\AppStream\node_modules\.bin;C:\Users\ntdie\Desktop\Test2\AppStream\node_modules\.bin;C:\Users\ntdie\Desktop\Test2\node_modules\.bin;C:\Users\ntdie\Desktop\node_modules\.bin;C:\Users\ntdie\node_modules\.bin;C:\Users\node_modules\.bin;C:\node_modules\.bin;C:\Program Files\nodejs\node_modules\npm\node_modules\@npmcli\run-script\lib\node-gyp-bin;C:\ProgramData\Oracle\Java\javapath;C:\Program Files\Common Files\Oracle\Java\javapath;C:\Program Files (x86)\Common Files\Oracle\Java\javapath;C:\WINDOWS\system32;C:\WINDOWS;C:\WINDOWS\System32\Wbem;C:\WINDOWS\System32\WindowsPowerShell\v1.0\;C:\WINDOWS\System32\OpenSSH\;C:\Program Files\Microsoft SQL Server\Client SDK\ODBC\170\Tools\Binn\;C:\Program Files\dotnet\;C:\Program Files\Azure Data Studio\bin;C:\Program Files (x86)\Microsoft SQL Server\160\Tools\Binn\;C:\Program Files\Microsoft SQL Server\160\Tools\Binn\;C:\Program Files\Microsoft SQL Server\160\DTS\Binn\;C:\Program Files (x86)\Microsoft SQL Server\160\DTS\Binn\;C:\Program Files\nodejs\;C:\Program Files\Git\cmd;C:\Users\ntdie\AppData\Local\Android\Sdk\tools;C:\Program Files\MySQL\MySQL Shell 8.0\bin\;C:\Users\ntdie\AppData\Local\Microsoft\WindowsApps;C:\Users\ntdie\AppData\Local\Programs\Microsoft VS Code\bin;C:\Users\ntdie\.dotnet\tools;C:\Program Files\Azure Data Studio\bin;C:\Users\ntdie\AppData\Roaming\npm;C:\Program Files\Java\jdk-17;C:\opencv\build\java\x64;C:\Users\ntdie\AppData\Local\Android\Sdk\platform-tools;C:\Program Files\Java\jdk-20\bin;C:\Program Files\Java\jdk-17\bin;C:\Program Files\Java\jdk-11\bin;
USERNAME=ntdie
OS=Windows_NT
PROCESSOR_IDENTIFIER=Intel64 Family 6 Model 165 Stepping 2, GenuineIntel



---------------  S Y S T E M  ---------------

OS: Windows 11 , 64 bit Build 22621 (10.0.22621.2506)
Hyper-V role detected

CPU:total 12 (initial active 12) (6 cores per cpu, 2 threads per core) family 6 model 165 stepping 2 microcode 0xe0, cmov, cx8, fxsr, mmx, sse, sse2, sse3, ssse3, sse4.1, sse4.2, popcnt, avx, avx2, aes, clmul, erms, 3dnowpref, lzcnt, ht, tsc, tscinvbit, bmi1, bmi2, adx, fma

Memory: 4k page, system-wide physical 8013M (427M free)
TotalPageFile size 16109M (AvailPageFile size 1M)
current process WorkingSet (physical memory assigned to process): 278M, peak: 599M
current process commit charge ("private bytes"): 606M, peak: 651M

vm_info: Java HotSpot(TM) 64-Bit Server VM (11.0.20+9-LTS-256) for windows-amd64 JRE (11.0.20+9-LTS-256), built on Jun 14 2023 10:34:22 by "mach5one" with MS VC++ 17.1 (VS2022)

END.
