#
# There is insufficient memory for the Java Runtime Environment to continue.
# Native memory allocation (malloc) failed to allocate 2191856 bytes for Chunk::new
# Possible reasons:
#   The system is out of physical RAM or swap space
#   The process is running with CompressedOops enabled, and the Java Heap may be blocking the growth of the native heap
# Possible solutions:
#   Reduce memory load on the system
#   Increase physical memory or swap space
#   Check if swap backing store is full
#   Decrease Java heap size (-Xmx/-Xms)
#   Decrease number of Java threads
#   Decrease Java thread stack sizes (-Xss)
#   Set larger code cache with -XX:ReservedCodeCacheSize=
#   JVM is running with Unscaled Compressed Oops mode in which the Java heap is
#     placed in the first 4GB address space. The Java Heap base address is the
#     maximum limit for the native heap growth. Please use -XX:HeapBaseMinAddress
#     to set the Java Heap base and to place the Java Heap above 4GB virtual address.
# This output file may be truncated or incomplete.
#
#  Out of Memory Error (arena.cpp:189), pid=16872, tid=15640
#
# JRE version: OpenJDK Runtime Environment (17.0.6) (build 17.0.6+0-b2043.56-10027231)
# Java VM: OpenJDK 64-Bit Server VM (17.0.6+0-b2043.56-10027231, mixed mode, tiered, compressed oops, compressed class ptrs, g1 gc, windows-amd64)
# No core dump will be written. Minidumps are not enabled by default on client versions of Windows
#

---------------  S U M M A R Y ------------

Command Line: org.jetbrains.kotlin.cli.jvm.K2JVMCompiler @C:\Users\ntdie\Desktop\Test2\AppStream\node_modules\react-native-screens\android\build\20231204_13591140415226416144.compiler.options

Host: Intel(R) Core(TM) i7-10750H CPU @ 2.60GHz, 12 cores, 7G,  Windows 11 , 64 bit Build 22621 (10.0.22621.2506)
Time: Mon Dec  4 12:04:02 2023 SE Asia Standard Time elapsed time: 13.104283 seconds (0d 0h 0m 13s)

---------------  T H R E A D  ---------------

Current thread (0x000002d41384c110):  JavaThread "C2 CompilerThread0" daemon [_thread_in_native, id=15640, stack(0x000000eea2300000,0x000000eea2400000)]


Current CompileTask:
C2:  13104 9854       4       org.jetbrains.kotlin.resolve.lazy.descriptors.LazyClassMemberScope::getNonDeclaredFunctions (235 bytes)

Stack: [0x000000eea2300000,0x000000eea2400000]
Native frames: (J=compiled Java code, j=interpreted, Vv=VM code, C=native code)
V  [jvm.dll+0x683c9a]
V  [jvm.dll+0x8427a4]
V  [jvm.dll+0x843f9e]
V  [jvm.dll+0x844603]
V  [jvm.dll+0x249b75]
V  [jvm.dll+0xabcac]
V  [jvm.dll+0xac27c]
V  [jvm.dll+0x368802]
V  [jvm.dll+0x332f31]
V  [jvm.dll+0x3323da]
V  [jvm.dll+0x21c201]
V  [jvm.dll+0x21b621]
V  [jvm.dll+0x1a4fdd]
V  [jvm.dll+0x22b098]
V  [jvm.dll+0x229159]
V  [jvm.dll+0x7f81ec]
V  [jvm.dll+0x7f274a]
V  [jvm.dll+0x682ad5]
C  [ucrtbase.dll+0x29363]
C  [KERNEL32.DLL+0x1257d]
C  [ntdll.dll+0x5aa58]


---------------  P R O C E S S  ---------------

Threads class SMR info:
_java_thread_list=0x000002d4183c27e0, length=14, elements={
0x000002d478b69b10, 0x000002d47fd388d0, 0x000002d47fd39740, 0x000002d47fd41410,
0x000002d413848010, 0x000002d41384a9d0, 0x000002d41384b380, 0x000002d41384c110,
0x000002d41384cbb0, 0x000002d41386c920, 0x000002d4139a6020, 0x000002d4139bad10,
0x000002d417e88f10, 0x000002d417fd3ed0
}

Java Threads: ( => current thread )
  0x000002d478b69b10 JavaThread "main" [_thread_in_Java, id=8404, stack(0x000000eea1600000,0x000000eea1700000)]
  0x000002d47fd388d0 JavaThread "Reference Handler" daemon [_thread_blocked, id=14472, stack(0x000000eea1d00000,0x000000eea1e00000)]
  0x000002d47fd39740 JavaThread "Finalizer" daemon [_thread_blocked, id=10036, stack(0x000000eea1e00000,0x000000eea1f00000)]
  0x000002d47fd41410 JavaThread "Signal Dispatcher" daemon [_thread_blocked, id=20148, stack(0x000000eea1f00000,0x000000eea2000000)]
  0x000002d413848010 JavaThread "Attach Listener" daemon [_thread_blocked, id=3648, stack(0x000000eea2000000,0x000000eea2100000)]
  0x000002d41384a9d0 JavaThread "Service Thread" daemon [_thread_blocked, id=18728, stack(0x000000eea2100000,0x000000eea2200000)]
  0x000002d41384b380 JavaThread "Monitor Deflation Thread" daemon [_thread_blocked, id=1956, stack(0x000000eea2200000,0x000000eea2300000)]
=>0x000002d41384c110 JavaThread "C2 CompilerThread0" daemon [_thread_in_native, id=15640, stack(0x000000eea2300000,0x000000eea2400000)]
  0x000002d41384cbb0 JavaThread "C1 CompilerThread0" daemon [_thread_in_native, id=16752, stack(0x000000eea2400000,0x000000eea2500000)]
  0x000002d41386c920 JavaThread "Sweeper thread" daemon [_thread_blocked, id=4076, stack(0x000000eea2500000,0x000000eea2600000)]
  0x000002d4139a6020 JavaThread "Notification Thread" daemon [_thread_blocked, id=16644, stack(0x000000eea2600000,0x000000eea2700000)]
  0x000002d4139bad10 JavaThread "Common-Cleaner" daemon [_thread_blocked, id=2732, stack(0x000000eea2800000,0x000000eea2900000)]
  0x000002d417e88f10 JavaThread "C2 CompilerThread1" daemon [_thread_in_native, id=9876, stack(0x000000eea3400000,0x000000eea3500000)]
  0x000002d417fd3ed0 JavaThread "C2 CompilerThread2" daemon [_thread_in_native, id=3156, stack(0x000000eea3500000,0x000000eea3600000)]

Other Threads:
  0x000002d47fd347b0 VMThread "VM Thread" [stack: 0x000000eea1c00000,0x000000eea1d00000] [id=3152]
  0x000002d4139a8500 WatcherThread [stack: 0x000000eea2700000,0x000000eea2800000] [id=4092]
  0x000002d478bc5c00 GCTaskThread "GC Thread#0" [stack: 0x000000eea1700000,0x000000eea1800000] [id=12028]
  0x000002d4140b5020 GCTaskThread "GC Thread#1" [stack: 0x000000eea2a00000,0x000000eea2b00000] [id=7220]
  0x000002d4140995a0 GCTaskThread "GC Thread#2" [stack: 0x000000eea2b00000,0x000000eea2c00000] [id=3864]
  0x000002d4140d6b60 GCTaskThread "GC Thread#3" [stack: 0x000000eea2c00000,0x000000eea2d00000] [id=19544]
  0x000002d4140d8e20 GCTaskThread "GC Thread#4" [stack: 0x000000eea2d00000,0x000000eea2e00000] [id=13788]
  0x000002d4150547b0 GCTaskThread "GC Thread#5" [stack: 0x000000eea2900000,0x000000eea2a00000] [id=18640]
  0x000002d4150534e0 GCTaskThread "GC Thread#6" [stack: 0x000000eea2e00000,0x000000eea2f00000] [id=8372]
  0x000002d415053fa0 GCTaskThread "GC Thread#7" [stack: 0x000000eea2f00000,0x000000eea3000000] [id=15912]
  0x000002d415054d10 GCTaskThread "GC Thread#8" [stack: 0x000000eea3000000,0x000000eea3100000] [id=19404]
  0x000002d415053790 GCTaskThread "GC Thread#9" [stack: 0x000000eea3100000,0x000000eea3200000] [id=19504]
  0x000002d478bd65c0 ConcurrentGCThread "G1 Main Marker" [stack: 0x000000eea1800000,0x000000eea1900000] [id=14684]
  0x000002d478bd6fd0 ConcurrentGCThread "G1 Conc#0" [stack: 0x000000eea1900000,0x000000eea1a00000] [id=17428]
  0x000002d415054a60 ConcurrentGCThread "G1 Conc#1" [stack: 0x000000eea3200000,0x000000eea3300000] [id=15692]
  0x000002d415054500 ConcurrentGCThread "G1 Conc#2" [stack: 0x000000eea3300000,0x000000eea3400000] [id=18560]
  0x000002d47fb924d0 ConcurrentGCThread "G1 Refine#0" [stack: 0x000000eea1a00000,0x000000eea1b00000] [id=17300]
  0x000002d47fb92ef0 ConcurrentGCThread "G1 Service" [stack: 0x000000eea1b00000,0x000000eea1c00000] [id=8700]

Threads with active compile tasks:
C2 CompilerThread0    13123 9854       4       org.jetbrains.kotlin.resolve.lazy.descriptors.LazyClassMemberScope::getNonDeclaredFunctions (235 bytes)
C2 CompilerThread1    13123 9927       4       org.jetbrains.kotlin.types.TypeSubstitutor::unsafeSubstitute (793 bytes)
C2 CompilerThread2    13123 9930       4       org.jetbrains.kotlin.types.TypeSubstitutor::substituteCompoundType (146 bytes)

VM state: not at safepoint (normal execution)

VM Mutex/Monitor currently owned by a thread: None

Heap address: 0x0000000082c00000, size: 2004 MB, Compressed Oops mode: 32-bit

CDS archive(s) not mapped
Compressed class space mapped at: 0x0000000100000000-0x0000000140000000, reserved size: 1073741824
Narrow klass base: 0x0000000000000000, Narrow klass shift: 3, Narrow klass range: 0x140000000

GC Precious Log:
 CPUs: 12 total, 12 available
 Memory: 8013M
 Large Page Support: Disabled
 NUMA Support: Disabled
 Compressed Oops: Enabled (32-bit)
 Heap Region Size: 1M
 Heap Min Capacity: 8M
 Heap Initial Capacity: 126M
 Heap Max Capacity: 2004M
 Pre-touch: Disabled
 Parallel Workers: 10
 Concurrent Workers: 3
 Concurrent Refinement Workers: 10
 Periodic GC: Disabled

Heap:
 garbage-first heap   total 290816K, used 119211K [0x0000000082c00000, 0x0000000100000000)
  region size 1024K, 48 young (49152K), 1 survivors (1024K)
 Metaspace       used 67295K, committed 67584K, reserved 1114112K
  class space    used 7796K, committed 7936K, reserved 1048576K

Heap Regions: E=young(eden), S=young(survivor), O=old, HS=humongous(starts), HC=humongous(continues), CS=collection set, F=free, OA=open archive, CA=closed archive, TAMS=top-at-mark-start (previous, next)
|   0|0x0000000082c00000, 0x0000000082d00000, 0x0000000082d00000|100%|HS|  |TAMS 0x0000000082d00000, 0x0000000082c00000| Complete 
|   1|0x0000000082d00000, 0x0000000082e00000, 0x0000000082e00000|100%|HC|  |TAMS 0x0000000082e00000, 0x0000000082d00000| Complete 
|   2|0x0000000082e00000, 0x0000000082f00000, 0x0000000082f00000|100%|HC|  |TAMS 0x0000000082f00000, 0x0000000082e00000| Complete 
|   3|0x0000000082f00000, 0x0000000083000000, 0x0000000083000000|100%|HC|  |TAMS 0x0000000083000000, 0x0000000082f00000| Complete 
|   4|0x0000000083000000, 0x0000000083100000, 0x0000000083100000|100%| O|  |TAMS 0x0000000083100000, 0x0000000083000000| Untracked 
|   5|0x0000000083100000, 0x0000000083200000, 0x0000000083200000|100%| O|  |TAMS 0x0000000083200000, 0x0000000083100000| Untracked 
|   6|0x0000000083200000, 0x0000000083300000, 0x0000000083300000|100%| O|  |TAMS 0x0000000083300000, 0x0000000083200000| Untracked 
|   7|0x0000000083300000, 0x0000000083400000, 0x0000000083400000|100%|HS|  |TAMS 0x0000000083400000, 0x0000000083300000| Complete 
|   8|0x0000000083400000, 0x0000000083500000, 0x0000000083500000|100%|HC|  |TAMS 0x0000000083500000, 0x0000000083400000| Complete 
|   9|0x0000000083500000, 0x0000000083600000, 0x0000000083600000|100%|HC|  |TAMS 0x0000000083600000, 0x0000000083500000| Complete 
|  10|0x0000000083600000, 0x0000000083700000, 0x0000000083700000|100%|HC|  |TAMS 0x0000000083700000, 0x0000000083600000| Complete 
|  11|0x0000000083700000, 0x0000000083800000, 0x0000000083800000|100%| O|  |TAMS 0x0000000083800000, 0x0000000083700000| Untracked 
|  12|0x0000000083800000, 0x0000000083900000, 0x0000000083900000|100%| O|  |TAMS 0x0000000083900000, 0x0000000083800000| Untracked 
|  13|0x0000000083900000, 0x0000000083a00000, 0x0000000083a00000|100%| O|  |TAMS 0x0000000083a00000, 0x0000000083900000| Untracked 
|  14|0x0000000083a00000, 0x0000000083b00000, 0x0000000083b00000|100%| O|  |TAMS 0x0000000083b00000, 0x0000000083a00000| Untracked 
|  15|0x0000000083b00000, 0x0000000083c00000, 0x0000000083c00000|100%| O|  |TAMS 0x0000000083c00000, 0x0000000083b00000| Untracked 
|  16|0x0000000083c00000, 0x0000000083d00000, 0x0000000083d00000|100%| O|  |TAMS 0x0000000083d00000, 0x0000000083c00000| Untracked 
|  17|0x0000000083d00000, 0x0000000083e00000, 0x0000000083e00000|100%| O|  |TAMS 0x0000000083e00000, 0x0000000083d00000| Untracked 
|  18|0x0000000083e00000, 0x0000000083f00000, 0x0000000083f00000|100%| O|  |TAMS 0x0000000083f00000, 0x0000000083e00000| Untracked 
|  19|0x0000000083f00000, 0x0000000084000000, 0x0000000084000000|100%| O|  |TAMS 0x0000000084000000, 0x0000000083f00000| Untracked 
|  20|0x0000000084000000, 0x0000000084100000, 0x0000000084100000|100%| O|  |TAMS 0x0000000084100000, 0x0000000084000000| Untracked 
|  21|0x0000000084100000, 0x0000000084200000, 0x0000000084200000|100%| O|  |TAMS 0x0000000084200000, 0x0000000084100000| Untracked 
|  22|0x0000000084200000, 0x0000000084300000, 0x0000000084300000|100%| O|  |TAMS 0x0000000084300000, 0x0000000084200000| Untracked 
|  23|0x0000000084300000, 0x0000000084400000, 0x0000000084400000|100%| O|  |TAMS 0x0000000084400000, 0x0000000084300000| Untracked 
|  24|0x0000000084400000, 0x0000000084500000, 0x0000000084500000|100%|HS|  |TAMS 0x0000000084500000, 0x0000000084400000| Complete 
|  25|0x0000000084500000, 0x0000000084600000, 0x0000000084600000|100%|HC|  |TAMS 0x0000000084600000, 0x0000000084500000| Complete 
|  26|0x0000000084600000, 0x0000000084700000, 0x0000000084700000|100%| O|  |TAMS 0x0000000084700000, 0x0000000084600000| Untracked 
|  27|0x0000000084700000, 0x0000000084800000, 0x0000000084800000|100%| O|  |TAMS 0x0000000084800000, 0x0000000084700000| Untracked 
|  28|0x0000000084800000, 0x0000000084900000, 0x0000000084900000|100%| O|  |TAMS 0x0000000084900000, 0x0000000084800000| Untracked 
|  29|0x0000000084900000, 0x0000000084a00000, 0x0000000084a00000|100%| O|  |TAMS 0x0000000084a00000, 0x0000000084900000| Untracked 
|  30|0x0000000084a00000, 0x0000000084b00000, 0x0000000084b00000|100%| O|  |TAMS 0x0000000084b00000, 0x0000000084a00000| Untracked 
|  31|0x0000000084b00000, 0x0000000084c00000, 0x0000000084c00000|100%| O|  |TAMS 0x0000000084c00000, 0x0000000084b00000| Untracked 
|  32|0x0000000084c00000, 0x0000000084d00000, 0x0000000084d00000|100%| O|  |TAMS 0x0000000084d00000, 0x0000000084c00000| Untracked 
|  33|0x0000000084d00000, 0x0000000084e00000, 0x0000000084e00000|100%| O|  |TAMS 0x0000000084e00000, 0x0000000084d00000| Untracked 
|  34|0x0000000084e00000, 0x0000000084f00000, 0x0000000084f00000|100%| O|  |TAMS 0x0000000084f00000, 0x0000000084e00000| Untracked 
|  35|0x0000000084f00000, 0x0000000085000000, 0x0000000085000000|100%| O|  |TAMS 0x0000000085000000, 0x0000000084f00000| Untracked 
|  36|0x0000000085000000, 0x0000000085100000, 0x0000000085100000|100%| O|  |TAMS 0x0000000085100000, 0x0000000085000000| Untracked 
|  37|0x0000000085100000, 0x0000000085200000, 0x0000000085200000|100%| O|  |TAMS 0x0000000085200000, 0x0000000085100000| Untracked 
|  38|0x0000000085200000, 0x0000000085300000, 0x0000000085300000|100%| O|  |TAMS 0x0000000085300000, 0x0000000085200000| Untracked 
|  39|0x0000000085300000, 0x0000000085400000, 0x0000000085400000|100%| O|  |TAMS 0x0000000085400000, 0x0000000085300000| Untracked 
|  40|0x0000000085400000, 0x0000000085500000, 0x0000000085500000|100%| O|  |TAMS 0x0000000085500000, 0x0000000085400000| Untracked 
|  41|0x0000000085500000, 0x0000000085600000, 0x0000000085600000|100%| O|  |TAMS 0x0000000085600000, 0x0000000085500000| Untracked 
|  42|0x0000000085600000, 0x0000000085700000, 0x0000000085700000|100%| O|  |TAMS 0x0000000085700000, 0x0000000085600000| Untracked 
|  43|0x0000000085700000, 0x0000000085800000, 0x0000000085800000|100%| O|  |TAMS 0x0000000085800000, 0x0000000085700000| Untracked 
|  44|0x0000000085800000, 0x0000000085900000, 0x0000000085900000|100%| O|  |TAMS 0x0000000085900000, 0x0000000085800000| Untracked 
|  45|0x0000000085900000, 0x0000000085a00000, 0x0000000085a00000|100%| O|  |TAMS 0x0000000085a00000, 0x0000000085900000| Untracked 
|  46|0x0000000085a00000, 0x0000000085b00000, 0x0000000085b00000|100%| O|  |TAMS 0x0000000085b00000, 0x0000000085a00000| Untracked 
|  47|0x0000000085b00000, 0x0000000085c00000, 0x0000000085c00000|100%| O|  |TAMS 0x0000000085c00000, 0x0000000085b00000| Untracked 
|  48|0x0000000085c00000, 0x0000000085d00000, 0x0000000085d00000|100%|HS|  |TAMS 0x0000000085c00000, 0x0000000085c00000| Complete 
|  49|0x0000000085d00000, 0x0000000085e00000, 0x0000000085e00000|100%| O|  |TAMS 0x0000000085e00000, 0x0000000085d00000| Untracked 
|  50|0x0000000085e00000, 0x0000000085f00000, 0x0000000085f00000|100%| O|  |TAMS 0x0000000085f00000, 0x0000000085e00000| Untracked 
|  51|0x0000000085f00000, 0x0000000086000000, 0x0000000086000000|100%| O|  |TAMS 0x0000000086000000, 0x0000000085f00000| Untracked 
|  52|0x0000000086000000, 0x0000000086100000, 0x0000000086100000|100%| O|  |TAMS 0x0000000086100000, 0x0000000086000000| Untracked 
|  53|0x0000000086100000, 0x0000000086200000, 0x0000000086200000|100%| O|  |TAMS 0x0000000086200000, 0x0000000086100000| Untracked 
|  54|0x0000000086200000, 0x0000000086300000, 0x0000000086300000|100%| O|  |TAMS 0x0000000086300000, 0x0000000086200000| Untracked 
|  55|0x0000000086300000, 0x0000000086400000, 0x0000000086400000|100%| O|  |TAMS 0x0000000086400000, 0x0000000086300000| Untracked 
|  56|0x0000000086400000, 0x0000000086500000, 0x0000000086500000|100%| O|  |TAMS 0x0000000086500000, 0x0000000086400000| Untracked 
|  57|0x0000000086500000, 0x0000000086600000, 0x0000000086600000|100%| O|  |TAMS 0x0000000086600000, 0x0000000086500000| Untracked 
|  58|0x0000000086600000, 0x0000000086700000, 0x0000000086700000|100%| O|  |TAMS 0x00000000866a7000, 0x0000000086600000| Untracked 
|  59|0x0000000086700000, 0x0000000086800000, 0x0000000086800000|100%| O|  |TAMS 0x0000000086700000, 0x0000000086700000| Untracked 
|  60|0x0000000086800000, 0x0000000086900000, 0x0000000086900000|100%| O|  |TAMS 0x0000000086800000, 0x0000000086800000| Untracked 
|  61|0x0000000086900000, 0x0000000086a00000, 0x0000000086a00000|100%| O|  |TAMS 0x0000000086900000, 0x0000000086900000| Untracked 
|  62|0x0000000086a00000, 0x0000000086b00000, 0x0000000086b00000|100%| O|  |TAMS 0x0000000086a00000, 0x0000000086a00000| Untracked 
|  63|0x0000000086b00000, 0x0000000086c00000, 0x0000000086c00000|100%| O|  |TAMS 0x0000000086b00000, 0x0000000086b00000| Untracked 
|  64|0x0000000086c00000, 0x0000000086d00000, 0x0000000086d00000|100%| O|  |TAMS 0x0000000086c00000, 0x0000000086c00000| Untracked 
|  65|0x0000000086d00000, 0x0000000086e00000, 0x0000000086e00000|100%| O|  |TAMS 0x0000000086d00000, 0x0000000086d00000| Untracked 
|  66|0x0000000086e00000, 0x0000000086f00000, 0x0000000086f00000|100%| O|  |TAMS 0x0000000086e00000, 0x0000000086e00000| Untracked 
|  67|0x0000000086f00000, 0x0000000087000000, 0x0000000087000000|100%| O|  |TAMS 0x0000000086f00000, 0x0000000086f00000| Untracked 
|  68|0x0000000087000000, 0x0000000087100000, 0x0000000087100000|100%| O|  |TAMS 0x0000000087000000, 0x0000000087000000| Untracked 
|  69|0x0000000087100000, 0x0000000087100000, 0x0000000087200000|  0%| F|  |TAMS 0x0000000087100000, 0x0000000087100000| Untracked 
|  70|0x0000000087200000, 0x0000000087200000, 0x0000000087300000|  0%| F|  |TAMS 0x0000000087200000, 0x0000000087200000| Untracked 
|  71|0x0000000087300000, 0x0000000087300000, 0x0000000087400000|  0%| F|  |TAMS 0x0000000087300000, 0x0000000087300000| Untracked 
|  72|0x0000000087400000, 0x0000000087400000, 0x0000000087500000|  0%| F|  |TAMS 0x0000000087400000, 0x0000000087400000| Untracked 
|  73|0x0000000087500000, 0x0000000087500000, 0x0000000087600000|  0%| F|  |TAMS 0x0000000087500000, 0x0000000087500000| Untracked 
|  74|0x0000000087600000, 0x0000000087600000, 0x0000000087700000|  0%| F|  |TAMS 0x0000000087600000, 0x0000000087600000| Untracked 
|  75|0x0000000087700000, 0x0000000087700000, 0x0000000087800000|  0%| F|  |TAMS 0x0000000087700000, 0x0000000087700000| Untracked 
|  76|0x0000000087800000, 0x0000000087800000, 0x0000000087900000|  0%| F|  |TAMS 0x0000000087800000, 0x0000000087800000| Untracked 
|  77|0x0000000087900000, 0x0000000087900000, 0x0000000087a00000|  0%| F|  |TAMS 0x0000000087900000, 0x0000000087900000| Untracked 
|  78|0x0000000087a00000, 0x0000000087a00000, 0x0000000087b00000|  0%| F|  |TAMS 0x0000000087a00000, 0x0000000087a00000| Untracked 
|  79|0x0000000087b00000, 0x0000000087b00000, 0x0000000087c00000|  0%| F|  |TAMS 0x0000000087b00000, 0x0000000087b00000| Untracked 
|  80|0x0000000087c00000, 0x0000000087c00000, 0x0000000087d00000|  0%| F|  |TAMS 0x0000000087c00000, 0x0000000087c00000| Untracked 
|  81|0x0000000087d00000, 0x0000000087d00000, 0x0000000087e00000|  0%| F|  |TAMS 0x0000000087d00000, 0x0000000087d00000| Untracked 
|  82|0x0000000087e00000, 0x0000000087e00000, 0x0000000087f00000|  0%| F|  |TAMS 0x0000000087e00000, 0x0000000087e00000| Untracked 
|  83|0x0000000087f00000, 0x0000000087f00000, 0x0000000088000000|  0%| F|  |TAMS 0x0000000087f00000, 0x0000000087f00000| Untracked 
|  84|0x0000000088000000, 0x0000000088000000, 0x0000000088100000|  0%| F|  |TAMS 0x0000000088000000, 0x0000000088000000| Untracked 
|  85|0x0000000088100000, 0x0000000088100000, 0x0000000088200000|  0%| F|  |TAMS 0x0000000088100000, 0x0000000088100000| Untracked 
|  86|0x0000000088200000, 0x0000000088200000, 0x0000000088300000|  0%| F|  |TAMS 0x0000000088200000, 0x0000000088200000| Untracked 
|  87|0x0000000088300000, 0x0000000088300000, 0x0000000088400000|  0%| F|  |TAMS 0x0000000088300000, 0x0000000088300000| Untracked 
|  88|0x0000000088400000, 0x0000000088400000, 0x0000000088500000|  0%| F|  |TAMS 0x0000000088400000, 0x0000000088400000| Untracked 
|  89|0x0000000088500000, 0x0000000088500000, 0x0000000088600000|  0%| F|  |TAMS 0x0000000088500000, 0x0000000088500000| Untracked 
|  90|0x0000000088600000, 0x0000000088600000, 0x0000000088700000|  0%| F|  |TAMS 0x0000000088600000, 0x0000000088600000| Untracked 
|  91|0x0000000088700000, 0x0000000088700000, 0x0000000088800000|  0%| F|  |TAMS 0x0000000088700000, 0x0000000088700000| Untracked 
|  92|0x0000000088800000, 0x0000000088800000, 0x0000000088900000|  0%| F|  |TAMS 0x0000000088800000, 0x0000000088800000| Untracked 
|  93|0x0000000088900000, 0x0000000088900000, 0x0000000088a00000|  0%| F|  |TAMS 0x0000000088900000, 0x0000000088900000| Untracked 
|  94|0x0000000088a00000, 0x0000000088a00000, 0x0000000088b00000|  0%| F|  |TAMS 0x0000000088a00000, 0x0000000088a00000| Untracked 
|  95|0x0000000088b00000, 0x0000000088b00000, 0x0000000088c00000|  0%| F|  |TAMS 0x0000000088b00000, 0x0000000088b00000| Untracked 
|  96|0x0000000088c00000, 0x0000000088c00000, 0x0000000088d00000|  0%| F|  |TAMS 0x0000000088c00000, 0x0000000088c00000| Untracked 
|  97|0x0000000088d00000, 0x0000000088d00000, 0x0000000088e00000|  0%| F|  |TAMS 0x0000000088d00000, 0x0000000088d00000| Untracked 
|  98|0x0000000088e00000, 0x0000000088e00000, 0x0000000088f00000|  0%| F|  |TAMS 0x0000000088e00000, 0x0000000088e00000| Untracked 
|  99|0x0000000088f00000, 0x0000000088f00000, 0x0000000089000000|  0%| F|  |TAMS 0x0000000088f00000, 0x0000000088f00000| Untracked 
| 100|0x0000000089000000, 0x0000000089000000, 0x0000000089100000|  0%| F|  |TAMS 0x0000000089000000, 0x0000000089000000| Untracked 
| 101|0x0000000089100000, 0x0000000089100000, 0x0000000089200000|  0%| F|  |TAMS 0x0000000089100000, 0x0000000089100000| Untracked 
| 102|0x0000000089200000, 0x0000000089200000, 0x0000000089300000|  0%| F|  |TAMS 0x0000000089200000, 0x0000000089200000| Untracked 
| 103|0x0000000089300000, 0x0000000089300000, 0x0000000089400000|  0%| F|  |TAMS 0x0000000089300000, 0x0000000089300000| Untracked 
| 104|0x0000000089400000, 0x0000000089400000, 0x0000000089500000|  0%| F|  |TAMS 0x0000000089400000, 0x0000000089400000| Untracked 
| 105|0x0000000089500000, 0x0000000089500000, 0x0000000089600000|  0%| F|  |TAMS 0x0000000089500000, 0x0000000089500000| Untracked 
| 106|0x0000000089600000, 0x0000000089600000, 0x0000000089700000|  0%| F|  |TAMS 0x0000000089600000, 0x0000000089600000| Untracked 
| 107|0x0000000089700000, 0x0000000089700000, 0x0000000089800000|  0%| F|  |TAMS 0x0000000089700000, 0x0000000089700000| Untracked 
| 108|0x0000000089800000, 0x0000000089800000, 0x0000000089900000|  0%| F|  |TAMS 0x0000000089800000, 0x0000000089800000| Untracked 
| 109|0x0000000089900000, 0x0000000089900000, 0x0000000089a00000|  0%| F|  |TAMS 0x0000000089900000, 0x0000000089900000| Untracked 
| 110|0x0000000089a00000, 0x0000000089a00000, 0x0000000089b00000|  0%| F|  |TAMS 0x0000000089a00000, 0x0000000089a00000| Untracked 
| 111|0x0000000089b00000, 0x0000000089b00000, 0x0000000089c00000|  0%| F|  |TAMS 0x0000000089b00000, 0x0000000089b00000| Untracked 
| 112|0x0000000089c00000, 0x0000000089c00000, 0x0000000089d00000|  0%| F|  |TAMS 0x0000000089c00000, 0x0000000089c00000| Untracked 
| 113|0x0000000089d00000, 0x0000000089d00000, 0x0000000089e00000|  0%| F|  |TAMS 0x0000000089d00000, 0x0000000089d00000| Untracked 
| 114|0x0000000089e00000, 0x0000000089e00000, 0x0000000089f00000|  0%| F|  |TAMS 0x0000000089e00000, 0x0000000089e00000| Untracked 
| 115|0x0000000089f00000, 0x0000000089f00000, 0x000000008a000000|  0%| F|  |TAMS 0x0000000089f00000, 0x0000000089f00000| Untracked 
| 116|0x000000008a000000, 0x000000008a000000, 0x000000008a100000|  0%| F|  |TAMS 0x000000008a000000, 0x000000008a000000| Untracked 
| 117|0x000000008a100000, 0x000000008a100000, 0x000000008a200000|  0%| F|  |TAMS 0x000000008a100000, 0x000000008a100000| Untracked 
| 118|0x000000008a200000, 0x000000008a200000, 0x000000008a300000|  0%| F|  |TAMS 0x000000008a200000, 0x000000008a200000| Untracked 
| 119|0x000000008a300000, 0x000000008a300000, 0x000000008a400000|  0%| F|  |TAMS 0x000000008a300000, 0x000000008a300000| Untracked 
| 120|0x000000008a400000, 0x000000008a400000, 0x000000008a500000|  0%| F|  |TAMS 0x000000008a400000, 0x000000008a400000| Untracked 
| 121|0x000000008a500000, 0x000000008a500000, 0x000000008a600000|  0%| F|  |TAMS 0x000000008a500000, 0x000000008a500000| Untracked 
| 122|0x000000008a600000, 0x000000008a600000, 0x000000008a700000|  0%| F|  |TAMS 0x000000008a600000, 0x000000008a600000| Untracked 
| 123|0x000000008a700000, 0x000000008a700000, 0x000000008a800000|  0%| F|  |TAMS 0x000000008a700000, 0x000000008a700000| Untracked 
| 124|0x000000008a800000, 0x000000008a800000, 0x000000008a900000|  0%| F|  |TAMS 0x000000008a800000, 0x000000008a800000| Untracked 
| 125|0x000000008a900000, 0x000000008a900000, 0x000000008aa00000|  0%| F|  |TAMS 0x000000008a900000, 0x000000008a900000| Untracked 
| 126|0x000000008aa00000, 0x000000008aa00000, 0x000000008ab00000|  0%| F|  |TAMS 0x000000008aa00000, 0x000000008aa00000| Untracked 
| 127|0x000000008ab00000, 0x000000008ab00000, 0x000000008ac00000|  0%| F|  |TAMS 0x000000008ab00000, 0x000000008ab00000| Untracked 
| 128|0x000000008ac00000, 0x000000008ac00000, 0x000000008ad00000|  0%| F|  |TAMS 0x000000008ac00000, 0x000000008ac00000| Untracked 
| 129|0x000000008ad00000, 0x000000008ad00000, 0x000000008ae00000|  0%| F|  |TAMS 0x000000008ad00000, 0x000000008ad00000| Untracked 
| 130|0x000000008ae00000, 0x000000008ae00000, 0x000000008af00000|  0%| F|  |TAMS 0x000000008ae00000, 0x000000008ae00000| Untracked 
| 131|0x000000008af00000, 0x000000008af00000, 0x000000008b000000|  0%| F|  |TAMS 0x000000008af00000, 0x000000008af00000| Untracked 
| 132|0x000000008b000000, 0x000000008b000000, 0x000000008b100000|  0%| F|  |TAMS 0x000000008b000000, 0x000000008b000000| Untracked 
| 133|0x000000008b100000, 0x000000008b100000, 0x000000008b200000|  0%| F|  |TAMS 0x000000008b100000, 0x000000008b100000| Untracked 
| 134|0x000000008b200000, 0x000000008b200000, 0x000000008b300000|  0%| F|  |TAMS 0x000000008b200000, 0x000000008b200000| Untracked 
| 135|0x000000008b300000, 0x000000008b300000, 0x000000008b400000|  0%| F|  |TAMS 0x000000008b300000, 0x000000008b300000| Untracked 
| 136|0x000000008b400000, 0x000000008b400000, 0x000000008b500000|  0%| F|  |TAMS 0x000000008b400000, 0x000000008b400000| Untracked 
| 137|0x000000008b500000, 0x000000008b56ae00, 0x000000008b600000| 41%| S|CS|TAMS 0x000000008b500000, 0x000000008b500000| Complete 
| 138|0x000000008b600000, 0x000000008b600000, 0x000000008b700000|  0%| F|  |TAMS 0x000000008b600000, 0x000000008b600000| Untracked 
| 139|0x000000008b700000, 0x000000008b700000, 0x000000008b800000|  0%| F|  |TAMS 0x000000008b700000, 0x000000008b700000| Untracked 
| 140|0x000000008b800000, 0x000000008b800000, 0x000000008b900000|  0%| F|  |TAMS 0x000000008b800000, 0x000000008b800000| Untracked 
| 141|0x000000008b900000, 0x000000008b900000, 0x000000008ba00000|  0%| F|  |TAMS 0x000000008b900000, 0x000000008b900000| Untracked 
| 142|0x000000008ba00000, 0x000000008ba00000, 0x000000008bb00000|  0%| F|  |TAMS 0x000000008ba00000, 0x000000008ba00000| Untracked 
| 143|0x000000008bb00000, 0x000000008bb00000, 0x000000008bc00000|  0%| F|  |TAMS 0x000000008bb00000, 0x000000008bb00000| Untracked 
| 144|0x000000008bc00000, 0x000000008bc00000, 0x000000008bd00000|  0%| F|  |TAMS 0x000000008bc00000, 0x000000008bc00000| Untracked 
| 145|0x000000008bd00000, 0x000000008bd00000, 0x000000008be00000|  0%| F|  |TAMS 0x000000008bd00000, 0x000000008bd00000| Untracked 
| 146|0x000000008be00000, 0x000000008be00000, 0x000000008bf00000|  0%| F|  |TAMS 0x000000008be00000, 0x000000008be00000| Untracked 
| 147|0x000000008bf00000, 0x000000008bf00000, 0x000000008c000000|  0%| F|  |TAMS 0x000000008bf00000, 0x000000008bf00000| Untracked 
| 148|0x000000008c000000, 0x000000008c000000, 0x000000008c100000|  0%| F|  |TAMS 0x000000008c000000, 0x000000008c000000| Untracked 
| 149|0x000000008c100000, 0x000000008c100000, 0x000000008c200000|  0%| F|  |TAMS 0x000000008c100000, 0x000000008c100000| Untracked 
| 150|0x000000008c200000, 0x000000008c200000, 0x000000008c300000|  0%| F|  |TAMS 0x000000008c200000, 0x000000008c200000| Untracked 
| 151|0x000000008c300000, 0x000000008c300000, 0x000000008c400000|  0%| F|  |TAMS 0x000000008c300000, 0x000000008c300000| Untracked 
| 152|0x000000008c400000, 0x000000008c400000, 0x000000008c500000|  0%| F|  |TAMS 0x000000008c400000, 0x000000008c400000| Untracked 
| 153|0x000000008c500000, 0x000000008c500000, 0x000000008c600000|  0%| F|  |TAMS 0x000000008c500000, 0x000000008c500000| Untracked 
| 154|0x000000008c600000, 0x000000008c600000, 0x000000008c700000|  0%| F|  |TAMS 0x000000008c600000, 0x000000008c600000| Untracked 
| 155|0x000000008c700000, 0x000000008c700000, 0x000000008c800000|  0%| F|  |TAMS 0x000000008c700000, 0x000000008c700000| Untracked 
| 156|0x000000008c800000, 0x000000008c800000, 0x000000008c900000|  0%| F|  |TAMS 0x000000008c800000, 0x000000008c800000| Untracked 
| 157|0x000000008c900000, 0x000000008c900000, 0x000000008ca00000|  0%| F|  |TAMS 0x000000008c900000, 0x000000008c900000| Untracked 
| 158|0x000000008ca00000, 0x000000008ca00000, 0x000000008cb00000|  0%| F|  |TAMS 0x000000008ca00000, 0x000000008ca00000| Untracked 
| 159|0x000000008cb00000, 0x000000008cb00000, 0x000000008cc00000|  0%| F|  |TAMS 0x000000008cb00000, 0x000000008cb00000| Untracked 
| 160|0x000000008cc00000, 0x000000008cc00000, 0x000000008cd00000|  0%| F|  |TAMS 0x000000008cc00000, 0x000000008cc00000| Untracked 
| 161|0x000000008cd00000, 0x000000008cd00000, 0x000000008ce00000|  0%| F|  |TAMS 0x000000008cd00000, 0x000000008cd00000| Untracked 
| 162|0x000000008ce00000, 0x000000008ce00000, 0x000000008cf00000|  0%| F|  |TAMS 0x000000008ce00000, 0x000000008ce00000| Untracked 
| 163|0x000000008cf00000, 0x000000008cf00000, 0x000000008d000000|  0%| F|  |TAMS 0x000000008cf00000, 0x000000008cf00000| Untracked 
| 164|0x000000008d000000, 0x000000008d000000, 0x000000008d100000|  0%| F|  |TAMS 0x000000008d000000, 0x000000008d000000| Untracked 
| 165|0x000000008d100000, 0x000000008d100000, 0x000000008d200000|  0%| F|  |TAMS 0x000000008d100000, 0x000000008d100000| Untracked 
| 166|0x000000008d200000, 0x000000008d200000, 0x000000008d300000|  0%| F|  |TAMS 0x000000008d200000, 0x000000008d200000| Untracked 
| 167|0x000000008d300000, 0x000000008d300000, 0x000000008d400000|  0%| F|  |TAMS 0x000000008d300000, 0x000000008d300000| Untracked 
| 168|0x000000008d400000, 0x000000008d400000, 0x000000008d500000|  0%| F|  |TAMS 0x000000008d400000, 0x000000008d400000| Untracked 
| 169|0x000000008d500000, 0x000000008d500000, 0x000000008d600000|  0%| F|  |TAMS 0x000000008d500000, 0x000000008d500000| Untracked 
| 170|0x000000008d600000, 0x000000008d600000, 0x000000008d700000|  0%| F|  |TAMS 0x000000008d600000, 0x000000008d600000| Untracked 
| 171|0x000000008d700000, 0x000000008d700000, 0x000000008d800000|  0%| F|  |TAMS 0x000000008d700000, 0x000000008d700000| Untracked 
| 172|0x000000008d800000, 0x000000008d800000, 0x000000008d900000|  0%| F|  |TAMS 0x000000008d800000, 0x000000008d800000| Untracked 
| 173|0x000000008d900000, 0x000000008d900000, 0x000000008da00000|  0%| F|  |TAMS 0x000000008d900000, 0x000000008d900000| Untracked 
| 174|0x000000008da00000, 0x000000008da00000, 0x000000008db00000|  0%| F|  |TAMS 0x000000008da00000, 0x000000008da00000| Untracked 
| 175|0x000000008db00000, 0x000000008db00000, 0x000000008dc00000|  0%| F|  |TAMS 0x000000008db00000, 0x000000008db00000| Untracked 
| 176|0x000000008dc00000, 0x000000008dc00000, 0x000000008dd00000|  0%| F|  |TAMS 0x000000008dc00000, 0x000000008dc00000| Untracked 
| 177|0x000000008dd00000, 0x000000008dd00000, 0x000000008de00000|  0%| F|  |TAMS 0x000000008dd00000, 0x000000008dd00000| Untracked 
| 178|0x000000008de00000, 0x000000008de00000, 0x000000008df00000|  0%| F|  |TAMS 0x000000008de00000, 0x000000008de00000| Untracked 
| 179|0x000000008df00000, 0x000000008df00000, 0x000000008e000000|  0%| F|  |TAMS 0x000000008df00000, 0x000000008df00000| Untracked 
| 180|0x000000008e000000, 0x000000008e000000, 0x000000008e100000|  0%| F|  |TAMS 0x000000008e000000, 0x000000008e000000| Untracked 
| 181|0x000000008e100000, 0x000000008e100000, 0x000000008e200000|  0%| F|  |TAMS 0x000000008e100000, 0x000000008e100000| Untracked 
| 182|0x000000008e200000, 0x000000008e200000, 0x000000008e300000|  0%| F|  |TAMS 0x000000008e200000, 0x000000008e200000| Untracked 
| 183|0x000000008e300000, 0x000000008e300000, 0x000000008e400000|  0%| F|  |TAMS 0x000000008e300000, 0x000000008e300000| Untracked 
| 184|0x000000008e400000, 0x000000008e400000, 0x000000008e500000|  0%| F|  |TAMS 0x000000008e400000, 0x000000008e400000| Untracked 
| 185|0x000000008e500000, 0x000000008e500000, 0x000000008e600000|  0%| F|  |TAMS 0x000000008e500000, 0x000000008e500000| Untracked 
| 186|0x000000008e600000, 0x000000008e600000, 0x000000008e700000|  0%| F|  |TAMS 0x000000008e600000, 0x000000008e600000| Untracked 
| 187|0x000000008e700000, 0x000000008e700000, 0x000000008e800000|  0%| F|  |TAMS 0x000000008e700000, 0x000000008e700000| Untracked 
| 188|0x000000008e800000, 0x000000008e800000, 0x000000008e900000|  0%| F|  |TAMS 0x000000008e800000, 0x000000008e800000| Untracked 
| 189|0x000000008e900000, 0x000000008e900000, 0x000000008ea00000|  0%| F|  |TAMS 0x000000008e900000, 0x000000008e900000| Untracked 
| 190|0x000000008ea00000, 0x000000008ea00000, 0x000000008eb00000|  0%| F|  |TAMS 0x000000008ea00000, 0x000000008ea00000| Untracked 
| 191|0x000000008eb00000, 0x000000008eb00000, 0x000000008ec00000|  0%| F|  |TAMS 0x000000008eb00000, 0x000000008eb00000| Untracked 
| 192|0x000000008ec00000, 0x000000008ec00000, 0x000000008ed00000|  0%| F|  |TAMS 0x000000008ec00000, 0x000000008ec00000| Untracked 
| 193|0x000000008ed00000, 0x000000008ed00000, 0x000000008ee00000|  0%| F|  |TAMS 0x000000008ed00000, 0x000000008ed00000| Untracked 
| 194|0x000000008ee00000, 0x000000008ee00000, 0x000000008ef00000|  0%| F|  |TAMS 0x000000008ee00000, 0x000000008ee00000| Untracked 
| 195|0x000000008ef00000, 0x000000008ef00000, 0x000000008f000000|  0%| F|  |TAMS 0x000000008ef00000, 0x000000008ef00000| Untracked 
| 196|0x000000008f000000, 0x000000008f000000, 0x000000008f100000|  0%| F|  |TAMS 0x000000008f000000, 0x000000008f000000| Untracked 
| 197|0x000000008f100000, 0x000000008f100000, 0x000000008f200000|  0%| F|  |TAMS 0x000000008f100000, 0x000000008f100000| Untracked 
| 198|0x000000008f200000, 0x000000008f200000, 0x000000008f300000|  0%| F|  |TAMS 0x000000008f200000, 0x000000008f200000| Untracked 
| 199|0x000000008f300000, 0x000000008f300000, 0x000000008f400000|  0%| F|  |TAMS 0x000000008f300000, 0x000000008f300000| Untracked 
| 200|0x000000008f400000, 0x000000008f400000, 0x000000008f500000|  0%| F|  |TAMS 0x000000008f400000, 0x000000008f400000| Untracked 
| 201|0x000000008f500000, 0x000000008f500000, 0x000000008f600000|  0%| F|  |TAMS 0x000000008f500000, 0x000000008f500000| Untracked 
| 202|0x000000008f600000, 0x000000008f600000, 0x000000008f700000|  0%| F|  |TAMS 0x000000008f600000, 0x000000008f600000| Untracked 
| 203|0x000000008f700000, 0x000000008f700000, 0x000000008f800000|  0%| F|  |TAMS 0x000000008f700000, 0x000000008f700000| Untracked 
| 204|0x000000008f800000, 0x000000008f800000, 0x000000008f900000|  0%| F|  |TAMS 0x000000008f800000, 0x000000008f800000| Untracked 
| 205|0x000000008f900000, 0x000000008f900000, 0x000000008fa00000|  0%| F|  |TAMS 0x000000008f900000, 0x000000008f900000| Untracked 
| 206|0x000000008fa00000, 0x000000008fa00000, 0x000000008fb00000|  0%| F|  |TAMS 0x000000008fa00000, 0x000000008fa00000| Untracked 
| 207|0x000000008fb00000, 0x000000008fb00000, 0x000000008fc00000|  0%| F|  |TAMS 0x000000008fb00000, 0x000000008fb00000| Untracked 
| 208|0x000000008fc00000, 0x000000008fc00000, 0x000000008fd00000|  0%| F|  |TAMS 0x000000008fc00000, 0x000000008fc00000| Untracked 
| 209|0x000000008fd00000, 0x000000008fd00000, 0x000000008fe00000|  0%| F|  |TAMS 0x000000008fd00000, 0x000000008fd00000| Untracked 
| 210|0x000000008fe00000, 0x000000008fe00000, 0x000000008ff00000|  0%| F|  |TAMS 0x000000008fe00000, 0x000000008fe00000| Untracked 
| 211|0x000000008ff00000, 0x000000008ff00000, 0x0000000090000000|  0%| F|  |TAMS 0x000000008ff00000, 0x000000008ff00000| Untracked 
| 212|0x0000000090000000, 0x0000000090000000, 0x0000000090100000|  0%| F|  |TAMS 0x0000000090000000, 0x0000000090000000| Untracked 
| 213|0x0000000090100000, 0x0000000090100000, 0x0000000090200000|  0%| F|  |TAMS 0x0000000090100000, 0x0000000090100000| Untracked 
| 214|0x0000000090200000, 0x0000000090200000, 0x0000000090300000|  0%| F|  |TAMS 0x0000000090200000, 0x0000000090200000| Untracked 
| 215|0x0000000090300000, 0x0000000090300000, 0x0000000090400000|  0%| F|  |TAMS 0x0000000090300000, 0x0000000090300000| Untracked 
| 216|0x0000000090400000, 0x0000000090400000, 0x0000000090500000|  0%| F|  |TAMS 0x0000000090400000, 0x0000000090400000| Untracked 
| 217|0x0000000090500000, 0x0000000090500000, 0x0000000090600000|  0%| F|  |TAMS 0x0000000090500000, 0x0000000090500000| Untracked 
| 218|0x0000000090600000, 0x0000000090600000, 0x0000000090700000|  0%| F|  |TAMS 0x0000000090600000, 0x0000000090600000| Untracked 
| 219|0x0000000090700000, 0x0000000090700000, 0x0000000090800000|  0%| F|  |TAMS 0x0000000090700000, 0x0000000090700000| Untracked 
| 220|0x0000000090800000, 0x0000000090800000, 0x0000000090900000|  0%| F|  |TAMS 0x0000000090800000, 0x0000000090800000| Untracked 
| 221|0x0000000090900000, 0x0000000090900000, 0x0000000090a00000|  0%| F|  |TAMS 0x0000000090900000, 0x0000000090900000| Untracked 
| 222|0x0000000090a00000, 0x0000000090a00000, 0x0000000090b00000|  0%| F|  |TAMS 0x0000000090a00000, 0x0000000090a00000| Untracked 
| 223|0x0000000090b00000, 0x0000000090b00000, 0x0000000090c00000|  0%| F|  |TAMS 0x0000000090b00000, 0x0000000090b00000| Untracked 
| 224|0x0000000090c00000, 0x0000000090c00000, 0x0000000090d00000|  0%| F|  |TAMS 0x0000000090c00000, 0x0000000090c00000| Untracked 
| 225|0x0000000090d00000, 0x0000000090d00000, 0x0000000090e00000|  0%| F|  |TAMS 0x0000000090d00000, 0x0000000090d00000| Untracked 
| 226|0x0000000090e00000, 0x0000000090e00000, 0x0000000090f00000|  0%| F|  |TAMS 0x0000000090e00000, 0x0000000090e00000| Untracked 
| 227|0x0000000090f00000, 0x0000000090f00000, 0x0000000091000000|  0%| F|  |TAMS 0x0000000090f00000, 0x0000000090f00000| Untracked 
| 228|0x0000000091000000, 0x0000000091000000, 0x0000000091100000|  0%| F|  |TAMS 0x0000000091000000, 0x0000000091000000| Untracked 
| 229|0x0000000091100000, 0x0000000091100000, 0x0000000091200000|  0%| F|  |TAMS 0x0000000091100000, 0x0000000091100000| Untracked 
| 230|0x0000000091200000, 0x0000000091200000, 0x0000000091300000|  0%| F|  |TAMS 0x0000000091200000, 0x0000000091200000| Untracked 
| 231|0x0000000091300000, 0x0000000091300000, 0x0000000091400000|  0%| F|  |TAMS 0x0000000091300000, 0x0000000091300000| Untracked 
| 232|0x0000000091400000, 0x0000000091400000, 0x0000000091500000|  0%| F|  |TAMS 0x0000000091400000, 0x0000000091400000| Untracked 
| 233|0x0000000091500000, 0x0000000091500000, 0x0000000091600000|  0%| F|  |TAMS 0x0000000091500000, 0x0000000091500000| Untracked 
| 234|0x0000000091600000, 0x0000000091600000, 0x0000000091700000|  0%| F|  |TAMS 0x0000000091600000, 0x0000000091600000| Untracked 
| 235|0x0000000091700000, 0x0000000091700000, 0x0000000091800000|  0%| F|  |TAMS 0x0000000091700000, 0x0000000091700000| Untracked 
| 236|0x0000000091800000, 0x0000000091880810, 0x0000000091900000| 50%| E|  |TAMS 0x0000000091800000, 0x0000000091800000| Complete 
| 237|0x0000000091900000, 0x0000000091a00000, 0x0000000091a00000|100%| E|CS|TAMS 0x0000000091900000, 0x0000000091900000| Complete 
| 238|0x0000000091a00000, 0x0000000091b00000, 0x0000000091b00000|100%| E|CS|TAMS 0x0000000091a00000, 0x0000000091a00000| Complete 
| 239|0x0000000091b00000, 0x0000000091c00000, 0x0000000091c00000|100%| E|CS|TAMS 0x0000000091b00000, 0x0000000091b00000| Complete 
| 240|0x0000000091c00000, 0x0000000091d00000, 0x0000000091d00000|100%| E|CS|TAMS 0x0000000091c00000, 0x0000000091c00000| Complete 
| 241|0x0000000091d00000, 0x0000000091e00000, 0x0000000091e00000|100%| E|CS|TAMS 0x0000000091d00000, 0x0000000091d00000| Complete 
| 242|0x0000000091e00000, 0x0000000091f00000, 0x0000000091f00000|100%| E|CS|TAMS 0x0000000091e00000, 0x0000000091e00000| Complete 
| 243|0x0000000091f00000, 0x0000000092000000, 0x0000000092000000|100%| E|CS|TAMS 0x0000000091f00000, 0x0000000091f00000| Complete 
| 244|0x0000000092000000, 0x0000000092100000, 0x0000000092100000|100%| E|CS|TAMS 0x0000000092000000, 0x0000000092000000| Complete 
| 245|0x0000000092100000, 0x0000000092200000, 0x0000000092200000|100%| E|CS|TAMS 0x0000000092100000, 0x0000000092100000| Complete 
| 246|0x0000000092200000, 0x0000000092300000, 0x0000000092300000|100%| E|CS|TAMS 0x0000000092200000, 0x0000000092200000| Complete 
| 247|0x0000000092300000, 0x0000000092400000, 0x0000000092400000|100%| E|CS|TAMS 0x0000000092300000, 0x0000000092300000| Complete 
| 248|0x0000000092400000, 0x0000000092500000, 0x0000000092500000|100%| E|CS|TAMS 0x0000000092400000, 0x0000000092400000| Complete 
| 249|0x0000000092500000, 0x0000000092600000, 0x0000000092600000|100%| E|CS|TAMS 0x0000000092500000, 0x0000000092500000| Complete 
| 250|0x0000000092600000, 0x0000000092700000, 0x0000000092700000|100%| E|CS|TAMS 0x0000000092600000, 0x0000000092600000| Complete 
| 251|0x0000000092700000, 0x0000000092800000, 0x0000000092800000|100%| E|CS|TAMS 0x0000000092700000, 0x0000000092700000| Complete 
| 252|0x0000000092800000, 0x0000000092900000, 0x0000000092900000|100%| E|CS|TAMS 0x0000000092800000, 0x0000000092800000| Complete 
| 253|0x0000000092900000, 0x0000000092a00000, 0x0000000092a00000|100%| E|CS|TAMS 0x0000000092900000, 0x0000000092900000| Complete 
| 254|0x0000000092a00000, 0x0000000092b00000, 0x0000000092b00000|100%| E|CS|TAMS 0x0000000092a00000, 0x0000000092a00000| Complete 
| 255|0x0000000092b00000, 0x0000000092c00000, 0x0000000092c00000|100%| E|CS|TAMS 0x0000000092b00000, 0x0000000092b00000| Complete 
| 256|0x0000000092c00000, 0x0000000092d00000, 0x0000000092d00000|100%| E|CS|TAMS 0x0000000092c00000, 0x0000000092c00000| Complete 
| 257|0x0000000092d00000, 0x0000000092e00000, 0x0000000092e00000|100%| E|CS|TAMS 0x0000000092d00000, 0x0000000092d00000| Complete 
| 258|0x0000000092e00000, 0x0000000092f00000, 0x0000000092f00000|100%| E|CS|TAMS 0x0000000092e00000, 0x0000000092e00000| Complete 
| 259|0x0000000092f00000, 0x0000000093000000, 0x0000000093000000|100%| E|CS|TAMS 0x0000000092f00000, 0x0000000092f00000| Complete 
| 260|0x0000000093000000, 0x0000000093100000, 0x0000000093100000|100%| E|CS|TAMS 0x0000000093000000, 0x0000000093000000| Complete 
| 261|0x0000000093100000, 0x0000000093200000, 0x0000000093200000|100%| E|CS|TAMS 0x0000000093100000, 0x0000000093100000| Complete 
| 262|0x0000000093200000, 0x0000000093300000, 0x0000000093300000|100%| E|CS|TAMS 0x0000000093200000, 0x0000000093200000| Complete 
| 263|0x0000000093300000, 0x0000000093400000, 0x0000000093400000|100%| E|CS|TAMS 0x0000000093300000, 0x0000000093300000| Complete 
| 264|0x0000000093400000, 0x0000000093500000, 0x0000000093500000|100%| E|CS|TAMS 0x0000000093400000, 0x0000000093400000| Complete 
| 265|0x0000000093500000, 0x0000000093600000, 0x0000000093600000|100%| E|CS|TAMS 0x0000000093500000, 0x0000000093500000| Complete 
| 266|0x0000000093600000, 0x0000000093700000, 0x0000000093700000|100%| E|CS|TAMS 0x0000000093600000, 0x0000000093600000| Complete 
| 267|0x0000000093700000, 0x0000000093800000, 0x0000000093800000|100%| E|CS|TAMS 0x0000000093700000, 0x0000000093700000| Complete 
| 268|0x0000000093800000, 0x0000000093900000, 0x0000000093900000|100%| E|CS|TAMS 0x0000000093800000, 0x0000000093800000| Complete 
| 269|0x0000000093900000, 0x0000000093a00000, 0x0000000093a00000|100%| E|CS|TAMS 0x0000000093900000, 0x0000000093900000| Complete 
| 270|0x0000000093a00000, 0x0000000093b00000, 0x0000000093b00000|100%| E|CS|TAMS 0x0000000093a00000, 0x0000000093a00000| Complete 
| 271|0x0000000093b00000, 0x0000000093c00000, 0x0000000093c00000|100%| E|CS|TAMS 0x0000000093b00000, 0x0000000093b00000| Complete 
| 272|0x0000000093c00000, 0x0000000093d00000, 0x0000000093d00000|100%| E|CS|TAMS 0x0000000093c00000, 0x0000000093c00000| Complete 
| 273|0x0000000093d00000, 0x0000000093e00000, 0x0000000093e00000|100%| E|CS|TAMS 0x0000000093d00000, 0x0000000093d00000| Complete 
| 274|0x0000000093e00000, 0x0000000093f00000, 0x0000000093f00000|100%| E|CS|TAMS 0x0000000093e00000, 0x0000000093e00000| Complete 
| 275|0x0000000093f00000, 0x0000000094000000, 0x0000000094000000|100%| E|CS|TAMS 0x0000000093f00000, 0x0000000093f00000| Complete 
| 276|0x0000000094000000, 0x0000000094100000, 0x0000000094100000|100%| E|CS|TAMS 0x0000000094000000, 0x0000000094000000| Complete 
| 277|0x0000000094100000, 0x0000000094200000, 0x0000000094200000|100%| E|CS|TAMS 0x0000000094100000, 0x0000000094100000| Complete 
| 278|0x0000000094200000, 0x0000000094300000, 0x0000000094300000|100%| E|CS|TAMS 0x0000000094200000, 0x0000000094200000| Complete 
| 279|0x0000000094300000, 0x0000000094400000, 0x0000000094400000|100%| E|CS|TAMS 0x0000000094300000, 0x0000000094300000| Complete 
| 280|0x0000000094400000, 0x0000000094500000, 0x0000000094500000|100%| E|CS|TAMS 0x0000000094400000, 0x0000000094400000| Complete 
| 281|0x0000000094500000, 0x0000000094600000, 0x0000000094600000|100%| E|CS|TAMS 0x0000000094500000, 0x0000000094500000| Complete 
| 282|0x0000000094600000, 0x0000000094700000, 0x0000000094700000|100%| E|CS|TAMS 0x0000000094600000, 0x0000000094600000| Complete 
|2003|0x00000000fff00000, 0x0000000100000000, 0x0000000100000000|100%| O|  |TAMS 0x0000000100000000, 0x00000000fff00000| Untracked 

Card table byte_map: [0x000002d47c970000,0x000002d47cd60000] _byte_map_base: 0x000002d47c55a000

Marking Bits (Prev, Next): (CMBitMap*) 0x000002d478bc6210, (CMBitMap*) 0x000002d478bc6250
 Prev Bits: [0x000002d47d150000, 0x000002d47f0a0000)
 Next Bits: [0x000002d40f000000, 0x000002d410f50000)

Polling page: 0x000002d476b20000

Metaspace:

Usage:
  Non-class:     58.12 MB used.
      Class:      7.61 MB used.
       Both:     65.73 MB used.

Virtual space:
  Non-class space:       64.00 MB reserved,      58.25 MB ( 91%) committed,  8 nodes.
      Class space:        1.00 GB reserved,       7.75 MB ( <1%) committed,  1 nodes.
             Both:        1.06 GB reserved,      66.00 MB (  6%) committed. 

Chunk freelists:
   Non-Class:  1.66 MB
       Class:  224.00 KB
        Both:  1.88 MB

MaxMetaspaceSize: unlimited
CompressedClassSpaceSize: 1.00 GB
Initial GC threshold: 21.00 MB
Current GC threshold: 103.38 MB
CDS: off
MetaspaceReclaimPolicy: balanced
 - commit_granule_bytes: 65536.
 - commit_granule_words: 8192.
 - virtual_space_node_default_size: 1048576.
 - enlarge_chunks_in_place: 1.
 - new_chunks_are_fully_committed: 0.
 - uncommit_free_chunks: 1.
 - use_allocation_guard: 0.
 - handle_deallocations: 1.


Internal statistics:

num_allocs_failed_limit: 6.
num_arena_births: 334.
num_arena_deaths: 0.
num_vsnodes_births: 9.
num_vsnodes_deaths: 0.
num_space_committed: 1054.
num_space_uncommitted: 0.
num_chunks_returned_to_freelist: 6.
num_chunks_taken_from_freelist: 2478.
num_chunk_merges: 6.
num_chunk_splits: 1945.
num_chunks_enlarged: 1669.
num_purges: 0.
num_inconsistent_stats: 0.

CodeHeap 'non-profiled nmethods': size=120000Kb used=4290Kb max_used=4556Kb free=115709Kb
 bounds [0x000002d407ad0000, 0x000002d407f50000, 0x000002d40f000000]
CodeHeap 'profiled nmethods': size=120000Kb used=20824Kb max_used=20824Kb free=99176Kb
 bounds [0x000002d400000000, 0x000002d401460000, 0x000002d407530000]
CodeHeap 'non-nmethods': size=5760Kb used=1315Kb max_used=1489Kb free=4444Kb
 bounds [0x000002d407530000, 0x000002d4077a0000, 0x000002d407ad0000]
 total_blobs=9162 nmethods=8533 adapters=538
 compilation: enabled
              stopped_count=0, restarted_count=0
 full_count=0

Compilation events (20 events):
Event: 13.095 Thread 0x000002d41384cbb0 10166       2       org.jetbrains.kotlin.metadata.deserialization.VersionSpecificBehaviorKt::isVersionRequirementTableWrittenCorrectly (11 bytes)
Event: 13.096 Thread 0x000002d41384cbb0 nmethod 10166 0x000002d401447b10 code [0x000002d401447d20, 0x000002d401448158]
Event: 13.097 Thread 0x000002d41384cbb0 10167       2       org.jetbrains.kotlin.serialization.deserialization.ProtoEnumFlags::modality (76 bytes)
Event: 13.098 Thread 0x000002d41384cbb0 nmethod 10167 0x000002d401448410 code [0x000002d4014485e0, 0x000002d401448838]
Event: 13.098 Thread 0x000002d41384cbb0 10168       2       org.jetbrains.kotlin.serialization.deserialization.TypeDeserializer::computeClassifierDescriptor (49 bytes)
Event: 13.098 Thread 0x000002d41384cbb0 nmethod 10168 0x000002d401448910 code [0x000002d401448b40, 0x000002d401448fb8]
Event: 13.098 Thread 0x000002d41384cbb0 10169       2       org.jetbrains.kotlin.resolve.jvm.JvmClassName::getPackageFqName (52 bytes)
Event: 13.099 Thread 0x000002d41384cbb0 nmethod 10169 0x000002d401449310 code [0x000002d4014494e0, 0x000002d401449778]
Event: 13.099 Thread 0x000002d41384cbb0 10170       1       org.jetbrains.kotlin.metadata.ProtoBuf$Function::getReturnType (5 bytes)
Event: 13.099 Thread 0x000002d41384cbb0 nmethod 10170 0x000002d407d57910 code [0x000002d407d57aa0, 0x000002d407d57b78]
Event: 13.099 Thread 0x000002d41384cbb0 10171       1       org.jetbrains.kotlin.metadata.ProtoBuf$ValueParameter::getName (5 bytes)
Event: 13.099 Thread 0x000002d41384cbb0 nmethod 10171 0x000002d407d57610 code [0x000002d407d577a0, 0x000002d407d57878]
Event: 13.099 Thread 0x000002d41384cbb0 10172       1       org.jetbrains.kotlin.metadata.ProtoBuf$Function::getReceiverType (5 bytes)
Event: 13.099 Thread 0x000002d41384cbb0 nmethod 10172 0x000002d407d57310 code [0x000002d407d574a0, 0x000002d407d57578]
Event: 13.099 Thread 0x000002d41384cbb0 10173       2       org.jetbrains.kotlin.serialization.deserialization.ProtoContainer::<init> (8 bytes)
Event: 13.099 Thread 0x000002d41384cbb0 nmethod 10173 0x000002d401449990 code [0x000002d401449b20, 0x000002d401449d38]
Event: 13.100 Thread 0x000002d41384cbb0 10174       2       org.jetbrains.kotlin.serialization.deserialization.ProtoContainer::<init> (20 bytes)
Event: 13.100 Thread 0x000002d41384cbb0 nmethod 10174 0x000002d401449e10 code [0x000002d401449fa0, 0x000002d40144a1b8]
Event: 13.100 Thread 0x000002d41384cbb0 10175       2       org.jetbrains.kotlin.load.kotlin.JvmPackagePartSource::getPresentableString (34 bytes)
Event: 13.100 Thread 0x000002d41384cbb0 nmethod 10175 0x000002d40144a290 code [0x000002d40144a500, 0x000002d40144aae8]

GC Heap History (20 events):
Event: 7.891 GC heap before
{Heap before GC invocations=20 (full 0):
 garbage-first heap   total 73728K, used 56895K [0x0000000082c00000, 0x0000000100000000)
  region size 1024K, 16 young (16384K), 2 survivors (2048K)
 Metaspace       used 58625K, committed 58880K, reserved 1105920K
  class space    used 7045K, committed 7168K, reserved 1048576K
}
Event: 7.898 GC heap after
{Heap after GC invocations=21 (full 0):
 garbage-first heap   total 73728K, used 44847K [0x0000000082c00000, 0x0000000100000000)
  region size 1024K, 2 young (2048K), 2 survivors (2048K)
 Metaspace       used 58625K, committed 58880K, reserved 1105920K
  class space    used 7045K, committed 7168K, reserved 1048576K
}
Event: 8.741 GC heap before
{Heap before GC invocations=22 (full 0):
 garbage-first heap   total 78848K, used 58159K [0x0000000082c00000, 0x0000000100000000)
  region size 1024K, 15 young (15360K), 2 survivors (2048K)
 Metaspace       used 60211K, committed 60544K, reserved 1105920K
  class space    used 7142K, committed 7296K, reserved 1048576K
}
Event: 8.748 GC heap after
{Heap after GC invocations=23 (full 0):
 garbage-first heap   total 78848K, used 47026K [0x0000000082c00000, 0x0000000100000000)
  region size 1024K, 2 young (2048K), 2 survivors (2048K)
 Metaspace       used 60211K, committed 60544K, reserved 1105920K
  class space    used 7142K, committed 7296K, reserved 1048576K
}
Event: 9.055 GC heap before
{Heap before GC invocations=23 (full 0):
 garbage-first heap   total 78848K, used 61362K [0x0000000082c00000, 0x0000000100000000)
  region size 1024K, 17 young (17408K), 2 survivors (2048K)
 Metaspace       used 61027K, committed 61376K, reserved 1105920K
  class space    used 7199K, committed 7360K, reserved 1048576K
}
Event: 9.067 GC heap after
{Heap after GC invocations=24 (full 0):
 garbage-first heap   total 78848K, used 50176K [0x0000000082c00000, 0x0000000100000000)
  region size 1024K, 3 young (3072K), 3 survivors (3072K)
 Metaspace       used 61027K, committed 61376K, reserved 1105920K
  class space    used 7199K, committed 7360K, reserved 1048576K
}
Event: 9.219 GC heap before
{Heap before GC invocations=25 (full 0):
 garbage-first heap   total 87040K, used 63488K [0x0000000082c00000, 0x0000000100000000)
  region size 1024K, 16 young (16384K), 3 survivors (3072K)
 Metaspace       used 61180K, committed 61504K, reserved 1105920K
  class space    used 7201K, committed 7360K, reserved 1048576K
}
Event: 9.229 GC heap after
{Heap after GC invocations=26 (full 0):
 garbage-first heap   total 87040K, used 52595K [0x0000000082c00000, 0x0000000100000000)
  region size 1024K, 2 young (2048K), 2 survivors (2048K)
 Metaspace       used 61180K, committed 61504K, reserved 1105920K
  class space    used 7201K, committed 7360K, reserved 1048576K
}
Event: 9.257 GC heap before
{Heap before GC invocations=26 (full 0):
 garbage-first heap   total 87040K, used 54643K [0x0000000082c00000, 0x0000000100000000)
  region size 1024K, 4 young (4096K), 2 survivors (2048K)
 Metaspace       used 61188K, committed 61504K, reserved 1105920K
  class space    used 7201K, committed 7360K, reserved 1048576K
}
Event: 9.267 GC heap after
{Heap after GC invocations=27 (full 0):
 garbage-first heap   total 132096K, used 53148K [0x0000000082c00000, 0x0000000100000000)
  region size 1024K, 1 young (1024K), 1 survivors (1024K)
 Metaspace       used 61188K, committed 61504K, reserved 1105920K
  class space    used 7201K, committed 7360K, reserved 1048576K
}
Event: 10.028 GC heap before
{Heap before GC invocations=27 (full 0):
 garbage-first heap   total 132096K, used 96156K [0x0000000082c00000, 0x0000000100000000)
  region size 1024K, 43 young (44032K), 1 survivors (1024K)
 Metaspace       used 61976K, committed 62272K, reserved 1105920K
  class space    used 7301K, committed 7424K, reserved 1048576K
}
Event: 10.048 GC heap after
{Heap after GC invocations=28 (full 0):
 garbage-first heap   total 132096K, used 60773K [0x0000000082c00000, 0x0000000100000000)
  region size 1024K, 6 young (6144K), 6 survivors (6144K)
 Metaspace       used 61976K, committed 62272K, reserved 1105920K
  class space    used 7301K, committed 7424K, reserved 1048576K
}
Event: 10.402 GC heap before
{Heap before GC invocations=28 (full 0):
 garbage-first heap   total 132096K, used 97637K [0x0000000082c00000, 0x0000000100000000)
  region size 1024K, 42 young (43008K), 6 survivors (6144K)
 Metaspace       used 62160K, committed 62400K, reserved 1105920K
  class space    used 7307K, committed 7424K, reserved 1048576K
}
Event: 10.425 GC heap after
{Heap after GC invocations=29 (full 0):
 garbage-first heap   total 132096K, used 67228K [0x0000000082c00000, 0x0000000100000000)
  region size 1024K, 6 young (6144K), 6 survivors (6144K)
 Metaspace       used 62160K, committed 62400K, reserved 1105920K
  class space    used 7307K, committed 7424K, reserved 1048576K
}
Event: 10.785 GC heap before
{Heap before GC invocations=29 (full 0):
 garbage-first heap   total 132096K, used 101020K [0x0000000082c00000, 0x0000000100000000)
  region size 1024K, 39 young (39936K), 6 survivors (6144K)
 Metaspace       used 63147K, committed 63488K, reserved 1105920K
  class space    used 7416K, committed 7552K, reserved 1048576K
}
Event: 10.798 GC heap after
{Heap after GC invocations=30 (full 0):
 garbage-first heap   total 132096K, used 70005K [0x0000000082c00000, 0x0000000100000000)
  region size 1024K, 3 young (3072K), 3 survivors (3072K)
 Metaspace       used 63147K, committed 63488K, reserved 1105920K
  class space    used 7416K, committed 7552K, reserved 1048576K
}
Event: 11.274 GC heap before
{Heap before GC invocations=31 (full 0):
 garbage-first heap   total 145408K, used 103797K [0x0000000082c00000, 0x0000000100000000)
  region size 1024K, 36 young (36864K), 3 survivors (3072K)
 Metaspace       used 63877K, committed 64192K, reserved 1105920K
  class space    used 7489K, committed 7616K, reserved 1048576K
}
Event: 11.283 GC heap after
{Heap after GC invocations=32 (full 0):
 garbage-first heap   total 145408K, used 71249K [0x0000000082c00000, 0x0000000100000000)
  region size 1024K, 4 young (4096K), 4 survivors (4096K)
 Metaspace       used 63877K, committed 64192K, reserved 1105920K
  class space    used 7489K, committed 7616K, reserved 1048576K
}
Event: 11.298 GC heap before
{Heap before GC invocations=32 (full 0):
 garbage-first heap   total 145408K, used 74321K [0x0000000082c00000, 0x0000000100000000)
  region size 1024K, 7 young (7168K), 4 survivors (4096K)
 Metaspace       used 63887K, committed 64192K, reserved 1105920K
  class space    used 7489K, committed 7616K, reserved 1048576K
}
Event: 11.307 GC heap after
{Heap after GC invocations=33 (full 0):
 garbage-first heap   total 290816K, used 71083K [0x0000000082c00000, 0x0000000100000000)
  region size 1024K, 1 young (1024K), 1 survivors (1024K)
 Metaspace       used 63887K, committed 64192K, reserved 1105920K
  class space    used 7489K, committed 7616K, reserved 1048576K
}

Dll operation events (2 events):
Event: 0.017 Loaded shared library C:\Program Files\Android\Android Studio\jbr\bin\java.dll
Event: 1.377 Loaded shared library C:\Program Files\Android\Android Studio\jbr\bin\verify.dll

Deoptimization events (20 events):
Event: 13.019 Thread 0x000002d478b69b10 Uncommon trap: trap_request=0xffffffde fr.pc=0x000002d407eda0ec relative=0x00000000000006ec
Event: 13.019 Thread 0x000002d478b69b10 Uncommon trap: reason=class_check action=maybe_recompile pc=0x000002d407eda0ec method=org.jetbrains.kotlin.types.ClassifierBasedTypeConstructor.equals(Ljava/lang/Object;)Z @ 38 c2
Event: 13.019 Thread 0x000002d478b69b10 DEOPT PACKING pc=0x000002d407eda0ec sp=0x000000eea16f9310
Event: 13.019 Thread 0x000002d478b69b10 DEOPT UNPACKING pc=0x000002d4075869a3 sp=0x000000eea16f92c0 mode 2
Event: 13.029 Thread 0x000002d478b69b10 Uncommon trap: trap_request=0xffffff45 fr.pc=0x000002d407aed124 relative=0x0000000000000664
Event: 13.029 Thread 0x000002d478b69b10 Uncommon trap: reason=unstable_if action=reinterpret pc=0x000002d407aed124 method=java.lang.AbstractStringBuilder.append(Ljava/lang/String;)Ljava/lang/AbstractStringBuilder; @ 1 c2
Event: 13.029 Thread 0x000002d478b69b10 DEOPT PACKING pc=0x000002d407aed124 sp=0x000000eea16fcc50
Event: 13.029 Thread 0x000002d478b69b10 DEOPT UNPACKING pc=0x000002d4075869a3 sp=0x000000eea16fcc38 mode 2
Event: 13.030 Thread 0x000002d478b69b10 Uncommon trap: trap_request=0xffffffc6 fr.pc=0x000002d407c4b724 relative=0x00000000000005c4
Event: 13.030 Thread 0x000002d478b69b10 Uncommon trap: reason=bimorphic_or_optimized_type_check action=maybe_recompile pc=0x000002d407c4b724 method=org.jetbrains.kotlin.com.intellij.psi.impl.source.tree.CompositeElement.walkCachingLength()I @ 17 c2
Event: 13.030 Thread 0x000002d478b69b10 DEOPT PACKING pc=0x000002d407c4b724 sp=0x000000eea16fc830
Event: 13.030 Thread 0x000002d478b69b10 DEOPT UNPACKING pc=0x000002d4075869a3 sp=0x000000eea16fc790 mode 2
Event: 13.038 Thread 0x000002d478b69b10 Uncommon trap: trap_request=0xffffffc6 fr.pc=0x000002d407c4b724 relative=0x00000000000005c4
Event: 13.038 Thread 0x000002d478b69b10 Uncommon trap: reason=bimorphic_or_optimized_type_check action=maybe_recompile pc=0x000002d407c4b724 method=org.jetbrains.kotlin.com.intellij.psi.impl.source.tree.CompositeElement.walkCachingLength()I @ 17 c2
Event: 13.038 Thread 0x000002d478b69b10 DEOPT PACKING pc=0x000002d407c4b724 sp=0x000000eea16fc830
Event: 13.038 Thread 0x000002d478b69b10 DEOPT UNPACKING pc=0x000002d4075869a3 sp=0x000000eea16fc790 mode 2
Event: 13.083 Thread 0x000002d478b69b10 Uncommon trap: trap_request=0xffffff45 fr.pc=0x000002d407f2a180 relative=0x0000000000004e80
Event: 13.083 Thread 0x000002d478b69b10 Uncommon trap: reason=unstable_if action=reinterpret pc=0x000002d407f2a180 method=kotlin.collections.ArraysKt___ArraysKt.indexOf([Ljava/lang/Object;Ljava/lang/Object;)I @ 51 c2
Event: 13.083 Thread 0x000002d478b69b10 DEOPT PACKING pc=0x000002d407f2a180 sp=0x000000eea16f8510
Event: 13.083 Thread 0x000002d478b69b10 DEOPT UNPACKING pc=0x000002d4075869a3 sp=0x000000eea16f8428 mode 2

Classes unloaded (0 events):
No events

Classes redefined (0 events):
No events

Internal exceptions (20 events):
Event: 10.596 Thread 0x000002d478b69b10 Implicit null exception at 0x000002d407d98c20 to 0x000002d407d9fd64
Event: 10.596 Thread 0x000002d478b69b10 Implicit null exception at 0x000002d407d98c20 to 0x000002d407d9fd64
Event: 10.596 Thread 0x000002d478b69b10 Implicit null exception at 0x000002d407d98c20 to 0x000002d407d9fd64
Event: 10.596 Thread 0x000002d478b69b10 Implicit null exception at 0x000002d407d98c20 to 0x000002d407d9fd64
Event: 10.596 Thread 0x000002d478b69b10 Implicit null exception at 0x000002d407d98c20 to 0x000002d407d9fd64
Event: 10.596 Thread 0x000002d478b69b10 Implicit null exception at 0x000002d407d98c20 to 0x000002d407d9fd64
Event: 10.596 Thread 0x000002d478b69b10 Implicit null exception at 0x000002d407d98c20 to 0x000002d407d9fd64
Event: 10.596 Thread 0x000002d478b69b10 Implicit null exception at 0x000002d407d98c20 to 0x000002d407d9fd64
Event: 10.596 Thread 0x000002d478b69b10 Implicit null exception at 0x000002d407d98c20 to 0x000002d407d9fd64
Event: 10.596 Thread 0x000002d478b69b10 Implicit null exception at 0x000002d407d6dff1 to 0x000002d407d72e68
Event: 10.905 Thread 0x000002d478b69b10 Implicit null exception at 0x000002d407e05a4d to 0x000002d407e076a4
Event: 10.905 Thread 0x000002d478b69b10 Implicit null exception at 0x000002d407c40c20 to 0x000002d407c4138c
Event: 11.163 Thread 0x000002d478b69b10 Exception <a 'java/lang/NoSuchMethodError'{0x0000000089a0f620}: 'java.lang.Object java.lang.invoke.DirectMethodHandle$Holder.newInvokeSpecial(java.lang.Object, java.lang.Object, java.lang.Object, java.lang.Object, java.lang.Object, java.lang.Object, java.lang.Object)'> (0x0000000089a0f620) 
thrown [s\src\hotspot\share\interpreter\linkResolver.cpp, line 771]
Event: 11.164 Thread 0x000002d478b69b10 Exception <a 'java/lang/NoSuchMethodError'{0x0000000089a141d8}: 'java.lang.Object java.lang.invoke.Invokers$Holder.linkToTargetMethod(java.lang.Object, java.lang.Object, java.lang.Object, java.lang.Object, java.lang.Object, java.lang.Object, java.lang.Object)'> (0x0000000089a141d8) 
thrown [s\src\hotspot\share\interpreter\linkResolver.cpp, line 771]
Event: 12.189 Thread 0x000002d478b69b10 Exception <a 'java/lang/NoSuchMethodError'{0x0000000092bf3348}: 'java.lang.Object java.lang.invoke.DirectMethodHandle$Holder.invokeInterface(java.lang.Object, java.lang.Object, java.lang.Object)'> (0x0000000092bf3348) 
thrown [s\src\hotspot\share\interpreter\linkResolver.cpp, line 771]
Event: 12.189 Thread 0x000002d478b69b10 Exception <a 'java/lang/IncompatibleClassChangeError'{0x0000000092bf7208}: Found class java.lang.Object, but interface was expected> (0x0000000092bf7208) 
thrown [s\src\hotspot\share\interpreter\linkResolver.cpp, line 838]
Event: 12.630 Thread 0x000002d478b69b10 Implicit null exception at 0x000002d407e9bdc0 to 0x000002d407e9f2fe
Event: 12.880 Thread 0x000002d478b69b10 Exception <a 'java/lang/NoSuchMethodError'{0x0000000091fc62d0}: 'int java.lang.invoke.DirectMethodHandle$Holder.invokeStaticInit(java.lang.Object, int)'> (0x0000000091fc62d0) 
thrown [s\src\hotspot\share\interpreter\linkResolver.cpp, line 771]
Event: 12.999 Thread 0x000002d478b69b10 Implicit null exception at 0x000002d407aea672 to 0x000002d407aeac8c
Event: 13.029 Thread 0x000002d478b69b10 Implicit null exception at 0x000002d407aecaf2 to 0x000002d407aed10c

VM Operations (20 events):
Event: 12.235 Executing VM operation: HandshakeAllThreads
Event: 12.235 Executing VM operation: HandshakeAllThreads done
Event: 12.265 Executing VM operation: HandshakeAllThreads
Event: 12.265 Executing VM operation: HandshakeAllThreads done
Event: 12.354 Executing VM operation: ICBufferFull
Event: 12.356 Executing VM operation: ICBufferFull done
Event: 12.497 Executing VM operation: ICBufferFull
Event: 12.497 Executing VM operation: ICBufferFull done
Event: 12.625 Executing VM operation: HandshakeAllThreads
Event: 12.625 Executing VM operation: HandshakeAllThreads done
Event: 12.627 Executing VM operation: HandshakeAllThreads
Event: 12.627 Executing VM operation: HandshakeAllThreads done
Event: 12.637 Executing VM operation: ICBufferFull
Event: 12.637 Executing VM operation: ICBufferFull done
Event: 12.645 Executing VM operation: HandshakeAllThreads
Event: 12.645 Executing VM operation: HandshakeAllThreads done
Event: 12.770 Executing VM operation: ICBufferFull
Event: 12.770 Executing VM operation: ICBufferFull done
Event: 12.913 Executing VM operation: ICBufferFull
Event: 12.913 Executing VM operation: ICBufferFull done

Events (20 events):
Event: 12.288 Thread 0x000002d41386c920 flushing nmethod 0x000002d40122a890
Event: 12.288 Thread 0x000002d41386c920 flushing nmethod 0x000002d401251590
Event: 12.288 Thread 0x000002d41386c920 flushing nmethod 0x000002d401258410
Event: 12.288 Thread 0x000002d41386c920 flushing nmethod 0x000002d401298910
Event: 12.880 loading class jdk/internal/math/FloatingDecimal
Event: 12.881 loading class jdk/internal/math/FloatingDecimal done
Event: 12.881 loading class jdk/internal/math/FloatingDecimal$ExceptionalBinaryToASCIIBuffer
Event: 12.881 loading class jdk/internal/math/FloatingDecimal$BinaryToASCIIConverter
Event: 12.881 loading class jdk/internal/math/FloatingDecimal$BinaryToASCIIConverter done
Event: 12.881 loading class jdk/internal/math/FloatingDecimal$ExceptionalBinaryToASCIIBuffer done
Event: 12.881 loading class jdk/internal/math/FloatingDecimal$BinaryToASCIIBuffer
Event: 12.881 loading class jdk/internal/math/FloatingDecimal$BinaryToASCIIBuffer done
Event: 12.882 loading class jdk/internal/math/FloatingDecimal$1
Event: 12.882 loading class jdk/internal/math/FloatingDecimal$1 done
Event: 12.882 loading class jdk/internal/math/FloatingDecimal$PreparedASCIIToBinaryBuffer
Event: 12.882 loading class jdk/internal/math/FloatingDecimal$ASCIIToBinaryConverter
Event: 12.882 loading class jdk/internal/math/FloatingDecimal$ASCIIToBinaryConverter done
Event: 12.882 loading class jdk/internal/math/FloatingDecimal$PreparedASCIIToBinaryBuffer done
Event: 12.882 loading class jdk/internal/math/FloatingDecimal$ASCIIToBinaryBuffer
Event: 12.882 loading class jdk/internal/math/FloatingDecimal$ASCIIToBinaryBuffer done


Dynamic libraries:
0x00007ff71f970000 - 0x00007ff71f97a000 	C:\Program Files\Android\Android Studio\jbr\bin\java.exe
0x00007ffa84070000 - 0x00007ffa84287000 	C:\WINDOWS\SYSTEM32\ntdll.dll
0x00007ffa81dc0000 - 0x00007ffa81e84000 	C:\WINDOWS\System32\KERNEL32.DLL
0x00007ffa81570000 - 0x00007ffa81915000 	C:\WINDOWS\System32\KERNELBASE.dll
0x00007ffa81c20000 - 0x00007ffa81d31000 	C:\WINDOWS\System32\ucrtbase.dll
0x00007ffa67580000 - 0x00007ffa67597000 	C:\Program Files\Android\Android Studio\jbr\bin\jli.dll
0x00007ffa82040000 - 0x00007ffa821ee000 	C:\WINDOWS\System32\USER32.dll
0x00007ffa813e0000 - 0x00007ffa81406000 	C:\WINDOWS\System32\win32u.dll
0x00007ffa82310000 - 0x00007ffa82339000 	C:\WINDOWS\System32\GDI32.dll
0x00007ffa81920000 - 0x00007ffa81a39000 	C:\WINDOWS\System32\gdi32full.dll
0x00007ffa814d0000 - 0x00007ffa8156a000 	C:\WINDOWS\System32\msvcp_win.dll
0x00007ffa6b6f0000 - 0x00007ffa6b70b000 	C:\Program Files\Android\Android Studio\jbr\bin\VCRUNTIME140.dll
0x00007ffa6a460000 - 0x00007ffa6a6f3000 	C:\WINDOWS\WinSxS\amd64_microsoft.windows.common-controls_6595b64144ccf1df_6.0.22621.2506_none_270c5ae97388e100\COMCTL32.dll
0x00007ffa83e50000 - 0x00007ffa83ef7000 	C:\WINDOWS\System32\msvcrt.dll
0x00007ffa83f10000 - 0x00007ffa83f41000 	C:\WINDOWS\System32\IMM32.DLL
0x00007ffa6b6e0000 - 0x00007ffa6b6ec000 	C:\Program Files\Android\Android Studio\jbr\bin\vcruntime140_1.dll
0x00007ffa67b50000 - 0x00007ffa67bdd000 	C:\Program Files\Android\Android Studio\jbr\bin\msvcp140.dll
0x00007ffa3ace0000 - 0x00007ffa3b94e000 	C:\Program Files\Android\Android Studio\jbr\bin\server\jvm.dll
0x00007ffa83bf0000 - 0x00007ffa83ca1000 	C:\WINDOWS\System32\ADVAPI32.dll
0x00007ffa82340000 - 0x00007ffa823e6000 	C:\WINDOWS\System32\sechost.dll
0x00007ffa82c30000 - 0x00007ffa82d47000 	C:\WINDOWS\System32\RPCRT4.dll
0x00007ffa7e580000 - 0x00007ffa7e589000 	C:\WINDOWS\SYSTEM32\WSOCK32.dll
0x00007ffa839b0000 - 0x00007ffa83a21000 	C:\WINDOWS\System32\WS2_32.dll
0x00007ffa6ce70000 - 0x00007ffa6cea4000 	C:\WINDOWS\SYSTEM32\WINMM.dll
0x00007ffa7a3e0000 - 0x00007ffa7a3ea000 	C:\WINDOWS\SYSTEM32\VERSION.dll
0x00007ffa80430000 - 0x00007ffa80448000 	C:\WINDOWS\SYSTEM32\kernel.appcore.dll
0x00007ffa7e590000 - 0x00007ffa7e59a000 	C:\Program Files\Android\Android Studio\jbr\bin\jimage.dll
0x00007ffa77bc0000 - 0x00007ffa77df3000 	C:\WINDOWS\SYSTEM32\DBGHELP.DLL
0x00007ffa82870000 - 0x00007ffa82bf9000 	C:\WINDOWS\System32\combase.dll
0x00007ffa83f50000 - 0x00007ffa84027000 	C:\WINDOWS\System32\OLEAUT32.dll
0x00007ffa69580000 - 0x00007ffa695b2000 	C:\WINDOWS\SYSTEM32\dbgcore.DLL
0x00007ffa81d40000 - 0x00007ffa81dba000 	C:\WINDOWS\System32\bcryptPrimitives.dll
0x00007ffa69470000 - 0x00007ffa69495000 	C:\Program Files\Android\Android Studio\jbr\bin\java.dll
0x00007ffa6b710000 - 0x00007ffa6b728000 	C:\Program Files\Android\Android Studio\jbr\bin\zip.dll
0x00007ffa83100000 - 0x00007ffa83959000 	C:\WINDOWS\System32\SHELL32.dll
0x00007ffa7f2c0000 - 0x00007ffa7fbb4000 	C:\WINDOWS\SYSTEM32\windows.storage.dll
0x00007ffa7f180000 - 0x00007ffa7f2be000 	C:\WINDOWS\SYSTEM32\wintypes.dll
0x00007ffa82e00000 - 0x00007ffa82ef3000 	C:\WINDOWS\System32\SHCORE.dll
0x00007ffa81e90000 - 0x00007ffa81eee000 	C:\WINDOWS\System32\shlwapi.dll
0x00007ffa81310000 - 0x00007ffa81336000 	C:\WINDOWS\SYSTEM32\profapi.dll
0x00007ffa6b690000 - 0x00007ffa6b6a9000 	C:\Program Files\Android\Android Studio\jbr\bin\net.dll
0x00007ffa7abd0000 - 0x00007ffa7ad07000 	C:\WINDOWS\SYSTEM32\WINHTTP.dll
0x00007ffa80910000 - 0x00007ffa80979000 	C:\WINDOWS\system32\mswsock.dll
0x00007ffa67e80000 - 0x00007ffa67e96000 	C:\Program Files\Android\Android Studio\jbr\bin\nio.dll
0x00007ffa7e520000 - 0x00007ffa7e530000 	C:\Program Files\Android\Android Studio\jbr\bin\verify.dll

dbghelp: loaded successfully - version: 4.0.5 - missing functions: none
symbol engine: initialized successfully - sym options: 0x614 - pdb path: .;C:\Program Files\Android\Android Studio\jbr\bin;C:\WINDOWS\SYSTEM32;C:\WINDOWS\WinSxS\amd64_microsoft.windows.common-controls_6595b64144ccf1df_6.0.22621.2506_none_270c5ae97388e100;C:\Program Files\Android\Android Studio\jbr\bin\server

VM Arguments:
java_command: org.jetbrains.kotlin.cli.jvm.K2JVMCompiler @C:\Users\ntdie\Desktop\Test2\AppStream\node_modules\react-native-screens\android\build\20231204_13591140415226416144.compiler.options
java_class_path (initial): C:\Users\ntdie\.gradle\caches\modules-2\files-2.1\org.jetbrains.kotlin\kotlin-compiler-embeddable\1.8.0\eb9118d4bcceaa2a94b2ae2a33a4ddba7c9a947f\kotlin-compiler-embeddable-1.8.0.jar;C:\Users\ntdie\.gradle\caches\modules-2\files-2.1\org.jetbrains.kotlin\kotlin-stdlib\1.8.0\1796921c7a3e2e2665a83e6c8d33399336cd39bc\kotlin-stdlib-1.8.0.jar;C:\Users\ntdie\.gradle\caches\modules-2\files-2.1\org.jetbrains.kotlin\kotlin-script-runtime\1.8.0\b2f7e760d283cb339974851c222a4c1d48f2d3d\kotlin-script-runtime-1.8.0.jar;C:\Users\ntdie\.gradle\caches\modules-2\files-2.1\org.jetbrains.kotlin\kotlin-reflect\1.6.10\1cbe9c92c12a94eea200d23c2bbaedaf3daf5132\kotlin-reflect-1.6.10.jar;C:\Users\ntdie\.gradle\caches\modules-2\files-2.1\org.jetbrains.kotlin\kotlin-daemon-embeddable\1.8.0\d255216c551685dc3a7e852b53617f5f01aaaa5c\kotlin-daemon-embeddable-1.8.0.jar;C:\Users\ntdie\.gradle\caches\modules-2\files-2.1\org.jetbrains.intellij.deps\trove4j\1.0.20200330\3afb14d5f9ceb459d724e907a21145e8ff394f02\trove4j-1.0.20200330.jar;C:\Users\ntdie\.gradle\caches\modules-2\files-2.1\net.java.dev.jna\jna\5.6.0\330f2244e9030119ab3030fc3fededc86713d9cc\jna-5.6.0.jar;C:\Users\ntdie\.gradle\caches\modules-2\files-2.1\org.jetbrains.kotlin\kotlin-stdlib-common\1.8.0\f7197e7cc76453ac59f8b0f8d5137cc600becd36\kotlin-stdlib-common-1.8.0.jar;C:\Users\ntdie\.gradle\caches\modules-2\files-2.1\org.jetbrains\annotations\13.0\919f0dfe192fb4e063e7dacadee7f8bb9a2672a9\annotations-13.0.jar
Launcher Type: SUN_STANDARD

[Global flags]
     intx CICompilerCount                          = 4                                         {product} {ergonomic}
     uint ConcGCThreads                            = 3                                         {product} {ergonomic}
     uint G1ConcRefinementThreads                  = 10                                        {product} {ergonomic}
   size_t G1HeapRegionSize                         = 1048576                                   {product} {ergonomic}
    uintx GCDrainStackTargetSize                   = 64                                        {product} {ergonomic}
   size_t InitialHeapSize                          = 132120576                                 {product} {ergonomic}
   size_t MarkStackSize                            = 4194304                                   {product} {ergonomic}
   size_t MaxHeapSize                              = 2101346304                                {product} {ergonomic}
   size_t MaxNewSize                               = 1260388352                                {product} {ergonomic}
   size_t MinHeapDeltaBytes                        = 1048576                                   {product} {ergonomic}
   size_t MinHeapSize                              = 8388608                                   {product} {ergonomic}
    uintx NonNMethodCodeHeapSize                   = 5839372                                {pd product} {ergonomic}
    uintx NonProfiledCodeHeapSize                  = 122909434                              {pd product} {ergonomic}
    uintx ProfiledCodeHeapSize                     = 122909434                              {pd product} {ergonomic}
    uintx ReservedCodeCacheSize                    = 251658240                              {pd product} {ergonomic}
     bool SegmentedCodeCache                       = true                                      {product} {ergonomic}
   size_t SoftMaxHeapSize                          = 2101346304                             {manageable} {ergonomic}
     bool UseCompressedClassPointers               = true                           {product lp64_product} {ergonomic}
     bool UseCompressedOops                        = true                           {product lp64_product} {ergonomic}
     bool UseG1GC                                  = true                                      {product} {ergonomic}
     bool UseLargePagesIndividualAllocation        = false                                  {pd product} {ergonomic}

Logging:
Log output configuration:
 #0: stdout all=warning uptime,level,tags
 #1: stderr all=off uptime,level,tags

Environment Variables:
JAVA_HOME=C:\Program Files\Java\jdk-11
PATH=C:\ProgramData\Oracle\Java\javapath;C:\Program Files\Common Files\Oracle\Java\javapath;C:\Program Files (x86)\Common Files\Oracle\Java\javapath;C:\WINDOWS\system32;C:\WINDOWS;C:\WINDOWS\System32\Wbem;C:\WINDOWS\System32\WindowsPowerShell\v1.0\;C:\WINDOWS\System32\OpenSSH\;C:\Program Files\Microsoft SQL Server\Client SDK\ODBC\170\Tools\Binn\;C:\Program Files\dotnet\;C:\Program Files\Azure Data Studio\bin;C:\Program Files (x86)\Microsoft SQL Server\160\Tools\Binn\;C:\Program Files\Microsoft SQL Server\160\Tools\Binn\;C:\Program Files\Microsoft SQL Server\160\DTS\Binn\;C:\Program Files (x86)\Microsoft SQL Server\160\DTS\Binn\;C:\Program Files\nodejs\;C:\Program Files\Git\cmd;C:\Users\ntdie\AppData\Local\Android\Sdk\tools;C:\Program Files\MySQL\MySQL Shell 8.0\bin\;C:\Users\ntdie\AppData\Local\Microsoft\WindowsApps;C:\Users\ntdie\AppData\Local\Programs\Microsoft VS Code\bin;C:\Users\ntdie\.dotnet\tools;C:\Program Files\Azure Data Studio\bin;C:\Users\ntdie\AppData\Roaming\npm;C:\Program Files\Java\jdk-17;C:\opencv\build\java\x64;C:\Users\ntdie\AppData\Local\Android\Sdk\platform-tools;C:\Program Files\Java\jdk-20\bin;C:\Program Files\Java\jdk-17\bin;C:\Program Files\Java\jdk-11\bin;
USERNAME=ntdie
OS=Windows_NT
PROCESSOR_IDENTIFIER=Intel64 Family 6 Model 165 Stepping 2, GenuineIntel
TMP=C:\Users\ntdie\AppData\Local\Temp
TEMP=C:\Users\ntdie\AppData\Local\Temp


JNI global refs:
JNI global refs: 12, weak refs: 19

JNI global refs memory usage: 843, weak refs: 841


---------------  S Y S T E M  ---------------

OS:
 Windows 11 , 64 bit Build 22621 (10.0.22621.2506)
OS uptime: 0 days 1:45 hours
Hyper-V role detected

CPU: total 12 (initial active 12) (6 cores per cpu, 2 threads per core) family 6 model 165 stepping 2 microcode 0xe0, cx8, cmov, fxsr, ht, mmx, 3dnowpref, sse, sse2, sse3, ssse3, sse4.1, sse4.2, popcnt, lzcnt, tsc, tscinvbit, avx, avx2, aes, erms, clmul, bmi1, bmi2, adx, fma, vzeroupper, clflush, clflushopt, hv

Memory: 4k page, system-wide physical 8013M (373M free)
TotalPageFile size 16109M (AvailPageFile size 11M)
current process WorkingSet (physical memory assigned to process): 399M, peak: 400M
current process commit charge ("private bytes"): 540M, peak: 542M

vm_info: OpenJDK 64-Bit Server VM (17.0.6+0-b2043.56-10027231) for windows-amd64 JRE (17.0.6+0-b2043.56-10027231), built on Apr 28 2023 00:43:19 by "androidbuild" with MS VC++ 16.10 / 16.11 (VS2019)

END.
