#
# There is insufficient memory for the Java Runtime Environment to continue.
# Native memory allocation (malloc) failed to allocate 1048576 bytes for AllocateHeap
# Possible reasons:
#   The system is out of physical RAM or swap space
#   The process is running with CompressedOops enabled, and the Java Heap may be blocking the growth of the native heap
# Possible solutions:
#   Reduce memory load on the system
#   Increase physical memory or swap space
#   Check if swap backing store is full
#   Decrease Java heap size (-Xmx/-Xms)
#   Decrease number of Java threads
#   Decrease Java thread stack sizes (-Xss)
#   Set larger code cache with -XX:ReservedCodeCacheSize=
# This output file may be truncated or incomplete.
#
#  Out of Memory Error (./open/src/hotspot/share/memory/allocation.cpp:46), pid=12584, tid=5372
#
# JRE version:  (11.0.20+9) (build )
# Java VM: Java HotSpot(TM) 64-Bit Server VM (11.0.20+9-LTS-256, mixed mode, sharing, tiered, compressed oops, g1 gc, windows-amd64)
# No core dump will be written. Minidumps are not enabled by default on client versions of Windows
#

---------------  S U M M A R Y ------------

Command Line: -Xmx64m -Xms64m -Dorg.gradle.appname=gradlew org.gradle.wrapper.GradleWrapperMain app:installDebug -PreactNativeDevServerPort=8081

Host: Intel(R) Core(TM) i7-10750H CPU @ 2.60GHz, 12 cores, 7G,  Windows 11 , 64 bit Build 22621 (10.0.22621.2506)
Time: Wed Nov 29 17:10:11 2023 SE Asia Standard Time elapsed time: 0.055007 seconds (0d 0h 0m 0s)

---------------  T H R E A D  ---------------

Current thread (0x00000227a89d0000):  JavaThread "Unknown thread" [_thread_in_vm, id=5372, stack(0x000000d48c200000,0x000000d48c300000)]

Stack: [0x000000d48c200000,0x000000d48c300000]
Native frames: (J=compiled Java code, j=interpreted, Vv=VM code, C=native code)
V  [jvm.dll+0x6602ba]
V  [jvm.dll+0x7a32af]
V  [jvm.dll+0x7a4979]
V  [jvm.dll+0x7a5013]
V  [jvm.dll+0x258ef5]
V  [jvm.dll+0xb1324]
V  [jvm.dll+0x2f62f6]
V  [jvm.dll+0x2efcfd]
V  [jvm.dll+0x77c327]
V  [jvm.dll+0x77dc0f]
V  [jvm.dll+0x36d3d9]
V  [jvm.dll+0x760d0f]
V  [jvm.dll+0x3df467]
V  [jvm.dll+0x3e1511]
C  [jli.dll+0x52e7]
C  [ucrtbase.dll+0x29363]
C  [KERNEL32.DLL+0x1257d]
C  [ntdll.dll+0x5aa58]


---------------  P R O C E S S  ---------------

Threads class SMR info:
_java_thread_list=0x00000227a67f28e0, length=0, elements={
}

Java Threads: ( => current thread )

Other Threads:
  0x00000227a89e4800 GCTaskThread "GC Thread#0" [stack: 0x000000d48c300000,0x000000d48c400000] [id=9928]

[error occurred during error reporting (printing all threads), id 0xc0000005, EXCEPTION_ACCESS_VIOLATION (0xc0000005) at pc=0x00007ff8aa93c2a0]

VM state:not at safepoint (not fully initialized)

VM Mutex/Monitor currently owned by a thread:  ([mutex/lock_event])
[0x00000227a89cb790] Heap_lock - owner thread: 0x00000227a89d0000

Heap address: 0x00000000fc000000, size: 64 MB, Compressed Oops mode: Non-zero based: 0x00000000fc000000
Narrow klass base: 0x0000000000000000, Narrow klass shift: 0

GC Heap History (0 events):
No events

Deoptimization events (0 events):
No events

Classes redefined (0 events):
No events

Internal exceptions (0 events):
No events

Events (0 events):
No events


Dynamic libraries:
0x00007ff7b0790000 - 0x00007ff7b07a0000 	C:\Program Files\Java\jdk-11\bin\java.exe
0x00007ff921bf0000 - 0x00007ff921e07000 	C:\WINDOWS\SYSTEM32\ntdll.dll
0x00007ff920900000 - 0x00007ff9209c4000 	C:\WINDOWS\System32\KERNEL32.DLL
0x00007ff91f3f0000 - 0x00007ff91f795000 	C:\WINDOWS\System32\KERNELBASE.dll
0x00007ff91ef60000 - 0x00007ff91f071000 	C:\WINDOWS\System32\ucrtbase.dll
0x00007ff8f0750000 - 0x00007ff8f076b000 	C:\Program Files\Java\jdk-11\bin\VCRUNTIME140.dll
0x00007ff905f10000 - 0x00007ff905f29000 	C:\Program Files\Java\jdk-11\bin\jli.dll
0x00007ff91f940000 - 0x00007ff91f9f1000 	C:\WINDOWS\System32\ADVAPI32.dll
0x00007ff920000000 - 0x00007ff9200a7000 	C:\WINDOWS\System32\msvcrt.dll
0x00007ff91fa00000 - 0x00007ff91faa6000 	C:\WINDOWS\System32\sechost.dll
0x00007ff91fae0000 - 0x00007ff91fbf7000 	C:\WINDOWS\System32\RPCRT4.dll
0x00007ff920420000 - 0x00007ff9205ce000 	C:\WINDOWS\System32\USER32.dll
0x00007ff91f7a0000 - 0x00007ff91f7c6000 	C:\WINDOWS\System32\win32u.dll
0x00007ff907a70000 - 0x00007ff907d03000 	C:\WINDOWS\WinSxS\amd64_microsoft.windows.common-controls_6595b64144ccf1df_6.0.22621.2506_none_270c5ae97388e100\COMCTL32.dll
0x00007ff91ffc0000 - 0x00007ff91ffe9000 	C:\WINDOWS\System32\GDI32.dll
0x00007ff91f1b0000 - 0x00007ff91f2c9000 	C:\WINDOWS\System32\gdi32full.dll
0x00007ff91f2d0000 - 0x00007ff91f36a000 	C:\WINDOWS\System32\msvcp_win.dll
0x00007ff9180d0000 - 0x00007ff9180da000 	C:\WINDOWS\SYSTEM32\VERSION.dll
0x00007ff91ff80000 - 0x00007ff91ffb1000 	C:\WINDOWS\System32\IMM32.DLL
0x00007ff90c250000 - 0x00007ff90c25c000 	C:\Program Files\Java\jdk-11\bin\vcruntime140_1.dll
0x00007ff8d3c10000 - 0x00007ff8d3c9e000 	C:\Program Files\Java\jdk-11\bin\msvcp140.dll
0x00007ff8aa640000 - 0x00007ff8ab1ad000 	C:\Program Files\Java\jdk-11\bin\server\jvm.dll
0x00007ff91fab0000 - 0x00007ff91fab8000 	C:\WINDOWS\System32\PSAPI.DLL
0x00007ff90aa70000 - 0x00007ff90aaa4000 	C:\WINDOWS\SYSTEM32\WINMM.dll
0x00007ff906360000 - 0x00007ff906369000 	C:\WINDOWS\SYSTEM32\WSOCK32.dll
0x00007ff920880000 - 0x00007ff9208f1000 	C:\WINDOWS\System32\WS2_32.dll
0x00007ff91dfb0000 - 0x00007ff91dfc8000 	C:\WINDOWS\SYSTEM32\kernel.appcore.dll
0x00007ff9062a0000 - 0x00007ff9062b0000 	C:\Program Files\Java\jdk-11\bin\verify.dll
0x00007ff915180000 - 0x00007ff9153b3000 	C:\WINDOWS\SYSTEM32\DBGHELP.DLL
0x00007ff9212c0000 - 0x00007ff921649000 	C:\WINDOWS\System32\combase.dll
0x00007ff921650000 - 0x00007ff921727000 	C:\WINDOWS\System32\OLEAUT32.dll
0x00007ff9065c0000 - 0x00007ff9065f2000 	C:\WINDOWS\SYSTEM32\dbgcore.DLL
0x00007ff91f370000 - 0x00007ff91f3ea000 	C:\WINDOWS\System32\bcryptPrimitives.dll
0x00007ff8ee670000 - 0x00007ff8ee698000 	C:\Program Files\Java\jdk-11\bin\java.dll
0x00007ff905fb0000 - 0x00007ff905fba000 	C:\Program Files\Java\jdk-11\bin\jimage.dll
0x00007ff8ebed0000 - 0x00007ff8ebee7000 	C:\Program Files\Java\jdk-11\bin\zip.dll

dbghelp: loaded successfully - version: 4.0.5 - missing functions: none
symbol engine: initialized successfully - sym options: 0x614 - pdb path: .;C:\Program Files\Java\jdk-11\bin;C:\WINDOWS\SYSTEM32;C:\WINDOWS\WinSxS\amd64_microsoft.windows.common-controls_6595b64144ccf1df_6.0.22621.2506_none_270c5ae97388e100;C:\Program Files\Java\jdk-11\bin\server

VM Arguments:
jvm_args: -Xmx64m -Xms64m -Dorg.gradle.appname=gradlew 
java_command: org.gradle.wrapper.GradleWrapperMain app:installDebug -PreactNativeDevServerPort=8081
java_class_path (initial): C:\Users\ntdie\Desktop\Test2\AppStream\android\\gradle\wrapper\gradle-wrapper.jar
Launcher Type: SUN_STANDARD

[Global flags]
     intx CICompilerCount                          = 4                                         {product} {ergonomic}
     uint ConcGCThreads                            = 3                                         {product} {ergonomic}
     uint G1ConcRefinementThreads                  = 10                                        {product} {ergonomic}
   size_t G1HeapRegionSize                         = 1048576                                   {product} {ergonomic}
    uintx GCDrainStackTargetSize                   = 64                                        {product} {ergonomic}
   size_t InitialHeapSize                          = 67108864                                  {product} {command line}
   size_t MarkStackSize                            = 4194304                                   {product} {ergonomic}
   size_t MaxHeapSize                              = 67108864                                  {product} {command line}
   size_t MinHeapDeltaBytes                        = 1048576                                   {product} {ergonomic}
    uintx NonNMethodCodeHeapSize                   = 5836300                                {pd product} {ergonomic}
    uintx NonProfiledCodeHeapSize                  = 122910970                              {pd product} {ergonomic}
    uintx ProfiledCodeHeapSize                     = 122910970                              {pd product} {ergonomic}
    uintx ReservedCodeCacheSize                    = 251658240                              {pd product} {ergonomic}
     bool SegmentedCodeCache                       = true                                      {product} {ergonomic}
     bool UseCompressedClassPointers               = true                                 {lp64_product} {ergonomic}
     bool UseCompressedOops                        = true                                 {lp64_product} {ergonomic}
     bool UseG1GC                                  = true                                      {product} {ergonomic}
     bool UseLargePagesIndividualAllocation        = false                                  {pd product} {ergonomic}

Logging:
Log output configuration:
 #0: stdout all=warning uptime,level,tags
 #1: stderr all=off uptime,level,tags

Environment Variables:
JAVA_HOME=C:\Program Files\Java\jdk-11
CLASSPATH=C:\Users\ntdie\Desktop\Test2\AppStream\android\\gradle\wrapper\gradle-wrapper.jar
PATH=C:\Users\ntdie\Desktop\Test2\AppStream\node_modules\.bin;C:\Users\ntdie\Desktop\Test2\AppStream\node_modules\.bin;C:\Users\ntdie\Desktop\Test2\node_modules\.bin;C:\Users\ntdie\Desktop\node_modules\.bin;C:\Users\ntdie\node_modules\.bin;C:\Users\node_modules\.bin;C:\node_modules\.bin;C:\Program Files\nodejs\node_modules\npm\node_modules\@npmcli\run-script\lib\node-gyp-bin;C:\ProgramData\Oracle\Java\javapath;C:\Program Files\Common Files\Oracle\Java\javapath;C:\Program Files (x86)\Common Files\Oracle\Java\javapath;C:\WINDOWS\system32;C:\WINDOWS;C:\WINDOWS\System32\Wbem;C:\WINDOWS\System32\WindowsPowerShell\v1.0\;C:\WINDOWS\System32\OpenSSH\;C:\Program Files\Microsoft SQL Server\Client SDK\ODBC\170\Tools\Binn\;C:\Program Files\dotnet\;C:\Program Files\Azure Data Studio\bin;C:\Program Files (x86)\Microsoft SQL Server\160\Tools\Binn\;C:\Program Files\Microsoft SQL Server\160\Tools\Binn\;C:\Program Files\Microsoft SQL Server\160\DTS\Binn\;C:\Program Files (x86)\Microsoft SQL Server\160\DTS\Binn\;C:\Program Files\nodejs\;C:\Program Files\Git\cmd;C:\Users\ntdie\AppData\Local\Android\Sdk\tools;C:\Program Files\MySQL\MySQL Shell 8.0\bin\;C:\Users\ntdie\AppData\Local\Microsoft\WindowsApps;C:\Users\ntdie\AppData\Local\Programs\Microsoft VS Code\bin;C:\Users\ntdie\.dotnet\tools;C:\Program Files\Azure Data Studio\bin;C:\Users\ntdie\AppData\Roaming\npm;C:\Program Files\Java\jdk-17;C:\opencv\build\java\x64;C:\Users\ntdie\AppData\Local\Android\Sdk\platform-tools;C:\Program Files\Java\jdk-20\bin;C:\Program Files\Java\jdk-17\bin;C:\Program Files\Java\jdk-11\bin;
USERNAME=ntdie
OS=Windows_NT
PROCESSOR_IDENTIFIER=Intel64 Family 6 Model 165 Stepping 2, GenuineIntel



---------------  S Y S T E M  ---------------

OS: Windows 11 , 64 bit Build 22621 (10.0.22621.2506)
Hyper-V role detected

CPU:total 12 (initial active 12) (6 cores per cpu, 2 threads per core) family 6 model 165 stepping 2 microcode 0xe0, cmov, cx8, fxsr, mmx, sse, sse2, sse3, ssse3, sse4.1, sse4.2, popcnt, avx, avx2, aes, clmul, erms, 3dnowpref, lzcnt, ht, tsc, tscinvbit, bmi1, bmi2, adx, fma

Memory: 4k page, system-wide physical 8013M (473M free)
TotalPageFile size 16109M (AvailPageFile size 4M)
current process WorkingSet (physical memory assigned to process): 10M, peak: 10M
current process commit charge ("private bytes"): 53M, peak: 54M

vm_info: Java HotSpot(TM) 64-Bit Server VM (11.0.20+9-LTS-256) for windows-amd64 JRE (11.0.20+9-LTS-256), built on Jun 14 2023 10:34:22 by "mach5one" with MS VC++ 17.1 (VS2022)

END.
