#
# There is insufficient memory for the Java Runtime Environment to continue.
# Native memory allocation (malloc) failed to allocate 1048576 bytes for AllocateHeap
# Possible reasons:
#   The system is out of physical RAM or swap space
#   The process is running with CompressedOops enabled, and the Java Heap may be blocking the growth of the native heap
# Possible solutions:
#   Reduce memory load on the system
#   Increase physical memory or swap space
#   Check if swap backing store is full
#   Decrease Java heap size (-Xmx/-Xms)
#   Decrease number of Java threads
#   Decrease Java thread stack sizes (-Xss)
#   Set larger code cache with -XX:ReservedCodeCacheSize=
#   JVM is running with Unscaled Compressed Oops mode in which the Java heap is
#     placed in the first 4GB address space. The Java Heap base address is the
#     maximum limit for the native heap growth. Please use -XX:HeapBaseMinAddress
#     to set the Java Heap base and to place the Java Heap above 4GB virtual address.
# This output file may be truncated or incomplete.
#
#  Out of Memory Error (./open/src/hotspot/share/memory/allocation.cpp:46), pid=18828, tid=7172
#
# JRE version: Java(TM) SE Runtime Environment 18.9 (11.0.20+9) (build 11.0.20+9-LTS-256)
# Java VM: Java HotSpot(TM) 64-Bit Server VM 18.9 (11.0.20+9-LTS-256, mixed mode, tiered, compressed oops, g1 gc, windows-amd64)
# No core dump will be written. Minidumps are not enabled by default on client versions of Windows
#

---------------  S U M M A R Y ------------

Command Line: -XX:MaxMetaspaceSize=512m --add-opens=java.base/java.util=ALL-UNNAMED --add-opens=java.base/java.lang=ALL-UNNAMED --add-opens=java.base/java.lang.invoke=ALL-UNNAMED --add-opens=java.prefs/java.util.prefs=ALL-UNNAMED --add-opens=java.base/java.nio.charset=ALL-UNNAMED --add-opens=java.base/java.net=ALL-UNNAMED --add-opens=java.base/java.util.concurrent.atomic=ALL-UNNAMED -Xmx2048m -Dfile.encoding=windows-1252 -Duser.country=US -Duser.language=en -Duser.variant org.gradle.launcher.daemon.bootstrap.GradleDaemon 8.0.1

Host: Intel(R) Core(TM) i7-10750H CPU @ 2.60GHz, 12 cores, 7G,  Windows 11 , 64 bit Build 22621 (10.0.22621.2506)
Time: Mon Dec  4 14:42:58 2023 SE Asia Standard Time elapsed time: 14.213618 seconds (0d 0h 0m 14s)

---------------  T H R E A D  ---------------

Current thread (0x00000148cf1f9800):  VMThread "VM Thread" [stack: 0x0000000bb5e00000,0x0000000bb5f00000] [id=7172]

Stack: [0x0000000bb5e00000,0x0000000bb5f00000]
[error occurred during error reporting (printing stack bounds), id 0xc0000005, EXCEPTION_ACCESS_VIOLATION (0xc0000005) at pc=0x00000148b7c70f2d]

Native frames: (J=compiled Java code, j=interpreted, Vv=VM code, C=native code)
V  [jvm.dll+0x6602ba]
V  [jvm.dll+0x7a32af]
V  [jvm.dll+0x7a4979]
V  [jvm.dll+0x7a4f75]
V  [jvm.dll+0x7a4f2b]
V  [jvm.dll+0x65f7c3]
V  [jvm.dll+0x65feb8]
C  [ntdll.dll+0xa441f]
C  [ntdll.dll+0x1e466]
C  [ntdll.dll+0xa340e]
C  0x00000148b7c70f2d

VM_Operation (0x0000000bb72f4500): CollectForMetadataAllocation, mode: safepoint, requested by thread 0x00000148cfcef800


---------------  P R O C E S S  ---------------

Threads class SMR info:
_java_thread_list=0x00000148e2267a50, length=40, elements={
0x00000148aedc1800, 0x00000148cf1fb800, 0x00000148cf1fd800, 0x00000148cf216800,
0x00000148cf218000, 0x00000148cf21a800, 0x00000148cf21e800, 0x00000148cf223000,
0x00000148cf229800, 0x00000148cfcec000, 0x00000148cfced000, 0x00000148cfcee000,
0x00000148cfcea800, 0x00000148cfceb800, 0x00000148cfcee800, 0x00000148cfce9000,
0x00000148cfcef800, 0x00000148cfce9800, 0x00000148d1c48000, 0x00000148d1c47000,
0x00000148d1c42000, 0x00000148d1c48800, 0x00000148d1c44800, 0x00000148d1c43000,
0x00000148d1c49800, 0x00000148d1c45800, 0x00000148d1c44000, 0x00000148d1c4b000,
0x00000148d1c4a800, 0x00000148d1c4c000, 0x00000148d1c46000, 0x00000148d1c4f000,
0x00000148d1c4c800, 0x00000148d3b72000, 0x00000148d3b73000, 0x00000148d3b74000,
0x00000148d30a3800, 0x00000148d3b76800, 0x00000148d3b7c000, 0x00000148d3b78000
}

Java Threads: ( => current thread )
  0x00000148aedc1800 JavaThread "main" [_thread_blocked, id=2612, stack(0x0000000bb5800000,0x0000000bb5900000)]
  0x00000148cf1fb800 JavaThread "Reference Handler" daemon [_thread_blocked, id=10136, stack(0x0000000bb5f00000,0x0000000bb6000000)]
  0x00000148cf1fd800 JavaThread "Finalizer" daemon [_thread_blocked, id=11576, stack(0x0000000bb6000000,0x0000000bb6100000)]
  0x00000148cf216800 JavaThread "Signal Dispatcher" daemon [_thread_blocked, id=7188, stack(0x0000000bb6100000,0x0000000bb6200000)]
  0x00000148cf218000 JavaThread "Attach Listener" daemon [_thread_blocked, id=17460, stack(0x0000000bb6200000,0x0000000bb6300000)]
  0x00000148cf21a800 JavaThread "Service Thread" daemon [_thread_blocked, id=16580, stack(0x0000000bb6300000,0x0000000bb6400000)]
  0x00000148cf21e800 JavaThread "C2 CompilerThread0" daemon [_thread_blocked, id=5088, stack(0x0000000bb6400000,0x0000000bb6500000)]
  0x00000148cf223000 JavaThread "C1 CompilerThread0" daemon [_thread_blocked, id=688, stack(0x0000000bb6500000,0x0000000bb6600000)]
  0x00000148cf229800 JavaThread "Sweeper thread" daemon [_thread_blocked, id=18656, stack(0x0000000bb6600000,0x0000000bb6700000)]
  0x00000148cfcec000 JavaThread "Common-Cleaner" daemon [_thread_blocked, id=11896, stack(0x0000000bb6700000,0x0000000bb6800000)]
  0x00000148cfced000 JavaThread "Daemon health stats" [_thread_blocked, id=6784, stack(0x0000000bb6a00000,0x0000000bb6b00000)]
  0x00000148cfcee000 JavaThread "Incoming local TCP Connector on port 60487" [_thread_in_native, id=4720, stack(0x0000000bb6900000,0x0000000bb6a00000)]
  0x00000148cfcea800 JavaThread "Daemon periodic checks" [_thread_blocked, id=19000, stack(0x0000000bb6e00000,0x0000000bb6f00000)]
  0x00000148cfceb800 JavaThread "Daemon" [_thread_blocked, id=8464, stack(0x0000000bb6f00000,0x0000000bb7000000)]
  0x00000148cfcee800 JavaThread "Handler for socket connection from /127.0.0.1:60487 to /127.0.0.1:60488" [_thread_in_native, id=1652, stack(0x0000000bb7000000,0x0000000bb7100000)]
  0x00000148cfce9000 JavaThread "Cancel handler" [_thread_blocked, id=16832, stack(0x0000000bb7100000,0x0000000bb7200000)]
  0x00000148cfcef800 JavaThread "Daemon worker" [_thread_blocked, id=8520, stack(0x0000000bb7200000,0x0000000bb7300000)]
  0x00000148cfce9800 JavaThread "Asynchronous log dispatcher for DefaultDaemonConnection: socket connection from /127.0.0.1:60487 to /127.0.0.1:60488" [_thread_blocked, id=8896, stack(0x0000000bb7300000,0x0000000bb7400000)]
  0x00000148d1c48000 JavaThread "Stdin handler" [_thread_blocked, id=13240, stack(0x0000000bb7400000,0x0000000bb7500000)]
  0x00000148d1c47000 JavaThread "Daemon client event forwarder" [_thread_blocked, id=8412, stack(0x0000000bb7500000,0x0000000bb7600000)]
  0x00000148d1c42000 JavaThread "Cache worker for journal cache (C:\Users\ntdie\.gradle\caches\journal-1)" [_thread_blocked, id=20268, stack(0x0000000bb7d00000,0x0000000bb7e00000)]
  0x00000148d1c48800 JavaThread "File lock request listener" [_thread_in_native, id=19048, stack(0x0000000bb7e00000,0x0000000bb7f00000)]
  0x00000148d1c44800 JavaThread "Cache worker for file hash cache (C:\Users\ntdie\.gradle\caches\8.0.1\fileHashes)" [_thread_blocked, id=1884, stack(0x0000000bb8100000,0x0000000bb8200000)]
  0x00000148d1c43000 JavaThread "File watcher server" daemon [_thread_in_native, id=20240, stack(0x0000000bb8200000,0x0000000bb8300000)]
  0x00000148d1c49800 JavaThread "File watcher consumer" daemon [_thread_blocked, id=17480, stack(0x0000000bb8300000,0x0000000bb8400000)]
  0x00000148d1c45800 JavaThread "Cache worker for checksums cache (C:\Users\ntdie\Desktop\Test2\AppStream\android\.gradle\8.0.1\checksums)" [_thread_blocked, id=10216, stack(0x0000000bb8400000,0x0000000bb8500000)]
  0x00000148d1c44000 JavaThread "Cache worker for cache directory md-rule (C:\Users\ntdie\.gradle\caches\8.0.1\md-rule)" [_thread_blocked, id=14288, stack(0x0000000bb8500000,0x0000000bb8600000)]
  0x00000148d1c4b000 JavaThread "Cache worker for file content cache (C:\Users\ntdie\.gradle\caches\8.0.1\fileContent)" [_thread_blocked, id=7432, stack(0x0000000bb8600000,0x0000000bb8700000)]
  0x00000148d1c4a800 JavaThread "Cache worker for file hash cache (C:\Users\ntdie\Desktop\Test2\AppStream\android\.gradle\8.0.1\fileHashes)" [_thread_blocked, id=6308, stack(0x0000000bb8700000,0x0000000bb8800000)]
  0x00000148d1c4c000 JavaThread "Cache worker for cache directory md-supplier (C:\Users\ntdie\.gradle\caches\8.0.1\md-supplier)" [_thread_blocked, id=824, stack(0x0000000bb8800000,0x0000000bb8900000)]
  0x00000148d1c46000 JavaThread "Cache worker for execution history cache (C:\Users\ntdie\.gradle\caches\8.0.1\executionHistory)" [_thread_blocked, id=15460, stack(0x0000000bb8900000,0x0000000bb8a00000)]
  0x00000148d1c4f000 JavaThread "jar transforms" [_thread_blocked, id=17600, stack(0x0000000bb8a00000,0x0000000bb8b00000)]
  0x00000148d1c4c800 JavaThread "jar transforms Thread 2" [_thread_blocked, id=5884, stack(0x0000000bb8b00000,0x0000000bb8c00000)]
  0x00000148d3b72000 JavaThread "jar transforms Thread 3" [_thread_blocked, id=18940, stack(0x0000000bb8c00000,0x0000000bb8d00000)]
  0x00000148d3b73000 JavaThread "jar transforms Thread 4" [_thread_blocked, id=13504, stack(0x0000000bb8d00000,0x0000000bb8e00000)]
  0x00000148d3b74000 JavaThread "Cache worker for kotlin-dsl (C:\Users\ntdie\.gradle\caches\8.0.1\kotlin-dsl)" [_thread_blocked, id=384, stack(0x0000000bb8e00000,0x0000000bb8f00000)]
  0x00000148d30a3800 JavaThread "C2 CompilerThread1" daemon [_thread_blocked, id=5152, stack(0x0000000bb6d00000,0x0000000bb6e00000)]
  0x00000148d3b76800 JavaThread "jar transforms Thread 5" [_thread_blocked, id=11016, stack(0x0000000bb9400000,0x0000000bb9500000)]
  0x00000148d3b7c000 JavaThread "jar transforms Thread 6" [_thread_blocked, id=10608, stack(0x0000000bb9500000,0x0000000bb9600000)]
  0x00000148d3b78000 JavaThread "Cache worker for dependencies-accessors (C:\Users\ntdie\Desktop\Test2\AppStream\android\.gradle\8.0.1\dependencies-accessors)" [_thread_blocked, id=13516, stack(0x0000000bb9600000,0x0000000bb9700000)]

Other Threads:
=>0x00000148cf1f9800 VMThread "VM Thread" [stack: 0x0000000bb5e00000,0x0000000bb5f00000] [id=7172]
  0x00000148cfd2d800 WatcherThread [stack: 0x0000000bb6800000,0x0000000bb6900000] [id=8836]
  0x00000148aedd8800 GCTaskThread "GC Thread#0" [stack: 0x0000000bb5900000,0x0000000bb5a00000] [id=10284]
  0x00000148d0a6d800 GCTaskThread "GC Thread#1" [stack: 0x0000000bb6b00000,0x0000000bb6c00000] [id=8112]
  0x00000148d092c000 GCTaskThread "GC Thread#2" [stack: 0x0000000bb6c00000,0x0000000bb6d00000] [id=10236]
  0x00000148d0e58800 GCTaskThread "GC Thread#3" [stack: 0x0000000bb7600000,0x0000000bb7700000] [id=4520]
  0x00000148d22e5000 GCTaskThread "GC Thread#4" [stack: 0x0000000bb7700000,0x0000000bb7800000] [id=9968]
  0x00000148d3103800 GCTaskThread "GC Thread#5" [stack: 0x0000000bb7800000,0x0000000bb7900000] [id=11128]
  0x00000148d1606000 GCTaskThread "GC Thread#6" [stack: 0x0000000bb7900000,0x0000000bb7a00000] [id=1472]
  0x00000148d1715000 GCTaskThread "GC Thread#7" [stack: 0x0000000bb7a00000,0x0000000bb7b00000] [id=14812]
  0x00000148d0987800 GCTaskThread "GC Thread#8" [stack: 0x0000000bb7b00000,0x0000000bb7c00000] [id=15432]
  0x00000148d1bf9000 GCTaskThread "GC Thread#9" [stack: 0x0000000bb7c00000,0x0000000bb7d00000] [id=15516]
  0x00000148aee08800 ConcurrentGCThread "G1 Main Marker" [stack: 0x0000000bb5a00000,0x0000000bb5b00000] [id=4960]
  0x00000148aee09800 ConcurrentGCThread "G1 Conc#0" [stack: 0x0000000bb5b00000,0x0000000bb5c00000] [id=18980]
  0x00000148d1f6b000 ConcurrentGCThread "G1 Conc#1" [stack: 0x0000000bb7f00000,0x0000000bb8000000] [id=19716]
  0x00000148d2265000 ConcurrentGCThread "G1 Conc#2" [stack: 0x0000000bb8000000,0x0000000bb8100000] [id=17696]
  0x00000148cf067800 ConcurrentGCThread "G1 Refine#0" [stack: 0x0000000bb5c00000,0x0000000bb5d00000] [id=18320]
  0x00000148d289e800 ConcurrentGCThread "G1 Refine#1" [stack: 0x0000000bb8f00000,0x0000000bb9000000] [id=14372]
  0x00000148d68df800 ConcurrentGCThread "G1 Refine#2" [stack: 0x0000000bb9000000,0x0000000bb9100000] [id=19656]
  0x00000148d52ef000 ConcurrentGCThread "G1 Refine#3" [stack: 0x0000000bb9100000,0x0000000bb9200000] [id=10232]
  0x00000148d2618800 ConcurrentGCThread "G1 Refine#4" [stack: 0x0000000bb9200000,0x0000000bb9300000] [id=19916]
  0x00000148d5210800 ConcurrentGCThread "G1 Refine#5" [stack: 0x0000000bb9300000,0x0000000bb9400000] [id=14016]
  0x00000148cf069800 ConcurrentGCThread "G1 Young RemSet Sampling" [stack: 0x0000000bb5d00000,0x0000000bb5e00000] [id=14456]

Threads with active compile tasks:

VM state:at safepoint (normal execution)

VM Mutex/Monitor currently owned by a thread:  ([mutex/lock_event])
[0x00000148aedbd050] Threads_lock - owner thread: 0x00000148cf1f9800
[0x00000148aedbd7a0] Heap_lock - owner thread: 0x00000148cfcef800

Heap address: 0x0000000080000000, size: 2048 MB, Compressed Oops mode: 32-bit
Narrow klass base: 0x0000000000000000, Narrow klass shift: 3
Compressed class space size: 528482304 Address: 0x0000000100000000

Heap:
 garbage-first heap   total 155648K, used 87959K [0x0000000080000000, 0x0000000100000000)
  region size 1024K, 4 young (4096K), 4 survivors (4096K)
 Metaspace       used 105044K, capacity 106757K, committed 106800K, reserved 618496K
  class space    used 13184K, capacity 13940K, committed 13952K, reserved 516096K
Heap Regions: E=young(eden), S=young(survivor), O=old, HS=humongous(starts), HC=humongous(continues), CS=collection set, F=free, A=archive, TAMS=top-at-mark-start (previous, next)
|   0|0x0000000080000000, 0x0000000080100000, 0x0000000080100000|100%|HS|  |TAMS 0x0000000080100000, 0x0000000080100000| Complete 
|   1|0x0000000080100000, 0x0000000080200000, 0x0000000080200000|100%|HC|  |TAMS 0x0000000080200000, 0x0000000080200000| Complete 
|   2|0x0000000080200000, 0x0000000080300000, 0x0000000080300000|100%|HC|  |TAMS 0x0000000080300000, 0x0000000080300000| Complete 
|   3|0x0000000080300000, 0x0000000080400000, 0x0000000080400000|100%|HC|  |TAMS 0x0000000080400000, 0x0000000080400000| Complete 
|   4|0x0000000080400000, 0x0000000080500000, 0x0000000080500000|100%| O|  |TAMS 0x0000000080500000, 0x0000000080500000| Untracked 
|   5|0x0000000080500000, 0x0000000080600000, 0x0000000080600000|100%| O|  |TAMS 0x0000000080600000, 0x0000000080600000| Untracked 
|   6|0x0000000080600000, 0x0000000080700000, 0x0000000080700000|100%| O|  |TAMS 0x0000000080700000, 0x0000000080700000| Untracked 
|   7|0x0000000080700000, 0x0000000080800000, 0x0000000080800000|100%| O|  |TAMS 0x0000000080800000, 0x0000000080800000| Untracked 
|   8|0x0000000080800000, 0x0000000080900000, 0x0000000080900000|100%| O|  |TAMS 0x0000000080900000, 0x0000000080900000| Untracked 
|   9|0x0000000080900000, 0x0000000080a00000, 0x0000000080a00000|100%| O|  |TAMS 0x0000000080a00000, 0x0000000080a00000| Untracked 
|  10|0x0000000080a00000, 0x0000000080b00000, 0x0000000080b00000|100%| O|  |TAMS 0x0000000080b00000, 0x0000000080b00000| Untracked 
|  11|0x0000000080b00000, 0x0000000080c00000, 0x0000000080c00000|100%| O|  |TAMS 0x0000000080c00000, 0x0000000080c00000| Untracked 
|  12|0x0000000080c00000, 0x0000000080d00000, 0x0000000080d00000|100%| O|  |TAMS 0x0000000080d00000, 0x0000000080d00000| Untracked 
|  13|0x0000000080d00000, 0x0000000080e00000, 0x0000000080e00000|100%| O|  |TAMS 0x0000000080e00000, 0x0000000080e00000| Untracked 
|  14|0x0000000080e00000, 0x0000000080f00000, 0x0000000080f00000|100%| O|  |TAMS 0x0000000080f00000, 0x0000000080f00000| Untracked 
|  15|0x0000000080f00000, 0x0000000081000000, 0x0000000081000000|100%| O|  |TAMS 0x0000000081000000, 0x0000000081000000| Untracked 
|  16|0x0000000081000000, 0x0000000081100000, 0x0000000081100000|100%| O|  |TAMS 0x0000000081100000, 0x0000000081100000| Untracked 
|  17|0x0000000081100000, 0x0000000081200000, 0x0000000081200000|100%| O|  |TAMS 0x0000000081200000, 0x0000000081200000| Untracked 
|  18|0x0000000081200000, 0x0000000081300000, 0x0000000081300000|100%| O|  |TAMS 0x0000000081300000, 0x0000000081300000| Untracked 
|  19|0x0000000081300000, 0x0000000081400000, 0x0000000081400000|100%| O|  |TAMS 0x0000000081400000, 0x0000000081400000| Untracked 
|  20|0x0000000081400000, 0x0000000081500000, 0x0000000081500000|100%| O|  |TAMS 0x0000000081500000, 0x0000000081500000| Untracked 
|  21|0x0000000081500000, 0x0000000081600000, 0x0000000081600000|100%| O|  |TAMS 0x0000000081600000, 0x0000000081600000| Untracked 
|  22|0x0000000081600000, 0x00000000816ffff8, 0x0000000081700000| 99%| O|  |TAMS 0x00000000816ffff8, 0x00000000816ffff8| Untracked 
|  23|0x0000000081700000, 0x0000000081800000, 0x0000000081800000|100%| O|  |TAMS 0x0000000081800000, 0x0000000081800000| Untracked 
|  24|0x0000000081800000, 0x0000000081900000, 0x0000000081900000|100%| O|  |TAMS 0x0000000081900000, 0x0000000081900000| Untracked 
|  25|0x0000000081900000, 0x0000000081a00000, 0x0000000081a00000|100%| O|  |TAMS 0x0000000081a00000, 0x0000000081a00000| Untracked 
|  26|0x0000000081a00000, 0x0000000081b00000, 0x0000000081b00000|100%| O|  |TAMS 0x0000000081b00000, 0x0000000081b00000| Untracked 
|  27|0x0000000081b00000, 0x0000000081c00000, 0x0000000081c00000|100%| O|  |TAMS 0x0000000081c00000, 0x0000000081c00000| Untracked 
|  28|0x0000000081c00000, 0x0000000081d00000, 0x0000000081d00000|100%| O|  |TAMS 0x0000000081d00000, 0x0000000081d00000| Untracked 
|  29|0x0000000081d00000, 0x0000000081e00000, 0x0000000081e00000|100%| O|  |TAMS 0x0000000081e00000, 0x0000000081e00000| Untracked 
|  30|0x0000000081e00000, 0x0000000081f00000, 0x0000000081f00000|100%| O|  |TAMS 0x0000000081f00000, 0x0000000081f00000| Untracked 
|  31|0x0000000081f00000, 0x0000000082000000, 0x0000000082000000|100%|HS|  |TAMS 0x0000000082000000, 0x0000000082000000| Complete 
|  32|0x0000000082000000, 0x0000000082100000, 0x0000000082100000|100%|HC|  |TAMS 0x0000000082100000, 0x0000000082100000| Complete 
|  33|0x0000000082100000, 0x0000000082200000, 0x0000000082200000|100%|HC|  |TAMS 0x0000000082200000, 0x0000000082200000| Complete 
|  34|0x0000000082200000, 0x0000000082300000, 0x0000000082300000|100%|HC|  |TAMS 0x0000000082300000, 0x0000000082300000| Complete 
|  35|0x0000000082300000, 0x0000000082400000, 0x0000000082400000|100%|HS|  |TAMS 0x0000000082400000, 0x0000000082400000| Complete 
|  36|0x0000000082400000, 0x0000000082500000, 0x0000000082500000|100%|HC|  |TAMS 0x0000000082500000, 0x0000000082500000| Complete 
|  37|0x0000000082500000, 0x0000000082600000, 0x0000000082600000|100%|HC|  |TAMS 0x0000000082600000, 0x0000000082600000| Complete 
|  38|0x0000000082600000, 0x0000000082700000, 0x0000000082700000|100%|HC|  |TAMS 0x0000000082700000, 0x0000000082700000| Complete 
|  39|0x0000000082700000, 0x0000000082800000, 0x0000000082800000|100%|HC|  |TAMS 0x0000000082800000, 0x0000000082800000| Complete 
|  40|0x0000000082800000, 0x0000000082900000, 0x0000000082900000|100%|HC|  |TAMS 0x0000000082900000, 0x0000000082900000| Complete 
|  41|0x0000000082900000, 0x0000000082a00000, 0x0000000082a00000|100%| O|  |TAMS 0x0000000082a00000, 0x0000000082a00000| Untracked 
|  42|0x0000000082a00000, 0x0000000082b00000, 0x0000000082b00000|100%| O|  |TAMS 0x0000000082b00000, 0x0000000082b00000| Untracked 
|  43|0x0000000082b00000, 0x0000000082c00000, 0x0000000082c00000|100%| O|  |TAMS 0x0000000082c00000, 0x0000000082c00000| Untracked 
|  44|0x0000000082c00000, 0x0000000082d00000, 0x0000000082d00000|100%| O|  |TAMS 0x0000000082d00000, 0x0000000082d00000| Untracked 
|  45|0x0000000082d00000, 0x0000000082e00000, 0x0000000082e00000|100%| O|  |TAMS 0x0000000082e00000, 0x0000000082e00000| Untracked 
|  46|0x0000000082e00000, 0x0000000082f00000, 0x0000000082f00000|100%| O|  |TAMS 0x0000000082f00000, 0x0000000082f00000| Untracked 
|  47|0x0000000082f00000, 0x0000000083000000, 0x0000000083000000|100%| O|  |TAMS 0x0000000083000000, 0x0000000083000000| Untracked 
|  48|0x0000000083000000, 0x0000000083100000, 0x0000000083100000|100%| O|  |TAMS 0x0000000083100000, 0x0000000083100000| Untracked 
|  49|0x0000000083100000, 0x0000000083200000, 0x0000000083200000|100%| O|  |TAMS 0x0000000083200000, 0x0000000083200000| Untracked 
|  50|0x0000000083200000, 0x0000000083300000, 0x0000000083300000|100%| O|  |TAMS 0x0000000083300000, 0x0000000083300000| Untracked 
|  51|0x0000000083300000, 0x0000000083400000, 0x0000000083400000|100%| O|  |TAMS 0x0000000083400000, 0x0000000083400000| Untracked 
|  52|0x0000000083400000, 0x0000000083500000, 0x0000000083500000|100%| O|  |TAMS 0x0000000083500000, 0x0000000083500000| Untracked 
|  53|0x0000000083500000, 0x0000000083600000, 0x0000000083600000|100%| O|  |TAMS 0x0000000083600000, 0x0000000083600000| Untracked 
|  54|0x0000000083600000, 0x0000000083700000, 0x0000000083700000|100%| O|  |TAMS 0x0000000083700000, 0x0000000083700000| Untracked 
|  55|0x0000000083700000, 0x0000000083800000, 0x0000000083800000|100%| O|  |TAMS 0x0000000083800000, 0x0000000083800000| Untracked 
|  56|0x0000000083800000, 0x0000000083900000, 0x0000000083900000|100%| O|  |TAMS 0x0000000083900000, 0x0000000083900000| Untracked 
|  57|0x0000000083900000, 0x0000000083a00000, 0x0000000083a00000|100%| O|  |TAMS 0x0000000083a00000, 0x0000000083a00000| Untracked 
|  58|0x0000000083a00000, 0x0000000083b00000, 0x0000000083b00000|100%| O|  |TAMS 0x0000000083b00000, 0x0000000083b00000| Untracked 
|  59|0x0000000083b00000, 0x0000000083c00000, 0x0000000083c00000|100%| O|  |TAMS 0x0000000083c00000, 0x0000000083c00000| Untracked 
|  60|0x0000000083c00000, 0x0000000083d00000, 0x0000000083d00000|100%| O|  |TAMS 0x0000000083d00000, 0x0000000083d00000| Untracked 
|  61|0x0000000083d00000, 0x0000000083e00000, 0x0000000083e00000|100%| O|  |TAMS 0x0000000083e00000, 0x0000000083e00000| Untracked 
|  62|0x0000000083e00000, 0x0000000083f00000, 0x0000000083f00000|100%| O|  |TAMS 0x0000000083f00000, 0x0000000083f00000| Untracked 
|  63|0x0000000083f00000, 0x0000000084000000, 0x0000000084000000|100%| O|  |TAMS 0x0000000084000000, 0x0000000084000000| Untracked 
|  64|0x0000000084000000, 0x0000000084100000, 0x0000000084100000|100%| O|  |TAMS 0x0000000084100000, 0x0000000084100000| Untracked 
|  65|0x0000000084100000, 0x0000000084200000, 0x0000000084200000|100%| O|  |TAMS 0x0000000084200000, 0x0000000084200000| Untracked 
|  66|0x0000000084200000, 0x0000000084300000, 0x0000000084300000|100%| O|  |TAMS 0x0000000084300000, 0x0000000084300000| Untracked 
|  67|0x0000000084300000, 0x0000000084400000, 0x0000000084400000|100%| O|  |TAMS 0x0000000084400000, 0x0000000084400000| Untracked 
|  68|0x0000000084400000, 0x0000000084500000, 0x0000000084500000|100%| O|  |TAMS 0x0000000084500000, 0x0000000084500000| Untracked 
|  69|0x0000000084500000, 0x0000000084600000, 0x0000000084600000|100%| O|  |TAMS 0x0000000084600000, 0x0000000084600000| Untracked 
|  70|0x0000000084600000, 0x0000000084700000, 0x0000000084700000|100%| O|  |TAMS 0x0000000084700000, 0x0000000084700000| Untracked 
|  71|0x0000000084700000, 0x0000000084800000, 0x0000000084800000|100%| O|  |TAMS 0x0000000084800000, 0x0000000084800000| Untracked 
|  72|0x0000000084800000, 0x0000000084900000, 0x0000000084900000|100%| O|  |TAMS 0x0000000084852a00, 0x0000000084900000| Untracked 
|  73|0x0000000084900000, 0x0000000084a00000, 0x0000000084a00000|100%| O|  |TAMS 0x0000000084900000, 0x0000000084a00000| Untracked 
|  74|0x0000000084a00000, 0x0000000084b00000, 0x0000000084b00000|100%| O|  |TAMS 0x0000000084a00000, 0x0000000084b00000| Untracked 
|  75|0x0000000084b00000, 0x0000000084c00000, 0x0000000084c00000|100%| O|  |TAMS 0x0000000084b00000, 0x0000000084c00000| Untracked 
|  76|0x0000000084c00000, 0x0000000084d00000, 0x0000000084d00000|100%| O|  |TAMS 0x0000000084c00000, 0x0000000084d00000| Untracked 
|  77|0x0000000084d00000, 0x0000000084e00000, 0x0000000084e00000|100%| O|  |TAMS 0x0000000084d00000, 0x0000000084e00000| Untracked 
|  78|0x0000000084e00000, 0x0000000084f00000, 0x0000000084f00000|100%| O|  |TAMS 0x0000000084e00000, 0x0000000084f00000| Untracked 
|  79|0x0000000084f00000, 0x0000000085000000, 0x0000000085000000|100%| O|  |TAMS 0x0000000084f00000, 0x0000000085000000| Untracked 
|  80|0x0000000085000000, 0x0000000085100000, 0x0000000085100000|100%| O|  |TAMS 0x0000000085000000, 0x0000000085100000| Untracked 
|  81|0x0000000085100000, 0x00000000851f3400, 0x0000000085200000| 95%| O|  |TAMS 0x0000000085100000, 0x00000000851f3400| Untracked 
|  82|0x0000000085200000, 0x0000000085200000, 0x0000000085300000|  0%| F|  |TAMS 0x0000000085200000, 0x0000000085200000| Untracked 
|  83|0x0000000085300000, 0x0000000085300000, 0x0000000085400000|  0%| F|  |TAMS 0x0000000085300000, 0x0000000085300000| Untracked 
|  84|0x0000000085400000, 0x0000000085400000, 0x0000000085500000|  0%| F|  |TAMS 0x0000000085400000, 0x0000000085400000| Untracked 
|  85|0x0000000085500000, 0x0000000085500000, 0x0000000085600000|  0%| F|  |TAMS 0x0000000085500000, 0x0000000085500000| Untracked 
|  86|0x0000000085600000, 0x0000000085600000, 0x0000000085700000|  0%| F|  |TAMS 0x0000000085600000, 0x0000000085600000| Untracked 
|  87|0x0000000085700000, 0x0000000085700000, 0x0000000085800000|  0%| F|  |TAMS 0x0000000085700000, 0x0000000085700000| Untracked 
|  88|0x0000000085800000, 0x0000000085800000, 0x0000000085900000|  0%| F|  |TAMS 0x0000000085800000, 0x0000000085800000| Untracked 
|  89|0x0000000085900000, 0x0000000085900000, 0x0000000085a00000|  0%| F|  |TAMS 0x0000000085900000, 0x0000000085900000| Untracked 
|  90|0x0000000085a00000, 0x0000000085a00000, 0x0000000085b00000|  0%| F|  |TAMS 0x0000000085a00000, 0x0000000085a00000| Untracked 
|  91|0x0000000085b00000, 0x0000000085b00000, 0x0000000085c00000|  0%| F|  |TAMS 0x0000000085b00000, 0x0000000085b00000| Untracked 
|  92|0x0000000085c00000, 0x0000000085c00000, 0x0000000085d00000|  0%| F|  |TAMS 0x0000000085c00000, 0x0000000085c00000| Untracked 
|  93|0x0000000085d00000, 0x0000000085d00000, 0x0000000085e00000|  0%| F|  |TAMS 0x0000000085d00000, 0x0000000085d00000| Untracked 
|  94|0x0000000085e00000, 0x0000000085e00000, 0x0000000085f00000|  0%| F|  |TAMS 0x0000000085e00000, 0x0000000085e00000| Untracked 
|  95|0x0000000085f00000, 0x0000000085f00000, 0x0000000086000000|  0%| F|  |TAMS 0x0000000085f00000, 0x0000000085f00000| Untracked 
|  96|0x0000000086000000, 0x0000000086000000, 0x0000000086100000|  0%| F|  |TAMS 0x0000000086000000, 0x0000000086000000| Untracked 
|  97|0x0000000086100000, 0x0000000086100000, 0x0000000086200000|  0%| F|  |TAMS 0x0000000086100000, 0x0000000086100000| Untracked 
|  98|0x0000000086200000, 0x0000000086200000, 0x0000000086300000|  0%| F|  |TAMS 0x0000000086200000, 0x0000000086200000| Untracked 
|  99|0x0000000086300000, 0x0000000086300000, 0x0000000086400000|  0%| F|  |TAMS 0x0000000086300000, 0x0000000086300000| Untracked 
| 100|0x0000000086400000, 0x00000000864f2898, 0x0000000086500000| 94%| S|CS|TAMS 0x0000000086400000, 0x0000000086400000| Complete 
| 101|0x0000000086500000, 0x0000000086500000, 0x0000000086600000|  0%| F|  |TAMS 0x0000000086500000, 0x0000000086500000| Untracked 
| 102|0x0000000086600000, 0x0000000086600000, 0x0000000086700000|  0%| F|  |TAMS 0x0000000086600000, 0x0000000086600000| Untracked 
| 103|0x0000000086700000, 0x0000000086700000, 0x0000000086800000|  0%| F|  |TAMS 0x0000000086700000, 0x0000000086700000| Untracked 
| 104|0x0000000086800000, 0x0000000086800000, 0x0000000086900000|  0%| F|  |TAMS 0x0000000086800000, 0x0000000086800000| Untracked 
| 105|0x0000000086900000, 0x0000000086a00000, 0x0000000086a00000|100%| S|CS|TAMS 0x0000000086900000, 0x0000000086900000| Complete 
| 106|0x0000000086a00000, 0x0000000086b00000, 0x0000000086b00000|100%| S|CS|TAMS 0x0000000086a00000, 0x0000000086a00000| Complete 
| 107|0x0000000086b00000, 0x0000000086c00000, 0x0000000086c00000|100%| S|CS|TAMS 0x0000000086b00000, 0x0000000086b00000| Complete 
| 108|0x0000000086c00000, 0x0000000086c00000, 0x0000000086d00000|  0%| F|  |TAMS 0x0000000086c00000, 0x0000000086c00000| Untracked 
| 109|0x0000000086d00000, 0x0000000086d00000, 0x0000000086e00000|  0%| F|  |TAMS 0x0000000086d00000, 0x0000000086d00000| Untracked 
| 110|0x0000000086e00000, 0x0000000086e00000, 0x0000000086f00000|  0%| F|  |TAMS 0x0000000086e00000, 0x0000000086e00000| Untracked 
| 111|0x0000000086f00000, 0x0000000086f00000, 0x0000000087000000|  0%| F|  |TAMS 0x0000000086f00000, 0x0000000086f00000| Untracked 
| 112|0x0000000087000000, 0x0000000087000000, 0x0000000087100000|  0%| F|  |TAMS 0x0000000087000000, 0x0000000087000000| Untracked 
| 113|0x0000000087100000, 0x0000000087100000, 0x0000000087200000|  0%| F|  |TAMS 0x0000000087100000, 0x0000000087100000| Untracked 
| 114|0x0000000087200000, 0x0000000087200000, 0x0000000087300000|  0%| F|  |TAMS 0x0000000087200000, 0x0000000087200000| Untracked 
| 115|0x0000000087300000, 0x0000000087300000, 0x0000000087400000|  0%| F|  |TAMS 0x0000000087300000, 0x0000000087300000| Untracked 
| 116|0x0000000087400000, 0x0000000087400000, 0x0000000087500000|  0%| F|  |TAMS 0x0000000087400000, 0x0000000087400000| Untracked 
| 117|0x0000000087500000, 0x0000000087500000, 0x0000000087600000|  0%| F|  |TAMS 0x0000000087500000, 0x0000000087500000| Untracked 
| 118|0x0000000087600000, 0x0000000087600000, 0x0000000087700000|  0%| F|  |TAMS 0x0000000087600000, 0x0000000087600000| Untracked 
| 119|0x0000000087700000, 0x0000000087700000, 0x0000000087800000|  0%| F|  |TAMS 0x0000000087700000, 0x0000000087700000| Untracked 
| 120|0x0000000087800000, 0x0000000087800000, 0x0000000087900000|  0%| F|  |TAMS 0x0000000087800000, 0x0000000087800000| Untracked 
| 121|0x0000000087900000, 0x0000000087900000, 0x0000000087a00000|  0%| F|  |TAMS 0x0000000087900000, 0x0000000087900000| Untracked 
| 122|0x0000000087a00000, 0x0000000087a00000, 0x0000000087b00000|  0%| F|  |TAMS 0x0000000087a00000, 0x0000000087a00000| Untracked 
| 123|0x0000000087b00000, 0x0000000087b00000, 0x0000000087c00000|  0%| F|  |TAMS 0x0000000087b00000, 0x0000000087b00000| Untracked 
| 124|0x0000000087c00000, 0x0000000087c00000, 0x0000000087d00000|  0%| F|  |TAMS 0x0000000087c00000, 0x0000000087c00000| Untracked 
| 125|0x0000000087d00000, 0x0000000087d00000, 0x0000000087e00000|  0%| F|  |TAMS 0x0000000087d00000, 0x0000000087d00000| Untracked 
| 126|0x0000000087e00000, 0x0000000087e00000, 0x0000000087f00000|  0%| F|  |TAMS 0x0000000087e00000, 0x0000000087e00000| Untracked 
| 127|0x0000000087f00000, 0x0000000087f00000, 0x0000000088000000|  0%| F|  |TAMS 0x0000000087f00000, 0x0000000087f00000| Untracked 
| 128|0x0000000088000000, 0x0000000088000000, 0x0000000088100000|  0%| F|  |TAMS 0x0000000088000000, 0x0000000088000000| Untracked 
| 129|0x0000000088100000, 0x0000000088100000, 0x0000000088200000|  0%| F|  |TAMS 0x0000000088100000, 0x0000000088100000| Untracked 
| 130|0x0000000088200000, 0x0000000088200000, 0x0000000088300000|  0%| F|  |TAMS 0x0000000088200000, 0x0000000088200000| Untracked 
| 131|0x0000000088300000, 0x0000000088300000, 0x0000000088400000|  0%| F|  |TAMS 0x0000000088300000, 0x0000000088300000| Untracked 
| 132|0x0000000088400000, 0x0000000088400000, 0x0000000088500000|  0%| F|  |TAMS 0x0000000088400000, 0x0000000088400000| Untracked 
| 133|0x0000000088500000, 0x0000000088500000, 0x0000000088600000|  0%| F|  |TAMS 0x0000000088500000, 0x0000000088500000| Untracked 
| 134|0x0000000088600000, 0x0000000088600000, 0x0000000088700000|  0%| F|  |TAMS 0x0000000088600000, 0x0000000088600000| Untracked 
| 135|0x0000000088700000, 0x0000000088700000, 0x0000000088800000|  0%| F|  |TAMS 0x0000000088700000, 0x0000000088700000| Untracked 
| 136|0x0000000088800000, 0x0000000088800000, 0x0000000088900000|  0%| F|  |TAMS 0x0000000088800000, 0x0000000088800000| Untracked 
| 137|0x0000000088900000, 0x0000000088900000, 0x0000000088a00000|  0%| F|  |TAMS 0x0000000088900000, 0x0000000088900000| Untracked 
| 138|0x0000000088a00000, 0x0000000088a00000, 0x0000000088b00000|  0%| F|  |TAMS 0x0000000088a00000, 0x0000000088a00000| Untracked 
| 139|0x0000000088b00000, 0x0000000088b00000, 0x0000000088c00000|  0%| F|  |TAMS 0x0000000088b00000, 0x0000000088b00000| Untracked 
| 140|0x0000000088c00000, 0x0000000088c00000, 0x0000000088d00000|  0%| F|  |TAMS 0x0000000088c00000, 0x0000000088c00000| Untracked 
| 141|0x0000000088d00000, 0x0000000088d00000, 0x0000000088e00000|  0%| F|  |TAMS 0x0000000088d00000, 0x0000000088d00000| Untracked 
| 142|0x0000000088e00000, 0x0000000088e00000, 0x0000000088f00000|  0%| F|  |TAMS 0x0000000088e00000, 0x0000000088e00000| Untracked 
| 143|0x0000000088f00000, 0x0000000088f00000, 0x0000000089000000|  0%| F|  |TAMS 0x0000000088f00000, 0x0000000088f00000| Untracked 
| 144|0x0000000089000000, 0x0000000089000000, 0x0000000089100000|  0%| F|  |TAMS 0x0000000089000000, 0x0000000089000000| Untracked 
| 145|0x0000000089100000, 0x0000000089100000, 0x0000000089200000|  0%| F|  |TAMS 0x0000000089100000, 0x0000000089100000| Untracked 
| 146|0x0000000089200000, 0x0000000089200000, 0x0000000089300000|  0%| F|  |TAMS 0x0000000089200000, 0x0000000089200000| Untracked 
| 147|0x0000000089300000, 0x0000000089300000, 0x0000000089400000|  0%| F|  |TAMS 0x0000000089300000, 0x0000000089300000| Untracked 
| 148|0x0000000089400000, 0x0000000089400000, 0x0000000089500000|  0%| F|  |TAMS 0x0000000089400000, 0x0000000089400000| Untracked 
| 149|0x0000000089500000, 0x0000000089500000, 0x0000000089600000|  0%| F|  |TAMS 0x0000000089500000, 0x0000000089500000| Untracked 
| 150|0x0000000089600000, 0x0000000089600000, 0x0000000089700000|  0%| F|  |TAMS 0x0000000089600000, 0x0000000089600000| Untracked 
| 151|0x0000000089700000, 0x0000000089700000, 0x0000000089800000|  0%| F|  |TAMS 0x0000000089700000, 0x0000000089700000| Untracked 

Card table byte_map: [0x00000148c7d10000,0x00000148c8110000] _byte_map_base: 0x00000148c7910000

Marking Bits (Prev, Next): (CMBitMap*) 0x00000148aedff830, (CMBitMap*) 0x00000148aedff7f8
 Prev Bits: [0x00000148ca510000, 0x00000148cc510000)
 Next Bits: [0x00000148c8510000, 0x00000148ca510000)

Polling page: 0x00000148aee90000

Metaspace:

Usage:
  Non-class:     90.64 MB capacity,    89.71 MB ( 99%) used,   739.44 KB ( <1%) free+waste,   217.38 KB ( <1%) overhead. 
      Class:     13.61 MB capacity,    12.88 MB ( 95%) used,   651.42 KB (  5%) free+waste,   104.06 KB ( <1%) overhead. 
       Both:    104.25 MB capacity,   102.58 MB ( 98%) used,     1.36 MB (  1%) free+waste,   321.44 KB ( <1%) overhead. 

Virtual space:
  Non-class space:      100.00 MB reserved,      90.67 MB ( 91%) committed 
      Class space:      504.00 MB reserved,      13.62 MB (  3%) committed 
             Both:      604.00 MB reserved,     104.30 MB ( 17%) committed 

Chunk freelists:
   Non-Class:  3.88 KB
       Class:  1.50 KB
        Both:  5.38 KB

CodeHeap 'non-profiled nmethods': size=120000Kb used=4921Kb max_used=4921Kb free=115078Kb
 bounds [0x00000148bf740000, 0x00000148bfc10000, 0x00000148c6c70000]
CodeHeap 'profiled nmethods': size=120000Kb used=18299Kb max_used=18299Kb free=101700Kb
 bounds [0x00000148b8210000, 0x00000148b93f0000, 0x00000148bf740000]
CodeHeap 'non-nmethods': size=5760Kb used=2369Kb max_used=2409Kb free=3391Kb
 bounds [0x00000148b7c70000, 0x00000148b7ee0000, 0x00000148b8210000]
 total_blobs=9207 nmethods=8206 adapters=911
 compilation: enabled
              stopped_count=0, restarted_count=0
 full_count=0

Compilation events (10 events):
Event: 14.204 Thread 0x00000148cf223000 nmethod 8229 0x00000148b93eca90 code [0x00000148b93ecc80, 0x00000148b93ed218]
Event: 14.204 Thread 0x00000148cf223000 8230       3       org.objectweb.asm.ClassReader::readUtf (44 bytes)
Event: 14.204 Thread 0x00000148cf223000 nmethod 8230 0x00000148b93ed590 code [0x00000148b93ed760, 0x00000148b93edba8]
Event: 14.204 Thread 0x00000148cf223000 8231       3       org.objectweb.asm.ClassReader::readUTF8 (23 bytes)
Event: 14.204 Thread 0x00000148cf223000 nmethod 8231 0x00000148b93ede10 code [0x00000148b93edfc0, 0x00000148b93ee248]
Event: 14.204 Thread 0x00000148cf223000 8233       3       org.objectweb.asm.ByteVector::putShort (52 bytes)
Event: 14.204 Thread 0x00000148cf223000 nmethod 8233 0x00000148b93ee390 code [0x00000148b93ee540, 0x00000148b93ee748]
Event: 14.204 Thread 0x00000148cf223000 8234       3       org.objectweb.asm.ClassReader::readInt (52 bytes)
Event: 14.205 Thread 0x00000148d30a3800 nmethod 8232 0x00000148bfc0e210 code [0x00000148bfc0e380, 0x00000148bfc0e458]
Event: 14.205 Thread 0x00000148cf223000 nmethod 8234 0x00000148b93ee890 code [0x00000148b93eea20, 0x00000148b93eebf8]

GC Heap History (10 events):
Event: 12.969 GC heap before
{Heap before GC invocations=21 (full 0):
 garbage-first heap   total 155648K, used 127749K [0x0000000080000000, 0x0000000100000000)
  region size 1024K, 55 young (56320K), 3 survivors (3072K)
 Metaspace       used 93675K, capacity 95352K, committed 95664K, reserved 600064K
  class space    used 11766K, capacity 12465K, committed 12544K, reserved 516096K
}
Event: 12.973 GC heap after
{Heap after GC invocations=22 (full 0):
 garbage-first heap   total 155648K, used 75780K [0x0000000080000000, 0x0000000100000000)
  region size 1024K, 5 young (5120K), 5 survivors (5120K)
 Metaspace       used 93675K, capacity 95352K, committed 95664K, reserved 600064K
  class space    used 11766K, capacity 12465K, committed 12544K, reserved 516096K
}
Event: 13.319 GC heap before
{Heap before GC invocations=23 (full 0):
 garbage-first heap   total 155648K, used 128004K [0x0000000080000000, 0x0000000100000000)
  region size 1024K, 56 young (57344K), 5 survivors (5120K)
 Metaspace       used 99395K, capacity 101100K, committed 101168K, reserved 604160K
  class space    used 12439K, capacity 13144K, committed 13184K, reserved 516096K
}
Event: 13.323 GC heap after
{Heap after GC invocations=24 (full 0):
 garbage-first heap   total 155648K, used 76898K [0x0000000080000000, 0x0000000100000000)
  region size 1024K, 3 young (3072K), 3 survivors (3072K)
 Metaspace       used 99395K, capacity 101100K, committed 101168K, reserved 604160K
  class space    used 12439K, capacity 13144K, committed 13184K, reserved 516096K
}
Event: 13.679 GC heap before
{Heap before GC invocations=24 (full 0):
 garbage-first heap   total 155648K, used 129122K [0x0000000080000000, 0x0000000100000000)
  region size 1024K, 55 young (56320K), 3 survivors (3072K)
 Metaspace       used 102328K, capacity 103988K, committed 104112K, reserved 608256K
  class space    used 12818K, capacity 13553K, committed 13568K, reserved 516096K
}
Event: 13.684 GC heap after
{Heap after GC invocations=25 (full 0):
 garbage-first heap   total 155648K, used 80311K [0x0000000080000000, 0x0000000100000000)
  region size 1024K, 7 young (7168K), 7 survivors (7168K)
 Metaspace       used 102328K, capacity 103988K, committed 104112K, reserved 608256K
  class space    used 12818K, capacity 13553K, committed 13568K, reserved 516096K
}
Event: 13.832 GC heap before
{Heap before GC invocations=26 (full 0):
 garbage-first heap   total 155648K, used 129463K [0x0000000080000000, 0x0000000100000000)
  region size 1024K, 54 young (55296K), 7 survivors (7168K)
 Metaspace       used 102561K, capacity 104245K, committed 104368K, reserved 608256K
  class space    used 12821K, capacity 13553K, committed 13568K, reserved 516096K
}
Event: 13.838 GC heap after
{Heap after GC invocations=27 (full 0):
 garbage-first heap   total 155648K, used 84020K [0x0000000080000000, 0x0000000100000000)
  region size 1024K, 4 young (4096K), 4 survivors (4096K)
 Metaspace       used 102561K, capacity 104245K, committed 104368K, reserved 608256K
  class space    used 12821K, capacity 13553K, committed 13568K, reserved 516096K
}
Event: 14.206 GC heap before
{Heap before GC invocations=27 (full 0):
 garbage-first heap   total 155648K, used 128052K [0x0000000080000000, 0x0000000100000000)
  region size 1024K, 48 young (49152K), 4 survivors (4096K)
 Metaspace       used 105044K, capacity 106757K, committed 106800K, reserved 616448K
  class space    used 13184K, capacity 13940K, committed 13952K, reserved 516096K
}
Event: 14.211 GC heap after
{Heap after GC invocations=28 (full 0):
 garbage-first heap   total 155648K, used 87959K [0x0000000080000000, 0x0000000100000000)
  region size 1024K, 4 young (4096K), 4 survivors (4096K)
 Metaspace       used 105044K, capacity 106757K, committed 106800K, reserved 616448K
  class space    used 13184K, capacity 13940K, committed 13952K, reserved 516096K
}

Deoptimization events (10 events):
Event: 13.892 Thread 0x00000148cfcef800 Uncommon trap: reason=bimorphic_or_optimized_type_check action=maybe_recompile pc=0x00000148bfb44404 method=org.jetbrains.kotlin.storage.LockBasedStorageManager$LockBasedLazyValue.invoke()Ljava/lang/Object; @ 24 c2
Event: 13.892 Thread 0x00000148cfcef800 Uncommon trap: reason=bimorphic_or_optimized_type_check action=maybe_recompile pc=0x00000148bfb44404 method=org.jetbrains.kotlin.storage.LockBasedStorageManager$LockBasedLazyValue.invoke()Ljava/lang/Object; @ 24 c2
Event: 13.990 Thread 0x00000148cfcef800 Uncommon trap: reason=bimorphic_or_optimized_type_check action=maybe_recompile pc=0x00000148bfa49ea0 method=org.jetbrains.kotlin.protobuf.CodedOutputStream.refreshBuffer()V @ 28 c2
Event: 14.103 Thread 0x00000148cfcef800 Uncommon trap: reason=unstable_if action=reinterpret pc=0x00000148bf905c24 method=java.lang.StringLatin1.compareToCI([B[B)I @ 68 c2
Event: 14.106 Thread 0x00000148cfcef800 Uncommon trap: reason=unstable_if action=reinterpret pc=0x00000148bf7a14a4 method=java.lang.StringLatin1.compareToCI([B[B)I @ 68 c2
Event: 14.184 Thread 0x00000148cfcef800 Uncommon trap: reason=unstable_if action=reinterpret pc=0x00000148bf837170 method=java.util.HashMap.hash(Ljava/lang/Object;)I @ 1 c2
Event: 14.184 Thread 0x00000148cfcef800 Uncommon trap: reason=unstable_if action=reinterpret pc=0x00000148bf824a64 method=java.util.HashMap.getNode(ILjava/lang/Object;)Ljava/util/HashMap$Node; @ 53 c2
Event: 14.184 Thread 0x00000148cfcef800 Uncommon trap: reason=unstable_if action=reinterpret pc=0x00000148bf8f00f4 method=java.util.HashMap.putVal(ILjava/lang/Object;Ljava/lang/Object;ZZ)Ljava/lang/Object; @ 85 c2
Event: 14.186 Thread 0x00000148cfcef800 Uncommon trap: reason=unstable_if action=reinterpret pc=0x00000148bf898358 method=org.gradle.internal.reflect.PropertyAccessorType.isGetGetterName(Ljava/lang/String;)Z @ 14 c2
Event: 14.204 Thread 0x00000148cfcef800 Uncommon trap: reason=unstable_if action=reinterpret pc=0x00000148bf892588 method=org.objectweb.asm.ByteVector.putShort(I)Lorg/objectweb/asm/ByteVector; @ 13 c2

Classes redefined (0 events):
No events

Internal exceptions (10 events):
Event: 11.531 Thread 0x00000148cfcef800 Exception <a 'java/lang/NoSuchMethodError'{0x0000000086fc1860}: java.lang.invoke.Invokers$Holder.linkToTargetMethod(Ljava/lang/Object;ILjava/lang/Object;)Ljava/lang/Object;> (0x0000000086fc1860) thrown at [./open/src/hotspot/share/interpreter/linkResolver
Event: 11.643 Thread 0x00000148cfcef800 Exception <a 'java/lang/NoSuchMethodError'{0x0000000085f7cf70}: java.lang.invoke.DirectMethodHandle$Holder.invokeSpecial(Ljava/lang/Object;Ljava/lang/Object;Ljava/lang/Object;Ljava/lang/Object;Ljava/lang/Object;I)Ljava/lang/Object;> (0x0000000085f7cf70) t
Event: 11.643 Thread 0x00000148cfcef800 Exception <a 'java/lang/NoSuchMethodError'{0x0000000085f82530}: java.lang.invoke.Invokers$Holder.linkToTargetMethod(Ljava/lang/Object;Ljava/lang/Object;Ljava/lang/Object;ILjava/lang/Object;)Ljava/lang/Object;> (0x0000000085f82530) thrown at [./open/src/ho
Event: 12.614 Thread 0x00000148cfcef800 Exception <a 'java/lang/NoSuchMethodError'{0x000000008665e1b8}: java.lang.invoke.DirectMethodHandle$Holder.invokeStatic(Ljava/lang/Object;Ljava/lang/Object;Ljava/lang/Object;IILjava/lang/Object;Ljava/lang/Object;)Ljava/lang/Object;> (0x000000008665e1b8) t
Event: 12.614 Thread 0x00000148cfcef800 Exception <a 'java/lang/NoSuchMethodError'{0x0000000086663600}: java.lang.invoke.DirectMethodHandle$Holder.invokeSpecial(Ljava/lang/Object;Ljava/lang/Object;Ljava/lang/Object;Ljava/lang/Object;IILjava/lang/Object;Ljava/lang/Object;)Ljava/lang/Object;> (0x
Event: 12.614 Thread 0x00000148cfcef800 Exception <a 'java/lang/NoSuchMethodError'{0x0000000086668498}: java.lang.invoke.Invokers$Holder.linkToTargetMethod(Ljava/lang/Object;Ljava/lang/Object;IILjava/lang/Object;Ljava/lang/Object;Ljava/lang/Object;)Ljava/lang/Object;> (0x0000000086668498) throw
Event: 13.552 Thread 0x00000148cfcef800 Exception <a 'java/lang/NoSuchMethodError'{0x0000000087dc58b8}: java.lang.invoke.DirectMethodHandle$Holder.invokeStatic(Ljava/lang/Object;ILjava/lang/Object;)Ljava/lang/Object;> (0x0000000087dc58b8) thrown at [./open/src/hotspot/share/interpreter/linkReso
Event: 13.871 Thread 0x00000148cfcef800 Exception <a 'java/lang/IncompatibleClassChangeError'{0x0000000089107240}: Found class java.lang.Object, but interface was expected> (0x0000000089107240) thrown at [./open/src/hotspot/share/interpreter/linkResolver.cpp, line 838]
Event: 13.928 Thread 0x00000148cfcef800 Exception <a 'java/lang/NoSuchMethodError'{0x0000000088977d08}: java.lang.invoke.DirectMethodHandle$Holder.invokeStatic(Ljava/lang/Object;Ljava/lang/Object;Ljava/lang/Object;IILjava/lang/Object;Ljava/lang/Object;Ljava/lang/Object;Ljava/lang/Object;)Ljava/
Event: 14.184 Thread 0x00000148cfcef800 Implicit null exception at 0x00000148bf836f54 to 0x00000148bf837164

Events (10 events):
Event: 14.203 loading class org/objectweb/asm/Context
Event: 14.203 loading class org/objectweb/asm/Context done
Event: 14.204 Thread 0x00000148cfcef800 Uncommon trap: trap_request=0xffffff4d fr.pc=0x00000148bf892588 relative=0x00000000000000e8
Event: 14.204 Thread 0x00000148cfcef800 DEOPT PACKING pc=0x00000148bf892588 sp=0x0000000bb72f78c0
Event: 14.204 Thread 0x00000148cfcef800 DEOPT UNPACKING pc=0x00000148b7c965af sp=0x0000000bb72f7858 mode 2
Event: 14.204 loading class org/objectweb/asm/Handle
Event: 14.204 loading class org/objectweb/asm/Handle done
Event: 14.205 loading class org/apache/commons/lang/text/StrBuilder
Event: 14.205 loading class org/apache/commons/lang/text/StrBuilder done
Event: 14.206 Executing VM operation: CollectForMetadataAllocation


Dynamic libraries:
0x00007ff602750000 - 0x00007ff602760000 	C:\Program Files\Java\jdk-11\bin\java.exe
0x00007ffa84070000 - 0x00007ffa84287000 	C:\WINDOWS\SYSTEM32\ntdll.dll
0x00007ffa81dc0000 - 0x00007ffa81e84000 	C:\WINDOWS\System32\KERNEL32.DLL
0x00007ffa81570000 - 0x00007ffa81915000 	C:\WINDOWS\System32\KERNELBASE.dll
0x00007ffa81c20000 - 0x00007ffa81d31000 	C:\WINDOWS\System32\ucrtbase.dll
0x00007ffa52ab0000 - 0x00007ffa52ac9000 	C:\Program Files\Java\jdk-11\bin\jli.dll
0x00007ffa7e500000 - 0x00007ffa7e51b000 	C:\Program Files\Java\jdk-11\bin\VCRUNTIME140.dll
0x00007ffa83bf0000 - 0x00007ffa83ca1000 	C:\WINDOWS\System32\ADVAPI32.dll
0x00007ffa83e50000 - 0x00007ffa83ef7000 	C:\WINDOWS\System32\msvcrt.dll
0x00007ffa82340000 - 0x00007ffa823e6000 	C:\WINDOWS\System32\sechost.dll
0x00007ffa82c30000 - 0x00007ffa82d47000 	C:\WINDOWS\System32\RPCRT4.dll
0x00007ffa82040000 - 0x00007ffa821ee000 	C:\WINDOWS\System32\USER32.dll
0x00007ffa6a460000 - 0x00007ffa6a6f3000 	C:\WINDOWS\WinSxS\amd64_microsoft.windows.common-controls_6595b64144ccf1df_6.0.22621.2506_none_270c5ae97388e100\COMCTL32.dll
0x00007ffa813e0000 - 0x00007ffa81406000 	C:\WINDOWS\System32\win32u.dll
0x00007ffa82310000 - 0x00007ffa82339000 	C:\WINDOWS\System32\GDI32.dll
0x00007ffa81920000 - 0x00007ffa81a39000 	C:\WINDOWS\System32\gdi32full.dll
0x00007ffa814d0000 - 0x00007ffa8156a000 	C:\WINDOWS\System32\msvcp_win.dll
0x00007ffa7a3e0000 - 0x00007ffa7a3ea000 	C:\WINDOWS\SYSTEM32\VERSION.dll
0x00007ffa83f10000 - 0x00007ffa83f41000 	C:\WINDOWS\System32\IMM32.DLL
0x00007ffa7e570000 - 0x00007ffa7e57c000 	C:\Program Files\Java\jdk-11\bin\vcruntime140_1.dll
0x00007ffa23530000 - 0x00007ffa235be000 	C:\Program Files\Java\jdk-11\bin\msvcp140.dll
0x00007ff9fcc50000 - 0x00007ff9fd7bd000 	C:\Program Files\Java\jdk-11\bin\server\jvm.dll
0x00007ffa83f00000 - 0x00007ffa83f08000 	C:\WINDOWS\System32\PSAPI.DLL
0x00007ffa7e580000 - 0x00007ffa7e589000 	C:\WINDOWS\SYSTEM32\WSOCK32.dll
0x00007ffa6ce70000 - 0x00007ffa6cea4000 	C:\WINDOWS\SYSTEM32\WINMM.dll
0x00007ffa839b0000 - 0x00007ffa83a21000 	C:\WINDOWS\System32\WS2_32.dll
0x00007ffa80430000 - 0x00007ffa80448000 	C:\WINDOWS\SYSTEM32\kernel.appcore.dll
0x00007ffa7e560000 - 0x00007ffa7e570000 	C:\Program Files\Java\jdk-11\bin\verify.dll
0x00007ffa77bc0000 - 0x00007ffa77df3000 	C:\WINDOWS\SYSTEM32\DBGHELP.DLL
0x00007ffa82870000 - 0x00007ffa82bf9000 	C:\WINDOWS\System32\combase.dll
0x00007ffa83f50000 - 0x00007ffa84027000 	C:\WINDOWS\System32\OLEAUT32.dll
0x00007ffa69580000 - 0x00007ffa695b2000 	C:\WINDOWS\SYSTEM32\dbgcore.DLL
0x00007ffa81d40000 - 0x00007ffa81dba000 	C:\WINDOWS\System32\bcryptPrimitives.dll
0x00007ffa52b40000 - 0x00007ffa52b68000 	C:\Program Files\Java\jdk-11\bin\java.dll
0x00007ffa67fc0000 - 0x00007ffa67fca000 	C:\Program Files\Java\jdk-11\bin\jimage.dll
0x00007ffa52ae0000 - 0x00007ffa52af7000 	C:\Program Files\Java\jdk-11\bin\zip.dll
0x00007ffa83100000 - 0x00007ffa83959000 	C:\WINDOWS\System32\SHELL32.dll
0x00007ffa7f2c0000 - 0x00007ffa7fbb4000 	C:\WINDOWS\SYSTEM32\windows.storage.dll
0x00007ffa7f180000 - 0x00007ffa7f2be000 	C:\WINDOWS\SYSTEM32\wintypes.dll
0x00007ffa82e00000 - 0x00007ffa82ef3000 	C:\WINDOWS\System32\SHCORE.dll
0x00007ffa81e90000 - 0x00007ffa81eee000 	C:\WINDOWS\System32\shlwapi.dll
0x00007ffa81310000 - 0x00007ffa81336000 	C:\WINDOWS\SYSTEM32\profapi.dll
0x00007ffa4fcc0000 - 0x00007ffa4fcd9000 	C:\Program Files\Java\jdk-11\bin\net.dll
0x00007ffa7abd0000 - 0x00007ffa7ad07000 	C:\WINDOWS\SYSTEM32\WINHTTP.dll
0x00007ffa80910000 - 0x00007ffa80979000 	C:\WINDOWS\system32\mswsock.dll
0x00007ffa4fca0000 - 0x00007ffa4fcb2000 	C:\Program Files\Java\jdk-11\bin\nio.dll
0x00007ffa676c0000 - 0x00007ffa676e7000 	C:\Users\ntdie\.gradle\native\68d5fa5c4cc2d200863cafc0d521ce42e7d3e7ee720ec0a83991735586a16f82\windows-amd64\native-platform.dll
0x00007ffa4d0c0000 - 0x00007ffa4d204000 	C:\Users\ntdie\.gradle\native\e376f236ea51e6404a007f0833ffe2c6e607c4080706a723a18a27aeea778392\windows-amd64\native-platform-file-events.dll
0x00007ffa54550000 - 0x00007ffa54559000 	C:\Program Files\Java\jdk-11\bin\management.dll
0x00007ffa544d0000 - 0x00007ffa544db000 	C:\Program Files\Java\jdk-11\bin\management_ext.dll
0x00007ffa80b30000 - 0x00007ffa80b4b000 	C:\WINDOWS\SYSTEM32\CRYPTSP.dll
0x00007ffa803f0000 - 0x00007ffa80425000 	C:\WINDOWS\system32\rsaenh.dll
0x00007ffa809d0000 - 0x00007ffa809fc000 	C:\WINDOWS\SYSTEM32\USERENV.dll
0x00007ffa80d70000 - 0x00007ffa80d98000 	C:\WINDOWS\SYSTEM32\bcrypt.dll
0x00007ffa80b50000 - 0x00007ffa80b5c000 	C:\WINDOWS\SYSTEM32\CRYPTBASE.dll
0x00007ffa7fe90000 - 0x00007ffa7febd000 	C:\WINDOWS\SYSTEM32\IPHLPAPI.DLL
0x00007ffa82c00000 - 0x00007ffa82c09000 	C:\WINDOWS\System32\NSI.dll
0x00007ffa7aec0000 - 0x00007ffa7aed9000 	C:\WINDOWS\SYSTEM32\dhcpcsvc6.DLL
0x00007ffa7ab80000 - 0x00007ffa7ab9f000 	C:\WINDOWS\SYSTEM32\dhcpcsvc.DLL
0x00007ffa7ff00000 - 0x00007ffa7fff9000 	C:\WINDOWS\SYSTEM32\DNSAPI.dll

dbghelp: loaded successfully - version: 4.0.5 - missing functions: none
symbol engine: initialized successfully - sym options: 0x614 - pdb path: .;C:\Program Files\Java\jdk-11\bin;C:\WINDOWS\SYSTEM32;C:\WINDOWS\WinSxS\amd64_microsoft.windows.common-controls_6595b64144ccf1df_6.0.22621.2506_none_270c5ae97388e100;C:\Program Files\Java\jdk-11\bin\server;C:\Users\ntdie\.gradle\native\68d5fa5c4cc2d200863cafc0d521ce42e7d3e7ee720ec0a83991735586a16f82\windows-amd64;C:\Users\ntdie\.gradle\native\e376f236ea51e6404a007f0833ffe2c6e607c4080706a723a18a27aeea778392\windows-amd64

VM Arguments:
jvm_args: -XX:MaxMetaspaceSize=512m --add-opens=java.base/java.util=ALL-UNNAMED --add-opens=java.base/java.lang=ALL-UNNAMED --add-opens=java.base/java.lang.invoke=ALL-UNNAMED --add-opens=java.prefs/java.util.prefs=ALL-UNNAMED --add-opens=java.base/java.nio.charset=ALL-UNNAMED --add-opens=java.base/java.net=ALL-UNNAMED --add-opens=java.base/java.util.concurrent.atomic=ALL-UNNAMED -Xmx2048m -Dfile.encoding=windows-1252 -Duser.country=US -Duser.language=en -Duser.variant 
java_command: org.gradle.launcher.daemon.bootstrap.GradleDaemon 8.0.1
java_class_path (initial): C:\Users\ntdie\.gradle\wrapper\dists\gradle-8.0.1-all\aro4hu1c3oeioove7l0i4i14o\gradle-8.0.1\lib\gradle-launcher-8.0.1.jar
Launcher Type: SUN_STANDARD

[Global flags]
     intx CICompilerCount                          = 4                                         {product} {ergonomic}
   size_t CompressedClassSpaceSize                 = 528482304                                 {product} {ergonomic}
     uint ConcGCThreads                            = 3                                         {product} {ergonomic}
     uint G1ConcRefinementThreads                  = 10                                        {product} {ergonomic}
   size_t G1HeapRegionSize                         = 1048576                                   {product} {ergonomic}
    uintx GCDrainStackTargetSize                   = 64                                        {product} {ergonomic}
   size_t InitialHeapSize                          = 132120576                                 {product} {ergonomic}
   size_t MarkStackSize                            = 4194304                                   {product} {ergonomic}
   size_t MaxHeapSize                              = 2147483648                                {product} {command line}
   size_t MaxMetaspaceSize                         = 536870912                                 {product} {command line}
   size_t MaxNewSize                               = 1287651328                                {product} {ergonomic}
   size_t MinHeapDeltaBytes                        = 1048576                                   {product} {ergonomic}
    uintx NonNMethodCodeHeapSize                   = 5836300                                {pd product} {ergonomic}
    uintx NonProfiledCodeHeapSize                  = 122910970                              {pd product} {ergonomic}
    uintx ProfiledCodeHeapSize                     = 122910970                              {pd product} {ergonomic}
    uintx ReservedCodeCacheSize                    = 251658240                              {pd product} {ergonomic}
     bool SegmentedCodeCache                       = true                                      {product} {ergonomic}
     bool UseCompressedClassPointers               = true                                 {lp64_product} {ergonomic}
     bool UseCompressedOops                        = true                                 {lp64_product} {ergonomic}
     bool UseG1GC                                  = true                                      {product} {ergonomic}
     bool UseLargePagesIndividualAllocation        = false                                  {pd product} {ergonomic}

Logging:
Log output configuration:
 #0: stdout all=warning uptime,level,tags
 #1: stderr all=off uptime,level,tags

Environment Variables:
JAVA_HOME=C:\Program Files\Java\jdk-11
CLASSPATH=C:\Users\ntdie\Desktop\Test2\AppStream\android\\gradle\wrapper\gradle-wrapper.jar
PATH=C:\Users\ntdie\Desktop\Test2\AppStream\node_modules\.bin;C:\Users\ntdie\Desktop\Test2\AppStream\node_modules\.bin;C:\Users\ntdie\Desktop\Test2\node_modules\.bin;C:\Users\ntdie\Desktop\node_modules\.bin;C:\Users\ntdie\node_modules\.bin;C:\Users\node_modules\.bin;C:\node_modules\.bin;C:\Program Files\nodejs\node_modules\npm\node_modules\@npmcli\run-script\lib\node-gyp-bin;C:\ProgramData\Oracle\Java\javapath;C:\Program Files\Common Files\Oracle\Java\javapath;C:\Program Files (x86)\Common Files\Oracle\Java\javapath;C:\WINDOWS\system32;C:\WINDOWS;C:\WINDOWS\System32\Wbem;C:\WINDOWS\System32\WindowsPowerShell\v1.0\;C:\WINDOWS\System32\OpenSSH\;C:\Program Files\Microsoft SQL Server\Client SDK\ODBC\170\Tools\Binn\;C:\Program Files\dotnet\;C:\Program Files\Azure Data Studio\bin;C:\Program Files (x86)\Microsoft SQL Server\160\Tools\Binn\;C:\Program Files\Microsoft SQL Server\160\Tools\Binn\;C:\Program Files\Microsoft SQL Server\160\DTS\Binn\;C:\Program Files (x86)\Microsoft SQL Server\160\DTS\Binn\;C:\Program Files\nodejs\;C:\Program Files\Git\cmd;C:\Users\ntdie\AppData\Local\Android\Sdk\tools;C:\Program Files\MySQL\MySQL Shell 8.0\bin\;C:\Users\ntdie\AppData\Local\Microsoft\WindowsApps;C:\Users\ntdie\AppData\Local\Programs\Microsoft VS Code\bin;C:\Users\ntdie\.dotnet\tools;C:\Program Files\Azure Data Studio\bin;C:\Users\ntdie\AppData\Roaming\npm;C:\Program Files\Java\jdk-17;C:\opencv\build\java\x64;C:\Users\ntdie\AppData\Local\Android\Sdk\platform-tools;C:\Program Files\Java\jdk-20\bin;C:\Program Files\Java\jdk-17\bin;C:\Program Files\Java\jdk-11\bin;
USERNAME=ntdie
OS=Windows_NT
PROCESSOR_IDENTIFIER=Intel64 Family 6 Model 165 Stepping 2, GenuineIntel



---------------  S Y S T E M  ---------------

OS: Windows 11 , 64 bit Build 22621 (10.0.22621.2506)
Hyper-V role detected

CPU:total 12 (initial active 12) (6 cores per cpu, 2 threads per core) family 6 model 165 stepping 2 microcode 0xe0, cmov, cx8, fxsr, mmx, sse, sse2, sse3, ssse3, sse4.1, sse4.2, popcnt, avx, avx2, aes, clmul, erms, 3dnowpref, lzcnt, ht, tsc, tscinvbit, bmi1, bmi2, adx, fma

Memory: 4k page, system-wide physical 8013M (380M free)
TotalPageFile size 16109M (AvailPageFile size 0M)
current process WorkingSet (physical memory assigned to process): 408M, peak: 408M
current process commit charge ("private bytes"): 453M, peak: 454M

vm_info: Java HotSpot(TM) 64-Bit Server VM (11.0.20+9-LTS-256) for windows-amd64 JRE (11.0.20+9-LTS-256), built on Jun 14 2023 10:34:22 by "mach5one" with MS VC++ 17.1 (VS2022)

END.
