#
# There is insufficient memory for the Java Runtime Environment to continue.
# Native memory allocation (malloc) failed to allocate 528336 bytes for Chunk::new
# Possible reasons:
#   The system is out of physical RAM or swap space
#   The process is running with CompressedOops enabled, and the Java Heap may be blocking the growth of the native heap
# Possible solutions:
#   Reduce memory load on the system
#   Increase physical memory or swap space
#   Check if swap backing store is full
#   Decrease Java heap size (-Xmx/-Xms)
#   Decrease number of Java threads
#   Decrease Java thread stack sizes (-Xss)
#   Set larger code cache with -XX:ReservedCodeCacheSize=
#   JVM is running with Unscaled Compressed Oops mode in which the Java heap is
#     placed in the first 4GB address space. The Java Heap base address is the
#     maximum limit for the native heap growth. Please use -XX:HeapBaseMinAddress
#     to set the Java Heap base and to place the Java Heap above 4GB virtual address.
# This output file may be truncated or incomplete.
#
#  Out of Memory Error (./open/src/hotspot/share/memory/arena.cpp:197), pid=4108, tid=13828
#
# JRE version: Java(TM) SE Runtime Environment 18.9 (11.0.20+9) (build 11.0.20+9-LTS-256)
# Java VM: Java HotSpot(TM) 64-Bit Server VM 18.9 (11.0.20+9-LTS-256, mixed mode, tiered, compressed oops, g1 gc, windows-amd64)
# No core dump will be written. Minidumps are not enabled by default on client versions of Windows
#

---------------  S U M M A R Y ------------

Command Line: -XX:MaxMetaspaceSize=512m --add-opens=java.base/java.util=ALL-UNNAMED --add-opens=java.base/java.lang=ALL-UNNAMED --add-opens=java.base/java.lang.invoke=ALL-UNNAMED --add-opens=java.prefs/java.util.prefs=ALL-UNNAMED --add-opens=java.base/java.nio.charset=ALL-UNNAMED --add-opens=java.base/java.net=ALL-UNNAMED --add-opens=java.base/java.util.concurrent.atomic=ALL-UNNAMED -Xmx2048m -Dfile.encoding=windows-1252 -Duser.country=US -Duser.language=en -Duser.variant org.gradle.launcher.daemon.bootstrap.GradleDaemon 8.0.1

Host: Intel(R) Core(TM) i7-10750H CPU @ 2.60GHz, 12 cores, 7G,  Windows 11 , 64 bit Build 22621 (10.0.22621.2506)
Time: Wed Nov 29 16:18:30 2023 SE Asia Standard Time elapsed time: 4.276132 seconds (0d 0h 0m 4s)

---------------  T H R E A D  ---------------

Current thread (0x0000024533bac000):  JavaThread "C2 CompilerThread0" daemon [_thread_in_native, id=13828, stack(0x00000073c9e00000,0x00000073c9f00000)]


Current CompileTask:
C2:   4276 3359       4       java.lang.invoke.MethodType::makeImpl (108 bytes)

Stack: [0x00000073c9e00000,0x00000073c9f00000]
Native frames: (J=compiled Java code, j=interpreted, Vv=VM code, C=native code)
V  [jvm.dll+0x6602ba]
V  [jvm.dll+0x7a32af]
V  [jvm.dll+0x7a4979]
V  [jvm.dll+0x7a5013]
V  [jvm.dll+0x258ef5]
V  [jvm.dll+0xb2a0c]
V  [jvm.dll+0xb2fcc]
V  [jvm.dll+0x36764f]
V  [jvm.dll+0x1a2992]
V  [jvm.dll+0x211d4d]
V  [jvm.dll+0x210bc8]
V  [jvm.dll+0x18cdb1]
V  [jvm.dll+0x220e59]
V  [jvm.dll+0x21f17c]
V  [jvm.dll+0x767061]
V  [jvm.dll+0x75f8e4]
V  [jvm.dll+0x65f165]
C  [ucrtbase.dll+0x29363]
C  [KERNEL32.DLL+0x1257d]
C  [ntdll.dll+0x5aa58]


---------------  P R O C E S S  ---------------

Threads class SMR info:
_java_thread_list=0x0000024539d63a70, length=34, elements={
0x0000024515708800, 0x0000024533b89800, 0x0000024533b8b000, 0x0000024533ba7000,
0x0000024533ba8000, 0x0000024533ba9000, 0x0000024533bac000, 0x0000024533bb1000,
0x0000024533bb2000, 0x000002453465e000, 0x0000024536535800, 0x000002453547e800,
0x00000245367ba000, 0x000002453669c800, 0x0000024536663800, 0x00000245364db000,
0x000002453701f800, 0x0000024536438800, 0x00000245367b8800, 0x0000024536675000,
0x000002453631a800, 0x000002453631f800, 0x0000024536320000, 0x0000024536321000,
0x000002453631d800, 0x000002453631b000, 0x000002453631d000, 0x000002453631c000,
0x000002453631e800, 0x0000024537981800, 0x0000024537982800, 0x0000024537983800,
0x0000024537984000, 0x0000024537986800
}

Java Threads: ( => current thread )
  0x0000024515708800 JavaThread "main" [_thread_blocked, id=8508, stack(0x00000073c9200000,0x00000073c9300000)]
  0x0000024533b89800 JavaThread "Reference Handler" daemon [_thread_blocked, id=10616, stack(0x00000073c9900000,0x00000073c9a00000)]
  0x0000024533b8b000 JavaThread "Finalizer" daemon [_thread_blocked, id=9172, stack(0x00000073c9a00000,0x00000073c9b00000)]
  0x0000024533ba7000 JavaThread "Signal Dispatcher" daemon [_thread_blocked, id=14520, stack(0x00000073c9b00000,0x00000073c9c00000)]
  0x0000024533ba8000 JavaThread "Attach Listener" daemon [_thread_blocked, id=13248, stack(0x00000073c9c00000,0x00000073c9d00000)]
  0x0000024533ba9000 JavaThread "Service Thread" daemon [_thread_blocked, id=18140, stack(0x00000073c9d00000,0x00000073c9e00000)]
=>0x0000024533bac000 JavaThread "C2 CompilerThread0" daemon [_thread_in_native, id=13828, stack(0x00000073c9e00000,0x00000073c9f00000)]
  0x0000024533bb1000 JavaThread "C1 CompilerThread0" daemon [_thread_blocked, id=8756, stack(0x00000073c9f00000,0x00000073ca000000)]
  0x0000024533bb2000 JavaThread "Sweeper thread" daemon [_thread_blocked, id=15028, stack(0x00000073ca000000,0x00000073ca100000)]
  0x000002453465e000 JavaThread "Common-Cleaner" daemon [_thread_blocked, id=1712, stack(0x00000073ca100000,0x00000073ca200000)]
  0x0000024536535800 JavaThread "Daemon health stats" [_thread_blocked, id=3864, stack(0x00000073ca700000,0x00000073ca800000)]
  0x000002453547e800 JavaThread "Incoming local TCP Connector on port 52720" [_thread_in_native, id=11508, stack(0x00000073ca300000,0x00000073ca400000)]
  0x00000245367ba000 JavaThread "Daemon periodic checks" [_thread_blocked, id=14560, stack(0x00000073ca400000,0x00000073ca500000)]
  0x000002453669c800 JavaThread "Daemon" [_thread_blocked, id=15720, stack(0x00000073ca800000,0x00000073ca900000)]
  0x0000024536663800 JavaThread "Handler for socket connection from /127.0.0.1:52720 to /127.0.0.1:52721" [_thread_in_native, id=9792, stack(0x00000073ca900000,0x00000073caa00000)]
  0x00000245364db000 JavaThread "Cancel handler" [_thread_blocked, id=14920, stack(0x00000073caa00000,0x00000073cab00000)]
  0x000002453701f800 JavaThread "C2 CompilerThread1" daemon [_thread_in_native, id=17084, stack(0x00000073cab00000,0x00000073cac00000)]
  0x0000024536438800 JavaThread "Daemon worker" [_thread_in_Java, id=17680, stack(0x00000073cac00000,0x00000073cad00000)]
  0x00000245367b8800 JavaThread "Asynchronous log dispatcher for DefaultDaemonConnection: socket connection from /127.0.0.1:52720 to /127.0.0.1:52721" [_thread_blocked, id=7572, stack(0x00000073cad00000,0x00000073cae00000)]
  0x0000024536675000 JavaThread "Stdin handler" [_thread_blocked, id=16604, stack(0x00000073cae00000,0x00000073caf00000)]
  0x000002453631a800 JavaThread "Daemon client event forwarder" [_thread_blocked, id=1516, stack(0x00000073caf00000,0x00000073cb000000)]
  0x000002453631f800 JavaThread "Cache worker for journal cache (C:\Users\ntdie\.gradle\caches\journal-1)" [_thread_blocked, id=7628, stack(0x00000073cb700000,0x00000073cb800000)]
  0x0000024536320000 JavaThread "File lock request listener" [_thread_in_native, id=13456, stack(0x00000073cb800000,0x00000073cb900000)]
  0x0000024536321000 JavaThread "Cache worker for file hash cache (C:\Users\ntdie\.gradle\caches\8.0.1\fileHashes)" [_thread_blocked, id=17152, stack(0x00000073cbb00000,0x00000073cbc00000)]
  0x000002453631d800 JavaThread "File watcher server" daemon [_thread_in_native, id=8408, stack(0x00000073cbc00000,0x00000073cbd00000)]
  0x000002453631b000 JavaThread "File watcher consumer" daemon [_thread_blocked, id=17228, stack(0x00000073cbd00000,0x00000073cbe00000)]
  0x000002453631d000 JavaThread "Cache worker for checksums cache (C:\Users\ntdie\Desktop\Test2\AppStream\android\.gradle\8.0.1\checksums)" [_thread_blocked, id=6512, stack(0x00000073cbe00000,0x00000073cbf00000)]
  0x000002453631c000 JavaThread "Cache worker for cache directory md-rule (C:\Users\ntdie\.gradle\caches\8.0.1\md-rule)" [_thread_blocked, id=4344, stack(0x00000073cbf00000,0x00000073cc000000)]
  0x000002453631e800 JavaThread "Cache worker for file content cache (C:\Users\ntdie\.gradle\caches\8.0.1\fileContent)" [_thread_blocked, id=3092, stack(0x00000073cc000000,0x00000073cc100000)]
  0x0000024537981800 JavaThread "Cache worker for file hash cache (C:\Users\ntdie\Desktop\Test2\AppStream\android\.gradle\8.0.1\fileHashes)" [_thread_blocked, id=17880, stack(0x00000073cc100000,0x00000073cc200000)]
  0x0000024537982800 JavaThread "Cache worker for cache directory md-supplier (C:\Users\ntdie\.gradle\caches\8.0.1\md-supplier)" [_thread_blocked, id=7772, stack(0x00000073cc200000,0x00000073cc300000)]
  0x0000024537983800 JavaThread "Cache worker for execution history cache (C:\Users\ntdie\.gradle\caches\8.0.1\executionHistory)" [_thread_blocked, id=12252, stack(0x00000073cc300000,0x00000073cc400000)]
  0x0000024537984000 JavaThread "jar transforms" [_thread_blocked, id=14612, stack(0x00000073cc400000,0x00000073cc500000)]
  0x0000024537986800 JavaThread "jar transforms Thread 2" [_thread_blocked, id=7968, stack(0x00000073cc500000,0x00000073cc600000)]

Other Threads:
  0x0000024533b87800 VMThread "VM Thread" [stack: 0x00000073c9800000,0x00000073c9900000] [id=2636]
  0x00000245346a2000 WatcherThread [stack: 0x00000073ca200000,0x00000073ca300000] [id=18160]
  0x000002451571f000 GCTaskThread "GC Thread#0" [stack: 0x00000073c9300000,0x00000073c9400000] [id=10744]
  0x000002453519e800 GCTaskThread "GC Thread#1" [stack: 0x00000073ca500000,0x00000073ca600000] [id=17644]
  0x0000024535251800 GCTaskThread "GC Thread#2" [stack: 0x00000073ca600000,0x00000073ca700000] [id=14468]
  0x00000245372f4800 GCTaskThread "GC Thread#3" [stack: 0x00000073cb000000,0x00000073cb100000] [id=15236]
  0x0000024535c56000 GCTaskThread "GC Thread#4" [stack: 0x00000073cb100000,0x00000073cb200000] [id=13260]
  0x0000024536641800 GCTaskThread "GC Thread#5" [stack: 0x00000073cb200000,0x00000073cb300000] [id=9924]
  0x000002453686d800 GCTaskThread "GC Thread#6" [stack: 0x00000073cb300000,0x00000073cb400000] [id=1564]
  0x0000024536cea800 GCTaskThread "GC Thread#7" [stack: 0x00000073cb400000,0x00000073cb500000] [id=10976]
  0x0000024536893000 GCTaskThread "GC Thread#8" [stack: 0x00000073cb500000,0x00000073cb600000] [id=16380]
  0x0000024536bc5800 GCTaskThread "GC Thread#9" [stack: 0x00000073cb600000,0x00000073cb700000] [id=15372]
  0x0000024515749800 ConcurrentGCThread "G1 Main Marker" [stack: 0x00000073c9400000,0x00000073c9500000] [id=15524]
  0x000002451574b000 ConcurrentGCThread "G1 Conc#0" [stack: 0x00000073c9500000,0x00000073c9600000] [id=15288]
  0x0000024536f37000 ConcurrentGCThread "G1 Conc#1" [stack: 0x00000073cb900000,0x00000073cba00000] [id=7540]
  0x0000024536f37800 ConcurrentGCThread "G1 Conc#2" [stack: 0x00000073cba00000,0x00000073cbb00000] [id=8664]
  0x00000245339f9800 ConcurrentGCThread "G1 Refine#0" [stack: 0x00000073c9600000,0x00000073c9700000] [id=8848]
  0x00000245339fa000 ConcurrentGCThread "G1 Young RemSet Sampling" [stack: 0x00000073c9700000,0x00000073c9800000] [id=17828]

Threads with active compile tasks:
C2 CompilerThread0     4311 3359       4       java.lang.invoke.MethodType::makeImpl (108 bytes)
C1 CompilerThread0     4311 3516       3       java.util.regex.Pattern$BmpCharPropertyGreedy::match (89 bytes)
C2 CompilerThread1     4311 3432   !   4       jdk.internal.loader.URLClassPath$JarLoader::getResource (353 bytes)

VM state:not at safepoint (normal execution)

VM Mutex/Monitor currently owned by a thread: None

OutOfMemory and StackOverflow Exception counts:
OutOfMemoryError java_heap_errors=2
LinkageErrors=63

Heap address: 0x0000000080000000, size: 2048 MB, Compressed Oops mode: 32-bit
Narrow klass base: 0x0000000000000000, Narrow klass shift: 3
Compressed class space size: 528482304 Address: 0x0000000100000000

Heap:
 garbage-first heap   total 129024K, used 72535K [0x0000000080000000, 0x0000000100000000)
  region size 1024K, 52 young (53248K), 7 survivors (7168K)
 Metaspace       used 39059K, capacity 39978K, committed 40272K, reserved 550912K
  class space    used 5062K, capacity 5464K, committed 5580K, reserved 516096K
Heap Regions: E=young(eden), S=young(survivor), O=old, HS=humongous(starts), HC=humongous(continues), CS=collection set, F=free, A=archive, TAMS=top-at-mark-start (previous, next)
|   0|0x0000000080000000, 0x0000000080100000, 0x0000000080100000|100%|HS|  |TAMS 0x0000000080100000, 0x0000000080000000| Complete 
|   1|0x0000000080100000, 0x0000000080200000, 0x0000000080200000|100%|HC|  |TAMS 0x0000000080200000, 0x0000000080100000| Complete 
|   2|0x0000000080200000, 0x0000000080300000, 0x0000000080300000|100%|HC|  |TAMS 0x0000000080300000, 0x0000000080200000| Complete 
|   3|0x0000000080300000, 0x0000000080400000, 0x0000000080400000|100%|HC|  |TAMS 0x0000000080400000, 0x0000000080300000| Complete 
|   4|0x0000000080400000, 0x0000000080500000, 0x0000000080500000|100%| O|  |TAMS 0x0000000080500000, 0x0000000080400000| Untracked 
|   5|0x0000000080500000, 0x0000000080600000, 0x0000000080600000|100%| O|  |TAMS 0x0000000080600000, 0x0000000080500000| Untracked 
|   6|0x0000000080600000, 0x0000000080700000, 0x0000000080700000|100%| O|  |TAMS 0x0000000080700000, 0x0000000080600000| Untracked 
|   7|0x0000000080700000, 0x0000000080800000, 0x0000000080800000|100%| O|  |TAMS 0x0000000080800000, 0x0000000080700000| Untracked 
|   8|0x0000000080800000, 0x0000000080900000, 0x0000000080900000|100%| O|  |TAMS 0x0000000080900000, 0x0000000080800000| Untracked 
|   9|0x0000000080900000, 0x0000000080a00000, 0x0000000080a00000|100%| O|  |TAMS 0x0000000080a00000, 0x0000000080900000| Untracked 
|  10|0x0000000080a00000, 0x0000000080b00000, 0x0000000080b00000|100%| O|  |TAMS 0x0000000080b00000, 0x0000000080a00000| Untracked 
|  11|0x0000000080b00000, 0x0000000080c00000, 0x0000000080c00000|100%| O|  |TAMS 0x0000000080c00000, 0x0000000080b00000| Untracked 
|  12|0x0000000080c00000, 0x0000000080d00000, 0x0000000080d00000|100%| O|  |TAMS 0x0000000080d00000, 0x0000000080c00000| Untracked 
|  13|0x0000000080d00000, 0x0000000080e00000, 0x0000000080e00000|100%| O|  |TAMS 0x0000000080e00000, 0x0000000080d00000| Untracked 
|  14|0x0000000080e00000, 0x0000000080f00000, 0x0000000080f00000|100%| O|  |TAMS 0x0000000080f00000, 0x0000000080e00000| Untracked 
|  15|0x0000000080f00000, 0x0000000081000000, 0x0000000081000000|100%| O|  |TAMS 0x0000000081000000, 0x0000000080f00000| Untracked 
|  16|0x0000000081000000, 0x0000000081100000, 0x0000000081100000|100%| O|  |TAMS 0x0000000081100000, 0x0000000081000000| Untracked 
|  17|0x0000000081100000, 0x0000000081190a00, 0x0000000081200000| 56%| O|  |TAMS 0x0000000081190a00, 0x0000000081100000| Untracked 
|  18|0x0000000081200000, 0x0000000081300000, 0x0000000081300000|100%|HS|  |TAMS 0x0000000081200000, 0x0000000081200000| Complete 
|  19|0x0000000081300000, 0x0000000081400000, 0x0000000081400000|100%|HS|  |TAMS 0x0000000081300000, 0x0000000081300000| Complete 
|  20|0x0000000081400000, 0x0000000081500000, 0x0000000081500000|100%|HC|  |TAMS 0x0000000081400000, 0x0000000081400000| Complete 
|  21|0x0000000081500000, 0x0000000081500000, 0x0000000081600000|  0%| F|  |TAMS 0x0000000081500000, 0x0000000081500000| Untracked 
|  22|0x0000000081600000, 0x0000000081600000, 0x0000000081700000|  0%| F|  |TAMS 0x0000000081600000, 0x0000000081600000| Untracked 
|  23|0x0000000081700000, 0x0000000081700000, 0x0000000081800000|  0%| F|  |TAMS 0x0000000081700000, 0x0000000081700000| Untracked 
|  24|0x0000000081800000, 0x0000000081800000, 0x0000000081900000|  0%| F|  |TAMS 0x0000000081800000, 0x0000000081800000| Untracked 
|  25|0x0000000081900000, 0x0000000081900000, 0x0000000081a00000|  0%| F|  |TAMS 0x0000000081900000, 0x0000000081900000| Untracked 
|  26|0x0000000081a00000, 0x0000000081a00000, 0x0000000081b00000|  0%| F|  |TAMS 0x0000000081a00000, 0x0000000081a00000| Untracked 
|  27|0x0000000081b00000, 0x0000000081b00000, 0x0000000081c00000|  0%| F|  |TAMS 0x0000000081b00000, 0x0000000081b00000| Untracked 
|  28|0x0000000081c00000, 0x0000000081c00000, 0x0000000081d00000|  0%| F|  |TAMS 0x0000000081c00000, 0x0000000081c00000| Untracked 
|  29|0x0000000081d00000, 0x0000000081d00000, 0x0000000081e00000|  0%| F|  |TAMS 0x0000000081d00000, 0x0000000081d00000| Untracked 
|  30|0x0000000081e00000, 0x0000000081e00000, 0x0000000081f00000|  0%| F|  |TAMS 0x0000000081e00000, 0x0000000081e00000| Untracked 
|  31|0x0000000081f00000, 0x0000000081f00000, 0x0000000082000000|  0%| F|  |TAMS 0x0000000081f00000, 0x0000000081f00000| Untracked 
|  32|0x0000000082000000, 0x0000000082000000, 0x0000000082100000|  0%| F|  |TAMS 0x0000000082000000, 0x0000000082000000| Untracked 
|  33|0x0000000082100000, 0x0000000082100000, 0x0000000082200000|  0%| F|  |TAMS 0x0000000082100000, 0x0000000082100000| Untracked 
|  34|0x0000000082200000, 0x0000000082200000, 0x0000000082300000|  0%| F|  |TAMS 0x0000000082200000, 0x0000000082200000| Untracked 
|  35|0x0000000082300000, 0x0000000082300000, 0x0000000082400000|  0%| F|  |TAMS 0x0000000082300000, 0x0000000082300000| Untracked 
|  36|0x0000000082400000, 0x0000000082400000, 0x0000000082500000|  0%| F|  |TAMS 0x0000000082400000, 0x0000000082400000| Untracked 
|  37|0x0000000082500000, 0x0000000082500000, 0x0000000082600000|  0%| F|  |TAMS 0x0000000082500000, 0x0000000082500000| Untracked 
|  38|0x0000000082600000, 0x0000000082600000, 0x0000000082700000|  0%| F|  |TAMS 0x0000000082600000, 0x0000000082600000| Untracked 
|  39|0x0000000082700000, 0x0000000082700000, 0x0000000082800000|  0%| F|  |TAMS 0x0000000082700000, 0x0000000082700000| Untracked 
|  40|0x0000000082800000, 0x0000000082800000, 0x0000000082900000|  0%| F|  |TAMS 0x0000000082800000, 0x0000000082800000| Untracked 
|  41|0x0000000082900000, 0x0000000082900000, 0x0000000082a00000|  0%| F|  |TAMS 0x0000000082900000, 0x0000000082900000| Untracked 
|  42|0x0000000082a00000, 0x0000000082a00000, 0x0000000082b00000|  0%| F|  |TAMS 0x0000000082a00000, 0x0000000082a00000| Untracked 
|  43|0x0000000082b00000, 0x0000000082b00000, 0x0000000082c00000|  0%| F|  |TAMS 0x0000000082b00000, 0x0000000082b00000| Untracked 
|  44|0x0000000082c00000, 0x0000000082c00000, 0x0000000082d00000|  0%| F|  |TAMS 0x0000000082c00000, 0x0000000082c00000| Untracked 
|  45|0x0000000082d00000, 0x0000000082d00000, 0x0000000082e00000|  0%| F|  |TAMS 0x0000000082d00000, 0x0000000082d00000| Untracked 
|  46|0x0000000082e00000, 0x0000000082e00000, 0x0000000082f00000|  0%| F|  |TAMS 0x0000000082e00000, 0x0000000082e00000| Untracked 
|  47|0x0000000082f00000, 0x0000000082f00000, 0x0000000083000000|  0%| F|  |TAMS 0x0000000082f00000, 0x0000000082f00000| Untracked 
|  48|0x0000000083000000, 0x0000000083000000, 0x0000000083100000|  0%| F|  |TAMS 0x0000000083000000, 0x0000000083000000| Untracked 
|  49|0x0000000083100000, 0x0000000083100000, 0x0000000083200000|  0%| F|  |TAMS 0x0000000083100000, 0x0000000083100000| Untracked 
|  50|0x0000000083200000, 0x0000000083200000, 0x0000000083300000|  0%| F|  |TAMS 0x0000000083200000, 0x0000000083200000| Untracked 
|  51|0x0000000083300000, 0x0000000083300000, 0x0000000083400000|  0%| F|  |TAMS 0x0000000083300000, 0x0000000083300000| Untracked 
|  52|0x0000000083400000, 0x0000000083400000, 0x0000000083500000|  0%| F|  |TAMS 0x0000000083400000, 0x0000000083400000| Untracked 
|  53|0x0000000083500000, 0x0000000083500000, 0x0000000083600000|  0%| F|  |TAMS 0x0000000083500000, 0x0000000083500000| Untracked 
|  54|0x0000000083600000, 0x0000000083600000, 0x0000000083700000|  0%| F|  |TAMS 0x0000000083600000, 0x0000000083600000| Untracked 
|  55|0x0000000083700000, 0x0000000083700000, 0x0000000083800000|  0%| F|  |TAMS 0x0000000083700000, 0x0000000083700000| Untracked 
|  56|0x0000000083800000, 0x0000000083800000, 0x0000000083900000|  0%| F|  |TAMS 0x0000000083800000, 0x0000000083800000| Untracked 
|  57|0x0000000083900000, 0x0000000083900000, 0x0000000083a00000|  0%| F|  |TAMS 0x0000000083900000, 0x0000000083900000| Untracked 
|  58|0x0000000083a00000, 0x0000000083a00000, 0x0000000083b00000|  0%| F|  |TAMS 0x0000000083a00000, 0x0000000083a00000| Untracked 
|  59|0x0000000083b00000, 0x0000000083b00000, 0x0000000083c00000|  0%| F|  |TAMS 0x0000000083b00000, 0x0000000083b00000| Untracked 
|  60|0x0000000083c00000, 0x0000000083c00000, 0x0000000083d00000|  0%| F|  |TAMS 0x0000000083c00000, 0x0000000083c00000| Untracked 
|  61|0x0000000083d00000, 0x0000000083d00000, 0x0000000083e00000|  0%| F|  |TAMS 0x0000000083d00000, 0x0000000083d00000| Untracked 
|  62|0x0000000083e00000, 0x0000000083e00000, 0x0000000083f00000|  0%| F|  |TAMS 0x0000000083e00000, 0x0000000083e00000| Untracked 
|  63|0x0000000083f00000, 0x0000000083f00000, 0x0000000084000000|  0%| F|  |TAMS 0x0000000083f00000, 0x0000000083f00000| Untracked 
|  64|0x0000000084000000, 0x0000000084000000, 0x0000000084100000|  0%| F|  |TAMS 0x0000000084000000, 0x0000000084000000| Untracked 
|  65|0x0000000084100000, 0x0000000084100000, 0x0000000084200000|  0%| F|  |TAMS 0x0000000084100000, 0x0000000084100000| Untracked 
|  66|0x0000000084200000, 0x0000000084200000, 0x0000000084300000|  0%| F|  |TAMS 0x0000000084200000, 0x0000000084200000| Untracked 
|  67|0x0000000084300000, 0x0000000084300000, 0x0000000084400000|  0%| F|  |TAMS 0x0000000084300000, 0x0000000084300000| Untracked 
|  68|0x0000000084400000, 0x0000000084400000, 0x0000000084500000|  0%| F|  |TAMS 0x0000000084400000, 0x0000000084400000| Untracked 
|  69|0x0000000084500000, 0x0000000084500000, 0x0000000084600000|  0%| F|  |TAMS 0x0000000084500000, 0x0000000084500000| Untracked 
|  70|0x0000000084600000, 0x0000000084600000, 0x0000000084700000|  0%| F|  |TAMS 0x0000000084600000, 0x0000000084600000| Untracked 
|  71|0x0000000084700000, 0x0000000084700000, 0x0000000084800000|  0%| F|  |TAMS 0x0000000084700000, 0x0000000084700000| Untracked 
|  72|0x0000000084800000, 0x0000000084800000, 0x0000000084900000|  0%| F|  |TAMS 0x0000000084800000, 0x0000000084800000| Untracked 
|  73|0x0000000084900000, 0x0000000084900000, 0x0000000084a00000|  0%| F|  |TAMS 0x0000000084900000, 0x0000000084900000| Untracked 
|  74|0x0000000084a00000, 0x0000000084a80800, 0x0000000084b00000| 50%| E|  |TAMS 0x0000000084a00000, 0x0000000084a00000| Complete 
|  75|0x0000000084b00000, 0x0000000084c00000, 0x0000000084c00000|100%| E|CS|TAMS 0x0000000084b00000, 0x0000000084b00000| Complete 
|  76|0x0000000084c00000, 0x0000000084d00000, 0x0000000084d00000|100%| E|CS|TAMS 0x0000000084c00000, 0x0000000084c00000| Complete 
|  77|0x0000000084d00000, 0x0000000084e00000, 0x0000000084e00000|100%| E|CS|TAMS 0x0000000084d00000, 0x0000000084d00000| Complete 
|  78|0x0000000084e00000, 0x0000000084f00000, 0x0000000084f00000|100%| E|CS|TAMS 0x0000000084e00000, 0x0000000084e00000| Complete 
|  79|0x0000000084f00000, 0x0000000085000000, 0x0000000085000000|100%| E|CS|TAMS 0x0000000084f00000, 0x0000000084f00000| Complete 
|  80|0x0000000085000000, 0x0000000085100000, 0x0000000085100000|100%| E|CS|TAMS 0x0000000085000000, 0x0000000085000000| Complete 
|  81|0x0000000085100000, 0x0000000085200000, 0x0000000085200000|100%| E|CS|TAMS 0x0000000085100000, 0x0000000085100000| Complete 
|  82|0x0000000085200000, 0x0000000085300000, 0x0000000085300000|100%| E|CS|TAMS 0x0000000085200000, 0x0000000085200000| Complete 
|  83|0x0000000085300000, 0x0000000085400000, 0x0000000085400000|100%| E|CS|TAMS 0x0000000085300000, 0x0000000085300000| Complete 
|  84|0x0000000085400000, 0x0000000085500000, 0x0000000085500000|100%| E|CS|TAMS 0x0000000085400000, 0x0000000085400000| Complete 
|  85|0x0000000085500000, 0x0000000085600000, 0x0000000085600000|100%| E|CS|TAMS 0x0000000085500000, 0x0000000085500000| Complete 
|  86|0x0000000085600000, 0x0000000085700000, 0x0000000085700000|100%| E|CS|TAMS 0x0000000085600000, 0x0000000085600000| Complete 
|  87|0x0000000085700000, 0x0000000085800000, 0x0000000085800000|100%| E|CS|TAMS 0x0000000085700000, 0x0000000085700000| Complete 
|  88|0x0000000085800000, 0x0000000085900000, 0x0000000085900000|100%| E|CS|TAMS 0x0000000085800000, 0x0000000085800000| Complete 
|  89|0x0000000085900000, 0x0000000085a00000, 0x0000000085a00000|100%| E|CS|TAMS 0x0000000085900000, 0x0000000085900000| Complete 
|  90|0x0000000085a00000, 0x0000000085b00000, 0x0000000085b00000|100%| E|CS|TAMS 0x0000000085a00000, 0x0000000085a00000| Complete 
|  91|0x0000000085b00000, 0x0000000085c00000, 0x0000000085c00000|100%| E|CS|TAMS 0x0000000085b00000, 0x0000000085b00000| Complete 
|  92|0x0000000085c00000, 0x0000000085d00000, 0x0000000085d00000|100%| E|CS|TAMS 0x0000000085c00000, 0x0000000085c00000| Complete 
|  93|0x0000000085d00000, 0x0000000085d45400, 0x0000000085e00000| 27%| S|CS|TAMS 0x0000000085d00000, 0x0000000085d00000| Complete 
|  94|0x0000000085e00000, 0x0000000085f00000, 0x0000000085f00000|100%| S|CS|TAMS 0x0000000085e00000, 0x0000000085e00000| Complete 
|  95|0x0000000085f00000, 0x0000000086000000, 0x0000000086000000|100%| S|CS|TAMS 0x0000000085f00000, 0x0000000085f00000| Complete 
|  96|0x0000000086000000, 0x0000000086100000, 0x0000000086100000|100%| S|CS|TAMS 0x0000000086000000, 0x0000000086000000| Complete 
|  97|0x0000000086100000, 0x0000000086200000, 0x0000000086200000|100%| S|CS|TAMS 0x0000000086100000, 0x0000000086100000| Complete 
|  98|0x0000000086200000, 0x0000000086300000, 0x0000000086300000|100%| S|CS|TAMS 0x0000000086200000, 0x0000000086200000| Complete 
|  99|0x0000000086300000, 0x0000000086400000, 0x0000000086400000|100%| S|CS|TAMS 0x0000000086300000, 0x0000000086300000| Complete 
| 100|0x0000000086400000, 0x0000000086500000, 0x0000000086500000|100%| E|CS|TAMS 0x0000000086400000, 0x0000000086400000| Complete 
| 101|0x0000000086500000, 0x0000000086600000, 0x0000000086600000|100%| E|CS|TAMS 0x0000000086500000, 0x0000000086500000| Complete 
| 102|0x0000000086600000, 0x0000000086700000, 0x0000000086700000|100%| E|CS|TAMS 0x0000000086600000, 0x0000000086600000| Complete 
| 103|0x0000000086700000, 0x0000000086800000, 0x0000000086800000|100%| E|CS|TAMS 0x0000000086700000, 0x0000000086700000| Complete 
| 104|0x0000000086800000, 0x0000000086900000, 0x0000000086900000|100%| E|CS|TAMS 0x0000000086800000, 0x0000000086800000| Complete 
| 105|0x0000000086900000, 0x0000000086a00000, 0x0000000086a00000|100%| E|CS|TAMS 0x0000000086900000, 0x0000000086900000| Complete 
| 106|0x0000000086a00000, 0x0000000086b00000, 0x0000000086b00000|100%| E|CS|TAMS 0x0000000086a00000, 0x0000000086a00000| Complete 
| 107|0x0000000086b00000, 0x0000000086c00000, 0x0000000086c00000|100%| E|CS|TAMS 0x0000000086b00000, 0x0000000086b00000| Complete 
| 108|0x0000000086c00000, 0x0000000086d00000, 0x0000000086d00000|100%| E|CS|TAMS 0x0000000086c00000, 0x0000000086c00000| Complete 
| 109|0x0000000086d00000, 0x0000000086e00000, 0x0000000086e00000|100%| E|CS|TAMS 0x0000000086d00000, 0x0000000086d00000| Complete 
| 110|0x0000000086e00000, 0x0000000086f00000, 0x0000000086f00000|100%| E|CS|TAMS 0x0000000086e00000, 0x0000000086e00000| Complete 
| 111|0x0000000086f00000, 0x0000000087000000, 0x0000000087000000|100%| E|CS|TAMS 0x0000000086f00000, 0x0000000086f00000| Complete 
| 112|0x0000000087000000, 0x0000000087100000, 0x0000000087100000|100%| E|CS|TAMS 0x0000000087000000, 0x0000000087000000| Complete 
| 113|0x0000000087100000, 0x0000000087200000, 0x0000000087200000|100%| E|CS|TAMS 0x0000000087100000, 0x0000000087100000| Complete 
| 114|0x0000000087200000, 0x0000000087300000, 0x0000000087300000|100%| E|CS|TAMS 0x0000000087200000, 0x0000000087200000| Complete 
| 115|0x0000000087300000, 0x0000000087400000, 0x0000000087400000|100%| E|CS|TAMS 0x0000000087300000, 0x0000000087300000| Complete 
| 116|0x0000000087400000, 0x0000000087500000, 0x0000000087500000|100%| E|CS|TAMS 0x0000000087400000, 0x0000000087400000| Complete 
| 117|0x0000000087500000, 0x0000000087600000, 0x0000000087600000|100%| E|CS|TAMS 0x0000000087500000, 0x0000000087500000| Complete 
| 118|0x0000000087600000, 0x0000000087700000, 0x0000000087700000|100%| E|CS|TAMS 0x0000000087600000, 0x0000000087600000| Complete 
| 119|0x0000000087700000, 0x0000000087800000, 0x0000000087800000|100%| E|CS|TAMS 0x0000000087700000, 0x0000000087700000| Complete 
| 120|0x0000000087800000, 0x0000000087900000, 0x0000000087900000|100%| E|CS|TAMS 0x0000000087800000, 0x0000000087800000| Complete 
| 121|0x0000000087900000, 0x0000000087a00000, 0x0000000087a00000|100%| E|CS|TAMS 0x0000000087900000, 0x0000000087900000| Complete 
| 122|0x0000000087a00000, 0x0000000087b00000, 0x0000000087b00000|100%| E|CS|TAMS 0x0000000087a00000, 0x0000000087a00000| Complete 
| 123|0x0000000087b00000, 0x0000000087c00000, 0x0000000087c00000|100%| E|CS|TAMS 0x0000000087b00000, 0x0000000087b00000| Complete 
| 124|0x0000000087c00000, 0x0000000087d00000, 0x0000000087d00000|100%| E|CS|TAMS 0x0000000087c00000, 0x0000000087c00000| Complete 
| 125|0x0000000087d00000, 0x0000000087e00000, 0x0000000087e00000|100%| E|CS|TAMS 0x0000000087d00000, 0x0000000087d00000| Complete 

Card table byte_map: [0x000002452c730000,0x000002452cb30000] _byte_map_base: 0x000002452c330000

Marking Bits (Prev, Next): (CMBitMap*) 0x000002451358e908, (CMBitMap*) 0x000002451358e940
 Prev Bits: [0x000002452cf30000, 0x000002452ef30000)
 Next Bits: [0x000002452ef30000, 0x0000024530f30000)

Polling page: 0x0000024513640000

Metaspace:

Usage:
  Non-class:     33.77 MB capacity,    33.23 MB ( 98%) used,   455.53 KB (  1%) free+waste,   100.56 KB ( <1%) overhead. 
      Class:      5.34 MB capacity,     4.95 MB ( 93%) used,   347.73 KB (  6%) free+waste,    50.88 KB ( <1%) overhead. 
       Both:     39.12 MB capacity,    38.18 MB ( 98%) used,   803.26 KB (  2%) free+waste,   151.44 KB ( <1%) overhead. 

Virtual space:
  Non-class space:       34.00 MB reserved,      33.88 MB (>99%) committed 
      Class space:      504.00 MB reserved,       5.45 MB (  1%) committed 
             Both:      538.00 MB reserved,      39.33 MB (  7%) committed 

Chunk freelists:
   Non-Class:  5.12 KB
       Class:  256 bytes
        Both:  5.38 KB

CodeHeap 'non-profiled nmethods': size=120000Kb used=1659Kb max_used=1659Kb free=118341Kb
 bounds [0x00000245248b0000, 0x0000024524b20000, 0x000002452bde0000]
CodeHeap 'profiled nmethods': size=120000Kb used=7183Kb max_used=7183Kb free=112816Kb
 bounds [0x000002451d380000, 0x000002451da90000, 0x00000245248b0000]
CodeHeap 'non-nmethods': size=5760Kb used=1513Kb max_used=1563Kb free=4246Kb
 bounds [0x000002451cde0000, 0x000002451d050000, 0x000002451d380000]
 total_blobs=4117 nmethods=3489 adapters=538
 compilation: enabled
              stopped_count=0, restarted_count=0
 full_count=0

Compilation events (10 events):
Event: 4.271 Thread 0x0000024533bb1000 nmethod 3470 0x000002451da6c390 code [0x000002451da6c600, 0x000002451da6cde8]
Event: 4.271 Thread 0x0000024533bb1000 3476       3       java.lang.reflect.Modifier::toString (185 bytes)
Event: 4.271 Thread 0x0000024533bb1000 nmethod 3476 0x000002451da6d190 code [0x000002451da6d420, 0x000002451da6dc58]
Event: 4.271 Thread 0x0000024533bb1000 3480       1       java.lang.reflect.Field::getType (5 bytes)
Event: 4.272 Thread 0x0000024533bb1000 nmethod 3480 0x0000024524a4d210 code [0x0000024524a4d3a0, 0x0000024524a4d458]
Event: 4.272 Thread 0x0000024533bb1000 3484       1       groovy.lang.MetaBeanProperty::setGetter (6 bytes)
Event: 4.272 Thread 0x0000024533bb1000 nmethod 3484 0x0000024524a4d510 code [0x0000024524a4d6a0, 0x0000024524a4d798]
Event: 4.274 Thread 0x0000024533bb1000 3485       3       java.util.Arrays::asList (9 bytes)
Event: 4.274 Thread 0x0000024533bb1000 nmethod 3485 0x000002451da6de90 code [0x000002451da6e060, 0x000002451da6e4c8]
Event: 4.274 Thread 0x0000024533bb1000 3486       3       java.util.Arrays$ArrayList::<init> (16 bytes)

GC Heap History (10 events):
Event: 1.932 GC heap before
{Heap before GC invocations=1 (full 0):
 garbage-first heap   total 129024K, used 84308K [0x0000000080000000, 0x0000000100000000)
  region size 1024K, 75 young (76800K), 3 survivors (3072K)
 Metaspace       used 18521K, capacity 18913K, committed 19072K, reserved 534528K
  class space    used 2164K, capacity 2310K, committed 2432K, reserved 516096K
}
Event: 1.938 GC heap after
{Heap after GC invocations=2 (full 0):
 garbage-first heap   total 129024K, used 17703K [0x0000000080000000, 0x0000000100000000)
  region size 1024K, 10 young (10240K), 10 survivors (10240K)
 Metaspace       used 18521K, capacity 18913K, committed 19072K, reserved 534528K
  class space    used 2164K, capacity 2310K, committed 2432K, reserved 516096K
}
Event: 2.153 GC heap before
{Heap before GC invocations=2 (full 0):
 garbage-first heap   total 129024K, used 36135K [0x0000000080000000, 0x0000000100000000)
  region size 1024K, 29 young (29696K), 10 survivors (10240K)
 Metaspace       used 20860K, capacity 21228K, committed 21296K, reserved 536576K
  class space    used 2523K, capacity 2686K, committed 2688K, reserved 516096K
}
Event: 2.160 GC heap after
{Heap after GC invocations=3 (full 0):
 garbage-first heap   total 129024K, used 19086K [0x0000000080000000, 0x0000000100000000)
  region size 1024K, 2 young (2048K), 2 survivors (2048K)
 Metaspace       used 20860K, capacity 21228K, committed 21296K, reserved 536576K
  class space    used 2523K, capacity 2686K, committed 2688K, reserved 516096K
}
Event: 2.635 GC heap before
{Heap before GC invocations=4 (full 0):
 garbage-first heap   total 129024K, used 66190K [0x0000000080000000, 0x0000000100000000)
  region size 1024K, 48 young (49152K), 2 survivors (2048K)
 Metaspace       used 24888K, capacity 25460K, committed 25724K, reserved 538624K
  class space    used 3195K, capacity 3419K, committed 3532K, reserved 516096K
}
Event: 2.638 GC heap after
{Heap after GC invocations=5 (full 0):
 garbage-first heap   total 129024K, used 20356K [0x0000000080000000, 0x0000000100000000)
  region size 1024K, 3 young (3072K), 3 survivors (3072K)
 Metaspace       used 24888K, capacity 25460K, committed 25724K, reserved 538624K
  class space    used 3195K, capacity 3419K, committed 3532K, reserved 516096K
}
Event: 3.295 GC heap before
{Heap before GC invocations=5 (full 0):
 garbage-first heap   total 129024K, used 74628K [0x0000000080000000, 0x0000000100000000)
  region size 1024K, 56 young (57344K), 3 survivors (3072K)
 Metaspace       used 29984K, capacity 30786K, committed 30972K, reserved 542720K
  class space    used 3991K, capacity 4310K, committed 4428K, reserved 516096K
}
Event: 3.299 GC heap after
{Heap after GC invocations=6 (full 0):
 garbage-first heap   total 129024K, used 22200K [0x0000000080000000, 0x0000000100000000)
  region size 1024K, 5 young (5120K), 5 survivors (5120K)
 Metaspace       used 29984K, capacity 30786K, committed 30972K, reserved 542720K
  class space    used 3991K, capacity 4310K, committed 4428K, reserved 516096K
}
Event: 3.770 GC heap before
{Heap before GC invocations=6 (full 0):
 garbage-first heap   total 129024K, used 47800K [0x0000000080000000, 0x0000000100000000)
  region size 1024K, 31 young (31744K), 5 survivors (5120K)
 Metaspace       used 35159K, capacity 35954K, committed 36048K, reserved 548864K
  class space    used 4573K, capacity 4909K, committed 4940K, reserved 516096K
}
Event: 3.776 GC heap after
{Heap after GC invocations=7 (full 0):
 garbage-first heap   total 129024K, used 24407K [0x0000000080000000, 0x0000000100000000)
  region size 1024K, 7 young (7168K), 7 survivors (7168K)
 Metaspace       used 35159K, capacity 35954K, committed 36048K, reserved 548864K
  class space    used 4573K, capacity 4909K, committed 4940K, reserved 516096K
}

Deoptimization events (10 events):
Event: 3.707 Thread 0x0000024536438800 Uncommon trap: reason=unstable_if action=reinterpret pc=0x00000245249c5208 method=jdk.internal.loader.BuiltinClassLoader.loadClassOrNull(Ljava/lang/String;Z)Ljava/lang/Class; @ 42 c2
Event: 3.793 Thread 0x0000024536438800 Uncommon trap: reason=unstable_if action=reinterpret pc=0x00000245248d4060 method=java.io.WinNTFileSystem.isSlash(C)Z @ 9 c2
Event: 3.828 Thread 0x0000024536438800 Uncommon trap: reason=unstable_if action=reinterpret pc=0x00000245249e8090 method=jdk.internal.org.objectweb.asm.Type.getArgumentsAndReturnSizes(Ljava/lang/String;)I @ 136 c2
Event: 3.836 Thread 0x0000024536438800 Uncommon trap: reason=speculate_null_assert action=make_not_entrant pc=0x0000024524949714 method=jdk.internal.loader.URLClassPath$JarLoader.getResource(Ljava/lang/String;ZLjava/util/Set;)Ljdk/internal/loader/Resource; @ 17 c2
Event: 3.913 Thread 0x0000024536438800 Uncommon trap: reason=unstable_if action=reinterpret pc=0x0000024524935250 method=sun.nio.fs.WindowsPathParser.isSlash(C)Z @ 9 c2
Event: 3.913 Thread 0x0000024536438800 Uncommon trap: reason=unstable_if action=reinterpret pc=0x00000245248ca03c method=sun.nio.fs.WindowsPathParser.isSlash(C)Z @ 9 c2
Event: 4.197 Thread 0x0000024536438800 Uncommon trap: reason=unstable_if action=reinterpret pc=0x000002452493b608 method=java.util.zip.ZipFile$Source.initCEN(ILjava/util/zip/ZipCoder;)V @ 665 c2
Event: 4.199 Thread 0x0000024536438800 Uncommon trap: reason=unstable_if action=reinterpret pc=0x0000024524a01454 method=java.lang.Class.getPackageName()Ljava/lang/String; @ 55 c2
Event: 4.239 Thread 0x0000024536438800 Uncommon trap: reason=class_check action=maybe_recompile pc=0x0000024524a314a8 method=java.util.regex.Pattern$Start.match(Ljava/util/regex/Matcher;ILjava/lang/CharSequence;)Z @ 44 c2
Event: 4.239 Thread 0x0000024536438800 Uncommon trap: reason=class_check action=maybe_recompile pc=0x0000024524a314a8 method=java.util.regex.Pattern$Start.match(Ljava/util/regex/Matcher;ILjava/lang/CharSequence;)Z @ 44 c2

Classes redefined (0 events):
No events

Internal exceptions (10 events):
Event: 4.239 Thread 0x0000024536438800 Exception <a 'java/lang/ClassNotFoundException'{0x0000000085097d30}: org/gradle/groovy/scripts/DefaultScriptCustomizer> (0x0000000085097d30) thrown at [./open/src/hotspot/share/classfile/systemDictionary.cpp, line 226]
Event: 4.240 Thread 0x0000024536438800 Exception <a 'java/lang/ClassNotFoundException'{0x00000000850caec8}: org/gradle/plugin/use/internal/PluginsAwareScriptCustomizer> (0x00000000850caec8) thrown at [./open/src/hotspot/share/classfile/systemDictionary.cpp, line 226]
Event: 4.241 Thread 0x0000024536438800 Exception <a 'java/lang/ClassNotFoundException'{0x00000000850ea0d0}: org/gradle/initialization/SettingsScriptCustomizer> (0x00000000850ea0d0) thrown at [./open/src/hotspot/share/classfile/systemDictionary.cpp, line 226]
Event: 4.242 Thread 0x0000024536438800 Exception <a 'java/lang/ClassNotFoundException'{0x00000000850fe068}: settings_5bsql8qm0wbq8iqw26wnzwm4fCustomizer> (0x00000000850fe068) thrown at [./open/src/hotspot/share/classfile/systemDictionary.cpp, line 226]
Event: 4.260 Thread 0x0000024536438800 Exception <a 'java/lang/ClassNotFoundException'{0x0000000084e42bd8}: org/gradle/initialization/DefaultSettings_DecoratedBeanInfo> (0x0000000084e42bd8) thrown at [./open/src/hotspot/share/classfile/systemDictionary.cpp, line 226]
Event: 4.260 Thread 0x0000024536438800 Exception <a 'java/lang/ClassNotFoundException'{0x0000000084e67988}: org/gradle/initialization/DefaultSettingsBeanInfo> (0x0000000084e67988) thrown at [./open/src/hotspot/share/classfile/systemDictionary.cpp, line 226]
Event: 4.261 Thread 0x0000024536438800 Exception <a 'java/lang/ClassNotFoundException'{0x0000000084ea7190}: org/gradle/api/internal/project/AbstractPluginAwareBeanInfo> (0x0000000084ea7190) thrown at [./open/src/hotspot/share/classfile/systemDictionary.cpp, line 226]
Event: 4.262 Thread 0x0000024536438800 Exception <a 'java/lang/ClassNotFoundException'{0x0000000084ed0318}: org/gradle/api/internal/project/AbstractPluginAwareCustomizer> (0x0000000084ed0318) thrown at [./open/src/hotspot/share/classfile/systemDictionary.cpp, line 226]
Event: 4.263 Thread 0x0000024536438800 Exception <a 'java/lang/ClassNotFoundException'{0x0000000084efc9e8}: org/gradle/initialization/DefaultSettingsCustomizer> (0x0000000084efc9e8) thrown at [./open/src/hotspot/share/classfile/systemDictionary.cpp, line 226]
Event: 4.265 Thread 0x0000024536438800 Exception <a 'java/lang/ClassNotFoundException'{0x0000000084d57be0}: org/gradle/initialization/DefaultSettings_DecoratedCustomizer> (0x0000000084d57be0) thrown at [./open/src/hotspot/share/classfile/systemDictionary.cpp, line 226]

Events (10 events):
Event: 4.273 loading class org/codehaus/groovy/runtime/wrappers/PojoWrapper
Event: 4.273 loading class org/codehaus/groovy/runtime/wrappers/PojoWrapper done
Event: 4.273 loading class groovy/runtime/metaclass/org/gradle/initialization/DefaultProjectDescriptorMetaClass
Event: 4.273 loading class groovy/runtime/metaclass/org/gradle/initialization/DefaultProjectDescriptorMetaClass done
Event: 4.274 loading class org/gradle/initialization/DefaultProjectDescriptorBeanInfo
Event: 4.274 loading class org/gradle/initialization/DefaultProjectDescriptorBeanInfo done
Event: 4.274 loading class org/gradle/initialization/DefaultProjectDescriptorBeanInfo
Event: 4.274 loading class org/gradle/initialization/DefaultProjectDescriptorBeanInfo done
Event: 4.274 loading class org/gradle/initialization/DefaultProjectDescriptorBeanInfo
Event: 4.274 loading class org/gradle/initialization/DefaultProjectDescriptorBeanInfo done


Dynamic libraries:
0x00007ff7b0790000 - 0x00007ff7b07a0000 	C:\Program Files\Java\jdk-11\bin\java.exe
0x00007ff921bf0000 - 0x00007ff921e07000 	C:\WINDOWS\SYSTEM32\ntdll.dll
0x00007ff920900000 - 0x00007ff9209c4000 	C:\WINDOWS\System32\KERNEL32.DLL
0x00007ff91f3f0000 - 0x00007ff91f795000 	C:\WINDOWS\System32\KERNELBASE.dll
0x00007ff91ef60000 - 0x00007ff91f071000 	C:\WINDOWS\System32\ucrtbase.dll
0x00007ff905f10000 - 0x00007ff905f29000 	C:\Program Files\Java\jdk-11\bin\jli.dll
0x00007ff8f0750000 - 0x00007ff8f076b000 	C:\Program Files\Java\jdk-11\bin\VCRUNTIME140.dll
0x00007ff91f940000 - 0x00007ff91f9f1000 	C:\WINDOWS\System32\ADVAPI32.dll
0x00007ff920000000 - 0x00007ff9200a7000 	C:\WINDOWS\System32\msvcrt.dll
0x00007ff91fa00000 - 0x00007ff91faa6000 	C:\WINDOWS\System32\sechost.dll
0x00007ff91fae0000 - 0x00007ff91fbf7000 	C:\WINDOWS\System32\RPCRT4.dll
0x00007ff920420000 - 0x00007ff9205ce000 	C:\WINDOWS\System32\USER32.dll
0x00007ff91f7a0000 - 0x00007ff91f7c6000 	C:\WINDOWS\System32\win32u.dll
0x00007ff907a70000 - 0x00007ff907d03000 	C:\WINDOWS\WinSxS\amd64_microsoft.windows.common-controls_6595b64144ccf1df_6.0.22621.2506_none_270c5ae97388e100\COMCTL32.dll
0x00007ff91ffc0000 - 0x00007ff91ffe9000 	C:\WINDOWS\System32\GDI32.dll
0x00007ff91f1b0000 - 0x00007ff91f2c9000 	C:\WINDOWS\System32\gdi32full.dll
0x00007ff91f2d0000 - 0x00007ff91f36a000 	C:\WINDOWS\System32\msvcp_win.dll
0x00007ff9180d0000 - 0x00007ff9180da000 	C:\WINDOWS\SYSTEM32\VERSION.dll
0x00007ff91ff80000 - 0x00007ff91ffb1000 	C:\WINDOWS\System32\IMM32.DLL
0x00007ff90c250000 - 0x00007ff90c25c000 	C:\Program Files\Java\jdk-11\bin\vcruntime140_1.dll
0x00007ff8d3c10000 - 0x00007ff8d3c9e000 	C:\Program Files\Java\jdk-11\bin\msvcp140.dll
0x00007ff8aa640000 - 0x00007ff8ab1ad000 	C:\Program Files\Java\jdk-11\bin\server\jvm.dll
0x00007ff91fab0000 - 0x00007ff91fab8000 	C:\WINDOWS\System32\PSAPI.DLL
0x00007ff906360000 - 0x00007ff906369000 	C:\WINDOWS\SYSTEM32\WSOCK32.dll
0x00007ff90aa70000 - 0x00007ff90aaa4000 	C:\WINDOWS\SYSTEM32\WINMM.dll
0x00007ff920880000 - 0x00007ff9208f1000 	C:\WINDOWS\System32\WS2_32.dll
0x00007ff91dfb0000 - 0x00007ff91dfc8000 	C:\WINDOWS\SYSTEM32\kernel.appcore.dll
0x00007ff9062a0000 - 0x00007ff9062b0000 	C:\Program Files\Java\jdk-11\bin\verify.dll
0x00007ff915180000 - 0x00007ff9153b3000 	C:\WINDOWS\SYSTEM32\DBGHELP.DLL
0x00007ff9212c0000 - 0x00007ff921649000 	C:\WINDOWS\System32\combase.dll
0x00007ff921650000 - 0x00007ff921727000 	C:\WINDOWS\System32\OLEAUT32.dll
0x00007ff9065c0000 - 0x00007ff9065f2000 	C:\WINDOWS\SYSTEM32\dbgcore.DLL
0x00007ff91f370000 - 0x00007ff91f3ea000 	C:\WINDOWS\System32\bcryptPrimitives.dll
0x00007ff8ee670000 - 0x00007ff8ee698000 	C:\Program Files\Java\jdk-11\bin\java.dll
0x00007ff905fb0000 - 0x00007ff905fba000 	C:\Program Files\Java\jdk-11\bin\jimage.dll
0x00007ff8ebed0000 - 0x00007ff8ebee7000 	C:\Program Files\Java\jdk-11\bin\zip.dll
0x00007ff9209d0000 - 0x00007ff921229000 	C:\WINDOWS\System32\SHELL32.dll
0x00007ff91ce40000 - 0x00007ff91d734000 	C:\WINDOWS\SYSTEM32\windows.storage.dll
0x00007ff91cd00000 - 0x00007ff91ce3e000 	C:\WINDOWS\SYSTEM32\wintypes.dll
0x00007ff9201b0000 - 0x00007ff9202a3000 	C:\WINDOWS\System32\SHCORE.dll
0x00007ff920790000 - 0x00007ff9207ee000 	C:\WINDOWS\System32\shlwapi.dll
0x00007ff91ee90000 - 0x00007ff91eeb6000 	C:\WINDOWS\SYSTEM32\profapi.dll
0x00007ff8ebc20000 - 0x00007ff8ebc39000 	C:\Program Files\Java\jdk-11\bin\net.dll
0x00007ff918690000 - 0x00007ff9187c7000 	C:\WINDOWS\SYSTEM32\WINHTTP.dll
0x00007ff91e480000 - 0x00007ff91e4e9000 	C:\WINDOWS\system32\mswsock.dll
0x00007ff8ebb40000 - 0x00007ff8ebb52000 	C:\Program Files\Java\jdk-11\bin\nio.dll
0x00007ff8c83a0000 - 0x00007ff8c83c7000 	C:\Users\ntdie\.gradle\native\68d5fa5c4cc2d200863cafc0d521ce42e7d3e7ee720ec0a83991735586a16f82\windows-amd64\native-platform.dll
0x00007ff8a5640000 - 0x00007ff8a5784000 	C:\Users\ntdie\.gradle\native\e376f236ea51e6404a007f0833ffe2c6e607c4080706a723a18a27aeea778392\windows-amd64\native-platform-file-events.dll
0x00007ff8f0370000 - 0x00007ff8f0379000 	C:\Program Files\Java\jdk-11\bin\management.dll
0x00007ff8ef1b0000 - 0x00007ff8ef1bb000 	C:\Program Files\Java\jdk-11\bin\management_ext.dll
0x00007ff91e6c0000 - 0x00007ff91e6db000 	C:\WINDOWS\SYSTEM32\CRYPTSP.dll
0x00007ff91df70000 - 0x00007ff91dfa5000 	C:\WINDOWS\system32\rsaenh.dll
0x00007ff91e530000 - 0x00007ff91e55c000 	C:\WINDOWS\SYSTEM32\USERENV.dll
0x00007ff91e8f0000 - 0x00007ff91e918000 	C:\WINDOWS\SYSTEM32\bcrypt.dll
0x00007ff91e6b0000 - 0x00007ff91e6bc000 	C:\WINDOWS\SYSTEM32\CRYPTBASE.dll
0x00007ff91da10000 - 0x00007ff91da3d000 	C:\WINDOWS\SYSTEM32\IPHLPAPI.DLL
0x00007ff920410000 - 0x00007ff920419000 	C:\WINDOWS\System32\NSI.dll
0x00007ff918630000 - 0x00007ff918649000 	C:\WINDOWS\SYSTEM32\dhcpcsvc6.DLL
0x00007ff918610000 - 0x00007ff91862f000 	C:\WINDOWS\SYSTEM32\dhcpcsvc.DLL
0x00007ff91da80000 - 0x00007ff91db79000 	C:\WINDOWS\SYSTEM32\DNSAPI.dll

dbghelp: loaded successfully - version: 4.0.5 - missing functions: none
symbol engine: initialized successfully - sym options: 0x614 - pdb path: .;C:\Program Files\Java\jdk-11\bin;C:\WINDOWS\SYSTEM32;C:\WINDOWS\WinSxS\amd64_microsoft.windows.common-controls_6595b64144ccf1df_6.0.22621.2506_none_270c5ae97388e100;C:\Program Files\Java\jdk-11\bin\server;C:\Users\ntdie\.gradle\native\68d5fa5c4cc2d200863cafc0d521ce42e7d3e7ee720ec0a83991735586a16f82\windows-amd64;C:\Users\ntdie\.gradle\native\e376f236ea51e6404a007f0833ffe2c6e607c4080706a723a18a27aeea778392\windows-amd64

VM Arguments:
jvm_args: -XX:MaxMetaspaceSize=512m --add-opens=java.base/java.util=ALL-UNNAMED --add-opens=java.base/java.lang=ALL-UNNAMED --add-opens=java.base/java.lang.invoke=ALL-UNNAMED --add-opens=java.prefs/java.util.prefs=ALL-UNNAMED --add-opens=java.base/java.nio.charset=ALL-UNNAMED --add-opens=java.base/java.net=ALL-UNNAMED --add-opens=java.base/java.util.concurrent.atomic=ALL-UNNAMED -Xmx2048m -Dfile.encoding=windows-1252 -Duser.country=US -Duser.language=en -Duser.variant 
java_command: org.gradle.launcher.daemon.bootstrap.GradleDaemon 8.0.1
java_class_path (initial): C:\Users\ntdie\.gradle\wrapper\dists\gradle-8.0.1-all\aro4hu1c3oeioove7l0i4i14o\gradle-8.0.1\lib\gradle-launcher-8.0.1.jar
Launcher Type: SUN_STANDARD

[Global flags]
     intx CICompilerCount                          = 4                                         {product} {ergonomic}
   size_t CompressedClassSpaceSize                 = 528482304                                 {product} {ergonomic}
     uint ConcGCThreads                            = 3                                         {product} {ergonomic}
     uint G1ConcRefinementThreads                  = 10                                        {product} {ergonomic}
   size_t G1HeapRegionSize                         = 1048576                                   {product} {ergonomic}
    uintx GCDrainStackTargetSize                   = 64                                        {product} {ergonomic}
   size_t InitialHeapSize                          = 132120576                                 {product} {ergonomic}
   size_t MarkStackSize                            = 4194304                                   {product} {ergonomic}
   size_t MaxHeapSize                              = 2147483648                                {product} {command line}
   size_t MaxMetaspaceSize                         = 536870912                                 {product} {command line}
   size_t MaxNewSize                               = 1287651328                                {product} {ergonomic}
   size_t MinHeapDeltaBytes                        = 1048576                                   {product} {ergonomic}
    uintx NonNMethodCodeHeapSize                   = 5836300                                {pd product} {ergonomic}
    uintx NonProfiledCodeHeapSize                  = 122910970                              {pd product} {ergonomic}
    uintx ProfiledCodeHeapSize                     = 122910970                              {pd product} {ergonomic}
    uintx ReservedCodeCacheSize                    = 251658240                              {pd product} {ergonomic}
     bool SegmentedCodeCache                       = true                                      {product} {ergonomic}
     bool UseCompressedClassPointers               = true                                 {lp64_product} {ergonomic}
     bool UseCompressedOops                        = true                                 {lp64_product} {ergonomic}
     bool UseG1GC                                  = true                                      {product} {ergonomic}
     bool UseLargePagesIndividualAllocation        = false                                  {pd product} {ergonomic}

Logging:
Log output configuration:
 #0: stdout all=warning uptime,level,tags
 #1: stderr all=off uptime,level,tags

Environment Variables:
JAVA_HOME=C:\Program Files\Java\jdk-11
CLASSPATH=C:\Users\ntdie\Desktop\Test2\AppStream\android\\gradle\wrapper\gradle-wrapper.jar
PATH=C:\Users\ntdie\Desktop\Test2\AppStream\node_modules\.bin;C:\Users\ntdie\Desktop\Test2\AppStream\node_modules\.bin;C:\Users\ntdie\Desktop\Test2\node_modules\.bin;C:\Users\ntdie\Desktop\node_modules\.bin;C:\Users\ntdie\node_modules\.bin;C:\Users\node_modules\.bin;C:\node_modules\.bin;C:\Program Files\nodejs\node_modules\npm\node_modules\@npmcli\run-script\lib\node-gyp-bin;C:\ProgramData\Oracle\Java\javapath;C:\Program Files\Common Files\Oracle\Java\javapath;C:\Program Files (x86)\Common Files\Oracle\Java\javapath;C:\WINDOWS\system32;C:\WINDOWS;C:\WINDOWS\System32\Wbem;C:\WINDOWS\System32\WindowsPowerShell\v1.0\;C:\WINDOWS\System32\OpenSSH\;C:\Program Files\Microsoft SQL Server\Client SDK\ODBC\170\Tools\Binn\;C:\Program Files\dotnet\;C:\Program Files\Azure Data Studio\bin;C:\Program Files (x86)\Microsoft SQL Server\160\Tools\Binn\;C:\Program Files\Microsoft SQL Server\160\Tools\Binn\;C:\Program Files\Microsoft SQL Server\160\DTS\Binn\;C:\Program Files (x86)\Microsoft SQL Server\160\DTS\Binn\;C:\Program Files\nodejs\;C:\Program Files\Git\cmd;C:\Users\ntdie\AppData\Local\Android\Sdk\tools;C:\Program Files\MySQL\MySQL Shell 8.0\bin\;C:\Users\ntdie\AppData\Local\Microsoft\WindowsApps;C:\Users\ntdie\AppData\Local\Programs\Microsoft VS Code\bin;C:\Users\ntdie\.dotnet\tools;C:\Program Files\Azure Data Studio\bin;C:\Users\ntdie\AppData\Roaming\npm;C:\Program Files\Java\jdk-17;C:\opencv\build\java\x64;C:\Users\ntdie\AppData\Local\Android\Sdk\platform-tools;C:\Program Files\Java\jdk-20\bin;C:\Program Files\Java\jdk-17\bin;C:\Program Files\Java\jdk-11\bin;
USERNAME=ntdie
OS=Windows_NT
PROCESSOR_IDENTIFIER=Intel64 Family 6 Model 165 Stepping 2, GenuineIntel



---------------  S Y S T E M  ---------------

OS: Windows 11 , 64 bit Build 22621 (10.0.22621.2506)
Hyper-V role detected

CPU:total 12 (initial active 12) (6 cores per cpu, 2 threads per core) family 6 model 165 stepping 2 microcode 0xe0, cmov, cx8, fxsr, mmx, sse, sse2, sse3, ssse3, sse4.1, sse4.2, popcnt, avx, avx2, aes, clmul, erms, 3dnowpref, lzcnt, ht, tsc, tscinvbit, bmi1, bmi2, adx, fma

Memory: 4k page, system-wide physical 8013M (481M free)
TotalPageFile size 16109M (AvailPageFile size 3M)
current process WorkingSet (physical memory assigned to process): 253M, peak: 257M
current process commit charge ("private bytes"): 322M, peak: 330M

vm_info: Java HotSpot(TM) 64-Bit Server VM (11.0.20+9-LTS-256) for windows-amd64 JRE (11.0.20+9-LTS-256), built on Jun 14 2023 10:34:22 by "mach5one" with MS VC++ 17.1 (VS2022)

END.
