#
# There is insufficient memory for the Java Runtime Environment to continue.
# Native memory allocation (malloc) failed to allocate 1056976 bytes for Chunk::new
# Possible reasons:
#   The system is out of physical RAM or swap space
#   The process is running with CompressedOops enabled, and the Java Heap may be blocking the growth of the native heap
# Possible solutions:
#   Reduce memory load on the system
#   Increase physical memory or swap space
#   Check if swap backing store is full
#   Decrease Java heap size (-Xmx/-Xms)
#   Decrease number of Java threads
#   Decrease Java thread stack sizes (-Xss)
#   Set larger code cache with -XX:ReservedCodeCacheSize=
#   JVM is running with Unscaled Compressed Oops mode in which the Java heap is
#     placed in the first 4GB address space. The Java Heap base address is the
#     maximum limit for the native heap growth. Please use -XX:HeapBaseMinAddress
#     to set the Java Heap base and to place the Java Heap above 4GB virtual address.
# This output file may be truncated or incomplete.
#
#  Out of Memory Error (./open/src/hotspot/share/memory/arena.cpp:197), pid=19740, tid=20380
#
# JRE version: Java(TM) SE Runtime Environment 18.9 (11.0.20+9) (build 11.0.20+9-LTS-256)
# Java VM: Java HotSpot(TM) 64-Bit Server VM 18.9 (11.0.20+9-LTS-256, mixed mode, tiered, compressed oops, g1 gc, windows-amd64)
# No core dump will be written. Minidumps are not enabled by default on client versions of Windows
#

---------------  S U M M A R Y ------------

Command Line: -XX:MaxMetaspaceSize=512m --add-opens=java.base/java.util=ALL-UNNAMED --add-opens=java.base/java.lang=ALL-UNNAMED --add-opens=java.base/java.lang.invoke=ALL-UNNAMED --add-opens=java.prefs/java.util.prefs=ALL-UNNAMED --add-opens=java.base/java.nio.charset=ALL-UNNAMED --add-opens=java.base/java.net=ALL-UNNAMED --add-opens=java.base/java.util.concurrent.atomic=ALL-UNNAMED -Xmx2048m -Dfile.encoding=windows-1252 -Duser.country=US -Duser.language=en -Duser.variant org.gradle.launcher.daemon.bootstrap.GradleDaemon 8.0.1

Host: Intel(R) Core(TM) i7-10750H CPU @ 2.60GHz, 12 cores, 7G,  Windows 11 , 64 bit Build 22621 (10.0.22621.2506)
Time: Mon Dec  4 14:43:11 2023 SE Asia Standard Time elapsed time: 2.883851 seconds (0d 0h 0m 2s)

---------------  T H R E A D  ---------------

Current thread (0x000001f87c72d800):  JavaThread "C2 CompilerThread1" daemon [_thread_in_native, id=20380, stack(0x0000000b58700000,0x0000000b58800000)]


Current CompileTask:
C2:   2883 2712  s!   4       jdk.internal.loader.URLClassPath::getLoader (194 bytes)

Stack: [0x0000000b58700000,0x0000000b58800000]
Native frames: (J=compiled Java code, j=interpreted, Vv=VM code, C=native code)
V  [jvm.dll+0x6602ba]
V  [jvm.dll+0x7a32af]
V  [jvm.dll+0x7a4979]
V  [jvm.dll+0x7a5013]
V  [jvm.dll+0x258ef5]
V  [jvm.dll+0xb2a0c]
V  [jvm.dll+0xb2fcc]
V  [jvm.dll+0x36764f]
V  [jvm.dll+0x330365]
V  [jvm.dll+0x32f74a]
V  [jvm.dll+0x211bfd]
V  [jvm.dll+0x210bc8]
V  [jvm.dll+0x18cdb1]
V  [jvm.dll+0x220e59]
V  [jvm.dll+0x21f17c]
V  [jvm.dll+0x767061]
V  [jvm.dll+0x75f8e4]
V  [jvm.dll+0x65f165]
C  [ucrtbase.dll+0x29363]
C  [KERNEL32.DLL+0x1257d]
C  [ntdll.dll+0x5aa58]


---------------  P R O C E S S  ---------------

Threads class SMR info:
_java_thread_list=0x000001f87eb52d70, length=32, elements={
0x000001f859d5a000, 0x000001f87a32c000, 0x000001f87a335800, 0x000001f87a346800,
0x000001f87a348800, 0x000001f87a34c000, 0x000001f87a34f800, 0x000001f87a35b800,
0x000001f87a367800, 0x000001f87ae0f000, 0x000001f87c235800, 0x000001f87af8b800,
0x000001f87d12d800, 0x000001f87e84e800, 0x000001f87d4e1800, 0x000001f87c75a800,
0x000001f87ba39800, 0x000001f87ba3a800, 0x000001f87b867800, 0x000001f87c69d000,
0x000001f87c697000, 0x000001f87c699000, 0x000001f87c69d800, 0x000001f87c72d800,
0x000001f87c698000, 0x000001f87c699800, 0x000001f87c69c000, 0x000001f87c69a800,
0x000001f87c69b000, 0x000001f87c682000, 0x000001f87c683000, 0x000001f87c67f000
}

Java Threads: ( => current thread )
  0x000001f859d5a000 JavaThread "main" [_thread_blocked, id=5260, stack(0x0000000b55d00000,0x0000000b55e00000)]
  0x000001f87a32c000 JavaThread "Reference Handler" daemon [_thread_blocked, id=19776, stack(0x0000000b56400000,0x0000000b56500000)]
  0x000001f87a335800 JavaThread "Finalizer" daemon [_thread_blocked, id=20080, stack(0x0000000b56500000,0x0000000b56600000)]
  0x000001f87a346800 JavaThread "Signal Dispatcher" daemon [_thread_blocked, id=15920, stack(0x0000000b56600000,0x0000000b56700000)]
  0x000001f87a348800 JavaThread "Attach Listener" daemon [_thread_blocked, id=12744, stack(0x0000000b56700000,0x0000000b56800000)]
  0x000001f87a34c000 JavaThread "Service Thread" daemon [_thread_blocked, id=11396, stack(0x0000000b56800000,0x0000000b56900000)]
  0x000001f87a34f800 JavaThread "C2 CompilerThread0" daemon [_thread_in_native, id=8964, stack(0x0000000b56900000,0x0000000b56a00000)]
  0x000001f87a35b800 JavaThread "C1 CompilerThread0" daemon [_thread_blocked, id=16112, stack(0x0000000b56a00000,0x0000000b56b00000)]
  0x000001f87a367800 JavaThread "Sweeper thread" daemon [_thread_blocked, id=18452, stack(0x0000000b56b00000,0x0000000b56c00000)]
  0x000001f87ae0f000 JavaThread "Common-Cleaner" daemon [_thread_blocked, id=11364, stack(0x0000000b56c00000,0x0000000b56d00000)]
  0x000001f87c235800 JavaThread "Daemon health stats" [_thread_blocked, id=1824, stack(0x0000000b57100000,0x0000000b57200000)]
  0x000001f87af8b800 JavaThread "Incoming local TCP Connector on port 60504" [_thread_in_native, id=3400, stack(0x0000000b56e00000,0x0000000b56f00000)]
  0x000001f87d12d800 JavaThread "Daemon periodic checks" [_thread_blocked, id=17212, stack(0x0000000b57200000,0x0000000b57300000)]
  0x000001f87e84e800 JavaThread "Daemon" [_thread_blocked, id=19184, stack(0x0000000b57300000,0x0000000b57400000)]
  0x000001f87d4e1800 JavaThread "Handler for socket connection from /127.0.0.1:60504 to /127.0.0.1:60505" [_thread_in_native, id=14068, stack(0x0000000b57400000,0x0000000b57500000)]
  0x000001f87c75a800 JavaThread "Cancel handler" [_thread_blocked, id=10776, stack(0x0000000b57500000,0x0000000b57600000)]
  0x000001f87ba39800 JavaThread "Daemon worker" [_thread_in_Java, id=19112, stack(0x0000000b57600000,0x0000000b57700000)]
  0x000001f87ba3a800 JavaThread "Asynchronous log dispatcher for DefaultDaemonConnection: socket connection from /127.0.0.1:60504 to /127.0.0.1:60505" [_thread_blocked, id=2732, stack(0x0000000b57700000,0x0000000b57800000)]
  0x000001f87b867800 JavaThread "Stdin handler" [_thread_blocked, id=8680, stack(0x0000000b57800000,0x0000000b57900000)]
  0x000001f87c69d000 JavaThread "Daemon client event forwarder" [_thread_blocked, id=8408, stack(0x0000000b57900000,0x0000000b57a00000)]
  0x000001f87c697000 JavaThread "Cache worker for journal cache (C:\Users\ntdie\.gradle\caches\journal-1)" [_thread_blocked, id=16476, stack(0x0000000b58200000,0x0000000b58300000)]
  0x000001f87c699000 JavaThread "File lock request listener" [_thread_in_native, id=5736, stack(0x0000000b58300000,0x0000000b58400000)]
  0x000001f87c69d800 JavaThread "Cache worker for file hash cache (C:\Users\ntdie\.gradle\caches\8.0.1\fileHashes)" [_thread_blocked, id=17160, stack(0x0000000b58600000,0x0000000b58700000)]
=>0x000001f87c72d800 JavaThread "C2 CompilerThread1" daemon [_thread_in_native, id=20380, stack(0x0000000b58700000,0x0000000b58800000)]
  0x000001f87c698000 JavaThread "File watcher server" daemon [_thread_in_native, id=8608, stack(0x0000000b58800000,0x0000000b58900000)]
  0x000001f87c699800 JavaThread "File watcher consumer" daemon [_thread_blocked, id=16940, stack(0x0000000b58900000,0x0000000b58a00000)]
  0x000001f87c69c000 JavaThread "Cache worker for checksums cache (C:\Users\ntdie\Desktop\Test2\AppStream\android\.gradle\8.0.1\checksums)" [_thread_blocked, id=12508, stack(0x0000000b58a00000,0x0000000b58b00000)]
  0x000001f87c69a800 JavaThread "Cache worker for cache directory md-rule (C:\Users\ntdie\.gradle\caches\8.0.1\md-rule)" [_thread_blocked, id=7088, stack(0x0000000b58b00000,0x0000000b58c00000)]
  0x000001f87c69b000 JavaThread "Cache worker for file content cache (C:\Users\ntdie\.gradle\caches\8.0.1\fileContent)" [_thread_blocked, id=17772, stack(0x0000000b58c00000,0x0000000b58d00000)]
  0x000001f87c682000 JavaThread "Cache worker for file hash cache (C:\Users\ntdie\Desktop\Test2\AppStream\android\.gradle\8.0.1\fileHashes)" [_thread_blocked, id=19904, stack(0x0000000b58d00000,0x0000000b58e00000)]
  0x000001f87c683000 JavaThread "Cache worker for cache directory md-supplier (C:\Users\ntdie\.gradle\caches\8.0.1\md-supplier)" [_thread_blocked, id=14132, stack(0x0000000b58e00000,0x0000000b58f00000)]
  0x000001f87c67f000 JavaThread "Cache worker for execution history cache (C:\Users\ntdie\.gradle\caches\8.0.1\executionHistory)" [_thread_blocked, id=6448, stack(0x0000000b58f00000,0x0000000b59000000)]

Other Threads:
  0x000001f87a32a000 VMThread "VM Thread" [stack: 0x0000000b56300000,0x0000000b56400000] [id=12164]
  0x000001f87ae2c000 WatcherThread [stack: 0x0000000b56d00000,0x0000000b56e00000] [id=17784]
  0x000001f859f07000 GCTaskThread "GC Thread#0" [stack: 0x0000000b55e00000,0x0000000b55f00000] [id=11324]
  0x000001f87b2b5800 GCTaskThread "GC Thread#1" [stack: 0x0000000b56f00000,0x0000000b57000000] [id=1944]
  0x000001f87bad2000 GCTaskThread "GC Thread#2" [stack: 0x0000000b57000000,0x0000000b57100000] [id=6728]
  0x000001f87c3bc000 GCTaskThread "GC Thread#3" [stack: 0x0000000b57a00000,0x0000000b57b00000] [id=18956]
  0x000001f87bc1a800 GCTaskThread "GC Thread#4" [stack: 0x0000000b57b00000,0x0000000b57c00000] [id=13172]
  0x000001f87d146000 GCTaskThread "GC Thread#5" [stack: 0x0000000b57c00000,0x0000000b57d00000] [id=15964]
  0x000001f87be2c800 GCTaskThread "GC Thread#6" [stack: 0x0000000b57d00000,0x0000000b57e00000] [id=10428]
  0x000001f87cbdd000 GCTaskThread "GC Thread#7" [stack: 0x0000000b57e00000,0x0000000b57f00000] [id=17708]
  0x000001f87cbdd800 GCTaskThread "GC Thread#8" [stack: 0x0000000b57f00000,0x0000000b58000000] [id=3940]
  0x000001f87cbda800 GCTaskThread "GC Thread#9" [stack: 0x0000000b58000000,0x0000000b58100000] [id=20472]
  0x000001f859f37000 ConcurrentGCThread "G1 Main Marker" [stack: 0x0000000b55f00000,0x0000000b56000000] [id=5836]
  0x000001f859f39800 ConcurrentGCThread "G1 Conc#0" [stack: 0x0000000b56000000,0x0000000b56100000] [id=14312]
  0x000001f87cbe2000 ConcurrentGCThread "G1 Conc#1" [stack: 0x0000000b58400000,0x0000000b58500000] [id=10356]
  0x000001f87cbdf000 ConcurrentGCThread "G1 Conc#2" [stack: 0x0000000b58500000,0x0000000b58600000] [id=4388]
  0x000001f87a19a800 ConcurrentGCThread "G1 Refine#0" [stack: 0x0000000b56100000,0x0000000b56200000] [id=4252]
  0x000001f87cf15800 ConcurrentGCThread "G1 Refine#1" [stack: 0x0000000b58100000,0x0000000b58200000] [id=17720]
  0x000001f87a19c800 ConcurrentGCThread "G1 Young RemSet Sampling" [stack: 0x0000000b56200000,0x0000000b56300000] [id=16196]

Threads with active compile tasks:
C2 CompilerThread0     2914 2730       4       jdk.internal.loader.URLClassPath::getResource (74 bytes)
C2 CompilerThread1     2914 2712  s!   4       jdk.internal.loader.URLClassPath::getLoader (194 bytes)

VM state:not at safepoint (normal execution)

VM Mutex/Monitor currently owned by a thread: None

Heap address: 0x0000000080000000, size: 2048 MB, Compressed Oops mode: 32-bit
Narrow klass base: 0x0000000000000000, Narrow klass shift: 3
Compressed class space size: 528482304 Address: 0x0000000100000000

Heap:
 garbage-first heap   total 129024K, used 50527K [0x0000000080000000, 0x0000000100000000)
  region size 1024K, 33 young (33792K), 4 survivors (4096K)
 Metaspace       used 33347K, capacity 34146K, committed 34428K, reserved 546816K
  class space    used 4395K, capacity 4709K, committed 4812K, reserved 516096K
Heap Regions: E=young(eden), S=young(survivor), O=old, HS=humongous(starts), HC=humongous(continues), CS=collection set, F=free, A=archive, TAMS=top-at-mark-start (previous, next)
|   0|0x0000000080000000, 0x0000000080100000, 0x0000000080100000|100%|HS|  |TAMS 0x0000000080100000, 0x0000000080000000| Complete 
|   1|0x0000000080100000, 0x0000000080200000, 0x0000000080200000|100%|HC|  |TAMS 0x0000000080200000, 0x0000000080100000| Complete 
|   2|0x0000000080200000, 0x0000000080300000, 0x0000000080300000|100%|HC|  |TAMS 0x0000000080300000, 0x0000000080200000| Complete 
|   3|0x0000000080300000, 0x0000000080400000, 0x0000000080400000|100%|HC|  |TAMS 0x0000000080400000, 0x0000000080300000| Complete 
|   4|0x0000000080400000, 0x0000000080500000, 0x0000000080500000|100%| O|  |TAMS 0x0000000080500000, 0x0000000080400000| Untracked 
|   5|0x0000000080500000, 0x0000000080600000, 0x0000000080600000|100%| O|  |TAMS 0x0000000080600000, 0x0000000080500000| Untracked 
|   6|0x0000000080600000, 0x0000000080700000, 0x0000000080700000|100%| O|  |TAMS 0x0000000080700000, 0x0000000080600000| Untracked 
|   7|0x0000000080700000, 0x0000000080800000, 0x0000000080800000|100%| O|  |TAMS 0x0000000080800000, 0x0000000080700000| Untracked 
|   8|0x0000000080800000, 0x0000000080900000, 0x0000000080900000|100%| O|  |TAMS 0x0000000080900000, 0x0000000080800000| Untracked 
|   9|0x0000000080900000, 0x0000000080a00000, 0x0000000080a00000|100%| O|  |TAMS 0x0000000080a00000, 0x0000000080900000| Untracked 
|  10|0x0000000080a00000, 0x0000000080b00000, 0x0000000080b00000|100%| O|  |TAMS 0x0000000080b00000, 0x0000000080a00000| Untracked 
|  11|0x0000000080b00000, 0x0000000080c00000, 0x0000000080c00000|100%| O|  |TAMS 0x0000000080c00000, 0x0000000080b00000| Untracked 
|  12|0x0000000080c00000, 0x0000000080d00000, 0x0000000080d00000|100%| O|  |TAMS 0x0000000080d00000, 0x0000000080c00000| Untracked 
|  13|0x0000000080d00000, 0x0000000080e00000, 0x0000000080e00000|100%| O|  |TAMS 0x0000000080e00000, 0x0000000080d00000| Untracked 
|  14|0x0000000080e00000, 0x0000000080f00000, 0x0000000080f00000|100%| O|  |TAMS 0x0000000080f00000, 0x0000000080e00000| Untracked 
|  15|0x0000000080f00000, 0x0000000081000000, 0x0000000081000000|100%| O|  |TAMS 0x0000000081000000, 0x0000000080f00000| Untracked 
|  16|0x0000000081000000, 0x0000000081100000, 0x0000000081100000|100%| O|  |TAMS 0x0000000081100000, 0x0000000081000000| Untracked 
|  17|0x0000000081100000, 0x0000000081157e00, 0x0000000081200000| 34%| O|  |TAMS 0x0000000081157e00, 0x0000000081100000| Untracked 
|  18|0x0000000081200000, 0x0000000081200000, 0x0000000081300000|  0%| F|  |TAMS 0x0000000081200000, 0x0000000081200000| Untracked 
|  19|0x0000000081300000, 0x0000000081300000, 0x0000000081400000|  0%| F|  |TAMS 0x0000000081300000, 0x0000000081300000| Untracked 
|  20|0x0000000081400000, 0x0000000081400000, 0x0000000081500000|  0%| F|  |TAMS 0x0000000081400000, 0x0000000081400000| Untracked 
|  21|0x0000000081500000, 0x0000000081500000, 0x0000000081600000|  0%| F|  |TAMS 0x0000000081500000, 0x0000000081500000| Untracked 
|  22|0x0000000081600000, 0x0000000081600000, 0x0000000081700000|  0%| F|  |TAMS 0x0000000081600000, 0x0000000081600000| Untracked 
|  23|0x0000000081700000, 0x0000000081700000, 0x0000000081800000|  0%| F|  |TAMS 0x0000000081700000, 0x0000000081700000| Untracked 
|  24|0x0000000081800000, 0x0000000081800000, 0x0000000081900000|  0%| F|  |TAMS 0x0000000081800000, 0x0000000081800000| Untracked 
|  25|0x0000000081900000, 0x0000000081900000, 0x0000000081a00000|  0%| F|  |TAMS 0x0000000081900000, 0x0000000081900000| Untracked 
|  26|0x0000000081a00000, 0x0000000081a00000, 0x0000000081b00000|  0%| F|  |TAMS 0x0000000081a00000, 0x0000000081a00000| Untracked 
|  27|0x0000000081b00000, 0x0000000081b00000, 0x0000000081c00000|  0%| F|  |TAMS 0x0000000081b00000, 0x0000000081b00000| Untracked 
|  28|0x0000000081c00000, 0x0000000081c00000, 0x0000000081d00000|  0%| F|  |TAMS 0x0000000081c00000, 0x0000000081c00000| Untracked 
|  29|0x0000000081d00000, 0x0000000081d00000, 0x0000000081e00000|  0%| F|  |TAMS 0x0000000081d00000, 0x0000000081d00000| Untracked 
|  30|0x0000000081e00000, 0x0000000081e00000, 0x0000000081f00000|  0%| F|  |TAMS 0x0000000081e00000, 0x0000000081e00000| Untracked 
|  31|0x0000000081f00000, 0x0000000081f00000, 0x0000000082000000|  0%| F|  |TAMS 0x0000000081f00000, 0x0000000081f00000| Untracked 
|  32|0x0000000082000000, 0x0000000082000000, 0x0000000082100000|  0%| F|  |TAMS 0x0000000082000000, 0x0000000082000000| Untracked 
|  33|0x0000000082100000, 0x0000000082100000, 0x0000000082200000|  0%| F|  |TAMS 0x0000000082100000, 0x0000000082100000| Untracked 
|  34|0x0000000082200000, 0x0000000082200000, 0x0000000082300000|  0%| F|  |TAMS 0x0000000082200000, 0x0000000082200000| Untracked 
|  35|0x0000000082300000, 0x0000000082300000, 0x0000000082400000|  0%| F|  |TAMS 0x0000000082300000, 0x0000000082300000| Untracked 
|  36|0x0000000082400000, 0x0000000082400000, 0x0000000082500000|  0%| F|  |TAMS 0x0000000082400000, 0x0000000082400000| Untracked 
|  37|0x0000000082500000, 0x0000000082500000, 0x0000000082600000|  0%| F|  |TAMS 0x0000000082500000, 0x0000000082500000| Untracked 
|  38|0x0000000082600000, 0x0000000082600000, 0x0000000082700000|  0%| F|  |TAMS 0x0000000082600000, 0x0000000082600000| Untracked 
|  39|0x0000000082700000, 0x0000000082700000, 0x0000000082800000|  0%| F|  |TAMS 0x0000000082700000, 0x0000000082700000| Untracked 
|  40|0x0000000082800000, 0x0000000082800000, 0x0000000082900000|  0%| F|  |TAMS 0x0000000082800000, 0x0000000082800000| Untracked 
|  41|0x0000000082900000, 0x0000000082900000, 0x0000000082a00000|  0%| F|  |TAMS 0x0000000082900000, 0x0000000082900000| Untracked 
|  42|0x0000000082a00000, 0x0000000082a00000, 0x0000000082b00000|  0%| F|  |TAMS 0x0000000082a00000, 0x0000000082a00000| Untracked 
|  43|0x0000000082b00000, 0x0000000082b00000, 0x0000000082c00000|  0%| F|  |TAMS 0x0000000082b00000, 0x0000000082b00000| Untracked 
|  44|0x0000000082c00000, 0x0000000082c00000, 0x0000000082d00000|  0%| F|  |TAMS 0x0000000082c00000, 0x0000000082c00000| Untracked 
|  45|0x0000000082d00000, 0x0000000082d00000, 0x0000000082e00000|  0%| F|  |TAMS 0x0000000082d00000, 0x0000000082d00000| Untracked 
|  46|0x0000000082e00000, 0x0000000082e00000, 0x0000000082f00000|  0%| F|  |TAMS 0x0000000082e00000, 0x0000000082e00000| Untracked 
|  47|0x0000000082f00000, 0x0000000082f00000, 0x0000000083000000|  0%| F|  |TAMS 0x0000000082f00000, 0x0000000082f00000| Untracked 
|  48|0x0000000083000000, 0x0000000083000000, 0x0000000083100000|  0%| F|  |TAMS 0x0000000083000000, 0x0000000083000000| Untracked 
|  49|0x0000000083100000, 0x0000000083100000, 0x0000000083200000|  0%| F|  |TAMS 0x0000000083100000, 0x0000000083100000| Untracked 
|  50|0x0000000083200000, 0x0000000083200000, 0x0000000083300000|  0%| F|  |TAMS 0x0000000083200000, 0x0000000083200000| Untracked 
|  51|0x0000000083300000, 0x0000000083300000, 0x0000000083400000|  0%| F|  |TAMS 0x0000000083300000, 0x0000000083300000| Untracked 
|  52|0x0000000083400000, 0x0000000083400000, 0x0000000083500000|  0%| F|  |TAMS 0x0000000083400000, 0x0000000083400000| Untracked 
|  53|0x0000000083500000, 0x0000000083500000, 0x0000000083600000|  0%| F|  |TAMS 0x0000000083500000, 0x0000000083500000| Untracked 
|  54|0x0000000083600000, 0x0000000083600000, 0x0000000083700000|  0%| F|  |TAMS 0x0000000083600000, 0x0000000083600000| Untracked 
|  55|0x0000000083700000, 0x0000000083700000, 0x0000000083800000|  0%| F|  |TAMS 0x0000000083700000, 0x0000000083700000| Untracked 
|  56|0x0000000083800000, 0x0000000083800000, 0x0000000083900000|  0%| F|  |TAMS 0x0000000083800000, 0x0000000083800000| Untracked 
|  57|0x0000000083900000, 0x0000000083900000, 0x0000000083a00000|  0%| F|  |TAMS 0x0000000083900000, 0x0000000083900000| Untracked 
|  58|0x0000000083a00000, 0x0000000083a00000, 0x0000000083b00000|  0%| F|  |TAMS 0x0000000083a00000, 0x0000000083a00000| Untracked 
|  59|0x0000000083b00000, 0x0000000083b00000, 0x0000000083c00000|  0%| F|  |TAMS 0x0000000083b00000, 0x0000000083b00000| Untracked 
|  60|0x0000000083c00000, 0x0000000083c00000, 0x0000000083d00000|  0%| F|  |TAMS 0x0000000083c00000, 0x0000000083c00000| Untracked 
|  61|0x0000000083d00000, 0x0000000083d00000, 0x0000000083e00000|  0%| F|  |TAMS 0x0000000083d00000, 0x0000000083d00000| Untracked 
|  62|0x0000000083e00000, 0x0000000083e00000, 0x0000000083f00000|  0%| F|  |TAMS 0x0000000083e00000, 0x0000000083e00000| Untracked 
|  63|0x0000000083f00000, 0x0000000083f00000, 0x0000000084000000|  0%| F|  |TAMS 0x0000000083f00000, 0x0000000083f00000| Untracked 
|  64|0x0000000084000000, 0x0000000084000000, 0x0000000084100000|  0%| F|  |TAMS 0x0000000084000000, 0x0000000084000000| Untracked 
|  65|0x0000000084100000, 0x0000000084100000, 0x0000000084200000|  0%| F|  |TAMS 0x0000000084100000, 0x0000000084100000| Untracked 
|  66|0x0000000084200000, 0x0000000084200000, 0x0000000084300000|  0%| F|  |TAMS 0x0000000084200000, 0x0000000084200000| Untracked 
|  67|0x0000000084300000, 0x0000000084300000, 0x0000000084400000|  0%| F|  |TAMS 0x0000000084300000, 0x0000000084300000| Untracked 
|  68|0x0000000084400000, 0x0000000084400000, 0x0000000084500000|  0%| F|  |TAMS 0x0000000084400000, 0x0000000084400000| Untracked 
|  69|0x0000000084500000, 0x0000000084500000, 0x0000000084600000|  0%| F|  |TAMS 0x0000000084500000, 0x0000000084500000| Untracked 
|  70|0x0000000084600000, 0x0000000084700000, 0x0000000084700000|100%| S|CS|TAMS 0x0000000084600000, 0x0000000084600000| Complete 
|  71|0x0000000084700000, 0x0000000084800000, 0x0000000084800000|100%| S|CS|TAMS 0x0000000084700000, 0x0000000084700000| Complete 
|  72|0x0000000084800000, 0x0000000084900000, 0x0000000084900000|100%| S|CS|TAMS 0x0000000084800000, 0x0000000084800000| Complete 
|  73|0x0000000084900000, 0x0000000084a00000, 0x0000000084a00000|100%| S|CS|TAMS 0x0000000084900000, 0x0000000084900000| Complete 
|  74|0x0000000084a00000, 0x0000000084a00000, 0x0000000084b00000|  0%| F|  |TAMS 0x0000000084a00000, 0x0000000084a00000| Untracked 
|  75|0x0000000084b00000, 0x0000000084b00000, 0x0000000084c00000|  0%| F|  |TAMS 0x0000000084b00000, 0x0000000084b00000| Untracked 
|  76|0x0000000084c00000, 0x0000000084c00000, 0x0000000084d00000|  0%| F|  |TAMS 0x0000000084c00000, 0x0000000084c00000| Untracked 
|  77|0x0000000084d00000, 0x0000000084d00000, 0x0000000084e00000|  0%| F|  |TAMS 0x0000000084d00000, 0x0000000084d00000| Untracked 
|  78|0x0000000084e00000, 0x0000000084e00000, 0x0000000084f00000|  0%| F|  |TAMS 0x0000000084e00000, 0x0000000084e00000| Untracked 
|  79|0x0000000084f00000, 0x0000000084f00000, 0x0000000085000000|  0%| F|  |TAMS 0x0000000084f00000, 0x0000000084f00000| Untracked 
|  80|0x0000000085000000, 0x0000000085000000, 0x0000000085100000|  0%| F|  |TAMS 0x0000000085000000, 0x0000000085000000| Untracked 
|  81|0x0000000085100000, 0x0000000085100000, 0x0000000085200000|  0%| F|  |TAMS 0x0000000085100000, 0x0000000085100000| Untracked 
|  82|0x0000000085200000, 0x0000000085200000, 0x0000000085300000|  0%| F|  |TAMS 0x0000000085200000, 0x0000000085200000| Untracked 
|  83|0x0000000085300000, 0x0000000085300000, 0x0000000085400000|  0%| F|  |TAMS 0x0000000085300000, 0x0000000085300000| Untracked 
|  84|0x0000000085400000, 0x0000000085400000, 0x0000000085500000|  0%| F|  |TAMS 0x0000000085400000, 0x0000000085400000| Untracked 
|  85|0x0000000085500000, 0x0000000085500000, 0x0000000085600000|  0%| F|  |TAMS 0x0000000085500000, 0x0000000085500000| Untracked 
|  86|0x0000000085600000, 0x0000000085600000, 0x0000000085700000|  0%| F|  |TAMS 0x0000000085600000, 0x0000000085600000| Untracked 
|  87|0x0000000085700000, 0x0000000085700000, 0x0000000085800000|  0%| F|  |TAMS 0x0000000085700000, 0x0000000085700000| Untracked 
|  88|0x0000000085800000, 0x0000000085800000, 0x0000000085900000|  0%| F|  |TAMS 0x0000000085800000, 0x0000000085800000| Untracked 
|  89|0x0000000085900000, 0x0000000085900000, 0x0000000085a00000|  0%| F|  |TAMS 0x0000000085900000, 0x0000000085900000| Untracked 
|  90|0x0000000085a00000, 0x0000000085a00000, 0x0000000085b00000|  0%| F|  |TAMS 0x0000000085a00000, 0x0000000085a00000| Untracked 
|  91|0x0000000085b00000, 0x0000000085b00000, 0x0000000085c00000|  0%| F|  |TAMS 0x0000000085b00000, 0x0000000085b00000| Untracked 
|  92|0x0000000085c00000, 0x0000000085c00000, 0x0000000085d00000|  0%| F|  |TAMS 0x0000000085c00000, 0x0000000085c00000| Untracked 
|  93|0x0000000085d00000, 0x0000000085d00000, 0x0000000085e00000|  0%| F|  |TAMS 0x0000000085d00000, 0x0000000085d00000| Untracked 
|  94|0x0000000085e00000, 0x0000000085e00000, 0x0000000085f00000|  0%| F|  |TAMS 0x0000000085e00000, 0x0000000085e00000| Untracked 
|  95|0x0000000085f00000, 0x0000000085f00000, 0x0000000086000000|  0%| F|  |TAMS 0x0000000085f00000, 0x0000000085f00000| Untracked 
|  96|0x0000000086000000, 0x0000000086000000, 0x0000000086100000|  0%| F|  |TAMS 0x0000000086000000, 0x0000000086000000| Untracked 
|  97|0x0000000086100000, 0x000000008618bbf8, 0x0000000086200000| 54%| E|  |TAMS 0x0000000086100000, 0x0000000086100000| Complete 
|  98|0x0000000086200000, 0x0000000086300000, 0x0000000086300000|100%| E|CS|TAMS 0x0000000086200000, 0x0000000086200000| Complete 
|  99|0x0000000086300000, 0x0000000086400000, 0x0000000086400000|100%| E|CS|TAMS 0x0000000086300000, 0x0000000086300000| Complete 
| 100|0x0000000086400000, 0x0000000086500000, 0x0000000086500000|100%| E|CS|TAMS 0x0000000086400000, 0x0000000086400000| Complete 
| 101|0x0000000086500000, 0x0000000086600000, 0x0000000086600000|100%| E|CS|TAMS 0x0000000086500000, 0x0000000086500000| Complete 
| 102|0x0000000086600000, 0x0000000086700000, 0x0000000086700000|100%| E|CS|TAMS 0x0000000086600000, 0x0000000086600000| Complete 
| 103|0x0000000086700000, 0x0000000086800000, 0x0000000086800000|100%| E|CS|TAMS 0x0000000086700000, 0x0000000086700000| Complete 
| 104|0x0000000086800000, 0x0000000086900000, 0x0000000086900000|100%| E|CS|TAMS 0x0000000086800000, 0x0000000086800000| Complete 
| 105|0x0000000086900000, 0x0000000086a00000, 0x0000000086a00000|100%| E|CS|TAMS 0x0000000086900000, 0x0000000086900000| Complete 
| 106|0x0000000086a00000, 0x0000000086b00000, 0x0000000086b00000|100%| E|CS|TAMS 0x0000000086a00000, 0x0000000086a00000| Complete 
| 107|0x0000000086b00000, 0x0000000086c00000, 0x0000000086c00000|100%| E|CS|TAMS 0x0000000086b00000, 0x0000000086b00000| Complete 
| 108|0x0000000086c00000, 0x0000000086d00000, 0x0000000086d00000|100%| E|CS|TAMS 0x0000000086c00000, 0x0000000086c00000| Complete 
| 109|0x0000000086d00000, 0x0000000086e00000, 0x0000000086e00000|100%| E|CS|TAMS 0x0000000086d00000, 0x0000000086d00000| Complete 
| 110|0x0000000086e00000, 0x0000000086f00000, 0x0000000086f00000|100%| E|CS|TAMS 0x0000000086e00000, 0x0000000086e00000| Complete 
| 111|0x0000000086f00000, 0x0000000087000000, 0x0000000087000000|100%| E|CS|TAMS 0x0000000086f00000, 0x0000000086f00000| Complete 
| 112|0x0000000087000000, 0x0000000087100000, 0x0000000087100000|100%| E|CS|TAMS 0x0000000087000000, 0x0000000087000000| Complete 
| 113|0x0000000087100000, 0x0000000087200000, 0x0000000087200000|100%| E|CS|TAMS 0x0000000087100000, 0x0000000087100000| Complete 
| 114|0x0000000087200000, 0x0000000087300000, 0x0000000087300000|100%| E|CS|TAMS 0x0000000087200000, 0x0000000087200000| Complete 
| 115|0x0000000087300000, 0x0000000087400000, 0x0000000087400000|100%| E|CS|TAMS 0x0000000087300000, 0x0000000087300000| Complete 
| 116|0x0000000087400000, 0x0000000087500000, 0x0000000087500000|100%| E|CS|TAMS 0x0000000087400000, 0x0000000087400000| Complete 
| 117|0x0000000087500000, 0x0000000087600000, 0x0000000087600000|100%| E|CS|TAMS 0x0000000087500000, 0x0000000087500000| Complete 
| 118|0x0000000087600000, 0x0000000087700000, 0x0000000087700000|100%| E|CS|TAMS 0x0000000087600000, 0x0000000087600000| Complete 
| 119|0x0000000087700000, 0x0000000087800000, 0x0000000087800000|100%| E|CS|TAMS 0x0000000087700000, 0x0000000087700000| Complete 
| 120|0x0000000087800000, 0x0000000087900000, 0x0000000087900000|100%| E|CS|TAMS 0x0000000087800000, 0x0000000087800000| Complete 
| 121|0x0000000087900000, 0x0000000087a00000, 0x0000000087a00000|100%| E|CS|TAMS 0x0000000087900000, 0x0000000087900000| Complete 
| 122|0x0000000087a00000, 0x0000000087b00000, 0x0000000087b00000|100%| E|CS|TAMS 0x0000000087a00000, 0x0000000087a00000| Complete 
| 123|0x0000000087b00000, 0x0000000087c00000, 0x0000000087c00000|100%| E|CS|TAMS 0x0000000087b00000, 0x0000000087b00000| Complete 
| 124|0x0000000087c00000, 0x0000000087d00000, 0x0000000087d00000|100%| E|CS|TAMS 0x0000000087c00000, 0x0000000087c00000| Complete 
| 125|0x0000000087d00000, 0x0000000087e00000, 0x0000000087e00000|100%| E|CS|TAMS 0x0000000087d00000, 0x0000000087d00000| Complete 

Card table byte_map: [0x000001f872e40000,0x000001f873240000] _byte_map_base: 0x000001f872a40000

Marking Bits (Prev, Next): (CMBitMap*) 0x000001f859f2e1d0, (CMBitMap*) 0x000001f859f2e198
 Prev Bits: [0x000001f875640000, 0x000001f877640000)
 Next Bits: [0x000001f873640000, 0x000001f875640000)

Polling page: 0x000001f859fc0000

Metaspace:

Usage:
  Non-class:     28.75 MB capacity,    28.31 MB ( 98%) used,   369.98 KB (  1%) free+waste,    78.81 KB ( <1%) overhead. 
      Class:      4.60 MB capacity,     4.30 MB ( 93%) used,   270.04 KB (  6%) free+waste,    40.44 KB ( <1%) overhead. 
       Both:     33.35 MB capacity,    32.60 MB ( 98%) used,   640.02 KB (  2%) free+waste,   119.25 KB ( <1%) overhead. 

Virtual space:
  Non-class space:       30.00 MB reserved,      28.92 MB ( 96%) committed 
      Class space:      504.00 MB reserved,       4.70 MB ( <1%) committed 
             Both:      534.00 MB reserved,      33.62 MB (  6%) committed 

Chunk freelists:
   Non-Class:  6.38 KB
       Class:  3.38 KB
        Both:  9.75 KB

CodeHeap 'non-profiled nmethods': size=120000Kb used=1399Kb max_used=1399Kb free=118600Kb
 bounds [0x000001f86a890000, 0x000001f86ab00000, 0x000001f871dc0000]
CodeHeap 'profiled nmethods': size=120000Kb used=5862Kb max_used=5862Kb free=114137Kb
 bounds [0x000001f863360000, 0x000001f863920000, 0x000001f86a890000]
CodeHeap 'non-nmethods': size=5760Kb used=1173Kb max_used=1217Kb free=4587Kb
 bounds [0x000001f862dc0000, 0x000001f863030000, 0x000001f863360000]
 total_blobs=3352 nmethods=2829 adapters=434
 compilation: enabled
              stopped_count=0, restarted_count=0
 full_count=0

Compilation events (10 events):
Event: 2.881 Thread 0x000001f87a35b800 nmethod 2814 0x000001f86a9e6790 code [0x000001f86a9e6920, 0x000001f86a9e69d8]
Event: 2.881 Thread 0x000001f87a35b800 2816       3       java.util.stream.ReferencePipeline$StatelessOp::<init> (29 bytes)
Event: 2.881 Thread 0x000001f87a35b800 nmethod 2816 0x000001f86390d810 code [0x000001f86390d9c0, 0x000001f86390db68]
Event: 2.881 Thread 0x000001f87a35b800 2817       3       java.util.stream.Sink$ChainedReference::end (10 bytes)
Event: 2.881 Thread 0x000001f87a35b800 nmethod 2817 0x000001f86390dc90 code [0x000001f86390de40, 0x000001f86390e008]
Event: 2.881 Thread 0x000001f87a35b800 2818       1       org.codehaus.groovy.reflection.GeneratedMetaMethod::getDeclaringClass (5 bytes)
Event: 2.881 Thread 0x000001f87a35b800 nmethod 2818 0x000001f86a9e6a90 code [0x000001f86a9e6c20, 0x000001f86a9e6cd8]
Event: 2.881 Thread 0x000001f87a35b800 2819       3       org.codehaus.groovy.reflection.CachedClass::hashCode (33 bytes)
Event: 2.881 Thread 0x000001f87a35b800 nmethod 2819 0x000001f86390e110 code [0x000001f86390e2c0, 0x000001f86390e488]
Event: 2.881 Thread 0x000001f87a35b800 2820       3       org.codehaus.groovy.reflection.ReflectionCache::getCachedClass (14 bytes)

GC Heap History (10 events):
Event: 0.442 GC heap before
{Heap before GC invocations=0 (full 0):
 garbage-first heap   total 129024K, used 27648K [0x0000000080000000, 0x0000000100000000)
  region size 1024K, 24 young (24576K), 0 survivors (0K)
 Metaspace       used 9658K, capacity 9903K, committed 10112K, reserved 526336K
  class space    used 1007K, capacity 1069K, committed 1152K, reserved 516096K
}
Event: 0.446 GC heap after
{Heap after GC invocations=1 (full 0):
 garbage-first heap   total 129024K, used 10300K [0x0000000080000000, 0x0000000100000000)
  region size 1024K, 3 young (3072K), 3 survivors (3072K)
 Metaspace       used 9658K, capacity 9903K, committed 10112K, reserved 526336K
  class space    used 1007K, capacity 1069K, committed 1152K, reserved 516096K
}
Event: 1.632 GC heap before
{Heap before GC invocations=1 (full 0):
 garbage-first heap   total 129024K, used 85052K [0x0000000080000000, 0x0000000100000000)
  region size 1024K, 75 young (76800K), 3 survivors (3072K)
 Metaspace       used 18527K, capacity 18917K, committed 19072K, reserved 534528K
  class space    used 2164K, capacity 2310K, committed 2432K, reserved 516096K
}
Event: 1.638 GC heap after
{Heap after GC invocations=2 (full 0):
 garbage-first heap   total 129024K, used 17636K [0x0000000080000000, 0x0000000100000000)
  region size 1024K, 10 young (10240K), 10 survivors (10240K)
 Metaspace       used 18527K, capacity 18917K, committed 19072K, reserved 534528K
  class space    used 2164K, capacity 2310K, committed 2432K, reserved 516096K
}
Event: 1.868 GC heap before
{Heap before GC invocations=2 (full 0):
 garbage-first heap   total 129024K, used 36068K [0x0000000080000000, 0x0000000100000000)
  region size 1024K, 29 young (29696K), 10 survivors (10240K)
 Metaspace       used 20846K, capacity 21232K, committed 21296K, reserved 536576K
  class space    used 2520K, capacity 2686K, committed 2688K, reserved 516096K
}
Event: 1.873 GC heap after
{Heap after GC invocations=3 (full 0):
 garbage-first heap   total 129024K, used 18783K [0x0000000080000000, 0x0000000100000000)
  region size 1024K, 1 young (1024K), 1 survivors (1024K)
 Metaspace       used 20846K, capacity 21232K, committed 21296K, reserved 536576K
  class space    used 2520K, capacity 2686K, committed 2688K, reserved 516096K
}
Event: 2.208 GC heap before
{Heap before GC invocations=4 (full 0):
 garbage-first heap   total 129024K, used 62815K [0x0000000080000000, 0x0000000100000000)
  region size 1024K, 45 young (46080K), 1 survivors (1024K)
 Metaspace       used 24699K, capacity 25291K, committed 25340K, reserved 538624K
  class space    used 3157K, capacity 3382K, committed 3404K, reserved 516096K
}
Event: 2.210 GC heap after
{Heap after GC invocations=5 (full 0):
 garbage-first heap   total 129024K, used 20146K [0x0000000080000000, 0x0000000100000000)
  region size 1024K, 3 young (3072K), 3 survivors (3072K)
 Metaspace       used 24699K, capacity 25291K, committed 25340K, reserved 538624K
  class space    used 3157K, capacity 3382K, committed 3404K, reserved 516096K
}
Event: 2.637 GC heap before
{Heap before GC invocations=5 (full 0):
 garbage-first heap   total 129024K, used 70322K [0x0000000080000000, 0x0000000100000000)
  region size 1024K, 52 young (53248K), 3 survivors (3072K)
 Metaspace       used 29408K, capacity 30167K, committed 30332K, reserved 542720K
  class space    used 3899K, capacity 4209K, committed 4300K, reserved 516096K
}
Event: 2.640 GC heap after
{Heap after GC invocations=6 (full 0):
 garbage-first heap   total 129024K, used 21855K [0x0000000080000000, 0x0000000100000000)
  region size 1024K, 4 young (4096K), 4 survivors (4096K)
 Metaspace       used 29408K, capacity 30167K, committed 30332K, reserved 542720K
  class space    used 3899K, capacity 4209K, committed 4300K, reserved 516096K
}

Deoptimization events (10 events):
Event: 1.907 Thread 0x000001f87ba39800 Uncommon trap: reason=unstable_if action=reinterpret pc=0x000001f86a8aaab0 method=java.io.WinNTFileSystem.resolve(Ljava/lang/String;Ljava/lang/String;)Ljava/lang/String; @ 19 c2
Event: 1.907 Thread 0x000001f87ba39800 Uncommon trap: reason=bimorphic_or_optimized_type_check action=maybe_recompile pc=0x000001f86a907e24 method=java.util.AbstractList$Itr.hasNext()Z @ 8 c2
Event: 1.907 Thread 0x000001f87ba39800 Uncommon trap: reason=bimorphic_or_optimized_type_check action=maybe_recompile pc=0x000001f86a9081b4 method=java.util.AbstractList$Itr.next()Ljava/lang/Object; @ 14 c2
Event: 1.907 Thread 0x000001f87ba39800 Uncommon trap: reason=unstable_if action=reinterpret pc=0x000001f86a9010dc method=java.io.File.getName()Ljava/lang/String; @ 16 c2
Event: 1.907 Thread 0x000001f87ba39800 Uncommon trap: reason=unstable_if action=reinterpret pc=0x000001f86a8fef94 method=java.lang.String.substring(I)Ljava/lang/String; @ 34 c2
Event: 1.941 Thread 0x000001f87ba39800 Uncommon trap: reason=intrinsic_or_type_checked_inlining action=make_not_entrant pc=0x000001f86a9836d4 method=java.util.Arrays.copyOf([Ljava/lang/Object;ILjava/lang/Class;)[Ljava/lang/Object; @ 35 c2
Event: 2.224 Thread 0x000001f87ba39800 Uncommon trap: reason=unstable_if action=reinterpret pc=0x000001f86a8e20f4 method=java.util.HashMap.hash(Ljava/lang/Object;)I @ 1 c2
Event: 2.568 Thread 0x000001f87ba39800 Uncommon trap: reason=unstable_if action=reinterpret pc=0x000001f86a969dac method=java.util.HashMap.hash(Ljava/lang/Object;)I @ 1 c2
Event: 2.568 Thread 0x000001f87ba39800 Uncommon trap: reason=unstable_if action=reinterpret pc=0x000001f86a936aac method=java.util.HashMap.hash(Ljava/lang/Object;)I @ 1 c2
Event: 2.761 Thread 0x000001f87ba39800 Uncommon trap: reason=unstable_if action=reinterpret pc=0x000001f86a96e950 method=java.util.HashMap.putVal(ILjava/lang/Object;Ljava/lang/Object;ZZ)Ljava/lang/Object; @ 162 c2

Classes redefined (0 events):
No events

Internal exceptions (10 events):
Event: 2.612 Thread 0x000001f87ba39800 Exception <a 'java/lang/NoSuchMethodError'{0x00000000851d1080}: java.lang.invoke.DirectMethodHandle$Holder.invokeStaticInit(Ljava/lang/Object;Ljava/lang/Object;Ljava/lang/Object;Ljava/lang/Object;)Ljava/lang/Object;> (0x00000000851d1080) thrown at [./open
Event: 2.714 Thread 0x000001f87ba39800 Exception <a 'java/lang/NoSuchMethodError'{0x00000000873aa428}: java.lang.invoke.Invokers$Holder.linkToTargetMethod(Ljava/lang/Object;Ljava/lang/Object;Ljava/lang/Object;Ljava/lang/Object;Ljava/lang/Object;Ljava/lang/Object;Ljava/lang/Object;Ljava/lang/Ob
Event: 2.718 Thread 0x000001f87ba39800 Exception <a 'java/lang/IncompatibleClassChangeError'{0x000000008722fab0}: Found class java.lang.Object, but interface was expected> (0x000000008722fab0) thrown at [./open/src/hotspot/share/interpreter/linkResolver.cpp, line 838]
Event: 2.769 Thread 0x000001f87ba39800 Exception <a 'java/lang/NoSuchMethodError'{0x0000000086b6dcd8}: java.lang.invoke.Invokers$Holder.linkToTargetMethod(Ljava/lang/Object;IILjava/lang/Object;)Ljava/lang/Object;> (0x0000000086b6dcd8) thrown at [./open/src/hotspot/share/interpreter/linkResolve
Event: 2.770 Thread 0x000001f87ba39800 Exception <a 'java/lang/NoSuchMethodError'{0x0000000086b84b78}: java.lang.invoke.DirectMethodHandle$Holder.invokeStatic(Ljava/lang/Object;Ljava/lang/Object;IILjava/lang/Object;Ljava/lang/Object;)Ljava/lang/Object;> (0x0000000086b84b78) thrown at [./open/s
Event: 2.850 Thread 0x000001f87ba39800 Exception <a 'java/lang/NoSuchMethodError'{0x00000000865c4138}: java.lang.invoke.DirectMethodHandle$Holder.invokeStaticInit(Ljava/lang/Object;Ljava/lang/Object;Ljava/lang/Object;)V> (0x00000000865c4138) thrown at [./open/src/hotspot/share/interpreter/link
Event: 2.851 Thread 0x000001f87ba39800 Exception <a 'java/lang/NoSuchMethodError'{0x00000000865cb348}: java.lang.invoke.DirectMethodHandle$Holder.invokeStaticInit(Ljava/lang/Object;Ljava/lang/Object;Ljava/lang/Object;Ljava/lang/Object;)V> (0x00000000865cb348) thrown at [./open/src/hotspot/shar
Event: 2.853 Thread 0x000001f87ba39800 Exception <a 'java/lang/NoSuchMethodError'{0x00000000865eca60}: java.lang.invoke.DirectMethodHandle$Holder.invokeStaticInit(Ljava/lang/Object;Ljava/lang/Object;Ljava/lang/Object;Ljava/lang/Object;Ljava/lang/Object;)V> (0x00000000865eca60) thrown at [./ope
Event: 2.853 Thread 0x000001f87ba39800 Exception <a 'java/lang/NoSuchMethodError'{0x00000000865f43f8}: java.lang.invoke.DirectMethodHandle$Holder.invokeStaticInit(Ljava/lang/Object;Ljava/lang/Object;Ljava/lang/Object;)I> (0x00000000865f43f8) thrown at [./open/src/hotspot/share/interpreter/link
Event: 2.876 Thread 0x000001f87ba39800 Exception <a 'java/lang/NoSuchMethodError'{0x00000000864521c8}: java.lang.invoke.DirectMethodHandle$Holder.invokeStaticInit(Ljava/lang/Object;Ljava/lang/Object;Ljava/lang/Object;Ljava/lang/Object;)I> (0x00000000864521c8) thrown at [./open/src/hotspot/shar

Events (10 events):
Event: 2.846 loading class jdk/internal/module/SystemModules$all
Event: 2.848 loading class jdk/internal/module/SystemModules$all done
Event: 2.849 loading class java/util/Spliterators$IteratorSpliterator
Event: 2.850 loading class java/util/Spliterators$IteratorSpliterator done
Event: 2.875 loading class org/codehaus/groovy/reflection/ReflectionUtils$ClassContextHelper
Event: 2.875 loading class org/codehaus/groovy/reflection/ReflectionUtils$ClassContextHelper done
Event: 2.880 loading class org/codehaus/groovy/reflection/CachedMethod$MyComparator
Event: 2.880 loading class org/codehaus/groovy/reflection/CachedMethod$MyComparator done
Event: 2.881 loading class org/codehaus/groovy/reflection/CachedClass$CachedMethodComparatorByName
Event: 2.881 loading class org/codehaus/groovy/reflection/CachedClass$CachedMethodComparatorByName done


Dynamic libraries:
0x00007ff602750000 - 0x00007ff602760000 	C:\Program Files\Java\jdk-11\bin\java.exe
0x00007ffa84070000 - 0x00007ffa84287000 	C:\WINDOWS\SYSTEM32\ntdll.dll
0x00007ffa81dc0000 - 0x00007ffa81e84000 	C:\WINDOWS\System32\KERNEL32.DLL
0x00007ffa81570000 - 0x00007ffa81915000 	C:\WINDOWS\System32\KERNELBASE.dll
0x00007ffa81c20000 - 0x00007ffa81d31000 	C:\WINDOWS\System32\ucrtbase.dll
0x00007ffa52ab0000 - 0x00007ffa52ac9000 	C:\Program Files\Java\jdk-11\bin\jli.dll
0x00007ffa7e500000 - 0x00007ffa7e51b000 	C:\Program Files\Java\jdk-11\bin\VCRUNTIME140.dll
0x00007ffa83bf0000 - 0x00007ffa83ca1000 	C:\WINDOWS\System32\ADVAPI32.dll
0x00007ffa83e50000 - 0x00007ffa83ef7000 	C:\WINDOWS\System32\msvcrt.dll
0x00007ffa82340000 - 0x00007ffa823e6000 	C:\WINDOWS\System32\sechost.dll
0x00007ffa82c30000 - 0x00007ffa82d47000 	C:\WINDOWS\System32\RPCRT4.dll
0x00007ffa82040000 - 0x00007ffa821ee000 	C:\WINDOWS\System32\USER32.dll
0x00007ffa813e0000 - 0x00007ffa81406000 	C:\WINDOWS\System32\win32u.dll
0x00007ffa6a460000 - 0x00007ffa6a6f3000 	C:\WINDOWS\WinSxS\amd64_microsoft.windows.common-controls_6595b64144ccf1df_6.0.22621.2506_none_270c5ae97388e100\COMCTL32.dll
0x00007ffa82310000 - 0x00007ffa82339000 	C:\WINDOWS\System32\GDI32.dll
0x00007ffa81920000 - 0x00007ffa81a39000 	C:\WINDOWS\System32\gdi32full.dll
0x00007ffa814d0000 - 0x00007ffa8156a000 	C:\WINDOWS\System32\msvcp_win.dll
0x00007ffa7a3e0000 - 0x00007ffa7a3ea000 	C:\WINDOWS\SYSTEM32\VERSION.dll
0x00007ffa83f10000 - 0x00007ffa83f41000 	C:\WINDOWS\System32\IMM32.DLL
0x00007ffa7e570000 - 0x00007ffa7e57c000 	C:\Program Files\Java\jdk-11\bin\vcruntime140_1.dll
0x00007ffa23530000 - 0x00007ffa235be000 	C:\Program Files\Java\jdk-11\bin\msvcp140.dll
0x00007ff9fcc50000 - 0x00007ff9fd7bd000 	C:\Program Files\Java\jdk-11\bin\server\jvm.dll
0x00007ffa83f00000 - 0x00007ffa83f08000 	C:\WINDOWS\System32\PSAPI.DLL
0x00007ffa7e580000 - 0x00007ffa7e589000 	C:\WINDOWS\SYSTEM32\WSOCK32.dll
0x00007ffa6ce70000 - 0x00007ffa6cea4000 	C:\WINDOWS\SYSTEM32\WINMM.dll
0x00007ffa839b0000 - 0x00007ffa83a21000 	C:\WINDOWS\System32\WS2_32.dll
0x00007ffa80430000 - 0x00007ffa80448000 	C:\WINDOWS\SYSTEM32\kernel.appcore.dll
0x00007ffa7e560000 - 0x00007ffa7e570000 	C:\Program Files\Java\jdk-11\bin\verify.dll
0x00007ffa77bc0000 - 0x00007ffa77df3000 	C:\WINDOWS\SYSTEM32\DBGHELP.DLL
0x00007ffa82870000 - 0x00007ffa82bf9000 	C:\WINDOWS\System32\combase.dll
0x00007ffa83f50000 - 0x00007ffa84027000 	C:\WINDOWS\System32\OLEAUT32.dll
0x00007ffa69580000 - 0x00007ffa695b2000 	C:\WINDOWS\SYSTEM32\dbgcore.DLL
0x00007ffa81d40000 - 0x00007ffa81dba000 	C:\WINDOWS\System32\bcryptPrimitives.dll
0x00007ffa52b40000 - 0x00007ffa52b68000 	C:\Program Files\Java\jdk-11\bin\java.dll
0x00007ffa67fc0000 - 0x00007ffa67fca000 	C:\Program Files\Java\jdk-11\bin\jimage.dll
0x00007ffa52ae0000 - 0x00007ffa52af7000 	C:\Program Files\Java\jdk-11\bin\zip.dll
0x00007ffa83100000 - 0x00007ffa83959000 	C:\WINDOWS\System32\SHELL32.dll
0x00007ffa7f2c0000 - 0x00007ffa7fbb4000 	C:\WINDOWS\SYSTEM32\windows.storage.dll
0x00007ffa7f180000 - 0x00007ffa7f2be000 	C:\WINDOWS\SYSTEM32\wintypes.dll
0x00007ffa82e00000 - 0x00007ffa82ef3000 	C:\WINDOWS\System32\SHCORE.dll
0x00007ffa81e90000 - 0x00007ffa81eee000 	C:\WINDOWS\System32\shlwapi.dll
0x00007ffa81310000 - 0x00007ffa81336000 	C:\WINDOWS\SYSTEM32\profapi.dll
0x00007ffa4fcc0000 - 0x00007ffa4fcd9000 	C:\Program Files\Java\jdk-11\bin\net.dll
0x00007ffa7abd0000 - 0x00007ffa7ad07000 	C:\WINDOWS\SYSTEM32\WINHTTP.dll
0x00007ffa80910000 - 0x00007ffa80979000 	C:\WINDOWS\system32\mswsock.dll
0x00007ffa4fca0000 - 0x00007ffa4fcb2000 	C:\Program Files\Java\jdk-11\bin\nio.dll
0x00007ffa676c0000 - 0x00007ffa676e7000 	C:\Users\ntdie\.gradle\native\68d5fa5c4cc2d200863cafc0d521ce42e7d3e7ee720ec0a83991735586a16f82\windows-amd64\native-platform.dll
0x00007ffa4d0c0000 - 0x00007ffa4d204000 	C:\Users\ntdie\.gradle\native\e376f236ea51e6404a007f0833ffe2c6e607c4080706a723a18a27aeea778392\windows-amd64\native-platform-file-events.dll
0x00007ffa54550000 - 0x00007ffa54559000 	C:\Program Files\Java\jdk-11\bin\management.dll
0x00007ffa544d0000 - 0x00007ffa544db000 	C:\Program Files\Java\jdk-11\bin\management_ext.dll
0x00007ffa80b30000 - 0x00007ffa80b4b000 	C:\WINDOWS\SYSTEM32\CRYPTSP.dll
0x00007ffa803f0000 - 0x00007ffa80425000 	C:\WINDOWS\system32\rsaenh.dll
0x00007ffa809d0000 - 0x00007ffa809fc000 	C:\WINDOWS\SYSTEM32\USERENV.dll
0x00007ffa80d70000 - 0x00007ffa80d98000 	C:\WINDOWS\SYSTEM32\bcrypt.dll
0x00007ffa80b50000 - 0x00007ffa80b5c000 	C:\WINDOWS\SYSTEM32\CRYPTBASE.dll
0x00007ffa7fe90000 - 0x00007ffa7febd000 	C:\WINDOWS\SYSTEM32\IPHLPAPI.DLL
0x00007ffa82c00000 - 0x00007ffa82c09000 	C:\WINDOWS\System32\NSI.dll
0x00007ffa7aec0000 - 0x00007ffa7aed9000 	C:\WINDOWS\SYSTEM32\dhcpcsvc6.DLL
0x00007ffa7ab80000 - 0x00007ffa7ab9f000 	C:\WINDOWS\SYSTEM32\dhcpcsvc.DLL
0x00007ffa7ff00000 - 0x00007ffa7fff9000 	C:\WINDOWS\SYSTEM32\DNSAPI.dll

dbghelp: loaded successfully - version: 4.0.5 - missing functions: none
symbol engine: initialized successfully - sym options: 0x614 - pdb path: .;C:\Program Files\Java\jdk-11\bin;C:\WINDOWS\SYSTEM32;C:\WINDOWS\WinSxS\amd64_microsoft.windows.common-controls_6595b64144ccf1df_6.0.22621.2506_none_270c5ae97388e100;C:\Program Files\Java\jdk-11\bin\server;C:\Users\ntdie\.gradle\native\68d5fa5c4cc2d200863cafc0d521ce42e7d3e7ee720ec0a83991735586a16f82\windows-amd64;C:\Users\ntdie\.gradle\native\e376f236ea51e6404a007f0833ffe2c6e607c4080706a723a18a27aeea778392\windows-amd64

VM Arguments:
jvm_args: -XX:MaxMetaspaceSize=512m --add-opens=java.base/java.util=ALL-UNNAMED --add-opens=java.base/java.lang=ALL-UNNAMED --add-opens=java.base/java.lang.invoke=ALL-UNNAMED --add-opens=java.prefs/java.util.prefs=ALL-UNNAMED --add-opens=java.base/java.nio.charset=ALL-UNNAMED --add-opens=java.base/java.net=ALL-UNNAMED --add-opens=java.base/java.util.concurrent.atomic=ALL-UNNAMED -Xmx2048m -Dfile.encoding=windows-1252 -Duser.country=US -Duser.language=en -Duser.variant 
java_command: org.gradle.launcher.daemon.bootstrap.GradleDaemon 8.0.1
java_class_path (initial): C:\Users\ntdie\.gradle\wrapper\dists\gradle-8.0.1-all\aro4hu1c3oeioove7l0i4i14o\gradle-8.0.1\lib\gradle-launcher-8.0.1.jar
Launcher Type: SUN_STANDARD

[Global flags]
     intx CICompilerCount                          = 4                                         {product} {ergonomic}
   size_t CompressedClassSpaceSize                 = 528482304                                 {product} {ergonomic}
     uint ConcGCThreads                            = 3                                         {product} {ergonomic}
     uint G1ConcRefinementThreads                  = 10                                        {product} {ergonomic}
   size_t G1HeapRegionSize                         = 1048576                                   {product} {ergonomic}
    uintx GCDrainStackTargetSize                   = 64                                        {product} {ergonomic}
   size_t InitialHeapSize                          = 132120576                                 {product} {ergonomic}
   size_t MarkStackSize                            = 4194304                                   {product} {ergonomic}
   size_t MaxHeapSize                              = 2147483648                                {product} {command line}
   size_t MaxMetaspaceSize                         = 536870912                                 {product} {command line}
   size_t MaxNewSize                               = 1287651328                                {product} {ergonomic}
   size_t MinHeapDeltaBytes                        = 1048576                                   {product} {ergonomic}
    uintx NonNMethodCodeHeapSize                   = 5836300                                {pd product} {ergonomic}
    uintx NonProfiledCodeHeapSize                  = 122910970                              {pd product} {ergonomic}
    uintx ProfiledCodeHeapSize                     = 122910970                              {pd product} {ergonomic}
    uintx ReservedCodeCacheSize                    = 251658240                              {pd product} {ergonomic}
     bool SegmentedCodeCache                       = true                                      {product} {ergonomic}
     bool UseCompressedClassPointers               = true                                 {lp64_product} {ergonomic}
     bool UseCompressedOops                        = true                                 {lp64_product} {ergonomic}
     bool UseG1GC                                  = true                                      {product} {ergonomic}
     bool UseLargePagesIndividualAllocation        = false                                  {pd product} {ergonomic}

Logging:
Log output configuration:
 #0: stdout all=warning uptime,level,tags
 #1: stderr all=off uptime,level,tags

Environment Variables:
JAVA_HOME=C:\Program Files\Java\jdk-11
CLASSPATH=C:\Users\ntdie\Desktop\Test2\AppStream\android\\gradle\wrapper\gradle-wrapper.jar
PATH=C:\Users\ntdie\Desktop\Test2\AppStream\node_modules\.bin;C:\Users\ntdie\Desktop\Test2\AppStream\node_modules\.bin;C:\Users\ntdie\Desktop\Test2\node_modules\.bin;C:\Users\ntdie\Desktop\node_modules\.bin;C:\Users\ntdie\node_modules\.bin;C:\Users\node_modules\.bin;C:\node_modules\.bin;C:\Program Files\nodejs\node_modules\npm\node_modules\@npmcli\run-script\lib\node-gyp-bin;C:\ProgramData\Oracle\Java\javapath;C:\Program Files\Common Files\Oracle\Java\javapath;C:\Program Files (x86)\Common Files\Oracle\Java\javapath;C:\WINDOWS\system32;C:\WINDOWS;C:\WINDOWS\System32\Wbem;C:\WINDOWS\System32\WindowsPowerShell\v1.0\;C:\WINDOWS\System32\OpenSSH\;C:\Program Files\Microsoft SQL Server\Client SDK\ODBC\170\Tools\Binn\;C:\Program Files\dotnet\;C:\Program Files\Azure Data Studio\bin;C:\Program Files (x86)\Microsoft SQL Server\160\Tools\Binn\;C:\Program Files\Microsoft SQL Server\160\Tools\Binn\;C:\Program Files\Microsoft SQL Server\160\DTS\Binn\;C:\Program Files (x86)\Microsoft SQL Server\160\DTS\Binn\;C:\Program Files\nodejs\;C:\Program Files\Git\cmd;C:\Users\ntdie\AppData\Local\Android\Sdk\tools;C:\Program Files\MySQL\MySQL Shell 8.0\bin\;C:\Users\ntdie\AppData\Local\Microsoft\WindowsApps;C:\Users\ntdie\AppData\Local\Programs\Microsoft VS Code\bin;C:\Users\ntdie\.dotnet\tools;C:\Program Files\Azure Data Studio\bin;C:\Users\ntdie\AppData\Roaming\npm;C:\Program Files\Java\jdk-17;C:\opencv\build\java\x64;C:\Users\ntdie\AppData\Local\Android\Sdk\platform-tools;C:\Program Files\Java\jdk-20\bin;C:\Program Files\Java\jdk-17\bin;C:\Program Files\Java\jdk-11\bin;
USERNAME=ntdie
OS=Windows_NT
PROCESSOR_IDENTIFIER=Intel64 Family 6 Model 165 Stepping 2, GenuineIntel



---------------  S Y S T E M  ---------------

OS: Windows 11 , 64 bit Build 22621 (10.0.22621.2506)
Hyper-V role detected

CPU:total 12 (initial active 12) (6 cores per cpu, 2 threads per core) family 6 model 165 stepping 2 microcode 0xe0, cmov, cx8, fxsr, mmx, sse, sse2, sse3, ssse3, sse4.1, sse4.2, popcnt, avx, avx2, aes, clmul, erms, 3dnowpref, lzcnt, ht, tsc, tscinvbit, bmi1, bmi2, adx, fma

Memory: 4k page, system-wide physical 8013M (434M free)
TotalPageFile size 16109M (AvailPageFile size 5M)
current process WorkingSet (physical memory assigned to process): 242M, peak: 242M
current process commit charge ("private bytes"): 314M, peak: 314M

vm_info: Java HotSpot(TM) 64-Bit Server VM (11.0.20+9-LTS-256) for windows-amd64 JRE (11.0.20+9-LTS-256), built on Jun 14 2023 10:34:22 by "mach5one" with MS VC++ 17.1 (VS2022)

END.
